13:08:01.968 [main] TRACE - Resolving type for handle ctfill550ctype
13:08:01.985 [main] TRACE - Resolving type for handle ctborders0d66type
13:08:02.001 [main] TRACE - Resolving type for handle ctborderf935type
13:08:02.001 [main] TRACE - Resolving type for handle ctcellxfs1322type
13:08:02.001 [main] TRACE - Resolving type for handle ctxf97f7type
13:08:02.001 [main] TRACE - Resolving type for handle ctcellstylexfsa81ftype
13:08:02.018 [main] TRACE - Resolving type for handle ctdxfsb26atype
13:08:02.018 [main] TRACE - Resolving type for handle sstf81fdoctype
13:08:02.018 [main] TRACE - Resolving type for handle ctsst44f3type
13:08:02.034 [main] TRACE - Resolving type for handle ctrsta472type
13:08:02.068 [main] TRACE - Resolving type for handle ctdrawing2748type
13:08:02.084 [main] TRACE - Resolving type for handle workbookec17doctype
13:08:02.084 [main] TRACE - Resolving type for handle ctworkbook83c3type
13:08:02.101 [main] TRACE - Resolving type for handle ctsheets49fdtype
13:08:02.101 [main] TRACE - Resolving type for handle ctsheet4dbetype
13:08:02.101 [main] TRACE - Resolving type for handle strelationshipid1e94type
13:08:02.101 [main] TRACE - Resolving type for handle worksheetf539doctype
13:08:02.118 [main] TRACE - Resolving type for handle ctworksheet530dtype
13:08:02.136 [main] TRACE - Resolving type for handle ctsheetdata8408type
13:08:02.136 [main] TRACE - Resolving type for handle ctrowdd39type
13:08:02.136 [main] TRACE - Resolving type for handle ctcell842btype
13:08:02.151 [main] TRACE - Resolving type for handle stcellrefe4e0type
13:08:02.167 [main] TRACE - Resolving type for handle ctcols627ctype
13:08:02.167 [main] TRACE - Resolving type for handle ctcola95ftype
13:08:02.251 [main] TRACE - Resolving type for handle ctdefinednamesce48type
13:08:02.251 [main] TRACE - Resolving type for handle ctbookviewsb864type
13:08:02.251 [main] TRACE - Resolving type for handle ctbookviewf677type
13:08:02.251 [main] TRACE - Resolving type for handle stcelltypebf95type
13:08:02.267 [main] TRACE - Resolving type for handle stxstringf179type
13:08:05.381 [main] DEBUG - Parsing relationship: /xl/_rels/workbook.xml.rels
13:08:05.381 [main] DEBUG - Parsing relationship: /xl/worksheets/_rels/sheet1.xml.rels
13:08:05.398 [main] DEBUG - Parsing relationship: /xl/worksheets/_rels/sheet2.xml.rels
13:08:05.399 [main] DEBUG - Parsing relationship: /_rels/.rels
13:10:56.625 [main] INFO  - Goto my Merx Application-->Click on Login.. 
13:10:56.660 [main] INFO  - Entering email and password.. 
13:11:00.068 [main] INFO  - clicked on Sign in button...
13:11:03.540 [main] INFO  - Goto my Merx Application-->Click on Login.. 
13:11:07.891 [main] DEBUG - Parsing relationship: /xl/_rels/workbook.xml.rels
13:11:07.894 [main] DEBUG - Parsing relationship: /xl/worksheets/_rels/sheet1.xml.rels
13:11:07.895 [main] DEBUG - Parsing relationship: /xl/worksheets/_rels/sheet2.xml.rels
13:11:07.896 [main] DEBUG - Parsing relationship: /_rels/.rels
13:11:08.145 [main] TRACE - Loading type system org.apache.poi.schemas.ooxml.system.ooxml
13:11:08.148 [main] TRACE - Loading type system org.apache.xmlbeans.metadata.system.sXMLCONFIG
13:11:08.148 [main] TRACE - Loading type system org.apache.xmlbeans.metadata.system.sXMLLANG
13:11:08.149 [main] TRACE - Loading type system org.apache.xmlbeans.metadata.system.sXMLSCHEMA
13:11:08.150 [main] TRACE - Loading type system org.apache.xmlbeans.metadata.system.sXMLTOOLS
13:11:08.153 [main] TRACE - Reading unresolved handles for type system org.apache.xmlbeans.metadata.system.sXMLTOOLS
13:11:08.168 [main] TRACE - Finished loading type system org.apache.xmlbeans.metadata.system.sXMLTOOLS
13:11:08.171 [main] TRACE - Reading unresolved handles for type system org.apache.xmlbeans.metadata.system.sXMLSCHEMA
13:11:08.177 [main] TRACE - Finished loading type system org.apache.xmlbeans.metadata.system.sXMLSCHEMA
13:11:08.179 [main] TRACE - Reading unresolved handles for type system org.apache.xmlbeans.metadata.system.sXMLLANG
13:11:08.181 [main] TRACE - Finished loading type system org.apache.xmlbeans.metadata.system.sXMLLANG
13:11:08.183 [main] TRACE - Reading unresolved handles for type system org.apache.xmlbeans.metadata.system.sXMLCONFIG
13:11:08.184 [main] TRACE - Finished loading type system org.apache.xmlbeans.metadata.system.sXMLCONFIG
13:11:08.186 [main] TRACE - Reading unresolved handles for type system org.apache.poi.schemas.ooxml.system.ooxml
13:11:08.251 [main] TRACE - Finished loading type system org.apache.poi.schemas.ooxml.system.ooxml
13:11:08.252 [main] TRACE - Resolving type for handle themefd26doctype
13:11:08.318 [main] TRACE - Resolving type for handle stylesheet5d8bdoctype
13:11:08.323 [main] TRACE - Resolving type for handle ctstylesheet4257type
13:11:08.329 [main] TRACE - Resolving type for handle ctfonts6623type
13:11:08.332 [main] TRACE - Resolving type for handle ctfont14d8type
13:11:08.337 [main] TRACE - Resolving type for handle ctfills2c6ftype
13:11:08.339 [main] TRACE - Resolving type for handle ctfill550ctype
13:11:08.341 [main] TRACE - Resolving type for handle ctborders0d66type
13:11:08.343 [main] TRACE - Resolving type for handle ctborderf935type
13:11:08.345 [main] TRACE - Resolving type for handle ctcellxfs1322type
13:11:08.347 [main] TRACE - Resolving type for handle ctxf97f7type
13:11:08.349 [main] TRACE - Resolving type for handle ctcellstylexfsa81ftype
13:11:08.350 [main] TRACE - Resolving type for handle ctdxfsb26atype
13:11:08.353 [main] TRACE - Resolving type for handle sstf81fdoctype
13:11:08.360 [main] TRACE - Resolving type for handle ctsst44f3type
13:11:08.377 [main] TRACE - Resolving type for handle ctrsta472type
13:11:08.401 [main] TRACE - Resolving type for handle ctdrawing2748type
13:11:08.412 [main] TRACE - Resolving type for handle workbookec17doctype
13:11:08.416 [main] TRACE - Resolving type for handle ctworkbook83c3type
13:11:08.421 [main] TRACE - Resolving type for handle ctsheets49fdtype
13:11:08.424 [main] TRACE - Resolving type for handle ctsheet4dbetype
13:11:08.426 [main] TRACE - Resolving type for handle strelationshipid1e94type
13:11:08.429 [main] TRACE - Resolving type for handle worksheetf539doctype
13:11:08.436 [main] TRACE - Resolving type for handle ctworksheet530dtype
13:11:08.446 [main] TRACE - Resolving type for handle ctsheetdata8408type
13:11:08.451 [main] TRACE - Resolving type for handle ctrowdd39type
13:11:08.457 [main] TRACE - Resolving type for handle ctcell842btype
13:11:08.466 [main] TRACE - Resolving type for handle stcellrefe4e0type
13:11:08.473 [main] TRACE - Resolving type for handle ctcols627ctype
13:11:08.478 [main] TRACE - Resolving type for handle ctcola95ftype
13:11:08.562 [main] TRACE - Resolving type for handle ctdefinednamesce48type
13:11:08.567 [main] TRACE - Resolving type for handle ctbookviewsb864type
13:11:08.569 [main] TRACE - Resolving type for handle ctbookviewf677type
13:11:08.575 [main] TRACE - Resolving type for handle stcelltypebf95type
13:11:08.578 [main] TRACE - Resolving type for handle stxstringf179type
13:11:10.645 [main] DEBUG - Parsing relationship: /xl/_rels/workbook.xml.rels
13:11:10.646 [main] DEBUG - Parsing relationship: /xl/worksheets/_rels/sheet1.xml.rels
13:11:10.647 [main] DEBUG - Parsing relationship: /xl/worksheets/_rels/sheet2.xml.rels
13:11:10.648 [main] DEBUG - Parsing relationship: /_rels/.rels
13:22:05.818 [main] INFO  - Goto my Merx Application-->Click on Login.. 
13:22:05.848 [main] INFO  - Entering email and password.. 
13:22:09.269 [main] INFO  - clicked on Sign in button...
13:22:12.424 [main] INFO  - Goto my Merx Application-->Click on Login.. 
13:22:16.770 [main] DEBUG - Parsing relationship: /xl/_rels/workbook.xml.rels
13:22:16.775 [main] DEBUG - Parsing relationship: /xl/worksheets/_rels/sheet1.xml.rels
13:22:16.776 [main] DEBUG - Parsing relationship: /xl/worksheets/_rels/sheet2.xml.rels
13:22:16.778 [main] DEBUG - Parsing relationship: /_rels/.rels
13:22:16.999 [main] TRACE - Loading type system org.apache.poi.schemas.ooxml.system.ooxml
13:22:17.002 [main] TRACE - Loading type system org.apache.xmlbeans.metadata.system.sXMLCONFIG
13:22:17.003 [main] TRACE - Loading type system org.apache.xmlbeans.metadata.system.sXMLLANG
13:22:17.003 [main] TRACE - Loading type system org.apache.xmlbeans.metadata.system.sXMLSCHEMA
13:22:17.004 [main] TRACE - Loading type system org.apache.xmlbeans.metadata.system.sXMLTOOLS
13:22:17.006 [main] TRACE - Reading unresolved handles for type system org.apache.xmlbeans.metadata.system.sXMLTOOLS
13:22:17.025 [main] TRACE - Finished loading type system org.apache.xmlbeans.metadata.system.sXMLTOOLS
13:22:17.027 [main] TRACE - Reading unresolved handles for type system org.apache.xmlbeans.metadata.system.sXMLSCHEMA
13:22:17.031 [main] TRACE - Finished loading type system org.apache.xmlbeans.metadata.system.sXMLSCHEMA
13:22:17.032 [main] TRACE - Reading unresolved handles for type system org.apache.xmlbeans.metadata.system.sXMLLANG
13:22:17.033 [main] TRACE - Finished loading type system org.apache.xmlbeans.metadata.system.sXMLLANG
13:22:17.034 [main] TRACE - Reading unresolved handles for type system org.apache.xmlbeans.metadata.system.sXMLCONFIG
13:22:17.035 [main] TRACE - Finished loading type system org.apache.xmlbeans.metadata.system.sXMLCONFIG
13:22:17.037 [main] TRACE - Reading unresolved handles for type system org.apache.poi.schemas.ooxml.system.ooxml
13:22:17.102 [main] TRACE - Finished loading type system org.apache.poi.schemas.ooxml.system.ooxml
13:22:17.103 [main] TRACE - Resolving type for handle themefd26doctype
13:22:17.210 [main] TRACE - Resolving type for handle stylesheet5d8bdoctype
13:22:17.217 [main] TRACE - Resolving type for handle ctstylesheet4257type
13:22:17.222 [main] TRACE - Resolving type for handle ctfonts6623type
13:22:17.226 [main] TRACE - Resolving type for handle ctfont14d8type
13:22:17.231 [main] TRACE - Resolving type for handle ctfills2c6ftype
13:22:17.239 [main] TRACE - Resolving type for handle ctfill550ctype
13:22:17.243 [main] TRACE - Resolving type for handle ctborders0d66type
13:22:17.248 [main] TRACE - Resolving type for handle ctborderf935type
13:22:17.255 [main] TRACE - Resolving type for handle ctcellxfs1322type
13:22:17.260 [main] TRACE - Resolving type for handle ctxf97f7type
13:22:17.265 [main] TRACE - Resolving type for handle ctcellstylexfsa81ftype
13:22:17.268 [main] TRACE - Resolving type for handle ctdxfsb26atype
13:22:17.274 [main] TRACE - Resolving type for handle sstf81fdoctype
13:22:17.279 [main] TRACE - Resolving type for handle ctsst44f3type
13:22:17.294 [main] TRACE - Resolving type for handle ctrsta472type
13:22:17.329 [main] TRACE - Resolving type for handle ctdrawing2748type
13:22:17.339 [main] TRACE - Resolving type for handle workbookec17doctype
13:22:17.345 [main] TRACE - Resolving type for handle ctworkbook83c3type
13:22:17.349 [main] TRACE - Resolving type for handle ctsheets49fdtype
13:22:17.352 [main] TRACE - Resolving type for handle ctsheet4dbetype
13:22:17.353 [main] TRACE - Resolving type for handle strelationshipid1e94type
13:22:17.356 [main] TRACE - Resolving type for handle worksheetf539doctype
13:22:17.364 [main] TRACE - Resolving type for handle ctworksheet530dtype
13:22:17.370 [main] TRACE - Resolving type for handle ctsheetdata8408type
13:22:17.374 [main] TRACE - Resolving type for handle ctrowdd39type
13:22:17.380 [main] TRACE - Resolving type for handle ctcell842btype
13:22:17.392 [main] TRACE - Resolving type for handle stcellrefe4e0type
13:22:17.405 [main] TRACE - Resolving type for handle ctcols627ctype
13:22:17.412 [main] TRACE - Resolving type for handle ctcola95ftype
13:22:17.509 [main] TRACE - Resolving type for handle ctdefinednamesce48type
13:22:17.511 [main] TRACE - Resolving type for handle ctbookviewsb864type
13:22:17.514 [main] TRACE - Resolving type for handle ctbookviewf677type
13:22:17.519 [main] TRACE - Resolving type for handle stcelltypebf95type
13:22:17.525 [main] TRACE - Resolving type for handle stxstringf179type
13:22:20.704 [main] DEBUG - Parsing relationship: /xl/_rels/workbook.xml.rels
13:22:20.705 [main] DEBUG - Parsing relationship: /xl/worksheets/_rels/sheet1.xml.rels
13:22:20.706 [main] DEBUG - Parsing relationship: /xl/worksheets/_rels/sheet2.xml.rels
13:22:20.706 [main] DEBUG - Parsing relationship: /_rels/.rels
13:39:53.774 [main] INFO  - Goto my Merx Application-->Click on Login.. 
13:39:53.803 [main] INFO  - Entering email and password.. 
13:39:57.283 [main] INFO  - clicked on Sign in button...
13:40:01.815 [main] INFO  - Goto my Merx Application-->Click on Login.. 
13:40:06.177 [main] DEBUG - Parsing relationship: /xl/_rels/workbook.xml.rels
13:40:06.181 [main] DEBUG - Parsing relationship: /xl/worksheets/_rels/sheet1.xml.rels
13:40:06.183 [main] DEBUG - Parsing relationship: /xl/worksheets/_rels/sheet2.xml.rels
13:40:06.184 [main] DEBUG - Parsing relationship: /_rels/.rels
13:40:06.402 [main] TRACE - Loading type system org.apache.poi.schemas.ooxml.system.ooxml
13:40:06.407 [main] TRACE - Loading type system org.apache.xmlbeans.metadata.system.sXMLCONFIG
13:40:06.409 [main] TRACE - Loading type system org.apache.xmlbeans.metadata.system.sXMLLANG
13:40:06.409 [main] TRACE - Loading type system org.apache.xmlbeans.metadata.system.sXMLSCHEMA
13:40:06.410 [main] TRACE - Loading type system org.apache.xmlbeans.metadata.system.sXMLTOOLS
13:40:06.412 [main] TRACE - Reading unresolved handles for type system org.apache.xmlbeans.metadata.system.sXMLTOOLS
13:40:06.428 [main] TRACE - Finished loading type system org.apache.xmlbeans.metadata.system.sXMLTOOLS
13:40:06.431 [main] TRACE - Reading unresolved handles for type system org.apache.xmlbeans.metadata.system.sXMLSCHEMA
13:40:06.437 [main] TRACE - Finished loading type system org.apache.xmlbeans.metadata.system.sXMLSCHEMA
13:40:06.441 [main] TRACE - Reading unresolved handles for type system org.apache.xmlbeans.metadata.system.sXMLLANG
13:40:06.444 [main] TRACE - Finished loading type system org.apache.xmlbeans.metadata.system.sXMLLANG
13:40:06.447 [main] TRACE - Reading unresolved handles for type system org.apache.xmlbeans.metadata.system.sXMLCONFIG
13:40:06.449 [main] TRACE - Finished loading type system org.apache.xmlbeans.metadata.system.sXMLCONFIG
13:40:06.451 [main] TRACE - Reading unresolved handles for type system org.apache.poi.schemas.ooxml.system.ooxml
13:40:06.525 [main] TRACE - Finished loading type system org.apache.poi.schemas.ooxml.system.ooxml
13:40:06.526 [main] TRACE - Resolving type for handle themefd26doctype
13:40:06.609 [main] TRACE - Resolving type for handle stylesheet5d8bdoctype
13:40:06.618 [main] TRACE - Resolving type for handle ctstylesheet4257type
13:40:06.624 [main] TRACE - Resolving type for handle ctfonts6623type
13:40:06.628 [main] TRACE - Resolving type for handle ctfont14d8type
13:40:06.635 [main] TRACE - Resolving type for handle ctfills2c6ftype
13:40:06.639 [main] TRACE - Resolving type for handle ctfill550ctype
13:40:06.643 [main] TRACE - Resolving type for handle ctborders0d66type
13:40:06.647 [main] TRACE - Resolving type for handle ctborderf935type
13:40:06.652 [main] TRACE - Resolving type for handle ctcellxfs1322type
13:40:06.654 [main] TRACE - Resolving type for handle ctxf97f7type
13:40:06.659 [main] TRACE - Resolving type for handle ctcellstylexfsa81ftype
13:40:06.663 [main] TRACE - Resolving type for handle ctdxfsb26atype
13:40:06.667 [main] TRACE - Resolving type for handle sstf81fdoctype
13:40:06.675 [main] TRACE - Resolving type for handle ctsst44f3type
13:40:06.686 [main] TRACE - Resolving type for handle ctrsta472type
13:40:06.716 [main] TRACE - Resolving type for handle ctdrawing2748type
13:40:06.725 [main] TRACE - Resolving type for handle workbookec17doctype
13:40:06.731 [main] TRACE - Resolving type for handle ctworkbook83c3type
13:40:06.737 [main] TRACE - Resolving type for handle ctsheets49fdtype
13:40:06.742 [main] TRACE - Resolving type for handle ctsheet4dbetype
13:40:06.745 [main] TRACE - Resolving type for handle strelationshipid1e94type
13:40:06.749 [main] TRACE - Resolving type for handle worksheetf539doctype
13:40:06.756 [main] TRACE - Resolving type for handle ctworksheet530dtype
13:40:06.764 [main] TRACE - Resolving type for handle ctsheetdata8408type
13:40:06.767 [main] TRACE - Resolving type for handle ctrowdd39type
13:40:06.772 [main] TRACE - Resolving type for handle ctcell842btype
13:40:06.781 [main] TRACE - Resolving type for handle stcellrefe4e0type
13:40:06.787 [main] TRACE - Resolving type for handle ctcols627ctype
13:40:06.791 [main] TRACE - Resolving type for handle ctcola95ftype
13:40:06.869 [main] TRACE - Resolving type for handle ctdefinednamesce48type
13:40:06.873 [main] TRACE - Resolving type for handle ctbookviewsb864type
13:40:06.875 [main] TRACE - Resolving type for handle ctbookviewf677type
13:40:06.881 [main] TRACE - Resolving type for handle stcelltypebf95type
13:40:06.883 [main] TRACE - Resolving type for handle stxstringf179type
13:40:33.068 [main] DEBUG - Parsing relationship: /xl/_rels/workbook.xml.rels
13:40:33.070 [main] DEBUG - Parsing relationship: /xl/worksheets/_rels/sheet1.xml.rels
13:40:33.071 [main] DEBUG - Parsing relationship: /xl/worksheets/_rels/sheet2.xml.rels
13:40:33.072 [main] DEBUG - Parsing relationship: /_rels/.rels
14:02:26.161 [main] INFO  - Goto my Merx Application-->Click on Login.. 
14:02:26.188 [main] INFO  - Entering email and password.. 
14:02:29.515 [main] INFO  - clicked on Sign in button...
14:02:32.688 [main] INFO  - Goto my Merx Application-->Click on Login.. 
14:02:36.983 [main] DEBUG - Parsing relationship: /xl/_rels/workbook.xml.rels
14:02:36.985 [main] DEBUG - Parsing relationship: /xl/worksheets/_rels/sheet1.xml.rels
14:02:36.986 [main] DEBUG - Parsing relationship: /xl/worksheets/_rels/sheet2.xml.rels
14:02:36.987 [main] DEBUG - Parsing relationship: /_rels/.rels
14:02:37.140 [main] TRACE - Loading type system org.apache.poi.schemas.ooxml.system.ooxml
14:02:37.142 [main] TRACE - Loading type system org.apache.xmlbeans.metadata.system.sXMLCONFIG
14:02:37.142 [main] TRACE - Loading type system org.apache.xmlbeans.metadata.system.sXMLLANG
14:02:37.142 [main] TRACE - Loading type system org.apache.xmlbeans.metadata.system.sXMLSCHEMA
14:02:37.143 [main] TRACE - Loading type system org.apache.xmlbeans.metadata.system.sXMLTOOLS
14:02:37.144 [main] TRACE - Reading unresolved handles for type system org.apache.xmlbeans.metadata.system.sXMLTOOLS
14:02:37.153 [main] TRACE - Finished loading type system org.apache.xmlbeans.metadata.system.sXMLTOOLS
14:02:37.154 [main] TRACE - Reading unresolved handles for type system org.apache.xmlbeans.metadata.system.sXMLSCHEMA
14:02:37.160 [main] TRACE - Finished loading type system org.apache.xmlbeans.metadata.system.sXMLSCHEMA
14:02:37.162 [main] TRACE - Reading unresolved handles for type system org.apache.xmlbeans.metadata.system.sXMLLANG
14:02:37.163 [main] TRACE - Finished loading type system org.apache.xmlbeans.metadata.system.sXMLLANG
14:02:37.163 [main] TRACE - Reading unresolved handles for type system org.apache.xmlbeans.metadata.system.sXMLCONFIG
14:02:37.165 [main] TRACE - Finished loading type system org.apache.xmlbeans.metadata.system.sXMLCONFIG
14:02:37.165 [main] TRACE - Reading unresolved handles for type system org.apache.poi.schemas.ooxml.system.ooxml
14:02:37.227 [main] TRACE - Finished loading type system org.apache.poi.schemas.ooxml.system.ooxml
14:02:37.228 [main] TRACE - Resolving type for handle themefd26doctype
14:02:37.281 [main] TRACE - Resolving type for handle stylesheet5d8bdoctype
14:02:37.292 [main] TRACE - Resolving type for handle ctstylesheet4257type
14:02:37.298 [main] TRACE - Resolving type for handle ctfonts6623type
14:02:37.305 [main] TRACE - Resolving type for handle ctfont14d8type
14:02:37.313 [main] TRACE - Resolving type for handle ctfills2c6ftype
14:02:37.315 [main] TRACE - Resolving type for handle ctfill550ctype
14:02:37.316 [main] TRACE - Resolving type for handle ctborders0d66type
14:02:37.319 [main] TRACE - Resolving type for handle ctborderf935type
14:02:37.320 [main] TRACE - Resolving type for handle ctcellxfs1322type
14:02:37.322 [main] TRACE - Resolving type for handle ctxf97f7type
14:02:37.325 [main] TRACE - Resolving type for handle ctcellstylexfsa81ftype
14:02:37.327 [main] TRACE - Resolving type for handle ctdxfsb26atype
14:02:37.329 [main] TRACE - Resolving type for handle sstf81fdoctype
14:02:37.333 [main] TRACE - Resolving type for handle ctsst44f3type
14:02:37.340 [main] TRACE - Resolving type for handle ctrsta472type
14:02:37.359 [main] TRACE - Resolving type for handle ctdrawing2748type
14:02:37.367 [main] TRACE - Resolving type for handle workbookec17doctype
14:02:37.372 [main] TRACE - Resolving type for handle ctworkbook83c3type
14:02:37.377 [main] TRACE - Resolving type for handle ctsheets49fdtype
14:02:37.379 [main] TRACE - Resolving type for handle ctsheet4dbetype
14:02:37.382 [main] TRACE - Resolving type for handle strelationshipid1e94type
14:02:37.387 [main] TRACE - Resolving type for handle worksheetf539doctype
14:02:37.391 [main] TRACE - Resolving type for handle ctworksheet530dtype
14:02:37.397 [main] TRACE - Resolving type for handle ctsheetdata8408type
14:02:37.400 [main] TRACE - Resolving type for handle ctrowdd39type
14:02:37.402 [main] TRACE - Resolving type for handle ctcell842btype
14:02:37.407 [main] TRACE - Resolving type for handle stcellrefe4e0type
14:02:37.411 [main] TRACE - Resolving type for handle ctcols627ctype
14:02:37.416 [main] TRACE - Resolving type for handle ctcola95ftype
14:02:37.470 [main] TRACE - Resolving type for handle ctdefinednamesce48type
14:02:37.475 [main] TRACE - Resolving type for handle ctbookviewsb864type
14:02:37.476 [main] TRACE - Resolving type for handle ctbookviewf677type
14:02:37.481 [main] TRACE - Resolving type for handle stcelltypebf95type
14:02:37.485 [main] TRACE - Resolving type for handle stxstringf179type
14:02:40.956 [main] DEBUG - Parsing relationship: /xl/_rels/workbook.xml.rels
14:02:40.957 [main] DEBUG - Parsing relationship: /xl/worksheets/_rels/sheet1.xml.rels
14:02:40.958 [main] DEBUG - Parsing relationship: /xl/worksheets/_rels/sheet2.xml.rels
14:02:40.959 [main] DEBUG - Parsing relationship: /_rels/.rels
14:06:33.632 [main] INFO  - Goto my Merx Application-->Click on Login.. 
14:06:33.663 [main] INFO  - Entering email and password.. 
14:06:37.163 [main] INFO  - clicked on Sign in button...
14:06:41.517 [main] INFO  - Goto my Merx Application-->Click on Login.. 
14:06:45.869 [main] DEBUG - Parsing relationship: /xl/_rels/workbook.xml.rels
14:06:45.873 [main] DEBUG - Parsing relationship: /xl/worksheets/_rels/sheet1.xml.rels
14:06:45.875 [main] DEBUG - Parsing relationship: /xl/worksheets/_rels/sheet2.xml.rels
14:06:45.877 [main] DEBUG - Parsing relationship: /_rels/.rels
14:06:46.169 [main] TRACE - Loading type system org.apache.poi.schemas.ooxml.system.ooxml
14:06:46.171 [main] TRACE - Loading type system org.apache.xmlbeans.metadata.system.sXMLCONFIG
14:06:46.172 [main] TRACE - Loading type system org.apache.xmlbeans.metadata.system.sXMLLANG
14:06:46.172 [main] TRACE - Loading type system org.apache.xmlbeans.metadata.system.sXMLSCHEMA
14:06:46.173 [main] TRACE - Loading type system org.apache.xmlbeans.metadata.system.sXMLTOOLS
14:06:46.174 [main] TRACE - Reading unresolved handles for type system org.apache.xmlbeans.metadata.system.sXMLTOOLS
14:06:46.188 [main] TRACE - Finished loading type system org.apache.xmlbeans.metadata.system.sXMLTOOLS
14:06:46.190 [main] TRACE - Reading unresolved handles for type system org.apache.xmlbeans.metadata.system.sXMLSCHEMA
14:06:46.196 [main] TRACE - Finished loading type system org.apache.xmlbeans.metadata.system.sXMLSCHEMA
14:06:46.198 [main] TRACE - Reading unresolved handles for type system org.apache.xmlbeans.metadata.system.sXMLLANG
14:06:46.199 [main] TRACE - Finished loading type system org.apache.xmlbeans.metadata.system.sXMLLANG
14:06:46.200 [main] TRACE - Reading unresolved handles for type system org.apache.xmlbeans.metadata.system.sXMLCONFIG
14:06:46.202 [main] TRACE - Finished loading type system org.apache.xmlbeans.metadata.system.sXMLCONFIG
14:06:46.203 [main] TRACE - Reading unresolved handles for type system org.apache.poi.schemas.ooxml.system.ooxml
14:06:46.254 [main] TRACE - Finished loading type system org.apache.poi.schemas.ooxml.system.ooxml
14:06:46.255 [main] TRACE - Resolving type for handle themefd26doctype
14:06:46.321 [main] TRACE - Resolving type for handle stylesheet5d8bdoctype
14:06:46.326 [main] TRACE - Resolving type for handle ctstylesheet4257type
14:06:46.330 [main] TRACE - Resolving type for handle ctfonts6623type
14:06:46.334 [main] TRACE - Resolving type for handle ctfont14d8type
14:06:46.343 [main] TRACE - Resolving type for handle ctfills2c6ftype
14:06:46.347 [main] TRACE - Resolving type for handle ctfill550ctype
14:06:46.350 [main] TRACE - Resolving type for handle ctborders0d66type
14:06:46.355 [main] TRACE - Resolving type for handle ctborderf935type
14:06:46.358 [main] TRACE - Resolving type for handle ctcellxfs1322type
14:06:46.362 [main] TRACE - Resolving type for handle ctxf97f7type
14:06:46.364 [main] TRACE - Resolving type for handle ctcellstylexfsa81ftype
14:06:46.367 [main] TRACE - Resolving type for handle ctdxfsb26atype
14:06:46.371 [main] TRACE - Resolving type for handle sstf81fdoctype
14:06:46.375 [main] TRACE - Resolving type for handle ctsst44f3type
14:06:46.384 [main] TRACE - Resolving type for handle ctrsta472type
14:06:46.405 [main] TRACE - Resolving type for handle ctdrawing2748type
14:06:46.416 [main] TRACE - Resolving type for handle workbookec17doctype
14:06:46.422 [main] TRACE - Resolving type for handle ctworkbook83c3type
14:06:46.427 [main] TRACE - Resolving type for handle ctsheets49fdtype
14:06:46.429 [main] TRACE - Resolving type for handle ctsheet4dbetype
14:06:46.432 [main] TRACE - Resolving type for handle strelationshipid1e94type
14:06:46.434 [main] TRACE - Resolving type for handle worksheetf539doctype
14:06:46.438 [main] TRACE - Resolving type for handle ctworksheet530dtype
14:06:46.444 [main] TRACE - Resolving type for handle ctsheetdata8408type
14:06:46.448 [main] TRACE - Resolving type for handle ctrowdd39type
14:06:46.454 [main] TRACE - Resolving type for handle ctcell842btype
14:06:46.463 [main] TRACE - Resolving type for handle stcellrefe4e0type
14:06:46.470 [main] TRACE - Resolving type for handle ctcols627ctype
14:06:46.475 [main] TRACE - Resolving type for handle ctcola95ftype
14:06:46.541 [main] TRACE - Resolving type for handle ctdefinednamesce48type
14:06:46.544 [main] TRACE - Resolving type for handle ctbookviewsb864type
14:06:46.546 [main] TRACE - Resolving type for handle ctbookviewf677type
14:06:46.552 [main] TRACE - Resolving type for handle stcelltypebf95type
14:06:46.556 [main] TRACE - Resolving type for handle stxstringf179type
14:06:48.630 [main] DEBUG - Parsing relationship: /xl/_rels/workbook.xml.rels
14:06:48.632 [main] DEBUG - Parsing relationship: /xl/worksheets/_rels/sheet1.xml.rels
14:06:48.633 [main] DEBUG - Parsing relationship: /xl/worksheets/_rels/sheet2.xml.rels
14:06:48.635 [main] DEBUG - Parsing relationship: /_rels/.rels
14:44:07.559 [main] INFO  - Goto my Merx Application-->Click on Login.. 
14:44:07.585 [main] INFO  - Entering email and password.. 
14:44:10.917 [main] INFO  - clicked on Sign in button...
14:44:15.303 [main] INFO  - Goto my Merx Application-->Click on Login.. 
14:44:19.653 [main] DEBUG - Parsing relationship: /xl/_rels/workbook.xml.rels
14:44:19.670 [main] DEBUG - Parsing relationship: /xl/worksheets/_rels/sheet1.xml.rels
14:44:19.670 [main] DEBUG - Parsing relationship: /xl/worksheets/_rels/sheet2.xml.rels
14:44:19.670 [main] DEBUG - Parsing relationship: /_rels/.rels
14:44:19.870 [main] TRACE - Loading type system org.apache.poi.schemas.ooxml.system.ooxml
14:44:19.886 [main] TRACE - Loading type system org.apache.xmlbeans.metadata.system.sXMLCONFIG
14:44:19.886 [main] TRACE - Loading type system org.apache.xmlbeans.metadata.system.sXMLLANG
14:44:19.886 [main] TRACE - Loading type system org.apache.xmlbeans.metadata.system.sXMLSCHEMA
14:44:19.886 [main] TRACE - Loading type system org.apache.xmlbeans.metadata.system.sXMLTOOLS
14:44:19.886 [main] TRACE - Reading unresolved handles for type system org.apache.xmlbeans.metadata.system.sXMLTOOLS
14:44:19.903 [main] TRACE - Finished loading type system org.apache.xmlbeans.metadata.system.sXMLTOOLS
14:44:19.903 [main] TRACE - Reading unresolved handles for type system org.apache.xmlbeans.metadata.system.sXMLSCHEMA
14:44:19.903 [main] TRACE - Finished loading type system org.apache.xmlbeans.metadata.system.sXMLSCHEMA
14:44:19.919 [main] TRACE - Reading unresolved handles for type system org.apache.xmlbeans.metadata.system.sXMLLANG
14:44:19.919 [main] TRACE - Finished loading type system org.apache.xmlbeans.metadata.system.sXMLLANG
14:44:19.919 [main] TRACE - Reading unresolved handles for type system org.apache.xmlbeans.metadata.system.sXMLCONFIG
14:44:19.919 [main] TRACE - Finished loading type system org.apache.xmlbeans.metadata.system.sXMLCONFIG
14:44:19.923 [main] TRACE - Reading unresolved handles for type system org.apache.poi.schemas.ooxml.system.ooxml
14:44:19.985 [main] TRACE - Finished loading type system org.apache.poi.schemas.ooxml.system.ooxml
14:44:19.986 [main] TRACE - Resolving type for handle themefd26doctype
14:44:20.036 [main] TRACE - Resolving type for handle stylesheet5d8bdoctype
14:44:20.036 [main] TRACE - Resolving type for handle ctstylesheet4257type
14:44:20.036 [main] TRACE - Resolving type for handle ctfonts6623type
14:44:20.052 [main] TRACE - Resolving type for handle ctfont14d8type
14:44:20.053 [main] TRACE - Resolving type for handle ctfills2c6ftype
14:44:20.053 [main] TRACE - Resolving type for handle ctfill550ctype
14:44:20.069 [main] TRACE - Resolving type for handle ctborders0d66type
14:44:20.070 [main] TRACE - Resolving type for handle ctborderf935type
14:44:20.070 [main] TRACE - Resolving type for handle ctcellxfs1322type
14:44:20.070 [main] TRACE - Resolving type for handle ctxf97f7type
14:44:20.086 [main] TRACE - Resolving type for handle ctcellstylexfsa81ftype
14:44:20.086 [main] TRACE - Resolving type for handle ctdxfsb26atype
14:44:20.086 [main] TRACE - Resolving type for handle sstf81fdoctype
14:44:20.086 [main] TRACE - Resolving type for handle ctsst44f3type
14:44:20.103 [main] TRACE - Resolving type for handle ctrsta472type
14:44:20.123 [main] TRACE - Resolving type for handle ctdrawing2748type
14:44:20.123 [main] TRACE - Resolving type for handle workbookec17doctype
14:44:20.136 [main] TRACE - Resolving type for handle ctworkbook83c3type
14:44:20.136 [main] TRACE - Resolving type for handle ctsheets49fdtype
14:44:20.136 [main] TRACE - Resolving type for handle ctsheet4dbetype
14:44:20.136 [main] TRACE - Resolving type for handle strelationshipid1e94type
14:44:20.136 [main] TRACE - Resolving type for handle worksheetf539doctype
14:44:20.154 [main] TRACE - Resolving type for handle ctworksheet530dtype
14:44:20.154 [main] TRACE - Resolving type for handle ctsheetdata8408type
14:44:20.154 [main] TRACE - Resolving type for handle ctrowdd39type
14:44:20.169 [main] TRACE - Resolving type for handle ctcell842btype
14:44:20.169 [main] TRACE - Resolving type for handle stcellrefe4e0type
14:44:20.169 [main] TRACE - Resolving type for handle ctcols627ctype
14:44:20.187 [main] TRACE - Resolving type for handle ctcola95ftype
14:44:20.303 [main] TRACE - Resolving type for handle ctdefinednamesce48type
14:44:20.303 [main] TRACE - Resolving type for handle ctbookviewsb864type
14:44:20.319 [main] TRACE - Resolving type for handle ctbookviewf677type
14:44:20.324 [main] TRACE - Resolving type for handle stcelltypebf95type
14:44:20.324 [main] TRACE - Resolving type for handle stxstringf179type
14:44:47.666 [main] DEBUG - Parsing relationship: /xl/_rels/workbook.xml.rels
14:44:47.667 [main] DEBUG - Parsing relationship: /xl/worksheets/_rels/sheet1.xml.rels
14:44:47.668 [main] DEBUG - Parsing relationship: /xl/worksheets/_rels/sheet2.xml.rels
14:44:47.669 [main] DEBUG - Parsing relationship: /_rels/.rels
14:50:07.524 [main] INFO  - Goto my Merx Application-->Click on Login.. 
14:50:07.545 [main] INFO  - Entering email and password.. 
14:50:10.822 [main] INFO  - clicked on Sign in button...
14:50:15.184 [main] INFO  - Goto my Merx Application-->Click on Login.. 
14:50:19.503 [main] DEBUG - Parsing relationship: /xl/_rels/workbook.xml.rels
14:50:19.503 [main] DEBUG - Parsing relationship: /xl/worksheets/_rels/sheet1.xml.rels
14:50:19.503 [main] DEBUG - Parsing relationship: /xl/worksheets/_rels/sheet2.xml.rels
14:50:19.503 [main] DEBUG - Parsing relationship: /_rels/.rels
14:50:19.735 [main] TRACE - Loading type system org.apache.poi.schemas.ooxml.system.ooxml
14:50:19.735 [main] TRACE - Loading type system org.apache.xmlbeans.metadata.system.sXMLCONFIG
14:50:19.735 [main] TRACE - Loading type system org.apache.xmlbeans.metadata.system.sXMLLANG
14:50:19.735 [main] TRACE - Loading type system org.apache.xmlbeans.metadata.system.sXMLSCHEMA
14:50:19.735 [main] TRACE - Loading type system org.apache.xmlbeans.metadata.system.sXMLTOOLS
14:50:19.735 [main] TRACE - Reading unresolved handles for type system org.apache.xmlbeans.metadata.system.sXMLTOOLS
14:50:19.766 [main] TRACE - Finished loading type system org.apache.xmlbeans.metadata.system.sXMLTOOLS
14:50:19.768 [main] TRACE - Reading unresolved handles for type system org.apache.xmlbeans.metadata.system.sXMLSCHEMA
14:50:19.768 [main] TRACE - Finished loading type system org.apache.xmlbeans.metadata.system.sXMLSCHEMA
14:50:19.768 [main] TRACE - Reading unresolved handles for type system org.apache.xmlbeans.metadata.system.sXMLLANG
14:50:19.784 [main] TRACE - Finished loading type system org.apache.xmlbeans.metadata.system.sXMLLANG
14:50:19.784 [main] TRACE - Reading unresolved handles for type system org.apache.xmlbeans.metadata.system.sXMLCONFIG
14:50:19.784 [main] TRACE - Finished loading type system org.apache.xmlbeans.metadata.system.sXMLCONFIG
14:50:19.784 [main] TRACE - Reading unresolved handles for type system org.apache.poi.schemas.ooxml.system.ooxml
14:50:19.884 [main] TRACE - Finished loading type system org.apache.poi.schemas.ooxml.system.ooxml
14:50:19.884 [main] TRACE - Resolving type for handle themefd26doctype
14:50:19.951 [main] TRACE - Resolving type for handle stylesheet5d8bdoctype
14:50:19.959 [main] TRACE - Resolving type for handle ctstylesheet4257type
14:50:19.967 [main] TRACE - Resolving type for handle ctfonts6623type
14:50:19.967 [main] TRACE - Resolving type for handle ctfont14d8type
14:50:19.967 [main] TRACE - Resolving type for handle ctfills2c6ftype
14:50:19.984 [main] TRACE - Resolving type for handle ctfill550ctype
14:50:19.984 [main] TRACE - Resolving type for handle ctborders0d66type
14:50:19.984 [main] TRACE - Resolving type for handle ctborderf935type
14:50:19.984 [main] TRACE - Resolving type for handle ctcellxfs1322type
14:50:19.984 [main] TRACE - Resolving type for handle ctxf97f7type
14:50:19.984 [main] TRACE - Resolving type for handle ctcellstylexfsa81ftype
14:50:19.984 [main] TRACE - Resolving type for handle ctdxfsb26atype
14:50:19.984 [main] TRACE - Resolving type for handle sstf81fdoctype
14:50:20.000 [main] TRACE - Resolving type for handle ctsst44f3type
14:50:20.004 [main] TRACE - Resolving type for handle ctrsta472type
14:50:20.017 [main] TRACE - Resolving type for handle ctdrawing2748type
14:50:20.034 [main] TRACE - Resolving type for handle workbookec17doctype
14:50:20.034 [main] TRACE - Resolving type for handle ctworkbook83c3type
14:50:20.034 [main] TRACE - Resolving type for handle ctsheets49fdtype
14:50:20.034 [main] TRACE - Resolving type for handle ctsheet4dbetype
14:50:20.034 [main] TRACE - Resolving type for handle strelationshipid1e94type
14:50:20.051 [main] TRACE - Resolving type for handle worksheetf539doctype
14:50:20.051 [main] TRACE - Resolving type for handle ctworksheet530dtype
14:50:20.068 [main] TRACE - Resolving type for handle ctsheetdata8408type
14:50:20.068 [main] TRACE - Resolving type for handle ctrowdd39type
14:50:20.068 [main] TRACE - Resolving type for handle ctcell842btype
14:50:20.068 [main] TRACE - Resolving type for handle stcellrefe4e0type
14:50:20.084 [main] TRACE - Resolving type for handle ctcols627ctype
14:50:20.084 [main] TRACE - Resolving type for handle ctcola95ftype
14:50:20.167 [main] TRACE - Resolving type for handle ctdefinednamesce48type
14:50:20.168 [main] TRACE - Resolving type for handle ctbookviewsb864type
14:50:20.168 [main] TRACE - Resolving type for handle ctbookviewf677type
14:50:20.168 [main] TRACE - Resolving type for handle stcelltypebf95type
14:50:20.184 [main] TRACE - Resolving type for handle stxstringf179type
14:50:23.296 [main] DEBUG - Parsing relationship: /xl/_rels/workbook.xml.rels
14:50:23.296 [main] DEBUG - Parsing relationship: /xl/worksheets/_rels/sheet1.xml.rels
14:50:23.296 [main] DEBUG - Parsing relationship: /xl/worksheets/_rels/sheet2.xml.rels
14:50:23.296 [main] DEBUG - Parsing relationship: /_rels/.rels
15:58:40.912 [main] INFO  - Goto my Merx Application-->Click on Login.. 
15:58:40.962 [main] INFO  - Entering email and password.. 
15:58:44.467 [main] INFO  - clicked on Sign in button...
15:58:47.800 [main] INFO  - Goto my Merx Application-->Click on Login.. 
15:58:52.319 [main] DEBUG - Parsing relationship: /xl/_rels/workbook.xml.rels
15:58:52.328 [main] DEBUG - Parsing relationship: /xl/worksheets/_rels/sheet1.xml.rels
15:58:52.330 [main] DEBUG - Parsing relationship: /xl/worksheets/_rels/sheet2.xml.rels
15:58:52.334 [main] DEBUG - Parsing relationship: /_rels/.rels
15:58:52.695 [main] TRACE - Loading type system org.apache.poi.schemas.ooxml.system.ooxml
15:58:52.701 [main] TRACE - Loading type system org.apache.xmlbeans.metadata.system.sXMLCONFIG
15:58:52.701 [main] TRACE - Loading type system org.apache.xmlbeans.metadata.system.sXMLLANG
15:58:52.701 [main] TRACE - Loading type system org.apache.xmlbeans.metadata.system.sXMLSCHEMA
15:58:52.701 [main] TRACE - Loading type system org.apache.xmlbeans.metadata.system.sXMLTOOLS
15:58:52.710 [main] TRACE - Reading unresolved handles for type system org.apache.xmlbeans.metadata.system.sXMLTOOLS
15:58:52.740 [main] TRACE - Finished loading type system org.apache.xmlbeans.metadata.system.sXMLTOOLS
15:58:52.742 [main] TRACE - Reading unresolved handles for type system org.apache.xmlbeans.metadata.system.sXMLSCHEMA
15:58:52.751 [main] TRACE - Finished loading type system org.apache.xmlbeans.metadata.system.sXMLSCHEMA
15:58:52.751 [main] TRACE - Reading unresolved handles for type system org.apache.xmlbeans.metadata.system.sXMLLANG
15:58:52.759 [main] TRACE - Finished loading type system org.apache.xmlbeans.metadata.system.sXMLLANG
15:58:52.759 [main] TRACE - Reading unresolved handles for type system org.apache.xmlbeans.metadata.system.sXMLCONFIG
15:58:52.764 [main] TRACE - Finished loading type system org.apache.xmlbeans.metadata.system.sXMLCONFIG
15:58:52.767 [main] TRACE - Reading unresolved handles for type system org.apache.poi.schemas.ooxml.system.ooxml
15:58:52.893 [main] TRACE - Finished loading type system org.apache.poi.schemas.ooxml.system.ooxml
15:58:52.893 [main] TRACE - Resolving type for handle themefd26doctype
15:58:53.040 [main] TRACE - Resolving type for handle stylesheet5d8bdoctype
15:58:53.050 [main] TRACE - Resolving type for handle ctstylesheet4257type
15:58:53.061 [main] TRACE - Resolving type for handle ctfonts6623type
15:58:53.070 [main] TRACE - Resolving type for handle ctfont14d8type
15:58:53.083 [main] TRACE - Resolving type for handle ctfills2c6ftype
15:58:53.083 [main] TRACE - Resolving type for handle ctfill550ctype
15:58:53.092 [main] TRACE - Resolving type for handle ctborders0d66type
15:58:53.097 [main] TRACE - Resolving type for handle ctborderf935type
15:58:53.099 [main] TRACE - Resolving type for handle ctcellxfs1322type
15:58:53.108 [main] TRACE - Resolving type for handle ctxf97f7type
15:58:53.117 [main] TRACE - Resolving type for handle ctcellstylexfsa81ftype
15:58:53.120 [main] TRACE - Resolving type for handle ctdxfsb26atype
15:58:53.132 [main] TRACE - Resolving type for handle sstf81fdoctype
15:58:53.140 [main] TRACE - Resolving type for handle ctsst44f3type
15:58:53.166 [main] TRACE - Resolving type for handle ctrsta472type
15:58:53.211 [main] TRACE - Resolving type for handle ctdrawing2748type
15:58:53.234 [main] TRACE - Resolving type for handle workbookec17doctype
15:58:53.244 [main] TRACE - Resolving type for handle ctworkbook83c3type
15:58:53.260 [main] TRACE - Resolving type for handle ctsheets49fdtype
15:58:53.266 [main] TRACE - Resolving type for handle ctsheet4dbetype
15:58:53.270 [main] TRACE - Resolving type for handle strelationshipid1e94type
15:58:53.275 [main] TRACE - Resolving type for handle worksheetf539doctype
15:58:53.289 [main] TRACE - Resolving type for handle ctworksheet530dtype
15:58:53.301 [main] TRACE - Resolving type for handle ctsheetdata8408type
15:58:53.309 [main] TRACE - Resolving type for handle ctrowdd39type
15:58:53.325 [main] TRACE - Resolving type for handle ctcell842btype
15:58:53.346 [main] TRACE - Resolving type for handle stcellrefe4e0type
15:58:53.362 [main] TRACE - Resolving type for handle ctcols627ctype
15:58:53.370 [main] TRACE - Resolving type for handle ctcola95ftype
15:58:53.533 [main] TRACE - Resolving type for handle ctdefinednamesce48type
15:58:53.540 [main] TRACE - Resolving type for handle ctbookviewsb864type
15:58:53.544 [main] TRACE - Resolving type for handle ctbookviewf677type
15:58:53.562 [main] TRACE - Resolving type for handle stcelltypebf95type
15:58:53.569 [main] TRACE - Resolving type for handle stxstringf179type
15:59:19.388 [main] DEBUG - Parsing relationship: /xl/_rels/workbook.xml.rels
15:59:19.389 [main] DEBUG - Parsing relationship: /xl/worksheets/_rels/sheet1.xml.rels
15:59:19.391 [main] DEBUG - Parsing relationship: /xl/worksheets/_rels/sheet2.xml.rels
15:59:19.392 [main] DEBUG - Parsing relationship: /_rels/.rels
16:09:54.200 [main] INFO  - Goto my Merx Application-->Click on Login.. 
16:09:54.249 [main] INFO  - Entering email and password.. 
16:09:57.790 [main] INFO  - clicked on Sign in button...
16:10:02.295 [main] INFO  - Goto my Merx Application-->Click on Login.. 
16:10:06.842 [main] DEBUG - Parsing relationship: /xl/_rels/workbook.xml.rels
16:10:06.850 [main] DEBUG - Parsing relationship: /xl/worksheets/_rels/sheet1.xml.rels
16:10:06.850 [main] DEBUG - Parsing relationship: /xl/worksheets/_rels/sheet2.xml.rels
16:10:06.855 [main] DEBUG - Parsing relationship: /_rels/.rels
16:10:07.210 [main] TRACE - Loading type system org.apache.poi.schemas.ooxml.system.ooxml
16:10:07.210 [main] TRACE - Loading type system org.apache.xmlbeans.metadata.system.sXMLCONFIG
16:10:07.210 [main] TRACE - Loading type system org.apache.xmlbeans.metadata.system.sXMLLANG
16:10:07.215 [main] TRACE - Loading type system org.apache.xmlbeans.metadata.system.sXMLSCHEMA
16:10:07.216 [main] TRACE - Loading type system org.apache.xmlbeans.metadata.system.sXMLTOOLS
16:10:07.216 [main] TRACE - Reading unresolved handles for type system org.apache.xmlbeans.metadata.system.sXMLTOOLS
16:10:07.241 [main] TRACE - Finished loading type system org.apache.xmlbeans.metadata.system.sXMLTOOLS
16:10:07.241 [main] TRACE - Reading unresolved handles for type system org.apache.xmlbeans.metadata.system.sXMLSCHEMA
16:10:07.260 [main] TRACE - Finished loading type system org.apache.xmlbeans.metadata.system.sXMLSCHEMA
16:10:07.264 [main] TRACE - Reading unresolved handles for type system org.apache.xmlbeans.metadata.system.sXMLLANG
16:10:07.269 [main] TRACE - Finished loading type system org.apache.xmlbeans.metadata.system.sXMLLANG
16:10:07.270 [main] TRACE - Reading unresolved handles for type system org.apache.xmlbeans.metadata.system.sXMLCONFIG
16:10:07.275 [main] TRACE - Finished loading type system org.apache.xmlbeans.metadata.system.sXMLCONFIG
16:10:07.275 [main] TRACE - Reading unresolved handles for type system org.apache.poi.schemas.ooxml.system.ooxml
16:10:07.430 [main] TRACE - Finished loading type system org.apache.poi.schemas.ooxml.system.ooxml
16:10:07.430 [main] TRACE - Resolving type for handle themefd26doctype
16:10:07.560 [main] TRACE - Resolving type for handle stylesheet5d8bdoctype
16:10:07.574 [main] TRACE - Resolving type for handle ctstylesheet4257type
16:10:07.583 [main] TRACE - Resolving type for handle ctfonts6623type
16:10:07.590 [main] TRACE - Resolving type for handle ctfont14d8type
16:10:07.600 [main] TRACE - Resolving type for handle ctfills2c6ftype
16:10:07.607 [main] TRACE - Resolving type for handle ctfill550ctype
16:10:07.610 [main] TRACE - Resolving type for handle ctborders0d66type
16:10:07.620 [main] TRACE - Resolving type for handle ctborderf935type
16:10:07.624 [main] TRACE - Resolving type for handle ctcellxfs1322type
16:10:07.630 [main] TRACE - Resolving type for handle ctxf97f7type
16:10:07.640 [main] TRACE - Resolving type for handle ctcellstylexfsa81ftype
16:10:07.640 [main] TRACE - Resolving type for handle ctdxfsb26atype
16:10:07.650 [main] TRACE - Resolving type for handle sstf81fdoctype
16:10:07.660 [main] TRACE - Resolving type for handle ctsst44f3type
16:10:07.680 [main] TRACE - Resolving type for handle ctrsta472type
16:10:07.734 [main] TRACE - Resolving type for handle ctdrawing2748type
16:10:07.750 [main] TRACE - Resolving type for handle workbookec17doctype
16:10:07.760 [main] TRACE - Resolving type for handle ctworkbook83c3type
16:10:07.773 [main] TRACE - Resolving type for handle ctsheets49fdtype
16:10:07.780 [main] TRACE - Resolving type for handle ctsheet4dbetype
16:10:07.780 [main] TRACE - Resolving type for handle strelationshipid1e94type
16:10:07.791 [main] TRACE - Resolving type for handle worksheetf539doctype
16:10:07.800 [main] TRACE - Resolving type for handle ctworksheet530dtype
16:10:07.816 [main] TRACE - Resolving type for handle ctsheetdata8408type
16:10:07.824 [main] TRACE - Resolving type for handle ctrowdd39type
16:10:07.830 [main] TRACE - Resolving type for handle ctcell842btype
16:10:07.852 [main] TRACE - Resolving type for handle stcellrefe4e0type
16:10:07.868 [main] TRACE - Resolving type for handle ctcols627ctype
16:10:07.874 [main] TRACE - Resolving type for handle ctcola95ftype
16:10:08.030 [main] TRACE - Resolving type for handle ctdefinednamesce48type
16:10:08.045 [main] TRACE - Resolving type for handle ctbookviewsb864type
16:10:08.045 [main] TRACE - Resolving type for handle ctbookviewf677type
16:10:08.060 [main] TRACE - Resolving type for handle stcelltypebf95type
16:10:08.067 [main] TRACE - Resolving type for handle stxstringf179type
16:10:10.291 [main] DEBUG - Parsing relationship: /xl/_rels/workbook.xml.rels
16:10:10.292 [main] DEBUG - Parsing relationship: /xl/worksheets/_rels/sheet1.xml.rels
16:10:10.294 [main] DEBUG - Parsing relationship: /xl/worksheets/_rels/sheet2.xml.rels
16:10:10.294 [main] DEBUG - Parsing relationship: /_rels/.rels
17:14:55.019 [main] INFO  - Goto my Merx Application-->Click on Login.. 
17:14:55.042 [main] INFO  - Entering email and password.. 
17:14:58.378 [main] INFO  - clicked on Sign in button...
17:15:02.807 [main] INFO  - Goto my Merx Application-->Click on Login.. 
17:15:07.194 [main] DEBUG - Parsing relationship: /xl/_rels/workbook.xml.rels
17:15:07.211 [main] DEBUG - Parsing relationship: /xl/worksheets/_rels/sheet1.xml.rels
17:15:07.211 [main] DEBUG - Parsing relationship: /xl/worksheets/_rels/sheet2.xml.rels
17:15:07.211 [main] DEBUG - Parsing relationship: /_rels/.rels
17:15:07.494 [main] TRACE - Loading type system org.apache.poi.schemas.ooxml.system.ooxml
17:15:07.494 [main] TRACE - Loading type system org.apache.xmlbeans.metadata.system.sXMLCONFIG
17:15:07.494 [main] TRACE - Loading type system org.apache.xmlbeans.metadata.system.sXMLLANG
17:15:07.494 [main] TRACE - Loading type system org.apache.xmlbeans.metadata.system.sXMLSCHEMA
17:15:07.494 [main] TRACE - Loading type system org.apache.xmlbeans.metadata.system.sXMLTOOLS
17:15:07.494 [main] TRACE - Reading unresolved handles for type system org.apache.xmlbeans.metadata.system.sXMLTOOLS
17:15:07.510 [main] TRACE - Finished loading type system org.apache.xmlbeans.metadata.system.sXMLTOOLS
17:15:07.510 [main] TRACE - Reading unresolved handles for type system org.apache.xmlbeans.metadata.system.sXMLSCHEMA
17:15:07.510 [main] TRACE - Finished loading type system org.apache.xmlbeans.metadata.system.sXMLSCHEMA
17:15:07.510 [main] TRACE - Reading unresolved handles for type system org.apache.xmlbeans.metadata.system.sXMLLANG
17:15:07.510 [main] TRACE - Finished loading type system org.apache.xmlbeans.metadata.system.sXMLLANG
17:15:07.527 [main] TRACE - Reading unresolved handles for type system org.apache.xmlbeans.metadata.system.sXMLCONFIG
17:15:07.527 [main] TRACE - Finished loading type system org.apache.xmlbeans.metadata.system.sXMLCONFIG
17:15:07.527 [main] TRACE - Reading unresolved handles for type system org.apache.poi.schemas.ooxml.system.ooxml
17:15:07.610 [main] TRACE - Finished loading type system org.apache.poi.schemas.ooxml.system.ooxml
17:15:07.610 [main] TRACE - Resolving type for handle themefd26doctype
17:15:07.693 [main] TRACE - Resolving type for handle stylesheet5d8bdoctype
17:15:07.693 [main] TRACE - Resolving type for handle ctstylesheet4257type
