19:14:43.618 [main] TRACE - Resolving type for handle ctsst44f3type
19:14:43.643 [main] TRACE - Resolving type for handle ctrsta472type
19:14:43.695 [main] TRACE - Resolving type for handle ctdrawing2748type
19:14:43.709 [main] TRACE - Resolving type for handle workbookec17doctype
19:14:43.714 [main] TRACE - Resolving type for handle ctworkbook83c3type
19:14:43.719 [main] TRACE - Resolving type for handle ctsheets49fdtype
19:14:43.721 [main] TRACE - Resolving type for handle ctsheet4dbetype
19:14:43.726 [main] TRACE - Resolving type for handle strelationshipid1e94type
19:14:43.729 [main] TRACE - Resolving type for handle worksheetf539doctype
19:14:43.742 [main] TRACE - Resolving type for handle ctworksheet530dtype
19:14:43.753 [main] TRACE - Resolving type for handle ctsheetdata8408type
19:14:43.757 [main] TRACE - Resolving type for handle ctrowdd39type
19:14:43.762 [main] TRACE - Resolving type for handle ctcell842btype
19:14:43.769 [main] TRACE - Resolving type for handle stcellrefe4e0type
19:14:43.776 [main] TRACE - Resolving type for handle ctcols627ctype
19:14:43.779 [main] TRACE - Resolving type for handle ctcola95ftype
19:14:43.851 [main] TRACE - Resolving type for handle ctdefinednamesce48type
19:14:43.856 [main] TRACE - Resolving type for handle ctbookviewsb864type
19:14:43.860 [main] TRACE - Resolving type for handle ctbookviewf677type
19:14:43.865 [main] TRACE - Resolving type for handle stcelltypebf95type
19:14:43.869 [main] TRACE - Resolving type for handle stxstringf179type
19:15:08.724 [main] DEBUG - Parsing relationship: /xl/_rels/workbook.xml.rels
19:15:08.725 [main] DEBUG - Parsing relationship: /xl/worksheets/_rels/sheet1.xml.rels
19:15:08.726 [main] DEBUG - Parsing relationship: /xl/worksheets/_rels/sheet2.xml.rels
19:15:08.727 [main] DEBUG - Parsing relationship: /_rels/.rels
19:15:10.981 [main] DEBUG - Parsing relationship: /xl/_rels/workbook.xml.rels
19:15:10.982 [main] DEBUG - Parsing relationship: /xl/worksheets/_rels/sheet1.xml.rels
19:15:10.982 [main] DEBUG - Parsing relationship: /xl/worksheets/_rels/sheet2.xml.rels
19:15:10.983 [main] DEBUG - Parsing relationship: /_rels/.rels
19:15:14.201 [main] DEBUG - Parsing relationship: /xl/_rels/workbook.xml.rels
19:15:14.203 [main] DEBUG - Parsing relationship: /xl/worksheets/_rels/sheet1.xml.rels
19:15:14.204 [main] DEBUG - Parsing relationship: /xl/worksheets/_rels/sheet2.xml.rels
19:15:14.205 [main] DEBUG - Parsing relationship: /_rels/.rels
19:20:36.440 [main] INFO  - Goto my Merx Application-->Click on Login.. 
19:20:36.460 [main] INFO  - Entering email and password.. 
19:20:39.779 [main] INFO  - clicked on Sign in button...
19:20:44.503 [main] INFO  - Goto my Merx Application-->Click on Login.. 
19:20:50.822 [main] DEBUG - Parsing relationship: /xl/_rels/workbook.xml.rels
19:20:50.837 [main] DEBUG - Parsing relationship: /xl/worksheets/_rels/sheet1.xml.rels
19:20:50.837 [main] DEBUG - Parsing relationship: /xl/worksheets/_rels/sheet2.xml.rels
19:20:50.837 [main] DEBUG - Parsing relationship: /_rels/.rels
19:20:50.999 [main] TRACE - Loading type system org.apache.poi.schemas.ooxml.system.ooxml
19:20:50.999 [main] TRACE - Loading type system org.apache.xmlbeans.metadata.system.sXMLCONFIG
19:20:50.999 [main] TRACE - Loading type system org.apache.xmlbeans.metadata.system.sXMLLANG
19:20:50.999 [main] TRACE - Loading type system org.apache.xmlbeans.metadata.system.sXMLSCHEMA
19:20:50.999 [main] TRACE - Loading type system org.apache.xmlbeans.metadata.system.sXMLTOOLS
19:20:50.999 [main] TRACE - Reading unresolved handles for type system org.apache.xmlbeans.metadata.system.sXMLTOOLS
19:20:51.010 [main] TRACE - Finished loading type system org.apache.xmlbeans.metadata.system.sXMLTOOLS
19:20:51.010 [main] TRACE - Reading unresolved handles for type system org.apache.xmlbeans.metadata.system.sXMLSCHEMA
19:20:51.010 [main] TRACE - Finished loading type system org.apache.xmlbeans.metadata.system.sXMLSCHEMA
19:20:51.010 [main] TRACE - Reading unresolved handles for type system org.apache.xmlbeans.metadata.system.sXMLLANG
19:20:51.010 [main] TRACE - Finished loading type system org.apache.xmlbeans.metadata.system.sXMLLANG
19:20:51.010 [main] TRACE - Reading unresolved handles for type system org.apache.xmlbeans.metadata.system.sXMLCONFIG
19:20:51.026 [main] TRACE - Finished loading type system org.apache.xmlbeans.metadata.system.sXMLCONFIG
19:20:51.026 [main] TRACE - Reading unresolved handles for type system org.apache.poi.schemas.ooxml.system.ooxml
19:20:51.121 [main] TRACE - Finished loading type system org.apache.poi.schemas.ooxml.system.ooxml
19:20:51.121 [main] TRACE - Resolving type for handle themefd26doctype
19:20:51.183 [main] TRACE - Resolving type for handle stylesheet5d8bdoctype
19:20:51.183 [main] TRACE - Resolving type for handle ctstylesheet4257type
19:20:51.195 [main] TRACE - Resolving type for handle ctfonts6623type
19:20:51.199 [main] TRACE - Resolving type for handle ctfont14d8type
19:20:51.199 [main] TRACE - Resolving type for handle ctfills2c6ftype
19:20:51.199 [main] TRACE - Resolving type for handle ctfill550ctype
19:20:51.215 [main] TRACE - Resolving type for handle ctborders0d66type
19:20:51.215 [main] TRACE - Resolving type for handle ctborderf935type
19:20:51.215 [main] TRACE - Resolving type for handle ctcellxfs1322type
19:20:51.215 [main] TRACE - Resolving type for handle ctxf97f7type
19:20:51.215 [main] TRACE - Resolving type for handle ctcellstylexfsa81ftype
19:20:51.215 [main] TRACE - Resolving type for handle ctdxfsb26atype
19:20:51.230 [main] TRACE - Resolving type for handle sstf81fdoctype
19:20:51.230 [main] TRACE - Resolving type for handle ctsst44f3type
19:20:51.246 [main] TRACE - Resolving type for handle ctrsta472type
19:20:51.261 [main] TRACE - Resolving type for handle ctdrawing2748type
19:20:51.277 [main] TRACE - Resolving type for handle workbookec17doctype
19:20:51.296 [main] TRACE - Resolving type for handle ctworkbook83c3type
19:20:51.296 [main] TRACE - Resolving type for handle ctsheets49fdtype
19:20:51.296 [main] TRACE - Resolving type for handle ctsheet4dbetype
19:20:51.296 [main] TRACE - Resolving type for handle strelationshipid1e94type
19:20:51.309 [main] TRACE - Resolving type for handle worksheetf539doctype
19:20:51.309 [main] TRACE - Resolving type for handle ctworksheet530dtype
19:20:51.324 [main] TRACE - Resolving type for handle ctsheetdata8408type
19:20:51.324 [main] TRACE - Resolving type for handle ctrowdd39type
19:20:51.324 [main] TRACE - Resolving type for handle ctcell842btype
19:20:51.340 [main] TRACE - Resolving type for handle stcellrefe4e0type
19:20:51.340 [main] TRACE - Resolving type for handle ctcols627ctype
19:20:51.356 [main] TRACE - Resolving type for handle ctcola95ftype
19:20:51.418 [main] TRACE - Resolving type for handle ctdefinednamesce48type
19:20:51.418 [main] TRACE - Resolving type for handle ctbookviewsb864type
19:20:51.418 [main] TRACE - Resolving type for handle ctbookviewf677type
19:20:51.434 [main] TRACE - Resolving type for handle stcelltypebf95type
19:20:51.434 [main] TRACE - Resolving type for handle stxstringf179type
19:21:16.339 [main] DEBUG - Parsing relationship: /xl/_rels/workbook.xml.rels
19:21:16.339 [main] DEBUG - Parsing relationship: /xl/worksheets/_rels/sheet1.xml.rels
19:21:16.339 [main] DEBUG - Parsing relationship: /xl/worksheets/_rels/sheet2.xml.rels
19:21:16.339 [main] DEBUG - Parsing relationship: /_rels/.rels
19:21:18.595 [main] DEBUG - Parsing relationship: /xl/_rels/workbook.xml.rels
19:21:18.609 [main] DEBUG - Parsing relationship: /xl/worksheets/_rels/sheet1.xml.rels
19:21:18.609 [main] DEBUG - Parsing relationship: /xl/worksheets/_rels/sheet2.xml.rels
19:21:18.611 [main] DEBUG - Parsing relationship: /_rels/.rels
19:21:21.871 [main] DEBUG - Parsing relationship: /xl/_rels/workbook.xml.rels
19:21:21.871 [main] DEBUG - Parsing relationship: /xl/worksheets/_rels/sheet1.xml.rels
19:21:21.871 [main] DEBUG - Parsing relationship: /xl/worksheets/_rels/sheet2.xml.rels
19:21:21.871 [main] DEBUG - Parsing relationship: /_rels/.rels
19:24:56.660 [main] INFO  - Goto my Merx Application-->Click on Login.. 
19:24:56.688 [main] INFO  - Entering email and password.. 
19:24:59.976 [main] INFO  - clicked on Sign in button...
19:25:04.277 [main] INFO  - Goto my Merx Application-->Click on Login.. 
19:25:10.617 [main] DEBUG - Parsing relationship: /xl/_rels/workbook.xml.rels
19:25:10.617 [main] DEBUG - Parsing relationship: /xl/worksheets/_rels/sheet1.xml.rels
19:25:10.617 [main] DEBUG - Parsing relationship: /xl/worksheets/_rels/sheet2.xml.rels
19:25:10.617 [main] DEBUG - Parsing relationship: /_rels/.rels
19:25:10.870 [main] TRACE - Loading type system org.apache.poi.schemas.ooxml.system.ooxml
19:25:10.870 [main] TRACE - Loading type system org.apache.xmlbeans.metadata.system.sXMLCONFIG
19:25:10.870 [main] TRACE - Loading type system org.apache.xmlbeans.metadata.system.sXMLLANG
19:25:10.870 [main] TRACE - Loading type system org.apache.xmlbeans.metadata.system.sXMLSCHEMA
19:25:10.870 [main] TRACE - Loading type system org.apache.xmlbeans.metadata.system.sXMLTOOLS
19:25:10.870 [main] TRACE - Reading unresolved handles for type system org.apache.xmlbeans.metadata.system.sXMLTOOLS
19:25:10.885 [main] TRACE - Finished loading type system org.apache.xmlbeans.metadata.system.sXMLTOOLS
19:25:10.885 [main] TRACE - Reading unresolved handles for type system org.apache.xmlbeans.metadata.system.sXMLSCHEMA
19:25:10.885 [main] TRACE - Finished loading type system org.apache.xmlbeans.metadata.system.sXMLSCHEMA
19:25:10.885 [main] TRACE - Reading unresolved handles for type system org.apache.xmlbeans.metadata.system.sXMLLANG
19:25:10.885 [main] TRACE - Finished loading type system org.apache.xmlbeans.metadata.system.sXMLLANG
19:25:10.885 [main] TRACE - Reading unresolved handles for type system org.apache.xmlbeans.metadata.system.sXMLCONFIG
19:25:10.885 [main] TRACE - Finished loading type system org.apache.xmlbeans.metadata.system.sXMLCONFIG
19:25:10.885 [main] TRACE - Reading unresolved handles for type system org.apache.poi.schemas.ooxml.system.ooxml
19:25:10.949 [main] TRACE - Finished loading type system org.apache.poi.schemas.ooxml.system.ooxml
19:25:10.949 [main] TRACE - Resolving type for handle themefd26doctype
19:25:11.011 [main] TRACE - Resolving type for handle stylesheet5d8bdoctype
19:25:11.011 [main] TRACE - Resolving type for handle ctstylesheet4257type
19:25:11.031 [main] TRACE - Resolving type for handle ctfonts6623type
19:25:11.031 [main] TRACE - Resolving type for handle ctfont14d8type
19:25:11.036 [main] TRACE - Resolving type for handle ctfills2c6ftype
19:25:11.036 [main] TRACE - Resolving type for handle ctfill550ctype
19:25:11.036 [main] TRACE - Resolving type for handle ctborders0d66type
19:25:11.043 [main] TRACE - Resolving type for handle ctborderf935type
19:25:11.043 [main] TRACE - Resolving type for handle ctcellxfs1322type
19:25:11.043 [main] TRACE - Resolving type for handle ctxf97f7type
19:25:11.043 [main] TRACE - Resolving type for handle ctcellstylexfsa81ftype
19:25:11.043 [main] TRACE - Resolving type for handle ctdxfsb26atype
19:25:11.043 [main] TRACE - Resolving type for handle sstf81fdoctype
19:25:11.059 [main] TRACE - Resolving type for handle ctsst44f3type
19:25:11.070 [main] TRACE - Resolving type for handle ctrsta472type
19:25:11.090 [main] TRACE - Resolving type for handle ctdrawing2748type
19:25:11.099 [main] TRACE - Resolving type for handle workbookec17doctype
19:25:11.099 [main] TRACE - Resolving type for handle ctworkbook83c3type
19:25:11.106 [main] TRACE - Resolving type for handle ctsheets49fdtype
19:25:11.111 [main] TRACE - Resolving type for handle ctsheet4dbetype
19:25:11.111 [main] TRACE - Resolving type for handle strelationshipid1e94type
19:25:11.111 [main] TRACE - Resolving type for handle worksheetf539doctype
19:25:11.122 [main] TRACE - Resolving type for handle ctworksheet530dtype
19:25:11.122 [main] TRACE - Resolving type for handle ctsheetdata8408type
19:25:11.132 [main] TRACE - Resolving type for handle ctrowdd39type
19:25:11.138 [main] TRACE - Resolving type for handle ctcell842btype
19:25:11.146 [main] TRACE - Resolving type for handle stcellrefe4e0type
19:25:11.154 [main] TRACE - Resolving type for handle ctcols627ctype
19:25:11.154 [main] TRACE - Resolving type for handle ctcola95ftype
19:25:11.234 [main] TRACE - Resolving type for handle ctdefinednamesce48type
19:25:11.236 [main] TRACE - Resolving type for handle ctbookviewsb864type
19:25:11.248 [main] TRACE - Resolving type for handle ctbookviewf677type
19:25:11.248 [main] TRACE - Resolving type for handle stcelltypebf95type
19:25:11.264 [main] TRACE - Resolving type for handle stxstringf179type
19:25:36.126 [main] DEBUG - Parsing relationship: /xl/_rels/workbook.xml.rels
19:25:36.126 [main] DEBUG - Parsing relationship: /xl/worksheets/_rels/sheet1.xml.rels
19:25:36.142 [main] DEBUG - Parsing relationship: /xl/worksheets/_rels/sheet2.xml.rels
19:25:36.142 [main] DEBUG - Parsing relationship: /_rels/.rels
19:25:38.358 [main] DEBUG - Parsing relationship: /xl/_rels/workbook.xml.rels
19:25:38.358 [main] DEBUG - Parsing relationship: /xl/worksheets/_rels/sheet1.xml.rels
19:25:38.358 [main] DEBUG - Parsing relationship: /xl/worksheets/_rels/sheet2.xml.rels
19:25:38.358 [main] DEBUG - Parsing relationship: /_rels/.rels
19:25:41.586 [main] DEBUG - Parsing relationship: /xl/_rels/workbook.xml.rels
19:25:41.601 [main] DEBUG - Parsing relationship: /xl/worksheets/_rels/sheet1.xml.rels
19:25:41.601 [main] DEBUG - Parsing relationship: /xl/worksheets/_rels/sheet2.xml.rels
19:25:41.601 [main] DEBUG - Parsing relationship: /_rels/.rels
19:45:52.622 [main] INFO  - Goto my Merx Application-->Click on Login.. 
19:45:52.653 [main] INFO  - Entering email and password.. 
19:45:55.931 [main] INFO  - clicked on Sign in button...
19:46:00.713 [main] INFO  - Goto my Merx Application-->Click on Login.. 
19:46:07.020 [main] DEBUG - Parsing relationship: /xl/_rels/workbook.xml.rels
19:46:07.024 [main] DEBUG - Parsing relationship: /xl/worksheets/_rels/sheet1.xml.rels
19:46:07.025 [main] DEBUG - Parsing relationship: /xl/worksheets/_rels/sheet2.xml.rels
19:46:07.026 [main] DEBUG - Parsing relationship: /_rels/.rels
19:46:07.216 [main] TRACE - Loading type system org.apache.poi.schemas.ooxml.system.ooxml
19:46:07.223 [main] TRACE - Loading type system org.apache.xmlbeans.metadata.system.sXMLCONFIG
19:46:07.225 [main] TRACE - Loading type system org.apache.xmlbeans.metadata.system.sXMLLANG
19:46:07.225 [main] TRACE - Loading type system org.apache.xmlbeans.metadata.system.sXMLSCHEMA
19:46:07.226 [main] TRACE - Loading type system org.apache.xmlbeans.metadata.system.sXMLTOOLS
19:46:07.228 [main] TRACE - Reading unresolved handles for type system org.apache.xmlbeans.metadata.system.sXMLTOOLS
19:46:07.244 [main] TRACE - Finished loading type system org.apache.xmlbeans.metadata.system.sXMLTOOLS
19:46:07.245 [main] TRACE - Reading unresolved handles for type system org.apache.xmlbeans.metadata.system.sXMLSCHEMA
19:46:07.250 [main] TRACE - Finished loading type system org.apache.xmlbeans.metadata.system.sXMLSCHEMA
19:46:07.251 [main] TRACE - Reading unresolved handles for type system org.apache.xmlbeans.metadata.system.sXMLLANG
19:46:07.253 [main] TRACE - Finished loading type system org.apache.xmlbeans.metadata.system.sXMLLANG
19:46:07.254 [main] TRACE - Reading unresolved handles for type system org.apache.xmlbeans.metadata.system.sXMLCONFIG
19:46:07.255 [main] TRACE - Finished loading type system org.apache.xmlbeans.metadata.system.sXMLCONFIG
19:46:07.258 [main] TRACE - Reading unresolved handles for type system org.apache.poi.schemas.ooxml.system.ooxml
19:46:07.340 [main] TRACE - Finished loading type system org.apache.poi.schemas.ooxml.system.ooxml
19:46:07.342 [main] TRACE - Resolving type for handle themefd26doctype
19:46:07.403 [main] TRACE - Resolving type for handle stylesheet5d8bdoctype
19:46:07.412 [main] TRACE - Resolving type for handle ctstylesheet4257type
19:46:07.416 [main] TRACE - Resolving type for handle ctfonts6623type
19:46:07.420 [main] TRACE - Resolving type for handle ctfont14d8type
19:46:07.429 [main] TRACE - Resolving type for handle ctfills2c6ftype
19:46:07.433 [main] TRACE - Resolving type for handle ctfill550ctype
19:46:07.437 [main] TRACE - Resolving type for handle ctborders0d66type
19:46:07.440 [main] TRACE - Resolving type for handle ctborderf935type
19:46:07.446 [main] TRACE - Resolving type for handle ctcellxfs1322type
19:46:07.451 [main] TRACE - Resolving type for handle ctxf97f7type
19:46:07.453 [main] TRACE - Resolving type for handle ctcellstylexfsa81ftype
19:46:07.460 [main] TRACE - Resolving type for handle ctdxfsb26atype
19:46:07.466 [main] TRACE - Resolving type for handle sstf81fdoctype
19:46:07.471 [main] TRACE - Resolving type for handle ctsst44f3type
19:46:07.487 [main] TRACE - Resolving type for handle ctrsta472type
19:46:07.526 [main] TRACE - Resolving type for handle ctdrawing2748type
19:46:07.534 [main] TRACE - Resolving type for handle workbookec17doctype
19:46:07.539 [main] TRACE - Resolving type for handle ctworkbook83c3type
19:46:07.543 [main] TRACE - Resolving type for handle ctsheets49fdtype
19:46:07.545 [main] TRACE - Resolving type for handle ctsheet4dbetype
19:46:07.546 [main] TRACE - Resolving type for handle strelationshipid1e94type
19:46:07.548 [main] TRACE - Resolving type for handle worksheetf539doctype
19:46:07.553 [main] TRACE - Resolving type for handle ctworksheet530dtype
19:46:07.559 [main] TRACE - Resolving type for handle ctsheetdata8408type
19:46:07.562 [main] TRACE - Resolving type for handle ctrowdd39type
19:46:07.568 [main] TRACE - Resolving type for handle ctcell842btype
19:46:07.578 [main] TRACE - Resolving type for handle stcellrefe4e0type
19:46:07.592 [main] TRACE - Resolving type for handle ctcols627ctype
19:46:07.597 [main] TRACE - Resolving type for handle ctcola95ftype
19:46:07.700 [main] TRACE - Resolving type for handle ctdefinednamesce48type
19:46:07.705 [main] TRACE - Resolving type for handle ctbookviewsb864type
19:46:07.707 [main] TRACE - Resolving type for handle ctbookviewf677type
19:46:07.714 [main] TRACE - Resolving type for handle stcelltypebf95type
19:46:07.720 [main] TRACE - Resolving type for handle stxstringf179type
19:46:32.583 [main] DEBUG - Parsing relationship: /xl/_rels/workbook.xml.rels
19:46:32.584 [main] DEBUG - Parsing relationship: /xl/worksheets/_rels/sheet1.xml.rels
19:46:32.585 [main] DEBUG - Parsing relationship: /xl/worksheets/_rels/sheet2.xml.rels
19:46:32.585 [main] DEBUG - Parsing relationship: /_rels/.rels
19:46:34.822 [main] DEBUG - Parsing relationship: /xl/_rels/workbook.xml.rels
19:46:34.823 [main] DEBUG - Parsing relationship: /xl/worksheets/_rels/sheet1.xml.rels
19:46:34.824 [main] DEBUG - Parsing relationship: /xl/worksheets/_rels/sheet2.xml.rels
19:46:34.826 [main] DEBUG - Parsing relationship: /_rels/.rels
19:46:38.060 [main] DEBUG - Parsing relationship: /xl/_rels/workbook.xml.rels
19:46:38.061 [main] DEBUG - Parsing relationship: /xl/worksheets/_rels/sheet1.xml.rels
19:46:38.061 [main] DEBUG - Parsing relationship: /xl/worksheets/_rels/sheet2.xml.rels
19:46:38.062 [main] DEBUG - Parsing relationship: /_rels/.rels
19:53:34.505 [main] INFO  - Goto my Merx Application-->Click on Login.. 
19:53:34.529 [main] INFO  - Entering email and password.. 
19:53:37.847 [main] INFO  - clicked on Sign in button...
19:53:42.585 [main] INFO  - Goto my Merx Application-->Click on Login.. 
19:53:48.865 [main] DEBUG - Parsing relationship: /xl/_rels/workbook.xml.rels
19:53:48.868 [main] DEBUG - Parsing relationship: /xl/worksheets/_rels/sheet1.xml.rels
19:53:48.869 [main] DEBUG - Parsing relationship: /xl/worksheets/_rels/sheet2.xml.rels
19:53:48.870 [main] DEBUG - Parsing relationship: /_rels/.rels
19:53:49.086 [main] TRACE - Loading type system org.apache.poi.schemas.ooxml.system.ooxml
19:53:49.091 [main] TRACE - Loading type system org.apache.xmlbeans.metadata.system.sXMLCONFIG
19:53:49.093 [main] TRACE - Loading type system org.apache.xmlbeans.metadata.system.sXMLLANG
19:53:49.093 [main] TRACE - Loading type system org.apache.xmlbeans.metadata.system.sXMLSCHEMA
19:53:49.094 [main] TRACE - Loading type system org.apache.xmlbeans.metadata.system.sXMLTOOLS
19:53:49.096 [main] TRACE - Reading unresolved handles for type system org.apache.xmlbeans.metadata.system.sXMLTOOLS
19:53:49.114 [main] TRACE - Finished loading type system org.apache.xmlbeans.metadata.system.sXMLTOOLS
19:53:49.115 [main] TRACE - Reading unresolved handles for type system org.apache.xmlbeans.metadata.system.sXMLSCHEMA
19:53:49.121 [main] TRACE - Finished loading type system org.apache.xmlbeans.metadata.system.sXMLSCHEMA
19:53:49.123 [main] TRACE - Reading unresolved handles for type system org.apache.xmlbeans.metadata.system.sXMLLANG
19:53:49.125 [main] TRACE - Finished loading type system org.apache.xmlbeans.metadata.system.sXMLLANG
19:53:49.126 [main] TRACE - Reading unresolved handles for type system org.apache.xmlbeans.metadata.system.sXMLCONFIG
19:53:49.128 [main] TRACE - Finished loading type system org.apache.xmlbeans.metadata.system.sXMLCONFIG
19:53:49.129 [main] TRACE - Reading unresolved handles for type system org.apache.poi.schemas.ooxml.system.ooxml
19:53:49.207 [main] TRACE - Finished loading type system org.apache.poi.schemas.ooxml.system.ooxml
19:53:49.208 [main] TRACE - Resolving type for handle themefd26doctype
19:53:49.277 [main] TRACE - Resolving type for handle stylesheet5d8bdoctype
19:53:49.285 [main] TRACE - Resolving type for handle ctstylesheet4257type
19:53:49.290 [main] TRACE - Resolving type for handle ctfonts6623type
19:53:49.297 [main] TRACE - Resolving type for handle ctfont14d8type
19:53:49.303 [main] TRACE - Resolving type for handle ctfills2c6ftype
19:53:49.305 [main] TRACE - Resolving type for handle ctfill550ctype
19:53:49.307 [main] TRACE - Resolving type for handle ctborders0d66type
19:53:49.309 [main] TRACE - Resolving type for handle ctborderf935type
19:53:49.314 [main] TRACE - Resolving type for handle ctcellxfs1322type
19:53:49.316 [main] TRACE - Resolving type for handle ctxf97f7type
19:53:49.319 [main] TRACE - Resolving type for handle ctcellstylexfsa81ftype
19:53:49.321 [main] TRACE - Resolving type for handle ctdxfsb26atype
19:53:49.323 [main] TRACE - Resolving type for handle sstf81fdoctype
19:53:49.328 [main] TRACE - Resolving type for handle ctsst44f3type
19:53:49.343 [main] TRACE - Resolving type for handle ctrsta472type
19:53:49.373 [main] TRACE - Resolving type for handle ctdrawing2748type
19:53:49.381 [main] TRACE - Resolving type for handle workbookec17doctype
19:53:49.384 [main] TRACE - Resolving type for handle ctworkbook83c3type
19:53:49.387 [main] TRACE - Resolving type for handle ctsheets49fdtype
19:53:49.389 [main] TRACE - Resolving type for handle ctsheet4dbetype
19:53:49.391 [main] TRACE - Resolving type for handle strelationshipid1e94type
19:53:49.394 [main] TRACE - Resolving type for handle worksheetf539doctype
19:53:49.403 [main] TRACE - Resolving type for handle ctworksheet530dtype
19:53:49.410 [main] TRACE - Resolving type for handle ctsheetdata8408type
19:53:49.414 [main] TRACE - Resolving type for handle ctrowdd39type
19:53:49.420 [main] TRACE - Resolving type for handle ctcell842btype
19:53:49.428 [main] TRACE - Resolving type for handle stcellrefe4e0type
19:53:49.437 [main] TRACE - Resolving type for handle ctcols627ctype
19:53:49.444 [main] TRACE - Resolving type for handle ctcola95ftype
19:53:49.528 [main] TRACE - Resolving type for handle ctdefinednamesce48type
19:53:49.534 [main] TRACE - Resolving type for handle ctbookviewsb864type
19:53:49.536 [main] TRACE - Resolving type for handle ctbookviewf677type
19:53:49.541 [main] TRACE - Resolving type for handle stcelltypebf95type
19:53:49.546 [main] TRACE - Resolving type for handle stxstringf179type
19:54:14.427 [main] DEBUG - Parsing relationship: /xl/_rels/workbook.xml.rels
19:54:14.429 [main] DEBUG - Parsing relationship: /xl/worksheets/_rels/sheet1.xml.rels
19:54:14.430 [main] DEBUG - Parsing relationship: /xl/worksheets/_rels/sheet2.xml.rels
19:54:14.431 [main] DEBUG - Parsing relationship: /_rels/.rels
19:54:16.646 [main] DEBUG - Parsing relationship: /xl/_rels/workbook.xml.rels
19:54:16.647 [main] DEBUG - Parsing relationship: /xl/worksheets/_rels/sheet1.xml.rels
19:54:16.648 [main] DEBUG - Parsing relationship: /xl/worksheets/_rels/sheet2.xml.rels
19:54:16.649 [main] DEBUG - Parsing relationship: /_rels/.rels
19:54:19.881 [main] DEBUG - Parsing relationship: /xl/_rels/workbook.xml.rels
19:54:19.881 [main] DEBUG - Parsing relationship: /xl/worksheets/_rels/sheet1.xml.rels
19:54:19.883 [main] DEBUG - Parsing relationship: /xl/worksheets/_rels/sheet2.xml.rels
19:54:19.884 [main] DEBUG - Parsing relationship: /_rels/.rels
19:57:28.998 [main] INFO  - Goto my Merx Application-->Click on Login.. 
19:57:29.020 [main] INFO  - Entering email and password.. 
19:57:32.313 [main] INFO  - clicked on Sign in button...
19:57:37.102 [main] INFO  - Goto my Merx Application-->Click on Login.. 
19:57:41.439 [main] DEBUG - Parsing relationship: /xl/_rels/workbook.xml.rels
19:57:41.442 [main] DEBUG - Parsing relationship: /xl/worksheets/_rels/sheet1.xml.rels
19:57:41.443 [main] DEBUG - Parsing relationship: /xl/worksheets/_rels/sheet2.xml.rels
19:57:41.445 [main] DEBUG - Parsing relationship: /_rels/.rels
19:57:41.576 [main] TRACE - Loading type system org.apache.poi.schemas.ooxml.system.ooxml
19:57:41.578 [main] TRACE - Loading type system org.apache.xmlbeans.metadata.system.sXMLCONFIG
19:57:41.578 [main] TRACE - Loading type system org.apache.xmlbeans.metadata.system.sXMLLANG
19:57:41.579 [main] TRACE - Loading type system org.apache.xmlbeans.metadata.system.sXMLSCHEMA
19:57:41.579 [main] TRACE - Loading type system org.apache.xmlbeans.metadata.system.sXMLTOOLS
19:57:41.580 [main] TRACE - Reading unresolved handles for type system org.apache.xmlbeans.metadata.system.sXMLTOOLS
19:57:41.597 [main] TRACE - Finished loading type system org.apache.xmlbeans.metadata.system.sXMLTOOLS
19:57:41.599 [main] TRACE - Reading unresolved handles for type system org.apache.xmlbeans.metadata.system.sXMLSCHEMA
19:57:41.612 [main] TRACE - Finished loading type system org.apache.xmlbeans.metadata.system.sXMLSCHEMA
19:57:41.613 [main] TRACE - Reading unresolved handles for type system org.apache.xmlbeans.metadata.system.sXMLLANG
19:57:41.614 [main] TRACE - Finished loading type system org.apache.xmlbeans.metadata.system.sXMLLANG
19:57:41.616 [main] TRACE - Reading unresolved handles for type system org.apache.xmlbeans.metadata.system.sXMLCONFIG
19:57:41.618 [main] TRACE - Finished loading type system org.apache.xmlbeans.metadata.system.sXMLCONFIG
19:57:41.619 [main] TRACE - Reading unresolved handles for type system org.apache.poi.schemas.ooxml.system.ooxml
19:57:41.698 [main] TRACE - Finished loading type system org.apache.poi.schemas.ooxml.system.ooxml
19:57:41.699 [main] TRACE - Resolving type for handle themefd26doctype
19:57:41.763 [main] TRACE - Resolving type for handle stylesheet5d8bdoctype
19:57:41.771 [main] TRACE - Resolving type for handle ctstylesheet4257type
19:57:41.777 [main] TRACE - Resolving type for handle ctfonts6623type
19:57:41.780 [main] TRACE - Resolving type for handle ctfont14d8type
19:57:41.793 [main] TRACE - Resolving type for handle ctfills2c6ftype
19:57:41.795 [main] TRACE - Resolving type for handle ctfill550ctype
19:57:41.798 [main] TRACE - Resolving type for handle ctborders0d66type
19:57:41.800 [main] TRACE - Resolving type for handle ctborderf935type
19:57:41.803 [main] TRACE - Resolving type for handle ctcellxfs1322type
19:57:41.806 [main] TRACE - Resolving type for handle ctxf97f7type
19:57:41.809 [main] TRACE - Resolving type for handle ctcellstylexfsa81ftype
19:57:41.811 [main] TRACE - Resolving type for handle ctdxfsb26atype
19:57:41.814 [main] TRACE - Resolving type for handle sstf81fdoctype
19:57:41.821 [main] TRACE - Resolving type for handle ctsst44f3type
19:57:41.842 [main] TRACE - Resolving type for handle ctrsta472type
19:57:41.875 [main] TRACE - Resolving type for handle ctdrawing2748type
19:57:41.889 [main] TRACE - Resolving type for handle workbookec17doctype
19:57:41.895 [main] TRACE - Resolving type for handle ctworkbook83c3type
19:57:41.903 [main] TRACE - Resolving type for handle ctsheets49fdtype
19:57:41.909 [main] TRACE - Resolving type for handle ctsheet4dbetype
19:57:41.910 [main] TRACE - Resolving type for handle strelationshipid1e94type
19:57:41.913 [main] TRACE - Resolving type for handle worksheetf539doctype
19:57:41.924 [main] TRACE - Resolving type for handle ctworksheet530dtype
19:57:41.934 [main] TRACE - Resolving type for handle ctsheetdata8408type
19:57:41.937 [main] TRACE - Resolving type for handle ctrowdd39type
19:57:41.945 [main] TRACE - Resolving type for handle ctcell842btype
19:57:41.954 [main] TRACE - Resolving type for handle stcellrefe4e0type
19:57:41.962 [main] TRACE - Resolving type for handle ctcols627ctype
19:57:41.968 [main] TRACE - Resolving type for handle ctcola95ftype
19:57:42.043 [main] TRACE - Resolving type for handle ctdefinednamesce48type
19:57:42.048 [main] TRACE - Resolving type for handle ctbookviewsb864type
19:57:42.050 [main] TRACE - Resolving type for handle ctbookviewf677type
19:57:42.057 [main] TRACE - Resolving type for handle stcelltypebf95type
19:57:42.061 [main] TRACE - Resolving type for handle stxstringf179type
19:57:44.146 [main] DEBUG - Parsing relationship: /xl/_rels/workbook.xml.rels
19:57:44.147 [main] DEBUG - Parsing relationship: /xl/worksheets/_rels/sheet1.xml.rels
19:57:44.148 [main] DEBUG - Parsing relationship: /xl/worksheets/_rels/sheet2.xml.rels
19:57:44.149 [main] DEBUG - Parsing relationship: /_rels/.rels
19:57:51.483 [main] DEBUG - Parsing relationship: /xl/_rels/workbook.xml.rels
19:57:51.486 [main] DEBUG - Parsing relationship: /xl/worksheets/_rels/sheet1.xml.rels
19:57:51.488 [main] DEBUG - Parsing relationship: /xl/worksheets/_rels/sheet2.xml.rels
19:57:51.489 [main] DEBUG - Parsing relationship: /_rels/.rels
19:58:54.163 [main] INFO  - Goto my Merx Application-->Click on Login.. 
19:58:54.198 [main] INFO  - Entering email and password.. 
19:58:57.543 [main] INFO  - clicked on Sign in button...
19:59:00.594 [main] INFO  - Goto my Merx Application-->Click on Login.. 
14:39:01.751 [main] INFO  - Goto my Merx Application-->Click on Login.. 
14:39:01.777 [main] INFO  - Entering email and password.. 
14:39:05.089 [main] INFO  - clicked on Sign in button...
14:39:08.466 [main] INFO  - Goto my Merx Application-->Click on Login.. 
14:39:12.833 [main] DEBUG - Parsing relationship: /xl/_rels/workbook.xml.rels
14:39:12.833 [main] DEBUG - Parsing relationship: /xl/worksheets/_rels/sheet1.xml.rels
14:39:12.833 [main] DEBUG - Parsing relationship: /xl/worksheets/_rels/sheet2.xml.rels
14:39:12.833 [main] DEBUG - Parsing relationship: /_rels/.rels
14:39:13.022 [main] TRACE - Loading type system org.apache.poi.schemas.ooxml.system.ooxml
14:39:13.022 [main] TRACE - Loading type system org.apache.xmlbeans.metadata.system.sXMLCONFIG
14:39:13.022 [main] TRACE - Loading type system org.apache.xmlbeans.metadata.system.sXMLLANG
14:39:13.038 [main] TRACE - Loading type system org.apache.xmlbeans.metadata.system.sXMLSCHEMA
14:39:13.038 [main] TRACE - Loading type system org.apache.xmlbeans.metadata.system.sXMLTOOLS
14:39:13.038 [main] TRACE - Reading unresolved handles for type system org.apache.xmlbeans.metadata.system.sXMLTOOLS
14:39:13.053 [main] TRACE - Finished loading type system org.apache.xmlbeans.metadata.system.sXMLTOOLS
14:39:13.053 [main] TRACE - Reading unresolved handles for type system org.apache.xmlbeans.metadata.system.sXMLSCHEMA
14:39:13.053 [main] TRACE - Finished loading type system org.apache.xmlbeans.metadata.system.sXMLSCHEMA
14:39:13.053 [main] TRACE - Reading unresolved handles for type system org.apache.xmlbeans.metadata.system.sXMLLANG
14:39:13.053 [main] TRACE - Finished loading type system org.apache.xmlbeans.metadata.system.sXMLLANG
14:39:13.069 [main] TRACE - Reading unresolved handles for type system org.apache.xmlbeans.metadata.system.sXMLCONFIG
14:39:13.069 [main] TRACE - Finished loading type system org.apache.xmlbeans.metadata.system.sXMLCONFIG
14:39:13.069 [main] TRACE - Reading unresolved handles for type system org.apache.poi.schemas.ooxml.system.ooxml
14:39:13.132 [main] TRACE - Finished loading type system org.apache.poi.schemas.ooxml.system.ooxml
14:39:13.132 [main] TRACE - Resolving type for handle themefd26doctype
14:39:13.179 [main] TRACE - Resolving type for handle stylesheet5d8bdoctype
14:39:13.185 [main] TRACE - Resolving type for handle ctstylesheet4257type
14:39:13.195 [main] TRACE - Resolving type for handle ctfonts6623type
14:39:13.195 [main] TRACE - Resolving type for handle ctfont14d8type
14:39:13.195 [main] TRACE - Resolving type for handle ctfills2c6ftype
14:39:13.210 [main] TRACE - Resolving type for handle ctfill550ctype
14:39:13.210 [main] TRACE - Resolving type for handle ctborders0d66type
14:39:13.210 [main] TRACE - Resolving type for handle ctborderf935type
14:39:13.210 [main] TRACE - Resolving type for handle ctcellxfs1322type
14:39:13.210 [main] TRACE - Resolving type for handle ctxf97f7type
14:39:13.226 [main] TRACE - Resolving type for handle ctcellstylexfsa81ftype
14:39:13.226 [main] TRACE - Resolving type for handle ctdxfsb26atype
14:39:13.226 [main] TRACE - Resolving type for handle sstf81fdoctype
14:39:13.226 [main] TRACE - Resolving type for handle ctsst44f3type
14:39:13.242 [main] TRACE - Resolving type for handle ctrsta472type
14:39:13.257 [main] TRACE - Resolving type for handle ctdrawing2748type
14:39:13.273 [main] TRACE - Resolving type for handle workbookec17doctype
14:39:13.289 [main] TRACE - Resolving type for handle ctworkbook83c3type
14:39:13.289 [main] TRACE - Resolving type for handle ctsheets49fdtype
14:39:13.304 [main] TRACE - Resolving type for handle ctsheet4dbetype
14:39:13.306 [main] TRACE - Resolving type for handle strelationshipid1e94type
14:39:13.306 [main] TRACE - Resolving type for handle worksheetf539doctype
14:39:13.317 [main] TRACE - Resolving type for handle ctworksheet530dtype
14:39:13.322 [main] TRACE - Resolving type for handle ctsheetdata8408type
14:39:13.322 [main] TRACE - Resolving type for handle ctrowdd39type
14:39:13.322 [main] TRACE - Resolving type for handle ctcell842btype
14:39:13.336 [main] TRACE - Resolving type for handle stcellrefe4e0type
14:39:13.352 [main] TRACE - Resolving type for handle ctcols627ctype
14:39:13.352 [main] TRACE - Resolving type for handle ctcola95ftype
14:39:13.493 [main] TRACE - Resolving type for handle ctdefinednamesce48type
14:39:13.493 [main] TRACE - Resolving type for handle ctbookviewsb864type
14:39:13.493 [main] TRACE - Resolving type for handle ctbookviewf677type
14:39:13.508 [main] TRACE - Resolving type for handle stcelltypebf95type
14:39:13.508 [main] TRACE - Resolving type for handle stxstringf179type
15:13:01.058 [main] INFO  - Goto my Merx Application-->Click on Login.. 
15:13:01.078 [main] INFO  - Entering email and password.. 
15:13:04.341 [main] INFO  - clicked on Sign in button...
15:13:08.781 [main] INFO  - Goto my Merx Application-->Click on Login.. 
15:13:13.194 [main] DEBUG - Parsing relationship: /xl/_rels/workbook.xml.rels
15:13:13.194 [main] DEBUG - Parsing relationship: /xl/worksheets/_rels/sheet1.xml.rels
15:13:13.194 [main] DEBUG - Parsing relationship: /xl/worksheets/_rels/sheet2.xml.rels
15:13:13.210 [main] DEBUG - Parsing relationship: /_rels/.rels
15:13:13.367 [main] TRACE - Loading type system org.apache.poi.schemas.ooxml.system.ooxml
15:13:13.367 [main] TRACE - Loading type system org.apache.xmlbeans.metadata.system.sXMLCONFIG
15:13:13.367 [main] TRACE - Loading type system org.apache.xmlbeans.metadata.system.sXMLLANG
15:13:13.367 [main] TRACE - Loading type system org.apache.xmlbeans.metadata.system.sXMLSCHEMA
15:13:13.367 [main] TRACE - Loading type system org.apache.xmlbeans.metadata.system.sXMLTOOLS
15:13:13.367 [main] TRACE - Reading unresolved handles for type system org.apache.xmlbeans.metadata.system.sXMLTOOLS
15:13:13.383 [main] TRACE - Finished loading type system org.apache.xmlbeans.metadata.system.sXMLTOOLS
15:13:13.383 [main] TRACE - Reading unresolved handles for type system org.apache.xmlbeans.metadata.system.sXMLSCHEMA
15:13:13.392 [main] TRACE - Finished loading type system org.apache.xmlbeans.metadata.system.sXMLSCHEMA
15:13:13.392 [main] TRACE - Reading unresolved handles for type system org.apache.xmlbeans.metadata.system.sXMLLANG
15:13:13.392 [main] TRACE - Finished loading type system org.apache.xmlbeans.metadata.system.sXMLLANG
15:13:13.392 [main] TRACE - Reading unresolved handles for type system org.apache.xmlbeans.metadata.system.sXMLCONFIG
15:13:13.392 [main] TRACE - Finished loading type system org.apache.xmlbeans.metadata.system.sXMLCONFIG
15:13:13.392 [main] TRACE - Reading unresolved handles for type system org.apache.poi.schemas.ooxml.system.ooxml
15:13:13.447 [main] TRACE - Finished loading type system org.apache.poi.schemas.ooxml.system.ooxml
15:13:13.447 [main] TRACE - Resolving type for handle themefd26doctype
15:13:13.501 [main] TRACE - Resolving type for handle stylesheet5d8bdoctype
15:13:13.510 [main] TRACE - Resolving type for handle ctstylesheet4257type
15:13:13.510 [main] TRACE - Resolving type for handle ctfonts6623type
15:13:13.527 [main] TRACE - Resolving type for handle ctfont14d8type
15:13:13.527 [main] TRACE - Resolving type for handle ctfills2c6ftype
15:13:13.527 [main] TRACE - Resolving type for handle ctfill550ctype
15:13:13.542 [main] TRACE - Resolving type for handle ctborders0d66type
15:13:13.544 [main] TRACE - Resolving type for handle ctborderf935type
15:13:13.544 [main] TRACE - Resolving type for handle ctcellxfs1322type
15:13:13.544 [main] TRACE - Resolving type for handle ctxf97f7type
15:13:13.550 [main] TRACE - Resolving type for handle ctcellstylexfsa81ftype
15:13:13.550 [main] TRACE - Resolving type for handle ctdxfsb26atype
15:13:13.550 [main] TRACE - Resolving type for handle sstf81fdoctype
15:13:13.558 [main] TRACE - Resolving type for handle ctsst44f3type
15:13:13.558 [main] TRACE - Resolving type for handle ctrsta472type
15:13:13.573 [main] TRACE - Resolving type for handle ctdrawing2748type
15:13:13.589 [main] TRACE - Resolving type for handle workbookec17doctype
15:13:13.589 [main] TRACE - Resolving type for handle ctworkbook83c3type
15:13:13.605 [main] TRACE - Resolving type for handle ctsheets49fdtype
15:13:13.605 [main] TRACE - Resolving type for handle ctsheet4dbetype
15:13:13.605 [main] TRACE - Resolving type for handle strelationshipid1e94type
15:13:13.605 [main] TRACE - Resolving type for handle worksheetf539doctype
15:13:13.620 [main] TRACE - Resolving type for handle ctworksheet530dtype
15:13:13.636 [main] TRACE - Resolving type for handle ctsheetdata8408type
15:13:13.644 [main] TRACE - Resolving type for handle ctrowdd39type
15:13:13.652 [main] TRACE - Resolving type for handle ctcell842btype
15:13:13.669 [main] TRACE - Resolving type for handle stcellrefe4e0type
15:13:13.684 [main] TRACE - Resolving type for handle ctcols627ctype
15:13:13.700 [main] TRACE - Resolving type for handle ctcola95ftype
15:13:13.809 [main] TRACE - Resolving type for handle ctdefinednamesce48type
15:13:13.825 [main] TRACE - Resolving type for handle ctbookviewsb864type
15:13:13.825 [main] TRACE - Resolving type for handle ctbookviewf677type
15:13:13.844 [main] TRACE - Resolving type for handle stcelltypebf95type
15:13:13.857 [main] TRACE - Resolving type for handle stxstringf179type
15:14:01.933 [main] INFO  - Goto my Merx Application-->Click on Login.. 
15:14:01.957 [main] INFO  - Entering email and password.. 
15:14:05.259 [main] INFO  - clicked on Sign in button...
15:14:09.820 [main] INFO  - Goto my Merx Application-->Click on Login.. 
15:14:14.235 [main] DEBUG - Parsing relationship: /xl/_rels/workbook.xml.rels
15:14:14.245 [main] DEBUG - Parsing relationship: /xl/worksheets/_rels/sheet1.xml.rels
15:14:14.245 [main] DEBUG - Parsing relationship: /xl/worksheets/_rels/sheet2.xml.rels
15:14:14.245 [main] DEBUG - Parsing relationship: /_rels/.rels
15:14:14.455 [main] TRACE - Loading type system org.apache.poi.schemas.ooxml.system.ooxml
15:14:14.455 [main] TRACE - Loading type system org.apache.xmlbeans.metadata.system.sXMLCONFIG
15:14:14.455 [main] TRACE - Loading type system org.apache.xmlbeans.metadata.system.sXMLLANG
15:14:14.455 [main] TRACE - Loading type system org.apache.xmlbeans.metadata.system.sXMLSCHEMA
15:14:14.455 [main] TRACE - Loading type system org.apache.xmlbeans.metadata.system.sXMLTOOLS
15:14:14.455 [main] TRACE - Reading unresolved handles for type system org.apache.xmlbeans.metadata.system.sXMLTOOLS
15:14:14.470 [main] TRACE - Finished loading type system org.apache.xmlbeans.metadata.system.sXMLTOOLS
15:14:14.470 [main] TRACE - Reading unresolved handles for type system org.apache.xmlbeans.metadata.system.sXMLSCHEMA
15:14:14.486 [main] TRACE - Finished loading type system org.apache.xmlbeans.metadata.system.sXMLSCHEMA
15:14:14.486 [main] TRACE - Reading unresolved handles for type system org.apache.xmlbeans.metadata.system.sXMLLANG
15:14:14.486 [main] TRACE - Finished loading type system org.apache.xmlbeans.metadata.system.sXMLLANG
15:14:14.486 [main] TRACE - Reading unresolved handles for type system org.apache.xmlbeans.metadata.system.sXMLCONFIG
15:14:14.486 [main] TRACE - Finished loading type system org.apache.xmlbeans.metadata.system.sXMLCONFIG
15:14:14.486 [main] TRACE - Reading unresolved handles for type system org.apache.poi.schemas.ooxml.system.ooxml
15:14:14.545 [main] TRACE - Finished loading type system org.apache.poi.schemas.ooxml.system.ooxml
15:14:14.545 [main] TRACE - Resolving type for handle themefd26doctype
15:14:14.596 [main] TRACE - Resolving type for handle stylesheet5d8bdoctype
15:14:14.611 [main] TRACE - Resolving type for handle ctstylesheet4257type
15:14:14.611 [main] TRACE - Resolving type for handle ctfonts6623type
15:14:14.627 [main] TRACE - Resolving type for handle ctfont14d8type
15:14:14.627 [main] TRACE - Resolving type for handle ctfills2c6ftype
15:14:14.627 [main] TRACE - Resolving type for handle ctfill550ctype
15:14:14.627 [main] TRACE - Resolving type for handle ctborders0d66type
15:14:14.643 [main] TRACE - Resolving type for handle ctborderf935type
15:14:14.646 [main] TRACE - Resolving type for handle ctcellxfs1322type
15:14:14.646 [main] TRACE - Resolving type for handle ctxf97f7type
15:14:14.646 [main] TRACE - Resolving type for handle ctcellstylexfsa81ftype
15:14:14.646 [main] TRACE - Resolving type for handle ctdxfsb26atype
15:14:14.646 [main] TRACE - Resolving type for handle sstf81fdoctype
15:14:14.659 [main] TRACE - Resolving type for handle ctsst44f3type
15:14:14.659 [main] TRACE - Resolving type for handle ctrsta472type
15:14:14.690 [main] TRACE - Resolving type for handle ctdrawing2748type
15:14:14.690 [main] TRACE - Resolving type for handle workbookec17doctype
15:14:14.706 [main] TRACE - Resolving type for handle ctworkbook83c3type
15:14:14.706 [main] TRACE - Resolving type for handle ctsheets49fdtype
15:14:14.706 [main] TRACE - Resolving type for handle ctsheet4dbetype
15:14:14.706 [main] TRACE - Resolving type for handle strelationshipid1e94type
15:14:14.721 [main] TRACE - Resolving type for handle worksheetf539doctype
15:14:14.721 [main] TRACE - Resolving type for handle ctworksheet530dtype
15:14:14.737 [main] TRACE - Resolving type for handle ctsheetdata8408type
15:14:14.746 [main] TRACE - Resolving type for handle ctrowdd39type
15:14:14.753 [main] TRACE - Resolving type for handle ctcell842btype
15:14:14.769 [main] TRACE - Resolving type for handle stcellrefe4e0type
15:14:14.784 [main] TRACE - Resolving type for handle ctcols627ctype
15:14:14.784 [main] TRACE - Resolving type for handle ctcola95ftype
15:14:14.894 [main] TRACE - Resolving type for handle ctdefinednamesce48type
15:14:14.894 [main] TRACE - Resolving type for handle ctbookviewsb864type
15:14:14.894 [main] TRACE - Resolving type for handle ctbookviewf677type
15:14:14.910 [main] TRACE - Resolving type for handle stcelltypebf95type
15:14:14.910 [main] TRACE - Resolving type for handle stxstringf179type
15:14:17.010 [main] DEBUG - Parsing relationship: /xl/_rels/workbook.xml.rels
15:14:17.010 [main] DEBUG - Parsing relationship: /xl/worksheets/_rels/sheet1.xml.rels
15:14:17.010 [main] DEBUG - Parsing relationship: /xl/worksheets/_rels/sheet2.xml.rels
15:14:17.022 [main] DEBUG - Parsing relationship: /_rels/.rels
15:14:24.436 [main] DEBUG - Parsing relationship: /xl/_rels/workbook.xml.rels
15:14:24.436 [main] DEBUG - Parsing relationship: /xl/worksheets/_rels/sheet1.xml.rels
15:14:24.436 [main] DEBUG - Parsing relationship: /xl/worksheets/_rels/sheet2.xml.rels
15:14:24.436 [main] DEBUG - Parsing relationship: /_rels/.rels
15:39:59.082 [main] INFO  - Goto my Merx Application-->Click on Login.. 
15:39:59.104 [main] INFO  - Entering email and password.. 
15:40:02.368 [main] INFO  - clicked on Sign in button...
15:40:07.019 [main] INFO  - Goto my Merx Application-->Click on Login.. 
15:40:11.365 [main] DEBUG - Parsing relationship: /xl/_rels/workbook.xml.rels
15:40:11.368 [main] DEBUG - Parsing relationship: /xl/worksheets/_rels/sheet1.xml.rels
15:40:11.369 [main] DEBUG - Parsing relationship: /xl/worksheets/_rels/sheet2.xml.rels
15:40:11.370 [main] DEBUG - Parsing relationship: /_rels/.rels
15:40:11.590 [main] TRACE - Loading type system org.apache.poi.schemas.ooxml.system.ooxml
15:40:11.594 [main] TRACE - Loading type system org.apache.xmlbeans.metadata.system.sXMLCONFIG
15:40:11.594 [main] TRACE - Loading type system org.apache.xmlbeans.metadata.system.sXMLLANG
15:40:11.595 [main] TRACE - Loading type system org.apache.xmlbeans.metadata.system.sXMLSCHEMA
15:40:11.595 [main] TRACE - Loading type system org.apache.xmlbeans.metadata.system.sXMLTOOLS
15:40:11.595 [main] TRACE - Reading unresolved handles for type system org.apache.xmlbeans.metadata.system.sXMLTOOLS
15:40:11.606 [main] TRACE - Finished loading type system org.apache.xmlbeans.metadata.system.sXMLTOOLS
15:40:11.621 [main] TRACE - Reading unresolved handles for type system org.apache.xmlbeans.metadata.system.sXMLSCHEMA
15:40:11.621 [main] TRACE - Finished loading type system org.apache.xmlbeans.metadata.system.sXMLSCHEMA
15:40:11.621 [main] TRACE - Reading unresolved handles for type system org.apache.xmlbeans.metadata.system.sXMLLANG
15:40:11.621 [main] TRACE - Finished loading type system org.apache.xmlbeans.metadata.system.sXMLLANG
15:40:11.621 [main] TRACE - Reading unresolved handles for type system org.apache.xmlbeans.metadata.system.sXMLCONFIG
15:40:11.621 [main] TRACE - Finished loading type system org.apache.xmlbeans.metadata.system.sXMLCONFIG
15:40:11.621 [main] TRACE - Reading unresolved handles for type system org.apache.poi.schemas.ooxml.system.ooxml
15:40:11.700 [main] TRACE - Finished loading type system org.apache.poi.schemas.ooxml.system.ooxml
15:40:11.700 [main] TRACE - Resolving type for handle themefd26doctype
15:40:11.747 [main] TRACE - Resolving type for handle stylesheet5d8bdoctype
15:40:11.747 [main] TRACE - Resolving type for handle ctstylesheet4257type
15:40:11.747 [main] TRACE - Resolving type for handle ctfonts6623type
15:40:11.747 [main] TRACE - Resolving type for handle ctfont14d8type
15:40:11.762 [main] TRACE - Resolving type for handle ctfills2c6ftype
15:40:11.762 [main] TRACE - Resolving type for handle ctfill550ctype
15:40:11.762 [main] TRACE - Resolving type for handle ctborders0d66type
15:40:11.762 [main] TRACE - Resolving type for handle ctborderf935type
15:40:11.762 [main] TRACE - Resolving type for handle ctcellxfs1322type
15:40:11.762 [main] TRACE - Resolving type for handle ctxf97f7type
15:40:11.762 [main] TRACE - Resolving type for handle ctcellstylexfsa81ftype
15:40:11.778 [main] TRACE - Resolving type for handle ctdxfsb26atype
15:40:11.778 [main] TRACE - Resolving type for handle sstf81fdoctype
15:40:11.784 [main] TRACE - Resolving type for handle ctsst44f3type
15:40:11.794 [main] TRACE - Resolving type for handle ctrsta472type
15:40:11.810 [main] TRACE - Resolving type for handle ctdrawing2748type
15:40:11.810 [main] TRACE - Resolving type for handle workbookec17doctype
15:40:11.810 [main] TRACE - Resolving type for handle ctworkbook83c3type
15:40:11.810 [main] TRACE - Resolving type for handle ctsheets49fdtype
15:40:11.825 [main] TRACE - Resolving type for handle ctsheet4dbetype
15:40:11.825 [main] TRACE - Resolving type for handle strelationshipid1e94type
15:40:11.825 [main] TRACE - Resolving type for handle worksheetf539doctype
15:40:11.825 [main] TRACE - Resolving type for handle ctworksheet530dtype
15:40:11.841 [main] TRACE - Resolving type for handle ctsheetdata8408type
15:40:11.841 [main] TRACE - Resolving type for handle ctrowdd39type
15:40:11.841 [main] TRACE - Resolving type for handle ctcell842btype
15:40:11.857 [main] TRACE - Resolving type for handle stcellrefe4e0type
15:40:11.857 [main] TRACE - Resolving type for handle ctcols627ctype
15:40:11.872 [main] TRACE - Resolving type for handle ctcola95ftype
15:40:11.936 [main] TRACE - Resolving type for handle ctdefinednamesce48type
15:40:11.936 [main] TRACE - Resolving type for handle ctbookviewsb864type
15:40:11.936 [main] TRACE - Resolving type for handle ctbookviewf677type
