17:25:10.599 [main] TRACE - Resolving type for handle ctfonts6623type
17:25:10.615 [main] TRACE - Resolving type for handle ctfont14d8type
17:25:10.630 [main] TRACE - Resolving type for handle ctfills2c6ftype
17:25:10.630 [main] TRACE - Resolving type for handle ctfill550ctype
17:25:10.630 [main] TRACE - Resolving type for handle ctborders0d66type
17:25:10.646 [main] TRACE - Resolving type for handle ctborderf935type
17:25:10.646 [main] TRACE - Resolving type for handle ctcellxfs1322type
17:25:10.646 [main] TRACE - Resolving type for handle ctxf97f7type
17:25:10.646 [main] TRACE - Resolving type for handle ctcellstylexfsa81ftype
17:25:10.646 [main] TRACE - Resolving type for handle ctdxfsb26atype
17:25:10.662 [main] TRACE - Resolving type for handle sstf81fdoctype
17:25:10.662 [main] TRACE - Resolving type for handle ctsst44f3type
17:25:10.678 [main] TRACE - Resolving type for handle ctrsta472type
17:25:10.709 [main] TRACE - Resolving type for handle ctdrawing2748type
17:25:10.725 [main] TRACE - Resolving type for handle workbookec17doctype
17:25:10.725 [main] TRACE - Resolving type for handle ctworkbook83c3type
17:25:10.740 [main] TRACE - Resolving type for handle ctsheets49fdtype
17:25:10.740 [main] TRACE - Resolving type for handle ctsheet4dbetype
17:25:10.740 [main] TRACE - Resolving type for handle strelationshipid1e94type
17:25:10.740 [main] TRACE - Resolving type for handle worksheetf539doctype
17:25:10.756 [main] TRACE - Resolving type for handle ctworksheet530dtype
17:25:10.763 [main] TRACE - Resolving type for handle ctsheetdata8408type
17:25:10.763 [main] TRACE - Resolving type for handle ctrowdd39type
17:25:10.773 [main] TRACE - Resolving type for handle ctcell842btype
17:25:10.773 [main] TRACE - Resolving type for handle stcellrefe4e0type
17:25:10.788 [main] TRACE - Resolving type for handle ctcols627ctype
17:25:10.788 [main] TRACE - Resolving type for handle ctcola95ftype
17:25:10.898 [main] TRACE - Resolving type for handle ctdefinednamesce48type
17:25:10.898 [main] TRACE - Resolving type for handle ctbookviewsb864type
17:25:10.914 [main] TRACE - Resolving type for handle ctbookviewf677type
17:25:10.929 [main] TRACE - Resolving type for handle stcelltypebf95type
17:25:10.929 [main] TRACE - Resolving type for handle stxstringf179type
17:55:06.604 [main] INFO  - Goto my Merx Application-->Click on Login.. 
17:55:06.635 [main] INFO  - Entering email and password.. 
17:55:09.969 [main] INFO  - clicked on Sign in button...
17:55:12.470 [main] INFO  - Goto my Merx Application-->Click on Login.. 
17:55:16.790 [main] DEBUG - Parsing relationship: /xl/_rels/workbook.xml.rels
17:55:16.794 [main] DEBUG - Parsing relationship: /xl/worksheets/_rels/sheet1.xml.rels
17:55:16.795 [main] DEBUG - Parsing relationship: /xl/worksheets/_rels/sheet2.xml.rels
17:55:16.797 [main] DEBUG - Parsing relationship: /_rels/.rels
17:55:16.997 [main] TRACE - Loading type system org.apache.poi.schemas.ooxml.system.ooxml
17:55:17.000 [main] TRACE - Loading type system org.apache.xmlbeans.metadata.system.sXMLCONFIG
17:55:17.002 [main] TRACE - Loading type system org.apache.xmlbeans.metadata.system.sXMLLANG
17:55:17.003 [main] TRACE - Loading type system org.apache.xmlbeans.metadata.system.sXMLSCHEMA
17:55:17.003 [main] TRACE - Loading type system org.apache.xmlbeans.metadata.system.sXMLTOOLS
17:55:17.005 [main] TRACE - Reading unresolved handles for type system org.apache.xmlbeans.metadata.system.sXMLTOOLS
17:55:17.021 [main] TRACE - Finished loading type system org.apache.xmlbeans.metadata.system.sXMLTOOLS
17:55:17.024 [main] TRACE - Reading unresolved handles for type system org.apache.xmlbeans.metadata.system.sXMLSCHEMA
17:55:17.034 [main] TRACE - Finished loading type system org.apache.xmlbeans.metadata.system.sXMLSCHEMA
17:55:17.036 [main] TRACE - Reading unresolved handles for type system org.apache.xmlbeans.metadata.system.sXMLLANG
17:55:17.038 [main] TRACE - Finished loading type system org.apache.xmlbeans.metadata.system.sXMLLANG
17:55:17.040 [main] TRACE - Reading unresolved handles for type system org.apache.xmlbeans.metadata.system.sXMLCONFIG
17:55:17.043 [main] TRACE - Finished loading type system org.apache.xmlbeans.metadata.system.sXMLCONFIG
17:55:17.045 [main] TRACE - Reading unresolved handles for type system org.apache.poi.schemas.ooxml.system.ooxml
17:55:17.117 [main] TRACE - Finished loading type system org.apache.poi.schemas.ooxml.system.ooxml
17:55:17.118 [main] TRACE - Resolving type for handle themefd26doctype
17:55:17.198 [main] TRACE - Resolving type for handle stylesheet5d8bdoctype
17:55:17.205 [main] TRACE - Resolving type for handle ctstylesheet4257type
17:55:17.208 [main] TRACE - Resolving type for handle ctfonts6623type
17:55:17.211 [main] TRACE - Resolving type for handle ctfont14d8type
17:55:17.221 [main] TRACE - Resolving type for handle ctfills2c6ftype
17:55:17.224 [main] TRACE - Resolving type for handle ctfill550ctype
17:55:17.227 [main] TRACE - Resolving type for handle ctborders0d66type
17:55:17.232 [main] TRACE - Resolving type for handle ctborderf935type
17:55:17.236 [main] TRACE - Resolving type for handle ctcellxfs1322type
17:55:17.238 [main] TRACE - Resolving type for handle ctxf97f7type
17:55:17.241 [main] TRACE - Resolving type for handle ctcellstylexfsa81ftype
17:55:17.245 [main] TRACE - Resolving type for handle ctdxfsb26atype
17:55:17.248 [main] TRACE - Resolving type for handle sstf81fdoctype
17:55:17.251 [main] TRACE - Resolving type for handle ctsst44f3type
17:55:17.262 [main] TRACE - Resolving type for handle ctrsta472type
17:55:17.294 [main] TRACE - Resolving type for handle ctdrawing2748type
17:55:17.305 [main] TRACE - Resolving type for handle workbookec17doctype
17:55:17.310 [main] TRACE - Resolving type for handle ctworkbook83c3type
17:55:17.316 [main] TRACE - Resolving type for handle ctsheets49fdtype
17:55:17.318 [main] TRACE - Resolving type for handle ctsheet4dbetype
17:55:17.320 [main] TRACE - Resolving type for handle strelationshipid1e94type
17:55:17.323 [main] TRACE - Resolving type for handle worksheetf539doctype
17:55:17.328 [main] TRACE - Resolving type for handle ctworksheet530dtype
17:55:17.335 [main] TRACE - Resolving type for handle ctsheetdata8408type
17:55:17.338 [main] TRACE - Resolving type for handle ctrowdd39type
17:55:17.342 [main] TRACE - Resolving type for handle ctcell842btype
17:55:17.350 [main] TRACE - Resolving type for handle stcellrefe4e0type
17:55:17.359 [main] TRACE - Resolving type for handle ctcols627ctype
17:55:17.365 [main] TRACE - Resolving type for handle ctcola95ftype
17:55:17.433 [main] TRACE - Resolving type for handle ctdefinednamesce48type
17:55:17.436 [main] TRACE - Resolving type for handle ctbookviewsb864type
17:55:17.437 [main] TRACE - Resolving type for handle ctbookviewf677type
17:55:17.445 [main] TRACE - Resolving type for handle stcelltypebf95type
17:55:17.450 [main] TRACE - Resolving type for handle stxstringf179type
18:31:24.664 [main] INFO  - Goto my Merx Application-->Click on Login.. 
18:31:24.693 [main] INFO  - Entering email and password.. 
18:31:28.053 [main] INFO  - clicked on Sign in button...
18:31:31.549 [main] INFO  - Goto my Merx Application-->Click on Login.. 
18:31:35.867 [main] DEBUG - Parsing relationship: /xl/_rels/workbook.xml.rels
18:31:35.871 [main] DEBUG - Parsing relationship: /xl/worksheets/_rels/sheet1.xml.rels
18:31:35.872 [main] DEBUG - Parsing relationship: /xl/worksheets/_rels/sheet2.xml.rels
18:31:35.873 [main] DEBUG - Parsing relationship: /_rels/.rels
18:31:36.055 [main] TRACE - Loading type system org.apache.poi.schemas.ooxml.system.ooxml
18:31:36.059 [main] TRACE - Loading type system org.apache.xmlbeans.metadata.system.sXMLCONFIG
18:31:36.060 [main] TRACE - Loading type system org.apache.xmlbeans.metadata.system.sXMLLANG
18:31:36.061 [main] TRACE - Loading type system org.apache.xmlbeans.metadata.system.sXMLSCHEMA
18:31:36.061 [main] TRACE - Loading type system org.apache.xmlbeans.metadata.system.sXMLTOOLS
18:31:36.064 [main] TRACE - Reading unresolved handles for type system org.apache.xmlbeans.metadata.system.sXMLTOOLS
18:31:36.084 [main] TRACE - Finished loading type system org.apache.xmlbeans.metadata.system.sXMLTOOLS
18:31:36.085 [main] TRACE - Reading unresolved handles for type system org.apache.xmlbeans.metadata.system.sXMLSCHEMA
18:31:36.095 [main] TRACE - Finished loading type system org.apache.xmlbeans.metadata.system.sXMLSCHEMA
18:31:36.096 [main] TRACE - Reading unresolved handles for type system org.apache.xmlbeans.metadata.system.sXMLLANG
18:31:36.097 [main] TRACE - Finished loading type system org.apache.xmlbeans.metadata.system.sXMLLANG
18:31:36.099 [main] TRACE - Reading unresolved handles for type system org.apache.xmlbeans.metadata.system.sXMLCONFIG
18:31:36.101 [main] TRACE - Finished loading type system org.apache.xmlbeans.metadata.system.sXMLCONFIG
18:31:36.104 [main] TRACE - Reading unresolved handles for type system org.apache.poi.schemas.ooxml.system.ooxml
18:31:36.191 [main] TRACE - Finished loading type system org.apache.poi.schemas.ooxml.system.ooxml
18:31:36.191 [main] TRACE - Resolving type for handle themefd26doctype
18:31:36.271 [main] TRACE - Resolving type for handle stylesheet5d8bdoctype
18:31:36.280 [main] TRACE - Resolving type for handle ctstylesheet4257type
18:31:36.285 [main] TRACE - Resolving type for handle ctfonts6623type
18:31:36.289 [main] TRACE - Resolving type for handle ctfont14d8type
18:31:36.294 [main] TRACE - Resolving type for handle ctfills2c6ftype
18:31:36.297 [main] TRACE - Resolving type for handle ctfill550ctype
18:31:36.299 [main] TRACE - Resolving type for handle ctborders0d66type
18:31:36.301 [main] TRACE - Resolving type for handle ctborderf935type
18:31:36.304 [main] TRACE - Resolving type for handle ctcellxfs1322type
18:31:36.309 [main] TRACE - Resolving type for handle ctxf97f7type
18:31:36.314 [main] TRACE - Resolving type for handle ctcellstylexfsa81ftype
18:31:36.319 [main] TRACE - Resolving type for handle ctdxfsb26atype
18:31:36.325 [main] TRACE - Resolving type for handle sstf81fdoctype
18:31:36.333 [main] TRACE - Resolving type for handle ctsst44f3type
18:31:36.346 [main] TRACE - Resolving type for handle ctrsta472type
18:31:36.374 [main] TRACE - Resolving type for handle ctdrawing2748type
18:31:36.382 [main] TRACE - Resolving type for handle workbookec17doctype
18:31:36.387 [main] TRACE - Resolving type for handle ctworkbook83c3type
18:31:36.391 [main] TRACE - Resolving type for handle ctsheets49fdtype
18:31:36.394 [main] TRACE - Resolving type for handle ctsheet4dbetype
18:31:36.396 [main] TRACE - Resolving type for handle strelationshipid1e94type
18:31:36.399 [main] TRACE - Resolving type for handle worksheetf539doctype
18:31:36.404 [main] TRACE - Resolving type for handle ctworksheet530dtype
18:31:36.411 [main] TRACE - Resolving type for handle ctsheetdata8408type
18:31:36.414 [main] TRACE - Resolving type for handle ctrowdd39type
18:31:36.420 [main] TRACE - Resolving type for handle ctcell842btype
18:31:36.427 [main] TRACE - Resolving type for handle stcellrefe4e0type
18:31:36.436 [main] TRACE - Resolving type for handle ctcols627ctype
18:31:36.441 [main] TRACE - Resolving type for handle ctcola95ftype
18:31:36.544 [main] TRACE - Resolving type for handle ctdefinednamesce48type
18:31:36.550 [main] TRACE - Resolving type for handle ctbookviewsb864type
18:31:36.553 [main] TRACE - Resolving type for handle ctbookviewf677type
18:31:36.562 [main] TRACE - Resolving type for handle stcelltypebf95type
18:31:36.567 [main] TRACE - Resolving type for handle stxstringf179type
18:31:39.708 [main] DEBUG - Parsing relationship: /xl/_rels/workbook.xml.rels
18:31:39.711 [main] DEBUG - Parsing relationship: /xl/worksheets/_rels/sheet1.xml.rels
18:31:39.712 [main] DEBUG - Parsing relationship: /xl/worksheets/_rels/sheet2.xml.rels
18:31:39.713 [main] DEBUG - Parsing relationship: /_rels/.rels
19:07:50.798 [main] INFO  - Goto my Merx Application-->Click on Login.. 
19:07:50.820 [main] INFO  - Entering email and password.. 
19:07:54.134 [main] INFO  - clicked on Sign in button...
19:07:57.611 [main] INFO  - Goto my Merx Application-->Click on Login.. 
19:08:01.888 [main] DEBUG - Parsing relationship: /xl/_rels/workbook.xml.rels
19:08:01.895 [main] DEBUG - Parsing relationship: /xl/worksheets/_rels/sheet1.xml.rels
19:08:01.897 [main] DEBUG - Parsing relationship: /xl/worksheets/_rels/sheet2.xml.rels
19:08:01.899 [main] DEBUG - Parsing relationship: /_rels/.rels
19:08:02.067 [main] TRACE - Loading type system org.apache.poi.schemas.ooxml.system.ooxml
19:08:02.070 [main] TRACE - Loading type system org.apache.xmlbeans.metadata.system.sXMLCONFIG
19:08:02.071 [main] TRACE - Loading type system org.apache.xmlbeans.metadata.system.sXMLLANG
19:08:02.071 [main] TRACE - Loading type system org.apache.xmlbeans.metadata.system.sXMLSCHEMA
19:08:02.072 [main] TRACE - Loading type system org.apache.xmlbeans.metadata.system.sXMLTOOLS
19:08:02.074 [main] TRACE - Reading unresolved handles for type system org.apache.xmlbeans.metadata.system.sXMLTOOLS
19:08:02.084 [main] TRACE - Finished loading type system org.apache.xmlbeans.metadata.system.sXMLTOOLS
19:08:02.086 [main] TRACE - Reading unresolved handles for type system org.apache.xmlbeans.metadata.system.sXMLSCHEMA
19:08:02.091 [main] TRACE - Finished loading type system org.apache.xmlbeans.metadata.system.sXMLSCHEMA
19:08:02.092 [main] TRACE - Reading unresolved handles for type system org.apache.xmlbeans.metadata.system.sXMLLANG
19:08:02.093 [main] TRACE - Finished loading type system org.apache.xmlbeans.metadata.system.sXMLLANG
19:08:02.094 [main] TRACE - Reading unresolved handles for type system org.apache.xmlbeans.metadata.system.sXMLCONFIG
19:08:02.095 [main] TRACE - Finished loading type system org.apache.xmlbeans.metadata.system.sXMLCONFIG
19:08:02.096 [main] TRACE - Reading unresolved handles for type system org.apache.poi.schemas.ooxml.system.ooxml
19:08:02.154 [main] TRACE - Finished loading type system org.apache.poi.schemas.ooxml.system.ooxml
19:08:02.154 [main] TRACE - Resolving type for handle themefd26doctype
19:08:02.213 [main] TRACE - Resolving type for handle stylesheet5d8bdoctype
19:08:02.220 [main] TRACE - Resolving type for handle ctstylesheet4257type
19:08:02.226 [main] TRACE - Resolving type for handle ctfonts6623type
19:08:02.231 [main] TRACE - Resolving type for handle ctfont14d8type
19:08:02.238 [main] TRACE - Resolving type for handle ctfills2c6ftype
19:08:02.240 [main] TRACE - Resolving type for handle ctfill550ctype
19:08:02.242 [main] TRACE - Resolving type for handle ctborders0d66type
19:08:02.246 [main] TRACE - Resolving type for handle ctborderf935type
19:08:02.252 [main] TRACE - Resolving type for handle ctcellxfs1322type
19:08:02.256 [main] TRACE - Resolving type for handle ctxf97f7type
19:08:02.261 [main] TRACE - Resolving type for handle ctcellstylexfsa81ftype
19:08:02.264 [main] TRACE - Resolving type for handle ctdxfsb26atype
19:08:02.266 [main] TRACE - Resolving type for handle sstf81fdoctype
19:08:02.271 [main] TRACE - Resolving type for handle ctsst44f3type
19:08:02.281 [main] TRACE - Resolving type for handle ctrsta472type
19:08:02.315 [main] TRACE - Resolving type for handle ctdrawing2748type
19:08:02.330 [main] TRACE - Resolving type for handle workbookec17doctype
19:08:02.339 [main] TRACE - Resolving type for handle ctworkbook83c3type
19:08:02.348 [main] TRACE - Resolving type for handle ctsheets49fdtype
19:08:02.354 [main] TRACE - Resolving type for handle ctsheet4dbetype
19:08:02.358 [main] TRACE - Resolving type for handle strelationshipid1e94type
19:08:02.363 [main] TRACE - Resolving type for handle worksheetf539doctype
19:08:02.372 [main] TRACE - Resolving type for handle ctworksheet530dtype
19:08:02.387 [main] TRACE - Resolving type for handle ctsheetdata8408type
19:08:02.389 [main] TRACE - Resolving type for handle ctrowdd39type
19:08:02.394 [main] TRACE - Resolving type for handle ctcell842btype
19:08:02.399 [main] TRACE - Resolving type for handle stcellrefe4e0type
19:08:02.410 [main] TRACE - Resolving type for handle ctcols627ctype
19:08:02.419 [main] TRACE - Resolving type for handle ctcola95ftype
19:08:02.534 [main] TRACE - Resolving type for handle ctdefinednamesce48type
19:08:02.539 [main] TRACE - Resolving type for handle ctbookviewsb864type
19:08:02.542 [main] TRACE - Resolving type for handle ctbookviewf677type
19:08:02.550 [main] TRACE - Resolving type for handle stcelltypebf95type
19:08:02.554 [main] TRACE - Resolving type for handle stxstringf179type
19:10:29.024 [main] INFO  - Goto my Merx Application-->Click on Login.. 
19:10:29.052 [main] INFO  - Entering email and password.. 
19:10:32.389 [main] INFO  - clicked on Sign in button...
19:10:35.848 [main] INFO  - Goto my Merx Application-->Click on Login.. 
19:10:40.154 [main] DEBUG - Parsing relationship: /xl/_rels/workbook.xml.rels
19:10:40.156 [main] DEBUG - Parsing relationship: /xl/worksheets/_rels/sheet1.xml.rels
19:10:40.157 [main] DEBUG - Parsing relationship: /xl/worksheets/_rels/sheet2.xml.rels
19:10:40.158 [main] DEBUG - Parsing relationship: /_rels/.rels
19:10:40.331 [main] TRACE - Loading type system org.apache.poi.schemas.ooxml.system.ooxml
19:10:40.334 [main] TRACE - Loading type system org.apache.xmlbeans.metadata.system.sXMLCONFIG
19:10:40.335 [main] TRACE - Loading type system org.apache.xmlbeans.metadata.system.sXMLLANG
19:10:40.336 [main] TRACE - Loading type system org.apache.xmlbeans.metadata.system.sXMLSCHEMA
19:10:40.336 [main] TRACE - Loading type system org.apache.xmlbeans.metadata.system.sXMLTOOLS
19:10:40.338 [main] TRACE - Reading unresolved handles for type system org.apache.xmlbeans.metadata.system.sXMLTOOLS
19:10:40.349 [main] TRACE - Finished loading type system org.apache.xmlbeans.metadata.system.sXMLTOOLS
19:10:40.350 [main] TRACE - Reading unresolved handles for type system org.apache.xmlbeans.metadata.system.sXMLSCHEMA
19:10:40.355 [main] TRACE - Finished loading type system org.apache.xmlbeans.metadata.system.sXMLSCHEMA
19:10:40.356 [main] TRACE - Reading unresolved handles for type system org.apache.xmlbeans.metadata.system.sXMLLANG
19:10:40.357 [main] TRACE - Finished loading type system org.apache.xmlbeans.metadata.system.sXMLLANG
19:10:40.359 [main] TRACE - Reading unresolved handles for type system org.apache.xmlbeans.metadata.system.sXMLCONFIG
19:10:40.362 [main] TRACE - Finished loading type system org.apache.xmlbeans.metadata.system.sXMLCONFIG
19:10:40.364 [main] TRACE - Reading unresolved handles for type system org.apache.poi.schemas.ooxml.system.ooxml
19:10:40.450 [main] TRACE - Finished loading type system org.apache.poi.schemas.ooxml.system.ooxml
19:10:40.450 [main] TRACE - Resolving type for handle themefd26doctype
19:10:40.525 [main] TRACE - Resolving type for handle stylesheet5d8bdoctype
19:10:40.531 [main] TRACE - Resolving type for handle ctstylesheet4257type
19:10:40.536 [main] TRACE - Resolving type for handle ctfonts6623type
19:10:40.541 [main] TRACE - Resolving type for handle ctfont14d8type
19:10:40.551 [main] TRACE - Resolving type for handle ctfills2c6ftype
19:10:40.552 [main] TRACE - Resolving type for handle ctfill550ctype
19:10:40.555 [main] TRACE - Resolving type for handle ctborders0d66type
19:10:40.560 [main] TRACE - Resolving type for handle ctborderf935type
19:10:40.566 [main] TRACE - Resolving type for handle ctcellxfs1322type
19:10:40.570 [main] TRACE - Resolving type for handle ctxf97f7type
19:10:40.575 [main] TRACE - Resolving type for handle ctcellstylexfsa81ftype
19:10:40.579 [main] TRACE - Resolving type for handle ctdxfsb26atype
19:10:40.585 [main] TRACE - Resolving type for handle sstf81fdoctype
19:10:40.590 [main] TRACE - Resolving type for handle ctsst44f3type
19:10:40.604 [main] TRACE - Resolving type for handle ctrsta472type
19:10:40.642 [main] TRACE - Resolving type for handle ctdrawing2748type
19:10:40.659 [main] TRACE - Resolving type for handle workbookec17doctype
19:10:40.665 [main] TRACE - Resolving type for handle ctworkbook83c3type
19:10:40.673 [main] TRACE - Resolving type for handle ctsheets49fdtype
19:10:40.676 [main] TRACE - Resolving type for handle ctsheet4dbetype
19:10:40.680 [main] TRACE - Resolving type for handle strelationshipid1e94type
19:10:40.686 [main] TRACE - Resolving type for handle worksheetf539doctype
19:10:40.694 [main] TRACE - Resolving type for handle ctworksheet530dtype
19:10:40.706 [main] TRACE - Resolving type for handle ctsheetdata8408type
19:10:40.708 [main] TRACE - Resolving type for handle ctrowdd39type
19:10:40.714 [main] TRACE - Resolving type for handle ctcell842btype
19:10:40.720 [main] TRACE - Resolving type for handle stcellrefe4e0type
19:10:40.728 [main] TRACE - Resolving type for handle ctcols627ctype
19:10:40.735 [main] TRACE - Resolving type for handle ctcola95ftype
19:10:40.824 [main] TRACE - Resolving type for handle ctdefinednamesce48type
19:10:40.831 [main] TRACE - Resolving type for handle ctbookviewsb864type
19:10:40.833 [main] TRACE - Resolving type for handle ctbookviewf677type
19:10:40.837 [main] TRACE - Resolving type for handle stcelltypebf95type
19:10:40.840 [main] TRACE - Resolving type for handle stxstringf179type
22:33:32.259 [main] INFO  - Goto my Merx Application-->Click on Login.. 
22:33:32.281 [main] INFO  - Entering email and password.. 
22:33:35.605 [main] INFO  - clicked on Sign in button...
22:33:39.023 [main] INFO  - Goto my Merx Application-->Click on Login.. 
22:33:43.325 [main] DEBUG - Parsing relationship: /xl/_rels/workbook.xml.rels
22:33:43.332 [main] DEBUG - Parsing relationship: /xl/worksheets/_rels/sheet1.xml.rels
22:33:43.334 [main] DEBUG - Parsing relationship: /xl/worksheets/_rels/sheet2.xml.rels
22:33:43.336 [main] DEBUG - Parsing relationship: /_rels/.rels
22:33:43.631 [main] TRACE - Loading type system org.apache.poi.schemas.ooxml.system.ooxml
22:33:43.639 [main] TRACE - Loading type system org.apache.xmlbeans.metadata.system.sXMLCONFIG
22:33:43.640 [main] TRACE - Loading type system org.apache.xmlbeans.metadata.system.sXMLLANG
22:33:43.641 [main] TRACE - Loading type system org.apache.xmlbeans.metadata.system.sXMLSCHEMA
22:33:43.642 [main] TRACE - Loading type system org.apache.xmlbeans.metadata.system.sXMLTOOLS
22:33:43.644 [main] TRACE - Reading unresolved handles for type system org.apache.xmlbeans.metadata.system.sXMLTOOLS
22:33:43.672 [main] TRACE - Finished loading type system org.apache.xmlbeans.metadata.system.sXMLTOOLS
22:33:43.674 [main] TRACE - Reading unresolved handles for type system org.apache.xmlbeans.metadata.system.sXMLSCHEMA
22:33:43.682 [main] TRACE - Finished loading type system org.apache.xmlbeans.metadata.system.sXMLSCHEMA
22:33:43.684 [main] TRACE - Reading unresolved handles for type system org.apache.xmlbeans.metadata.system.sXMLLANG
22:33:43.685 [main] TRACE - Finished loading type system org.apache.xmlbeans.metadata.system.sXMLLANG
22:33:43.686 [main] TRACE - Reading unresolved handles for type system org.apache.xmlbeans.metadata.system.sXMLCONFIG
22:33:43.686 [main] TRACE - Finished loading type system org.apache.xmlbeans.metadata.system.sXMLCONFIG
22:33:43.688 [main] TRACE - Reading unresolved handles for type system org.apache.poi.schemas.ooxml.system.ooxml
22:33:43.755 [main] TRACE - Finished loading type system org.apache.poi.schemas.ooxml.system.ooxml
22:33:43.756 [main] TRACE - Resolving type for handle themefd26doctype
22:33:43.833 [main] TRACE - Resolving type for handle stylesheet5d8bdoctype
22:33:43.842 [main] TRACE - Resolving type for handle ctstylesheet4257type
22:33:43.847 [main] TRACE - Resolving type for handle ctfonts6623type
22:33:43.851 [main] TRACE - Resolving type for handle ctfont14d8type
22:33:43.862 [main] TRACE - Resolving type for handle ctfills2c6ftype
22:33:43.866 [main] TRACE - Resolving type for handle ctfill550ctype
22:33:43.869 [main] TRACE - Resolving type for handle ctborders0d66type
22:33:43.873 [main] TRACE - Resolving type for handle ctborderf935type
22:33:43.878 [main] TRACE - Resolving type for handle ctcellxfs1322type
22:33:43.882 [main] TRACE - Resolving type for handle ctxf97f7type
22:33:43.885 [main] TRACE - Resolving type for handle ctcellstylexfsa81ftype
22:33:43.888 [main] TRACE - Resolving type for handle ctdxfsb26atype
22:33:43.891 [main] TRACE - Resolving type for handle sstf81fdoctype
22:33:43.897 [main] TRACE - Resolving type for handle ctsst44f3type
22:33:43.907 [main] TRACE - Resolving type for handle ctrsta472type
22:33:43.930 [main] TRACE - Resolving type for handle ctdrawing2748type
22:33:43.940 [main] TRACE - Resolving type for handle workbookec17doctype
22:33:43.945 [main] TRACE - Resolving type for handle ctworkbook83c3type
22:33:43.953 [main] TRACE - Resolving type for handle ctsheets49fdtype
22:33:43.958 [main] TRACE - Resolving type for handle ctsheet4dbetype
22:33:43.962 [main] TRACE - Resolving type for handle strelationshipid1e94type
22:33:43.968 [main] TRACE - Resolving type for handle worksheetf539doctype
22:33:43.974 [main] TRACE - Resolving type for handle ctworksheet530dtype
22:33:43.983 [main] TRACE - Resolving type for handle ctsheetdata8408type
22:33:43.993 [main] TRACE - Resolving type for handle ctrowdd39type
22:33:44.001 [main] TRACE - Resolving type for handle ctcell842btype
22:33:44.011 [main] TRACE - Resolving type for handle stcellrefe4e0type
22:33:44.020 [main] TRACE - Resolving type for handle ctcols627ctype
22:33:44.035 [main] TRACE - Resolving type for handle ctcola95ftype
22:33:44.161 [main] TRACE - Resolving type for handle ctdefinednamesce48type
22:33:44.168 [main] TRACE - Resolving type for handle ctbookviewsb864type
22:33:44.170 [main] TRACE - Resolving type for handle ctbookviewf677type
22:33:44.179 [main] TRACE - Resolving type for handle stcelltypebf95type
22:33:44.183 [main] TRACE - Resolving type for handle stxstringf179type
22:33:46.524 [main] DEBUG - Parsing relationship: /xl/_rels/workbook.xml.rels
22:33:46.525 [main] DEBUG - Parsing relationship: /xl/worksheets/_rels/sheet1.xml.rels
22:33:46.526 [main] DEBUG - Parsing relationship: /xl/worksheets/_rels/sheet2.xml.rels
22:33:46.526 [main] DEBUG - Parsing relationship: /_rels/.rels
22:35:33.872 [main] INFO  - Goto my Merx Application-->Click on Login.. 
22:35:33.900 [main] INFO  - Entering email and password.. 
22:35:37.229 [main] INFO  - clicked on Sign in button...
22:35:40.367 [main] INFO  - Goto my Merx Application-->Click on Login.. 
22:35:51.584 [main] DEBUG - Parsing relationship: /xl/_rels/workbook.xml.rels
22:35:51.586 [main] DEBUG - Parsing relationship: /xl/worksheets/_rels/sheet1.xml.rels
22:35:51.586 [main] DEBUG - Parsing relationship: /xl/worksheets/_rels/sheet2.xml.rels
22:35:51.587 [main] DEBUG - Parsing relationship: /_rels/.rels
22:35:51.732 [main] TRACE - Loading type system org.apache.poi.schemas.ooxml.system.ooxml
22:35:51.735 [main] TRACE - Loading type system org.apache.xmlbeans.metadata.system.sXMLCONFIG
22:35:51.735 [main] TRACE - Loading type system org.apache.xmlbeans.metadata.system.sXMLLANG
22:35:51.735 [main] TRACE - Loading type system org.apache.xmlbeans.metadata.system.sXMLSCHEMA
22:35:51.736 [main] TRACE - Loading type system org.apache.xmlbeans.metadata.system.sXMLTOOLS
22:35:51.737 [main] TRACE - Reading unresolved handles for type system org.apache.xmlbeans.metadata.system.sXMLTOOLS
22:35:51.753 [main] TRACE - Finished loading type system org.apache.xmlbeans.metadata.system.sXMLTOOLS
22:35:51.755 [main] TRACE - Reading unresolved handles for type system org.apache.xmlbeans.metadata.system.sXMLSCHEMA
22:35:51.758 [main] TRACE - Finished loading type system org.apache.xmlbeans.metadata.system.sXMLSCHEMA
22:35:51.761 [main] TRACE - Reading unresolved handles for type system org.apache.xmlbeans.metadata.system.sXMLLANG
22:35:51.761 [main] TRACE - Finished loading type system org.apache.xmlbeans.metadata.system.sXMLLANG
22:35:51.764 [main] TRACE - Reading unresolved handles for type system org.apache.xmlbeans.metadata.system.sXMLCONFIG
22:35:51.764 [main] TRACE - Finished loading type system org.apache.xmlbeans.metadata.system.sXMLCONFIG
22:35:51.765 [main] TRACE - Reading unresolved handles for type system org.apache.poi.schemas.ooxml.system.ooxml
22:35:51.808 [main] TRACE - Finished loading type system org.apache.poi.schemas.ooxml.system.ooxml
22:35:51.808 [main] TRACE - Resolving type for handle themefd26doctype
22:35:51.846 [main] TRACE - Resolving type for handle stylesheet5d8bdoctype
22:35:51.849 [main] TRACE - Resolving type for handle ctstylesheet4257type
22:35:51.852 [main] TRACE - Resolving type for handle ctfonts6623type
22:35:51.854 [main] TRACE - Resolving type for handle ctfont14d8type
22:35:51.857 [main] TRACE - Resolving type for handle ctfills2c6ftype
22:35:51.858 [main] TRACE - Resolving type for handle ctfill550ctype
22:35:51.860 [main] TRACE - Resolving type for handle ctborders0d66type
22:35:51.861 [main] TRACE - Resolving type for handle ctborderf935type
22:35:51.863 [main] TRACE - Resolving type for handle ctcellxfs1322type
22:35:51.865 [main] TRACE - Resolving type for handle ctxf97f7type
22:35:51.867 [main] TRACE - Resolving type for handle ctcellstylexfsa81ftype
22:35:51.869 [main] TRACE - Resolving type for handle ctdxfsb26atype
22:35:51.870 [main] TRACE - Resolving type for handle sstf81fdoctype
22:35:51.873 [main] TRACE - Resolving type for handle ctsst44f3type
22:35:51.879 [main] TRACE - Resolving type for handle ctrsta472type
22:35:51.894 [main] TRACE - Resolving type for handle ctdrawing2748type
22:35:51.900 [main] TRACE - Resolving type for handle workbookec17doctype
22:35:51.903 [main] TRACE - Resolving type for handle ctworkbook83c3type
22:35:51.906 [main] TRACE - Resolving type for handle ctsheets49fdtype
22:35:51.908 [main] TRACE - Resolving type for handle ctsheet4dbetype
22:35:51.909 [main] TRACE - Resolving type for handle strelationshipid1e94type
22:35:51.913 [main] TRACE - Resolving type for handle worksheetf539doctype
22:35:51.919 [main] TRACE - Resolving type for handle ctworksheet530dtype
22:35:51.924 [main] TRACE - Resolving type for handle ctsheetdata8408type
22:35:51.927 [main] TRACE - Resolving type for handle ctrowdd39type
22:35:51.932 [main] TRACE - Resolving type for handle ctcell842btype
22:35:51.937 [main] TRACE - Resolving type for handle stcellrefe4e0type
22:35:51.943 [main] TRACE - Resolving type for handle ctcols627ctype
22:35:51.947 [main] TRACE - Resolving type for handle ctcola95ftype
22:35:51.998 [main] TRACE - Resolving type for handle ctdefinednamesce48type
22:35:52.001 [main] TRACE - Resolving type for handle ctbookviewsb864type
22:35:52.002 [main] TRACE - Resolving type for handle ctbookviewf677type
22:35:52.005 [main] TRACE - Resolving type for handle stcelltypebf95type
22:35:52.008 [main] TRACE - Resolving type for handle stxstringf179type
22:36:01.983 [main] DEBUG - Parsing relationship: /xl/_rels/workbook.xml.rels
22:36:01.984 [main] DEBUG - Parsing relationship: /xl/worksheets/_rels/sheet1.xml.rels
22:36:01.985 [main] DEBUG - Parsing relationship: /xl/worksheets/_rels/sheet2.xml.rels
22:36:01.985 [main] DEBUG - Parsing relationship: /_rels/.rels
23:05:04.771 [main] INFO  - Goto my Merx Application-->Click on Login.. 
23:05:04.802 [main] INFO  - Entering email and password.. 
23:05:08.221 [main] INFO  - clicked on Sign in button...
23:05:10.343 [main] INFO  - Goto my Merx Application-->Click on Login.. 
23:05:14.720 [main] DEBUG - Parsing relationship: /xl/_rels/workbook.xml.rels
23:05:14.720 [main] DEBUG - Parsing relationship: /xl/worksheets/_rels/sheet1.xml.rels
23:05:14.735 [main] DEBUG - Parsing relationship: /xl/worksheets/_rels/sheet2.xml.rels
23:05:14.735 [main] DEBUG - Parsing relationship: /_rels/.rels
23:05:14.988 [main] TRACE - Loading type system org.apache.poi.schemas.ooxml.system.ooxml
23:05:14.988 [main] TRACE - Loading type system org.apache.xmlbeans.metadata.system.sXMLCONFIG
23:05:14.988 [main] TRACE - Loading type system org.apache.xmlbeans.metadata.system.sXMLLANG
23:05:14.988 [main] TRACE - Loading type system org.apache.xmlbeans.metadata.system.sXMLSCHEMA
23:05:14.988 [main] TRACE - Loading type system org.apache.xmlbeans.metadata.system.sXMLTOOLS
23:05:14.988 [main] TRACE - Reading unresolved handles for type system org.apache.xmlbeans.metadata.system.sXMLTOOLS
23:05:15.003 [main] TRACE - Finished loading type system org.apache.xmlbeans.metadata.system.sXMLTOOLS
23:05:15.003 [main] TRACE - Reading unresolved handles for type system org.apache.xmlbeans.metadata.system.sXMLSCHEMA
23:05:15.019 [main] TRACE - Finished loading type system org.apache.xmlbeans.metadata.system.sXMLSCHEMA
23:05:15.019 [main] TRACE - Reading unresolved handles for type system org.apache.xmlbeans.metadata.system.sXMLLANG
23:05:15.019 [main] TRACE - Finished loading type system org.apache.xmlbeans.metadata.system.sXMLLANG
23:05:15.019 [main] TRACE - Reading unresolved handles for type system org.apache.xmlbeans.metadata.system.sXMLCONFIG
23:05:15.019 [main] TRACE - Finished loading type system org.apache.xmlbeans.metadata.system.sXMLCONFIG
23:05:15.019 [main] TRACE - Reading unresolved handles for type system org.apache.poi.schemas.ooxml.system.ooxml
23:05:15.082 [main] TRACE - Finished loading type system org.apache.poi.schemas.ooxml.system.ooxml
23:05:15.082 [main] TRACE - Resolving type for handle themefd26doctype
23:05:15.145 [main] TRACE - Resolving type for handle stylesheet5d8bdoctype
23:05:15.160 [main] TRACE - Resolving type for handle ctstylesheet4257type
23:05:15.160 [main] TRACE - Resolving type for handle ctfonts6623type
23:05:15.160 [main] TRACE - Resolving type for handle ctfont14d8type
23:05:15.176 [main] TRACE - Resolving type for handle ctfills2c6ftype
23:05:15.176 [main] TRACE - Resolving type for handle ctfill550ctype
23:05:15.176 [main] TRACE - Resolving type for handle ctborders0d66type
23:05:15.176 [main] TRACE - Resolving type for handle ctborderf935type
23:05:15.176 [main] TRACE - Resolving type for handle ctcellxfs1322type
23:05:15.176 [main] TRACE - Resolving type for handle ctxf97f7type
23:05:15.192 [main] TRACE - Resolving type for handle ctcellstylexfsa81ftype
23:05:15.192 [main] TRACE - Resolving type for handle ctdxfsb26atype
23:05:15.192 [main] TRACE - Resolving type for handle sstf81fdoctype
23:05:15.192 [main] TRACE - Resolving type for handle ctsst44f3type
23:05:15.207 [main] TRACE - Resolving type for handle ctrsta472type
23:05:15.239 [main] TRACE - Resolving type for handle ctdrawing2748type
23:05:15.243 [main] TRACE - Resolving type for handle workbookec17doctype
23:05:15.255 [main] TRACE - Resolving type for handle ctworkbook83c3type
23:05:15.255 [main] TRACE - Resolving type for handle ctsheets49fdtype
23:05:15.255 [main] TRACE - Resolving type for handle ctsheet4dbetype
23:05:15.270 [main] TRACE - Resolving type for handle strelationshipid1e94type
23:05:15.270 [main] TRACE - Resolving type for handle worksheetf539doctype
23:05:15.270 [main] TRACE - Resolving type for handle ctworksheet530dtype
23:05:15.286 [main] TRACE - Resolving type for handle ctsheetdata8408type
23:05:15.286 [main] TRACE - Resolving type for handle ctrowdd39type
23:05:15.286 [main] TRACE - Resolving type for handle ctcell842btype
23:05:15.302 [main] TRACE - Resolving type for handle stcellrefe4e0type
23:05:15.302 [main] TRACE - Resolving type for handle ctcols627ctype
23:05:15.318 [main] TRACE - Resolving type for handle ctcola95ftype
23:05:15.428 [main] TRACE - Resolving type for handle ctdefinednamesce48type
23:05:15.428 [main] TRACE - Resolving type for handle ctbookviewsb864type
23:05:15.428 [main] TRACE - Resolving type for handle ctbookviewf677type
23:05:15.444 [main] TRACE - Resolving type for handle stcelltypebf95type
23:05:15.444 [main] TRACE - Resolving type for handle stxstringf179type
23:05:40.164 [main] DEBUG - Parsing relationship: /xl/_rels/workbook.xml.rels
23:05:40.165 [main] DEBUG - Parsing relationship: /xl/worksheets/_rels/sheet1.xml.rels
23:05:40.166 [main] DEBUG - Parsing relationship: /xl/worksheets/_rels/sheet2.xml.rels
23:05:40.167 [main] DEBUG - Parsing relationship: /_rels/.rels
23:16:34.694 [main] INFO  - Goto my Merx Application-->Click on Login.. 
23:16:34.711 [main] INFO  - Entering email and password.. 
23:16:38.001 [main] INFO  - clicked on Sign in button...
23:16:42.478 [main] INFO  - Goto my Merx Application-->Click on Login.. 
23:16:46.867 [main] DEBUG - Parsing relationship: /xl/_rels/workbook.xml.rels
23:16:46.867 [main] DEBUG - Parsing relationship: /xl/worksheets/_rels/sheet1.xml.rels
23:16:46.867 [main] DEBUG - Parsing relationship: /xl/worksheets/_rels/sheet2.xml.rels
23:16:46.867 [main] DEBUG - Parsing relationship: /_rels/.rels
23:16:47.165 [main] TRACE - Loading type system org.apache.poi.schemas.ooxml.system.ooxml
23:16:47.165 [main] TRACE - Loading type system org.apache.xmlbeans.metadata.system.sXMLCONFIG
23:16:47.165 [main] TRACE - Loading type system org.apache.xmlbeans.metadata.system.sXMLLANG
23:16:47.165 [main] TRACE - Loading type system org.apache.xmlbeans.metadata.system.sXMLSCHEMA
23:16:47.165 [main] TRACE - Loading type system org.apache.xmlbeans.metadata.system.sXMLTOOLS
23:16:47.181 [main] TRACE - Reading unresolved handles for type system org.apache.xmlbeans.metadata.system.sXMLTOOLS
23:16:47.212 [main] TRACE - Finished loading type system org.apache.xmlbeans.metadata.system.sXMLTOOLS
23:16:47.212 [main] TRACE - Reading unresolved handles for type system org.apache.xmlbeans.metadata.system.sXMLSCHEMA
23:16:47.233 [main] TRACE - Finished loading type system org.apache.xmlbeans.metadata.system.sXMLSCHEMA
23:16:47.233 [main] TRACE - Reading unresolved handles for type system org.apache.xmlbeans.metadata.system.sXMLLANG
23:16:47.233 [main] TRACE - Finished loading type system org.apache.xmlbeans.metadata.system.sXMLLANG
23:16:47.233 [main] TRACE - Reading unresolved handles for type system org.apache.xmlbeans.metadata.system.sXMLCONFIG
23:16:47.233 [main] TRACE - Finished loading type system org.apache.xmlbeans.metadata.system.sXMLCONFIG
23:16:47.233 [main] TRACE - Reading unresolved handles for type system org.apache.poi.schemas.ooxml.system.ooxml
23:16:47.292 [main] TRACE - Finished loading type system org.apache.poi.schemas.ooxml.system.ooxml
23:16:47.292 [main] TRACE - Resolving type for handle themefd26doctype
23:16:47.355 [main] TRACE - Resolving type for handle stylesheet5d8bdoctype
23:16:47.357 [main] TRACE - Resolving type for handle ctstylesheet4257type
23:16:47.357 [main] TRACE - Resolving type for handle ctfonts6623type
23:16:47.371 [main] TRACE - Resolving type for handle ctfont14d8type
23:16:47.371 [main] TRACE - Resolving type for handle ctfills2c6ftype
23:16:47.371 [main] TRACE - Resolving type for handle ctfill550ctype
23:16:47.371 [main] TRACE - Resolving type for handle ctborders0d66type
23:16:47.371 [main] TRACE - Resolving type for handle ctborderf935type
23:16:47.371 [main] TRACE - Resolving type for handle ctcellxfs1322type
23:16:47.386 [main] TRACE - Resolving type for handle ctxf97f7type
23:16:47.386 [main] TRACE - Resolving type for handle ctcellstylexfsa81ftype
23:16:47.386 [main] TRACE - Resolving type for handle ctdxfsb26atype
23:16:47.386 [main] TRACE - Resolving type for handle sstf81fdoctype
23:16:47.402 [main] TRACE - Resolving type for handle ctsst44f3type
23:16:47.402 [main] TRACE - Resolving type for handle ctrsta472type
23:16:47.418 [main] TRACE - Resolving type for handle ctdrawing2748type
23:16:47.433 [main] TRACE - Resolving type for handle workbookec17doctype
23:16:47.433 [main] TRACE - Resolving type for handle ctworkbook83c3type
23:16:47.449 [main] TRACE - Resolving type for handle ctsheets49fdtype
23:16:47.449 [main] TRACE - Resolving type for handle ctsheet4dbetype
23:16:47.455 [main] TRACE - Resolving type for handle strelationshipid1e94type
23:16:47.455 [main] TRACE - Resolving type for handle worksheetf539doctype
23:16:47.455 [main] TRACE - Resolving type for handle ctworksheet530dtype
23:16:47.465 [main] TRACE - Resolving type for handle ctsheetdata8408type
23:16:47.465 [main] TRACE - Resolving type for handle ctrowdd39type
23:16:47.481 [main] TRACE - Resolving type for handle ctcell842btype
23:16:47.481 [main] TRACE - Resolving type for handle stcellrefe4e0type
23:16:47.497 [main] TRACE - Resolving type for handle ctcols627ctype
23:16:47.513 [main] TRACE - Resolving type for handle ctcola95ftype
23:16:47.607 [main] TRACE - Resolving type for handle ctdefinednamesce48type
23:16:47.622 [main] TRACE - Resolving type for handle ctbookviewsb864type
23:16:47.622 [main] TRACE - Resolving type for handle ctbookviewf677type
23:16:47.622 [main] TRACE - Resolving type for handle stcelltypebf95type
23:16:47.638 [main] TRACE - Resolving type for handle stxstringf179type
23:16:49.725 [main] DEBUG - Parsing relationship: /xl/_rels/workbook.xml.rels
23:16:49.726 [main] DEBUG - Parsing relationship: /xl/worksheets/_rels/sheet1.xml.rels
23:16:49.727 [main] DEBUG - Parsing relationship: /xl/worksheets/_rels/sheet2.xml.rels
23:16:49.728 [main] DEBUG - Parsing relationship: /_rels/.rels
23:20:05.153 [main] INFO  - Goto my Merx Application-->Click on Login.. 
23:20:05.173 [main] INFO  - Entering email and password.. 
23:20:08.495 [main] INFO  - clicked on Sign in button...
23:20:11.958 [main] INFO  - Goto my Merx Application-->Click on Login.. 
23:20:16.283 [main] DEBUG - Parsing relationship: /xl/_rels/workbook.xml.rels
23:20:16.283 [main] DEBUG - Parsing relationship: /xl/worksheets/_rels/sheet1.xml.rels
23:20:16.283 [main] DEBUG - Parsing relationship: /xl/worksheets/_rels/sheet2.xml.rels
23:20:16.299 [main] DEBUG - Parsing relationship: /_rels/.rels
23:20:16.487 [main] TRACE - Loading type system org.apache.poi.schemas.ooxml.system.ooxml
23:20:16.487 [main] TRACE - Loading type system org.apache.xmlbeans.metadata.system.sXMLCONFIG
23:20:16.487 [main] TRACE - Loading type system org.apache.xmlbeans.metadata.system.sXMLLANG
23:20:16.487 [main] TRACE - Loading type system org.apache.xmlbeans.metadata.system.sXMLSCHEMA
23:20:16.487 [main] TRACE - Loading type system org.apache.xmlbeans.metadata.system.sXMLTOOLS
23:20:16.487 [main] TRACE - Reading unresolved handles for type system org.apache.xmlbeans.metadata.system.sXMLTOOLS
23:20:16.502 [main] TRACE - Finished loading type system org.apache.xmlbeans.metadata.system.sXMLTOOLS
23:20:16.502 [main] TRACE - Reading unresolved handles for type system org.apache.xmlbeans.metadata.system.sXMLSCHEMA
23:20:16.518 [main] TRACE - Finished loading type system org.apache.xmlbeans.metadata.system.sXMLSCHEMA
23:20:16.518 [main] TRACE - Reading unresolved handles for type system org.apache.xmlbeans.metadata.system.sXMLLANG
23:20:16.518 [main] TRACE - Finished loading type system org.apache.xmlbeans.metadata.system.sXMLLANG
23:20:16.518 [main] TRACE - Reading unresolved handles for type system org.apache.xmlbeans.metadata.system.sXMLCONFIG
23:20:16.518 [main] TRACE - Finished loading type system org.apache.xmlbeans.metadata.system.sXMLCONFIG
23:20:16.518 [main] TRACE - Reading unresolved handles for type system org.apache.poi.schemas.ooxml.system.ooxml
23:20:16.597 [main] TRACE - Finished loading type system org.apache.poi.schemas.ooxml.system.ooxml
23:20:16.597 [main] TRACE - Resolving type for handle themefd26doctype
23:20:16.672 [main] TRACE - Resolving type for handle stylesheet5d8bdoctype
23:20:16.675 [main] TRACE - Resolving type for handle ctstylesheet4257type
23:20:16.684 [main] TRACE - Resolving type for handle ctfonts6623type
23:20:16.687 [main] TRACE - Resolving type for handle ctfont14d8type
23:20:16.698 [main] TRACE - Resolving type for handle ctfills2c6ftype
23:20:16.698 [main] TRACE - Resolving type for handle ctfill550ctype
23:20:16.698 [main] TRACE - Resolving type for handle ctborders0d66type
23:20:16.706 [main] TRACE - Resolving type for handle ctborderf935type
23:20:16.708 [main] TRACE - Resolving type for handle ctcellxfs1322type
23:20:16.711 [main] TRACE - Resolving type for handle ctxf97f7type
23:20:16.715 [main] TRACE - Resolving type for handle ctcellstylexfsa81ftype
23:20:16.717 [main] TRACE - Resolving type for handle ctdxfsb26atype
23:20:16.720 [main] TRACE - Resolving type for handle sstf81fdoctype
23:20:16.723 [main] TRACE - Resolving type for handle ctsst44f3type
23:20:16.734 [main] TRACE - Resolving type for handle ctrsta472type
23:20:16.754 [main] TRACE - Resolving type for handle ctdrawing2748type
23:20:16.754 [main] TRACE - Resolving type for handle workbookec17doctype
23:20:16.769 [main] TRACE - Resolving type for handle ctworkbook83c3type
23:20:16.772 [main] TRACE - Resolving type for handle ctsheets49fdtype
23:20:16.772 [main] TRACE - Resolving type for handle ctsheet4dbetype
23:20:16.772 [main] TRACE - Resolving type for handle strelationshipid1e94type
23:20:16.772 [main] TRACE - Resolving type for handle worksheetf539doctype
23:20:16.785 [main] TRACE - Resolving type for handle ctworksheet530dtype
23:20:16.801 [main] TRACE - Resolving type for handle ctsheetdata8408type
23:20:16.801 [main] TRACE - Resolving type for handle ctrowdd39type
23:20:16.817 [main] TRACE - Resolving type for handle ctcell842btype
23:20:16.832 [main] TRACE - Resolving type for handle stcellrefe4e0type
23:20:16.848 [main] TRACE - Resolving type for handle ctcols627ctype
23:20:16.848 [main] TRACE - Resolving type for handle ctcola95ftype
23:20:16.958 [main] TRACE - Resolving type for handle ctdefinednamesce48type
23:20:16.975 [main] TRACE - Resolving type for handle ctbookviewsb864type
23:20:16.975 [main] TRACE - Resolving type for handle ctbookviewf677type
23:20:16.975 [main] TRACE - Resolving type for handle stcelltypebf95type
23:20:16.975 [main] TRACE - Resolving type for handle stxstringf179type
23:20:20.107 [main] DEBUG - Parsing relationship: /xl/_rels/workbook.xml.rels
23:20:20.108 [main] DEBUG - Parsing relationship: /xl/worksheets/_rels/sheet1.xml.rels
23:20:20.109 [main] DEBUG - Parsing relationship: /xl/worksheets/_rels/sheet2.xml.rels
23:20:20.110 [main] DEBUG - Parsing relationship: /_rels/.rels
10:32:21.522 [main] INFO  - Goto my Merx Application-->Click on Login.. 
10:32:21.545 [main] INFO  - Entering email and password.. 
10:32:24.831 [main] INFO  - clicked on Sign in button...
10:32:28.420 [main] INFO  - Goto my Merx Application-->Click on Login.. 
10:32:32.776 [main] DEBUG - Parsing relationship: /xl/_rels/workbook.xml.rels
10:32:32.778 [main] DEBUG - Parsing relationship: /xl/worksheets/_rels/sheet1.xml.rels
10:32:32.780 [main] DEBUG - Parsing relationship: /xl/worksheets/_rels/sheet2.xml.rels
10:32:32.781 [main] DEBUG - Parsing relationship: /_rels/.rels
10:32:33.048 [main] TRACE - Loading type system org.apache.poi.schemas.ooxml.system.ooxml
10:32:33.052 [main] TRACE - Loading type system org.apache.xmlbeans.metadata.system.sXMLCONFIG
10:32:33.052 [main] TRACE - Loading type system org.apache.xmlbeans.metadata.system.sXMLLANG
10:32:33.053 [main] TRACE - Loading type system org.apache.xmlbeans.metadata.system.sXMLSCHEMA
10:32:33.053 [main] TRACE - Loading type system org.apache.xmlbeans.metadata.system.sXMLTOOLS
10:32:33.054 [main] TRACE - Reading unresolved handles for type system org.apache.xmlbeans.metadata.system.sXMLTOOLS
10:32:33.070 [main] TRACE - Finished loading type system org.apache.xmlbeans.metadata.system.sXMLTOOLS
10:32:33.072 [main] TRACE - Reading unresolved handles for type system org.apache.xmlbeans.metadata.system.sXMLSCHEMA
10:32:33.080 [main] TRACE - Finished loading type system org.apache.xmlbeans.metadata.system.sXMLSCHEMA
10:32:33.082 [main] TRACE - Reading unresolved handles for type system org.apache.xmlbeans.metadata.system.sXMLLANG
10:32:33.083 [main] TRACE - Finished loading type system org.apache.xmlbeans.metadata.system.sXMLLANG
10:32:33.085 [main] TRACE - Reading unresolved handles for type system org.apache.xmlbeans.metadata.system.sXMLCONFIG
10:32:33.088 [main] TRACE - Finished loading type system org.apache.xmlbeans.metadata.system.sXMLCONFIG
10:32:33.089 [main] TRACE - Reading unresolved handles for type system org.apache.poi.schemas.ooxml.system.ooxml
10:32:33.164 [main] TRACE - Finished loading type system org.apache.poi.schemas.ooxml.system.ooxml
10:32:33.165 [main] TRACE - Resolving type for handle themefd26doctype
10:32:33.242 [main] TRACE - Resolving type for handle stylesheet5d8bdoctype
10:32:33.250 [main] TRACE - Resolving type for handle ctstylesheet4257type
10:32:33.256 [main] TRACE - Resolving type for handle ctfonts6623type
10:32:33.263 [main] TRACE - Resolving type for handle ctfont14d8type
10:32:33.273 [main] TRACE - Resolving type for handle ctfills2c6ftype
10:32:33.279 [main] TRACE - Resolving type for handle ctfill550ctype
10:32:33.284 [main] TRACE - Resolving type for handle ctborders0d66type
10:32:33.292 [main] TRACE - Resolving type for handle ctborderf935type
10:32:33.298 [main] TRACE - Resolving type for handle ctcellxfs1322type
10:32:33.304 [main] TRACE - Resolving type for handle ctxf97f7type
10:32:33.308 [main] TRACE - Resolving type for handle ctcellstylexfsa81ftype
10:32:33.313 [main] TRACE - Resolving type for handle ctdxfsb26atype
10:32:33.320 [main] TRACE - Resolving type for handle sstf81fdoctype
10:32:33.327 [main] TRACE - Resolving type for handle ctsst44f3type
10:32:33.347 [main] TRACE - Resolving type for handle ctrsta472type
10:32:33.378 [main] TRACE - Resolving type for handle ctdrawing2748type
10:32:33.389 [main] TRACE - Resolving type for handle workbookec17doctype
