10:09:59.119 [main] DEBUG - Parsing relationship: /xl/worksheets/_rels/sheet2.xml.rels
10:09:59.145 [main] DEBUG - Parsing relationship: /_rels/.rels
10:10:16.504 [main] INFO  - element is present
10:10:16.504 [main] INFO  - element exists
11:57:51.670 [main] INFO  - Goto my Merx Application-->Click on Login.
11:57:51.692 [main] INFO  - Entering email and password.. 
11:57:51.870 [main] INFO  - Entering user IDjohndoe@test.com
11:57:55.043 [main] INFO  - clicked on Sign in button...
11:58:03.220 [main] INFO  - The user has landing to the Merchandise page
11:58:13.424 [main] INFO  - Goto my Merx Application-->Click on Login.. 
11:58:13.997 [main] INFO  - element is present
11:58:14.396 [main] ERROR - SanityAutoTests15042024115813  is entered
11:58:14.396 [main] ERROR - SanityAutoTests15042024115813  is not entered
11:58:14.399 [main] INFO  - enter business name
11:58:14.555 [main] DEBUG - Parsing relationship: /xl/_rels/workbook.xml.rels
11:58:14.561 [main] DEBUG - Parsing relationship: /xl/worksheets/_rels/sheet1.xml.rels
11:58:14.564 [main] DEBUG - Parsing relationship: /xl/worksheets/_rels/sheet2.xml.rels
11:58:14.567 [main] DEBUG - Parsing relationship: /_rels/.rels
11:58:14.809 [main] TRACE - Loading type system org.apache.poi.schemas.ooxml.system.ooxml
11:58:14.812 [main] TRACE - Loading type system org.apache.xmlbeans.metadata.system.sXMLCONFIG
11:58:14.812 [main] TRACE - Loading type system org.apache.xmlbeans.metadata.system.sXMLLANG
11:58:14.813 [main] TRACE - Loading type system org.apache.xmlbeans.metadata.system.sXMLSCHEMA
11:58:14.813 [main] TRACE - Loading type system org.apache.xmlbeans.metadata.system.sXMLTOOLS
11:58:14.813 [main] TRACE - Reading unresolved handles for type system org.apache.xmlbeans.metadata.system.sXMLTOOLS
11:58:14.823 [main] TRACE - Finished loading type system org.apache.xmlbeans.metadata.system.sXMLTOOLS
11:58:14.825 [main] TRACE - Reading unresolved handles for type system org.apache.xmlbeans.metadata.system.sXMLSCHEMA
11:58:14.828 [main] TRACE - Finished loading type system org.apache.xmlbeans.metadata.system.sXMLSCHEMA
11:58:14.829 [main] TRACE - Reading unresolved handles for type system org.apache.xmlbeans.metadata.system.sXMLLANG
11:58:14.829 [main] TRACE - Finished loading type system org.apache.xmlbeans.metadata.system.sXMLLANG
11:58:14.830 [main] TRACE - Reading unresolved handles for type system org.apache.xmlbeans.metadata.system.sXMLCONFIG
11:58:14.830 [main] TRACE - Finished loading type system org.apache.xmlbeans.metadata.system.sXMLCONFIG
11:58:14.831 [main] TRACE - Reading unresolved handles for type system org.apache.poi.schemas.ooxml.system.ooxml
11:58:14.897 [main] TRACE - Finished loading type system org.apache.poi.schemas.ooxml.system.ooxml
11:58:14.898 [main] TRACE - Resolving type for handle themefd26doctype
11:58:14.956 [main] TRACE - Resolving type for handle stylesheet5d8bdoctype
11:58:14.968 [main] TRACE - Resolving type for handle ctstylesheet4257type
11:58:14.974 [main] TRACE - Resolving type for handle ctfonts6623type
11:58:14.978 [main] TRACE - Resolving type for handle ctfont14d8type
11:58:14.987 [main] TRACE - Resolving type for handle ctfills2c6ftype
11:58:14.990 [main] TRACE - Resolving type for handle ctfill550ctype
11:58:14.992 [main] TRACE - Resolving type for handle ctborders0d66type
11:58:14.993 [main] TRACE - Resolving type for handle ctborderf935type
11:58:14.998 [main] TRACE - Resolving type for handle ctcellxfs1322type
11:58:15.001 [main] TRACE - Resolving type for handle ctxf97f7type
11:58:15.005 [main] TRACE - Resolving type for handle ctcellstylexfsa81ftype
11:58:15.010 [main] TRACE - Resolving type for handle ctdxfsb26atype
11:58:15.017 [main] TRACE - Resolving type for handle sstf81fdoctype
11:58:15.021 [main] TRACE - Resolving type for handle ctsst44f3type
11:58:15.032 [main] TRACE - Resolving type for handle ctrsta472type
11:58:15.064 [main] TRACE - Resolving type for handle ctdrawing2748type
11:58:15.072 [main] TRACE - Resolving type for handle workbookec17doctype
11:58:15.078 [main] TRACE - Resolving type for handle ctworkbook83c3type
11:58:15.082 [main] TRACE - Resolving type for handle ctsheets49fdtype
11:58:15.084 [main] TRACE - Resolving type for handle ctsheet4dbetype
11:58:15.086 [main] TRACE - Resolving type for handle strelationshipid1e94type
11:58:15.088 [main] TRACE - Resolving type for handle worksheetf539doctype
11:58:15.093 [main] TRACE - Resolving type for handle ctworksheet530dtype
11:58:15.105 [main] TRACE - Resolving type for handle ctsheetdata8408type
11:58:15.110 [main] TRACE - Resolving type for handle ctrowdd39type
11:58:15.118 [main] TRACE - Resolving type for handle ctcell842btype
11:58:15.130 [main] TRACE - Resolving type for handle stcellrefe4e0type
11:58:15.144 [main] TRACE - Resolving type for handle ctcols627ctype
11:58:15.150 [main] TRACE - Resolving type for handle ctcola95ftype
11:58:15.242 [main] TRACE - Resolving type for handle ctdefinednamesce48type
11:58:15.248 [main] TRACE - Resolving type for handle ctbookviewsb864type
11:58:15.251 [main] TRACE - Resolving type for handle ctbookviewf677type
11:58:15.258 [main] TRACE - Resolving type for handle stcelltypebf95type
11:58:15.263 [main] TRACE - Resolving type for handle stxstringf179type
11:58:20.625 [main] DEBUG - Parsing relationship: /xl/_rels/workbook.xml.rels
11:58:20.625 [main] DEBUG - Parsing relationship: /xl/worksheets/_rels/sheet1.xml.rels
11:58:20.626 [main] DEBUG - Parsing relationship: /xl/worksheets/_rels/sheet2.xml.rels
11:58:20.626 [main] DEBUG - Parsing relationship: /_rels/.rels
11:58:38.803 [main] INFO  - Page has been focused on division page
11:58:39.073 [main] INFO  - Click on division Tab.
11:58:39.080 [main] DEBUG - Parsing relationship: /xl/_rels/workbook.xml.rels
11:58:39.081 [main] DEBUG - Parsing relationship: /xl/worksheets/_rels/sheet1.xml.rels
11:58:39.082 [main] DEBUG - Parsing relationship: /xl/worksheets/_rels/sheet2.xml.rels
11:58:39.083 [main] DEBUG - Parsing relationship: /_rels/.rels
11:58:47.759 [main] INFO  - element is present
11:58:48.170 [main] ERROR - SanityDivisionNameTests15042024115847  is entered
11:58:48.170 [main] ERROR - SanityDivisionNameTests15042024115847  is not entered
11:58:48.171 [main] INFO  - entered Diviion name
11:58:48.177 [main] DEBUG - Parsing relationship: /xl/_rels/workbook.xml.rels
11:58:48.178 [main] DEBUG - Parsing relationship: /xl/worksheets/_rels/sheet1.xml.rels
11:58:48.179 [main] DEBUG - Parsing relationship: /xl/worksheets/_rels/sheet2.xml.rels
11:58:48.180 [main] DEBUG - Parsing relationship: /_rels/.rels
11:58:49.459 [main] DEBUG - Parsing relationship: /xl/_rels/workbook.xml.rels
11:58:49.461 [main] DEBUG - Parsing relationship: /xl/worksheets/_rels/sheet1.xml.rels
11:58:49.463 [main] DEBUG - Parsing relationship: /xl/worksheets/_rels/sheet2.xml.rels
11:58:49.464 [main] DEBUG - Parsing relationship: /_rels/.rels
14:44:12.161 [main] INFO  - Goto my Merx Application-->Click on Login.
14:44:12.197 [main] INFO  - Entering email and password.. 
14:44:12.380 [main] INFO  - Entering user IDjohndoe@test.com
14:44:15.602 [main] INFO  - clicked on Sign in button...
14:44:21.603 [main] INFO  - The user has landing to the Merchandise page
14:44:31.781 [main] INFO  - Goto my Merx Application-->Click on Login.. 
14:44:32.316 [main] INFO  - element is present
14:44:32.730 [main] ERROR - SanityAutoTests15042024144431  is entered
14:44:32.730 [main] ERROR - SanityAutoTests15042024144431  is not entered
14:44:32.734 [main] INFO  - enter business name
14:44:32.903 [main] DEBUG - Parsing relationship: /xl/_rels/workbook.xml.rels
14:44:32.910 [main] DEBUG - Parsing relationship: /xl/worksheets/_rels/sheet1.xml.rels
14:44:32.912 [main] DEBUG - Parsing relationship: /xl/worksheets/_rels/sheet2.xml.rels
14:44:32.914 [main] DEBUG - Parsing relationship: /_rels/.rels
14:44:33.102 [main] TRACE - Loading type system org.apache.poi.schemas.ooxml.system.ooxml
14:44:33.105 [main] TRACE - Loading type system org.apache.xmlbeans.metadata.system.sXMLCONFIG
14:44:33.106 [main] TRACE - Loading type system org.apache.xmlbeans.metadata.system.sXMLLANG
14:44:33.107 [main] TRACE - Loading type system org.apache.xmlbeans.metadata.system.sXMLSCHEMA
14:44:33.107 [main] TRACE - Loading type system org.apache.xmlbeans.metadata.system.sXMLTOOLS
14:44:33.108 [main] TRACE - Reading unresolved handles for type system org.apache.xmlbeans.metadata.system.sXMLTOOLS
14:44:33.121 [main] TRACE - Finished loading type system org.apache.xmlbeans.metadata.system.sXMLTOOLS
14:44:33.122 [main] TRACE - Reading unresolved handles for type system org.apache.xmlbeans.metadata.system.sXMLSCHEMA
14:44:33.127 [main] TRACE - Finished loading type system org.apache.xmlbeans.metadata.system.sXMLSCHEMA
14:44:33.128 [main] TRACE - Reading unresolved handles for type system org.apache.xmlbeans.metadata.system.sXMLLANG
14:44:33.129 [main] TRACE - Finished loading type system org.apache.xmlbeans.metadata.system.sXMLLANG
14:44:33.130 [main] TRACE - Reading unresolved handles for type system org.apache.xmlbeans.metadata.system.sXMLCONFIG
14:44:33.132 [main] TRACE - Finished loading type system org.apache.xmlbeans.metadata.system.sXMLCONFIG
14:44:33.134 [main] TRACE - Reading unresolved handles for type system org.apache.poi.schemas.ooxml.system.ooxml
14:44:33.197 [main] TRACE - Finished loading type system org.apache.poi.schemas.ooxml.system.ooxml
14:44:33.198 [main] TRACE - Resolving type for handle themefd26doctype
14:44:33.263 [main] TRACE - Resolving type for handle stylesheet5d8bdoctype
14:44:33.271 [main] TRACE - Resolving type for handle ctstylesheet4257type
14:44:33.275 [main] TRACE - Resolving type for handle ctfonts6623type
14:44:33.279 [main] TRACE - Resolving type for handle ctfont14d8type
14:44:33.287 [main] TRACE - Resolving type for handle ctfills2c6ftype
14:44:33.291 [main] TRACE - Resolving type for handle ctfill550ctype
14:44:33.292 [main] TRACE - Resolving type for handle ctborders0d66type
14:44:33.294 [main] TRACE - Resolving type for handle ctborderf935type
14:44:33.297 [main] TRACE - Resolving type for handle ctcellxfs1322type
14:44:33.300 [main] TRACE - Resolving type for handle ctxf97f7type
14:44:33.303 [main] TRACE - Resolving type for handle ctcellstylexfsa81ftype
14:44:33.305 [main] TRACE - Resolving type for handle ctdxfsb26atype
14:44:33.306 [main] TRACE - Resolving type for handle sstf81fdoctype
14:44:33.310 [main] TRACE - Resolving type for handle ctsst44f3type
14:44:33.323 [main] TRACE - Resolving type for handle ctrsta472type
14:44:33.345 [main] TRACE - Resolving type for handle ctdrawing2748type
14:44:33.357 [main] TRACE - Resolving type for handle workbookec17doctype
14:44:33.361 [main] TRACE - Resolving type for handle ctworkbook83c3type
14:44:33.367 [main] TRACE - Resolving type for handle ctsheets49fdtype
14:44:33.368 [main] TRACE - Resolving type for handle ctsheet4dbetype
14:44:33.370 [main] TRACE - Resolving type for handle strelationshipid1e94type
14:44:33.372 [main] TRACE - Resolving type for handle worksheetf539doctype
14:44:33.381 [main] TRACE - Resolving type for handle ctworksheet530dtype
14:44:33.391 [main] TRACE - Resolving type for handle ctsheetdata8408type
14:44:33.393 [main] TRACE - Resolving type for handle ctrowdd39type
14:44:33.398 [main] TRACE - Resolving type for handle ctcell842btype
14:44:33.407 [main] TRACE - Resolving type for handle stcellrefe4e0type
14:44:33.422 [main] TRACE - Resolving type for handle ctcols627ctype
14:44:33.431 [main] TRACE - Resolving type for handle ctcola95ftype
14:44:33.525 [main] TRACE - Resolving type for handle ctdefinednamesce48type
14:44:33.528 [main] TRACE - Resolving type for handle ctbookviewsb864type
14:44:33.531 [main] TRACE - Resolving type for handle ctbookviewf677type
14:44:33.538 [main] TRACE - Resolving type for handle stcelltypebf95type
14:44:33.543 [main] TRACE - Resolving type for handle stxstringf179type
14:44:38.915 [main] DEBUG - Parsing relationship: /xl/_rels/workbook.xml.rels
14:44:38.916 [main] DEBUG - Parsing relationship: /xl/worksheets/_rels/sheet1.xml.rels
14:44:38.917 [main] DEBUG - Parsing relationship: /xl/worksheets/_rels/sheet2.xml.rels
14:44:38.918 [main] DEBUG - Parsing relationship: /_rels/.rels
14:44:57.210 [main] INFO  - Page has been focused on division page
14:44:57.480 [main] INFO  - Click on division Tab.
14:44:57.496 [main] DEBUG - Parsing relationship: /xl/_rels/workbook.xml.rels
14:44:57.497 [main] DEBUG - Parsing relationship: /xl/worksheets/_rels/sheet1.xml.rels
14:44:57.497 [main] DEBUG - Parsing relationship: /xl/worksheets/_rels/sheet2.xml.rels
14:44:57.499 [main] DEBUG - Parsing relationship: /_rels/.rels
15:27:51.369 [main] INFO  - Goto my Merx Application-->Click on Login.
15:27:51.400 [main] INFO  - Entering email and password.. 
15:27:51.617 [main] INFO  - Entering user IDjohndoe@test.com
15:27:54.821 [main] INFO  - clicked on Sign in button...
15:30:14.294 [main] INFO  - Goto my Merx Application-->Click on Login.
15:30:14.333 [main] INFO  - Entering email and password.. 
15:30:14.610 [main] INFO  - Entering user IDjohndoe@test.com
15:30:17.973 [main] INFO  - clicked on Sign in button...
15:30:25.035 [main] INFO  - The user has landing to the Merchandise page
15:30:36.215 [main] INFO  - Click on group Tab.
15:30:36.375 [main] DEBUG - Parsing relationship: /xl/_rels/workbook.xml.rels
15:30:36.379 [main] DEBUG - Parsing relationship: /xl/worksheets/_rels/sheet1.xml.rels
15:30:36.380 [main] DEBUG - Parsing relationship: /xl/worksheets/_rels/sheet2.xml.rels
15:30:36.382 [main] DEBUG - Parsing relationship: /_rels/.rels
15:30:36.601 [main] TRACE - Loading type system org.apache.poi.schemas.ooxml.system.ooxml
15:30:36.605 [main] TRACE - Loading type system org.apache.xmlbeans.metadata.system.sXMLCONFIG
15:30:36.607 [main] TRACE - Loading type system org.apache.xmlbeans.metadata.system.sXMLLANG
15:30:36.607 [main] TRACE - Loading type system org.apache.xmlbeans.metadata.system.sXMLSCHEMA
15:30:36.608 [main] TRACE - Loading type system org.apache.xmlbeans.metadata.system.sXMLTOOLS
15:30:36.612 [main] TRACE - Reading unresolved handles for type system org.apache.xmlbeans.metadata.system.sXMLTOOLS
15:30:36.629 [main] TRACE - Finished loading type system org.apache.xmlbeans.metadata.system.sXMLTOOLS
15:30:36.630 [main] TRACE - Reading unresolved handles for type system org.apache.xmlbeans.metadata.system.sXMLSCHEMA
15:30:36.636 [main] TRACE - Finished loading type system org.apache.xmlbeans.metadata.system.sXMLSCHEMA
15:30:36.639 [main] TRACE - Reading unresolved handles for type system org.apache.xmlbeans.metadata.system.sXMLLANG
15:30:36.640 [main] TRACE - Finished loading type system org.apache.xmlbeans.metadata.system.sXMLLANG
15:30:36.641 [main] TRACE - Reading unresolved handles for type system org.apache.xmlbeans.metadata.system.sXMLCONFIG
15:30:36.642 [main] TRACE - Finished loading type system org.apache.xmlbeans.metadata.system.sXMLCONFIG
15:30:36.644 [main] TRACE - Reading unresolved handles for type system org.apache.poi.schemas.ooxml.system.ooxml
15:30:36.713 [main] TRACE - Finished loading type system org.apache.poi.schemas.ooxml.system.ooxml
15:30:36.714 [main] TRACE - Resolving type for handle themefd26doctype
15:30:36.773 [main] TRACE - Resolving type for handle stylesheet5d8bdoctype
15:30:36.782 [main] TRACE - Resolving type for handle ctstylesheet4257type
15:30:36.789 [main] TRACE - Resolving type for handle ctfonts6623type
15:30:36.794 [main] TRACE - Resolving type for handle ctfont14d8type
15:30:36.802 [main] TRACE - Resolving type for handle ctfills2c6ftype
15:30:36.806 [main] TRACE - Resolving type for handle ctfill550ctype
15:30:36.808 [main] TRACE - Resolving type for handle ctborders0d66type
15:30:36.812 [main] TRACE - Resolving type for handle ctborderf935type
15:30:36.820 [main] TRACE - Resolving type for handle ctcellxfs1322type
15:30:36.823 [main] TRACE - Resolving type for handle ctxf97f7type
15:30:36.827 [main] TRACE - Resolving type for handle ctcellstylexfsa81ftype
15:30:36.832 [main] TRACE - Resolving type for handle ctdxfsb26atype
15:30:36.840 [main] TRACE - Resolving type for handle sstf81fdoctype
15:30:36.847 [main] TRACE - Resolving type for handle ctsst44f3type
15:30:36.859 [main] TRACE - Resolving type for handle ctrsta472type
15:30:36.896 [main] TRACE - Resolving type for handle ctdrawing2748type
15:30:36.905 [main] TRACE - Resolving type for handle workbookec17doctype
15:30:36.909 [main] TRACE - Resolving type for handle ctworkbook83c3type
15:30:36.914 [main] TRACE - Resolving type for handle ctsheets49fdtype
15:30:36.915 [main] TRACE - Resolving type for handle ctsheet4dbetype
15:30:36.917 [main] TRACE - Resolving type for handle strelationshipid1e94type
15:30:36.921 [main] TRACE - Resolving type for handle worksheetf539doctype
15:30:36.933 [main] TRACE - Resolving type for handle ctworksheet530dtype
15:30:36.942 [main] TRACE - Resolving type for handle ctsheetdata8408type
15:30:36.945 [main] TRACE - Resolving type for handle ctrowdd39type
15:30:36.953 [main] TRACE - Resolving type for handle ctcell842btype
15:30:36.962 [main] TRACE - Resolving type for handle stcellrefe4e0type
15:30:36.975 [main] TRACE - Resolving type for handle ctcols627ctype
15:30:36.981 [main] TRACE - Resolving type for handle ctcola95ftype
15:30:37.059 [main] TRACE - Resolving type for handle ctdefinednamesce48type
15:30:37.062 [main] TRACE - Resolving type for handle ctbookviewsb864type
15:30:37.064 [main] TRACE - Resolving type for handle ctbookviewf677type
15:30:37.067 [main] TRACE - Resolving type for handle stcelltypebf95type
15:30:37.071 [main] TRACE - Resolving type for handle stxstringf179type
15:30:52.262 [main] INFO  - element is present
15:30:52.598 [main] ERROR - SanityGroupName15042024153052  is entered
15:30:52.598 [main] ERROR - SanityGroupName15042024153052  is not entered
15:30:52.603 [main] INFO  - entered Group name
15:30:52.611 [main] DEBUG - Parsing relationship: /xl/_rels/workbook.xml.rels
15:30:52.612 [main] DEBUG - Parsing relationship: /xl/worksheets/_rels/sheet1.xml.rels
15:30:52.613 [main] DEBUG - Parsing relationship: /xl/worksheets/_rels/sheet2.xml.rels
15:30:52.613 [main] DEBUG - Parsing relationship: /_rels/.rels
15:30:58.063 [main] DEBUG - Parsing relationship: /xl/_rels/workbook.xml.rels
15:30:58.065 [main] DEBUG - Parsing relationship: /xl/worksheets/_rels/sheet1.xml.rels
15:30:58.067 [main] DEBUG - Parsing relationship: /xl/worksheets/_rels/sheet2.xml.rels
15:30:58.067 [main] DEBUG - Parsing relationship: /_rels/.rels
15:31:15.495 [main] INFO  - element is present
15:31:15.495 [main] INFO  - element exists
15:42:26.190 [main] INFO  - Goto my Merx Application-->Click on Login.
15:42:26.220 [main] INFO  - Entering email and password.. 
15:42:26.413 [main] INFO  - Entering user IDjohndoe@test.com
15:42:29.665 [main] INFO  - clicked on Sign in button...
15:42:37.377 [main] INFO  - The user has landing to the Merchandise page
15:42:47.393 [main] INFO  - Goto my Merx Application-->Click on Login.. 
15:42:58.481 [main] INFO  - element is present
15:42:58.842 [main] ERROR - SanityAutoTests15042024154258  is entered
15:42:58.842 [main] ERROR - SanityAutoTests15042024154258  is not entered
15:42:58.844 [main] INFO  - enter business name
15:42:58.979 [main] DEBUG - Parsing relationship: /xl/_rels/workbook.xml.rels
15:42:58.983 [main] DEBUG - Parsing relationship: /xl/worksheets/_rels/sheet1.xml.rels
15:42:58.986 [main] DEBUG - Parsing relationship: /xl/worksheets/_rels/sheet2.xml.rels
15:42:58.988 [main] DEBUG - Parsing relationship: /_rels/.rels
15:42:59.193 [main] TRACE - Loading type system org.apache.poi.schemas.ooxml.system.ooxml
15:42:59.195 [main] TRACE - Loading type system org.apache.xmlbeans.metadata.system.sXMLCONFIG
15:42:59.195 [main] TRACE - Loading type system org.apache.xmlbeans.metadata.system.sXMLLANG
15:42:59.196 [main] TRACE - Loading type system org.apache.xmlbeans.metadata.system.sXMLSCHEMA
15:42:59.196 [main] TRACE - Loading type system org.apache.xmlbeans.metadata.system.sXMLTOOLS
15:42:59.196 [main] TRACE - Reading unresolved handles for type system org.apache.xmlbeans.metadata.system.sXMLTOOLS
15:42:59.211 [main] TRACE - Finished loading type system org.apache.xmlbeans.metadata.system.sXMLTOOLS
15:42:59.212 [main] TRACE - Reading unresolved handles for type system org.apache.xmlbeans.metadata.system.sXMLSCHEMA
15:42:59.217 [main] TRACE - Finished loading type system org.apache.xmlbeans.metadata.system.sXMLSCHEMA
15:42:59.217 [main] TRACE - Reading unresolved handles for type system org.apache.xmlbeans.metadata.system.sXMLLANG
15:42:59.218 [main] TRACE - Finished loading type system org.apache.xmlbeans.metadata.system.sXMLLANG
15:42:59.219 [main] TRACE - Reading unresolved handles for type system org.apache.xmlbeans.metadata.system.sXMLCONFIG
15:42:59.221 [main] TRACE - Finished loading type system org.apache.xmlbeans.metadata.system.sXMLCONFIG
15:42:59.221 [main] TRACE - Reading unresolved handles for type system org.apache.poi.schemas.ooxml.system.ooxml
15:42:59.271 [main] TRACE - Finished loading type system org.apache.poi.schemas.ooxml.system.ooxml
15:42:59.272 [main] TRACE - Resolving type for handle themefd26doctype
15:42:59.345 [main] TRACE - Resolving type for handle stylesheet5d8bdoctype
15:42:59.349 [main] TRACE - Resolving type for handle ctstylesheet4257type
15:42:59.357 [main] TRACE - Resolving type for handle ctfonts6623type
15:42:59.364 [main] TRACE - Resolving type for handle ctfont14d8type
15:42:59.378 [main] TRACE - Resolving type for handle ctfills2c6ftype
15:42:59.383 [main] TRACE - Resolving type for handle ctfill550ctype
15:42:59.386 [main] TRACE - Resolving type for handle ctborders0d66type
15:42:59.392 [main] TRACE - Resolving type for handle ctborderf935type
15:42:59.399 [main] TRACE - Resolving type for handle ctcellxfs1322type
15:42:59.403 [main] TRACE - Resolving type for handle ctxf97f7type
15:42:59.411 [main] TRACE - Resolving type for handle ctcellstylexfsa81ftype
15:42:59.415 [main] TRACE - Resolving type for handle ctdxfsb26atype
15:42:59.421 [main] TRACE - Resolving type for handle sstf81fdoctype
15:42:59.430 [main] TRACE - Resolving type for handle ctsst44f3type
15:42:59.447 [main] TRACE - Resolving type for handle ctrsta472type
15:42:59.477 [main] TRACE - Resolving type for handle ctdrawing2748type
15:42:59.491 [main] TRACE - Resolving type for handle workbookec17doctype
15:42:59.500 [main] TRACE - Resolving type for handle ctworkbook83c3type
15:42:59.508 [main] TRACE - Resolving type for handle ctsheets49fdtype
15:42:59.512 [main] TRACE - Resolving type for handle ctsheet4dbetype
15:42:59.516 [main] TRACE - Resolving type for handle strelationshipid1e94type
15:42:59.518 [main] TRACE - Resolving type for handle worksheetf539doctype
15:42:59.533 [main] TRACE - Resolving type for handle ctworksheet530dtype
15:42:59.544 [main] TRACE - Resolving type for handle ctsheetdata8408type
15:42:59.548 [main] TRACE - Resolving type for handle ctrowdd39type
15:42:59.562 [main] TRACE - Resolving type for handle ctcell842btype
15:42:59.570 [main] TRACE - Resolving type for handle stcellrefe4e0type
15:42:59.588 [main] TRACE - Resolving type for handle ctcols627ctype
15:42:59.599 [main] TRACE - Resolving type for handle ctcola95ftype
15:42:59.706 [main] TRACE - Resolving type for handle ctdefinednamesce48type
15:42:59.710 [main] TRACE - Resolving type for handle ctbookviewsb864type
15:42:59.713 [main] TRACE - Resolving type for handle ctbookviewf677type
15:42:59.720 [main] TRACE - Resolving type for handle stcelltypebf95type
15:42:59.727 [main] TRACE - Resolving type for handle stxstringf179type
15:43:05.113 [main] DEBUG - Parsing relationship: /xl/_rels/workbook.xml.rels
15:43:05.117 [main] DEBUG - Parsing relationship: /xl/worksheets/_rels/sheet1.xml.rels
15:43:05.119 [main] DEBUG - Parsing relationship: /xl/worksheets/_rels/sheet2.xml.rels
15:43:05.121 [main] DEBUG - Parsing relationship: /_rels/.rels
15:43:23.236 [main] INFO  - Page has been focused on division page
15:44:58.897 [main] INFO  - Goto my Merx Application-->Click on Login.
15:44:58.931 [main] INFO  - Entering email and password.. 
15:44:59.149 [main] INFO  - Entering user IDjohndoe@test.com
15:45:02.362 [main] INFO  - clicked on Sign in button...
15:45:10.598 [main] INFO  - The user has landing to the Merchandise page
15:45:20.789 [main] INFO  - Goto my Merx Application-->Click on Login.. 
15:45:21.344 [main] INFO  - element is present
15:45:21.747 [main] ERROR - SanityAutoTests15042024154520  is entered
15:45:21.747 [main] ERROR - SanityAutoTests15042024154520  is not entered
15:45:21.751 [main] INFO  - enter business name
15:45:21.900 [main] DEBUG - Parsing relationship: /xl/_rels/workbook.xml.rels
15:45:21.907 [main] DEBUG - Parsing relationship: /xl/worksheets/_rels/sheet1.xml.rels
15:45:21.909 [main] DEBUG - Parsing relationship: /xl/worksheets/_rels/sheet2.xml.rels
15:45:21.912 [main] DEBUG - Parsing relationship: /_rels/.rels
15:45:22.089 [main] TRACE - Loading type system org.apache.poi.schemas.ooxml.system.ooxml
15:45:22.092 [main] TRACE - Loading type system org.apache.xmlbeans.metadata.system.sXMLCONFIG
15:45:22.092 [main] TRACE - Loading type system org.apache.xmlbeans.metadata.system.sXMLLANG
15:45:22.092 [main] TRACE - Loading type system org.apache.xmlbeans.metadata.system.sXMLSCHEMA
15:45:22.094 [main] TRACE - Loading type system org.apache.xmlbeans.metadata.system.sXMLTOOLS
15:45:22.095 [main] TRACE - Reading unresolved handles for type system org.apache.xmlbeans.metadata.system.sXMLTOOLS
15:45:22.106 [main] TRACE - Finished loading type system org.apache.xmlbeans.metadata.system.sXMLTOOLS
15:45:22.107 [main] TRACE - Reading unresolved handles for type system org.apache.xmlbeans.metadata.system.sXMLSCHEMA
15:45:22.111 [main] TRACE - Finished loading type system org.apache.xmlbeans.metadata.system.sXMLSCHEMA
15:45:22.112 [main] TRACE - Reading unresolved handles for type system org.apache.xmlbeans.metadata.system.sXMLLANG
15:45:22.113 [main] TRACE - Finished loading type system org.apache.xmlbeans.metadata.system.sXMLLANG
15:45:22.113 [main] TRACE - Reading unresolved handles for type system org.apache.xmlbeans.metadata.system.sXMLCONFIG
15:45:22.114 [main] TRACE - Finished loading type system org.apache.xmlbeans.metadata.system.sXMLCONFIG
15:45:22.114 [main] TRACE - Reading unresolved handles for type system org.apache.poi.schemas.ooxml.system.ooxml
15:45:22.182 [main] TRACE - Finished loading type system org.apache.poi.schemas.ooxml.system.ooxml
15:45:22.184 [main] TRACE - Resolving type for handle themefd26doctype
15:45:22.269 [main] TRACE - Resolving type for handle stylesheet5d8bdoctype
15:45:22.276 [main] TRACE - Resolving type for handle ctstylesheet4257type
15:45:22.284 [main] TRACE - Resolving type for handle ctfonts6623type
15:45:22.291 [main] TRACE - Resolving type for handle ctfont14d8type
15:45:22.304 [main] TRACE - Resolving type for handle ctfills2c6ftype
15:45:22.308 [main] TRACE - Resolving type for handle ctfill550ctype
15:45:22.313 [main] TRACE - Resolving type for handle ctborders0d66type
15:45:22.318 [main] TRACE - Resolving type for handle ctborderf935type
15:45:22.323 [main] TRACE - Resolving type for handle ctcellxfs1322type
15:45:22.326 [main] TRACE - Resolving type for handle ctxf97f7type
15:45:22.332 [main] TRACE - Resolving type for handle ctcellstylexfsa81ftype
15:45:22.338 [main] TRACE - Resolving type for handle ctdxfsb26atype
15:45:22.342 [main] TRACE - Resolving type for handle sstf81fdoctype
15:45:22.348 [main] TRACE - Resolving type for handle ctsst44f3type
15:45:22.369 [main] TRACE - Resolving type for handle ctrsta472type
15:45:22.409 [main] TRACE - Resolving type for handle ctdrawing2748type
15:45:22.423 [main] TRACE - Resolving type for handle workbookec17doctype
15:45:22.431 [main] TRACE - Resolving type for handle ctworkbook83c3type
15:45:22.442 [main] TRACE - Resolving type for handle ctsheets49fdtype
15:45:22.446 [main] TRACE - Resolving type for handle ctsheet4dbetype
15:45:22.449 [main] TRACE - Resolving type for handle strelationshipid1e94type
15:45:22.455 [main] TRACE - Resolving type for handle worksheetf539doctype
15:45:22.467 [main] TRACE - Resolving type for handle ctworksheet530dtype
15:45:22.474 [main] TRACE - Resolving type for handle ctsheetdata8408type
15:45:22.478 [main] TRACE - Resolving type for handle ctrowdd39type
15:45:22.486 [main] TRACE - Resolving type for handle ctcell842btype
15:45:22.493 [main] TRACE - Resolving type for handle stcellrefe4e0type
15:45:22.506 [main] TRACE - Resolving type for handle ctcols627ctype
15:45:22.514 [main] TRACE - Resolving type for handle ctcola95ftype
15:45:22.570 [main] TRACE - Resolving type for handle ctdefinednamesce48type
15:45:22.572 [main] TRACE - Resolving type for handle ctbookviewsb864type
15:45:22.574 [main] TRACE - Resolving type for handle ctbookviewf677type
15:45:22.578 [main] TRACE - Resolving type for handle stcelltypebf95type
15:45:22.580 [main] TRACE - Resolving type for handle stxstringf179type
15:45:27.938 [main] DEBUG - Parsing relationship: /xl/_rels/workbook.xml.rels
15:45:27.940 [main] DEBUG - Parsing relationship: /xl/worksheets/_rels/sheet1.xml.rels
15:45:27.941 [main] DEBUG - Parsing relationship: /xl/worksheets/_rels/sheet2.xml.rels
15:45:27.942 [main] DEBUG - Parsing relationship: /_rels/.rels
15:45:46.200 [main] INFO  - Page has been focused on division page
15:45:46.463 [main] INFO  - Click on division Tab.
15:45:46.472 [main] DEBUG - Parsing relationship: /xl/_rels/workbook.xml.rels
15:45:46.473 [main] DEBUG - Parsing relationship: /xl/worksheets/_rels/sheet1.xml.rels
15:45:46.474 [main] DEBUG - Parsing relationship: /xl/worksheets/_rels/sheet2.xml.rels
15:45:46.475 [main] DEBUG - Parsing relationship: /_rels/.rels
15:45:55.376 [main] INFO  - element is present
15:45:55.801 [main] ERROR - SanityDivisionNameTests15042024154555  is entered
15:45:55.801 [main] ERROR - SanityDivisionNameTests15042024154555  is not entered
15:45:55.804 [main] INFO  - entered Diviion name
15:45:55.810 [main] DEBUG - Parsing relationship: /xl/_rels/workbook.xml.rels
15:45:55.812 [main] DEBUG - Parsing relationship: /xl/worksheets/_rels/sheet1.xml.rels
15:45:55.813 [main] DEBUG - Parsing relationship: /xl/worksheets/_rels/sheet2.xml.rels
15:45:55.814 [main] DEBUG - Parsing relationship: /_rels/.rels
15:45:57.164 [main] DEBUG - Parsing relationship: /xl/_rels/workbook.xml.rels
15:45:57.166 [main] DEBUG - Parsing relationship: /xl/worksheets/_rels/sheet1.xml.rels
15:45:57.167 [main] DEBUG - Parsing relationship: /xl/worksheets/_rels/sheet2.xml.rels
15:45:57.167 [main] DEBUG - Parsing relationship: /_rels/.rels
15:46:23.916 [main] INFO  - element is present
15:46:23.916 [main] INFO  - element exists
15:46:26.024 [main] INFO  - Click on group Tab.
15:46:26.032 [main] DEBUG - Parsing relationship: /xl/_rels/workbook.xml.rels
15:46:26.035 [main] DEBUG - Parsing relationship: /xl/worksheets/_rels/sheet1.xml.rels
15:46:26.037 [main] DEBUG - Parsing relationship: /xl/worksheets/_rels/sheet2.xml.rels
15:46:26.037 [main] DEBUG - Parsing relationship: /_rels/.rels
15:46:40.748 [main] INFO  - element is present
15:46:41.060 [main] ERROR - SanityGroupName15042024154640  is entered
15:46:41.060 [main] ERROR - SanityGroupName15042024154640  is not entered
15:46:41.062 [main] INFO  - entered Group name
15:46:41.067 [main] DEBUG - Parsing relationship: /xl/_rels/workbook.xml.rels
15:46:41.068 [main] DEBUG - Parsing relationship: /xl/worksheets/_rels/sheet1.xml.rels
15:46:41.069 [main] DEBUG - Parsing relationship: /xl/worksheets/_rels/sheet2.xml.rels
15:46:41.069 [main] DEBUG - Parsing relationship: /_rels/.rels
15:46:46.467 [main] DEBUG - Parsing relationship: /xl/_rels/workbook.xml.rels
15:46:46.469 [main] DEBUG - Parsing relationship: /xl/worksheets/_rels/sheet1.xml.rels
15:46:46.470 [main] DEBUG - Parsing relationship: /xl/worksheets/_rels/sheet2.xml.rels
15:46:46.471 [main] DEBUG - Parsing relationship: /_rels/.rels
15:47:04.111 [main] INFO  - element is present
15:47:04.111 [main] INFO  - element exists
15:47:04.267 [main] DEBUG - Parsing relationship: /xl/_rels/workbook.xml.rels
15:47:04.268 [main] DEBUG - Parsing relationship: /xl/worksheets/_rels/sheet1.xml.rels
15:47:04.269 [main] DEBUG - Parsing relationship: /xl/worksheets/_rels/sheet2.xml.rels
15:47:04.270 [main] DEBUG - Parsing relationship: /_rels/.rels
15:47:11.110 [main] INFO  - element is present
15:47:11.504 [main] ERROR - NameDepartment15042024154711  is entered
15:47:11.505 [main] ERROR - NameDepartment15042024154711  is not entered
15:47:11.506 [main] INFO  - entered department name
15:47:11.511 [main] DEBUG - Parsing relationship: /xl/_rels/workbook.xml.rels
15:47:11.512 [main] DEBUG - Parsing relationship: /xl/worksheets/_rels/sheet1.xml.rels
15:47:11.512 [main] DEBUG - Parsing relationship: /xl/worksheets/_rels/sheet2.xml.rels
15:47:11.512 [main] DEBUG - Parsing relationship: /_rels/.rels
15:47:26.571 [main] DEBUG - Parsing relationship: /xl/_rels/workbook.xml.rels
15:47:26.573 [main] DEBUG - Parsing relationship: /xl/worksheets/_rels/sheet1.xml.rels
15:47:26.574 [main] DEBUG - Parsing relationship: /xl/worksheets/_rels/sheet2.xml.rels
15:47:26.575 [main] DEBUG - Parsing relationship: /_rels/.rels
15:47:43.929 [main] INFO  - element is present
15:47:43.930 [main] INFO  - element exists
15:47:43.932 [main] DEBUG - Parsing relationship: /xl/_rels/workbook.xml.rels
15:47:43.933 [main] DEBUG - Parsing relationship: /xl/worksheets/_rels/sheet1.xml.rels
15:47:43.934 [main] DEBUG - Parsing relationship: /xl/worksheets/_rels/sheet2.xml.rels
15:47:43.934 [main] DEBUG - Parsing relationship: /_rels/.rels
15:47:57.748 [main] INFO  - element is present
15:47:58.141 [main] ERROR - SanityDepartment15042024154757  is entered
15:47:58.141 [main] ERROR - SanityDepartment15042024154757  is not entered
15:47:58.142 [main] INFO  - entered class name
15:47:58.145 [main] DEBUG - Parsing relationship: /xl/_rels/workbook.xml.rels
15:47:58.147 [main] DEBUG - Parsing relationship: /xl/worksheets/_rels/sheet1.xml.rels
15:47:58.147 [main] DEBUG - Parsing relationship: /xl/worksheets/_rels/sheet2.xml.rels
15:47:58.148 [main] DEBUG - Parsing relationship: /_rels/.rels
15:48:13.263 [main] DEBUG - Parsing relationship: /xl/_rels/workbook.xml.rels
15:48:13.264 [main] DEBUG - Parsing relationship: /xl/worksheets/_rels/sheet1.xml.rels
15:48:13.265 [main] DEBUG - Parsing relationship: /xl/worksheets/_rels/sheet2.xml.rels
15:48:13.266 [main] DEBUG - Parsing relationship: /_rels/.rels
15:48:30.645 [main] INFO  - element is present
15:48:30.645 [main] INFO  - element exists
15:48:30.650 [main] DEBUG - Parsing relationship: /xl/_rels/workbook.xml.rels
15:48:30.651 [main] DEBUG - Parsing relationship: /xl/worksheets/_rels/sheet1.xml.rels
15:48:30.651 [main] DEBUG - Parsing relationship: /xl/worksheets/_rels/sheet2.xml.rels
15:48:30.652 [main] DEBUG - Parsing relationship: /_rels/.rels
15:48:55.521 [main] INFO  - element is present
15:48:55.824 [main] ERROR - SanitySubClass15042024154855  is entered
15:48:55.824 [main] ERROR - SanitySubClass15042024154855  is not entered
15:48:55.826 [main] INFO  - entered sub class name
15:48:55.829 [main] DEBUG - Parsing relationship: /xl/_rels/workbook.xml.rels
15:48:55.830 [main] DEBUG - Parsing relationship: /xl/worksheets/_rels/sheet1.xml.rels
15:48:55.830 [main] DEBUG - Parsing relationship: /xl/worksheets/_rels/sheet2.xml.rels
15:48:55.830 [main] DEBUG - Parsing relationship: /_rels/.rels
15:49:10.971 [main] DEBUG - Parsing relationship: /xl/_rels/workbook.xml.rels
15:49:10.972 [main] DEBUG - Parsing relationship: /xl/worksheets/_rels/sheet1.xml.rels
15:49:10.972 [main] DEBUG - Parsing relationship: /xl/worksheets/_rels/sheet2.xml.rels
15:49:10.974 [main] DEBUG - Parsing relationship: /_rels/.rels
15:49:28.487 [main] INFO  - element is present
15:49:28.488 [main] INFO  - element exists
17:00:12.330 [main] INFO  - Goto my Merx Application-->Click on Login.
17:00:12.346 [main] INFO  - Entering email and password.. 
17:00:12.501 [main] INFO  - Entering user IDjohndoe@test.com
17:00:15.627 [main] INFO  - clicked on Sign in button...
17:00:23.480 [main] INFO  - The user has landing to the Merchandise page
17:00:33.822 [main] DEBUG - Parsing relationship: /xl/_rels/workbook.xml.rels
17:00:33.825 [main] DEBUG - Parsing relationship: /xl/worksheets/_rels/sheet1.xml.rels
17:00:33.827 [main] DEBUG - Parsing relationship: /xl/worksheets/_rels/sheet2.xml.rels
17:00:33.829 [main] DEBUG - Parsing relationship: /_rels/.rels
17:00:33.993 [main] TRACE - Loading type system org.apache.poi.schemas.ooxml.system.ooxml
17:00:33.996 [main] TRACE - Loading type system org.apache.xmlbeans.metadata.system.sXMLCONFIG
17:00:33.996 [main] TRACE - Loading type system org.apache.xmlbeans.metadata.system.sXMLLANG
17:00:33.997 [main] TRACE - Loading type system org.apache.xmlbeans.metadata.system.sXMLSCHEMA
17:00:33.998 [main] TRACE - Loading type system org.apache.xmlbeans.metadata.system.sXMLTOOLS
17:00:34.000 [main] TRACE - Reading unresolved handles for type system org.apache.xmlbeans.metadata.system.sXMLTOOLS
17:00:34.017 [main] TRACE - Finished loading type system org.apache.xmlbeans.metadata.system.sXMLTOOLS
17:00:34.018 [main] TRACE - Reading unresolved handles for type system org.apache.xmlbeans.metadata.system.sXMLSCHEMA
17:00:34.025 [main] TRACE - Finished loading type system org.apache.xmlbeans.metadata.system.sXMLSCHEMA
17:00:34.028 [main] TRACE - Reading unresolved handles for type system org.apache.xmlbeans.metadata.system.sXMLLANG
17:00:34.030 [main] TRACE - Finished loading type system org.apache.xmlbeans.metadata.system.sXMLLANG
17:00:34.032 [main] TRACE - Reading unresolved handles for type system org.apache.xmlbeans.metadata.system.sXMLCONFIG
17:00:34.034 [main] TRACE - Finished loading type system org.apache.xmlbeans.metadata.system.sXMLCONFIG
17:00:34.036 [main] TRACE - Reading unresolved handles for type system org.apache.poi.schemas.ooxml.system.ooxml
17:00:34.089 [main] TRACE - Finished loading type system org.apache.poi.schemas.ooxml.system.ooxml
17:00:34.089 [main] TRACE - Resolving type for handle themefd26doctype
17:00:34.151 [main] TRACE - Resolving type for handle stylesheet5d8bdoctype
17:00:34.151 [main] TRACE - Resolving type for handle ctstylesheet4257type
17:00:34.151 [main] TRACE - Resolving type for handle ctfonts6623type
17:00:34.167 [main] TRACE - Resolving type for handle ctfont14d8type
17:00:34.167 [main] TRACE - Resolving type for handle ctfills2c6ftype
17:00:34.179 [main] TRACE - Resolving type for handle ctfill550ctype
17:00:34.179 [main] TRACE - Resolving type for handle ctborders0d66type
17:00:34.183 [main] TRACE - Resolving type for handle ctborderf935type
17:00:34.183 [main] TRACE - Resolving type for handle ctcellxfs1322type
17:00:34.183 [main] TRACE - Resolving type for handle ctxf97f7type
17:00:34.183 [main] TRACE - Resolving type for handle ctcellstylexfsa81ftype
17:00:34.183 [main] TRACE - Resolving type for handle ctdxfsb26atype
17:00:34.183 [main] TRACE - Resolving type for handle sstf81fdoctype
17:00:34.199 [main] TRACE - Resolving type for handle ctsst44f3type
17:00:34.199 [main] TRACE - Resolving type for handle ctrsta472type
17:00:34.230 [main] TRACE - Resolving type for handle ctdrawing2748type
17:00:34.246 [main] TRACE - Resolving type for handle workbookec17doctype
17:00:34.246 [main] TRACE - Resolving type for handle ctworkbook83c3type
17:00:34.246 [main] TRACE - Resolving type for handle ctsheets49fdtype
17:00:34.262 [main] TRACE - Resolving type for handle ctsheet4dbetype
17:00:34.262 [main] TRACE - Resolving type for handle strelationshipid1e94type
17:00:34.262 [main] TRACE - Resolving type for handle worksheetf539doctype
17:00:34.262 [main] TRACE - Resolving type for handle ctworksheet530dtype
17:00:34.279 [main] TRACE - Resolving type for handle ctsheetdata8408type
17:00:34.279 [main] TRACE - Resolving type for handle ctrowdd39type
17:00:34.279 [main] TRACE - Resolving type for handle ctcell842btype
17:00:34.299 [main] TRACE - Resolving type for handle stcellrefe4e0type
17:00:34.309 [main] TRACE - Resolving type for handle ctcols627ctype
17:00:34.309 [main] TRACE - Resolving type for handle ctcola95ftype
17:00:34.372 [main] TRACE - Resolving type for handle ctdefinednamesce48type
17:00:34.379 [main] TRACE - Resolving type for handle ctbookviewsb864type
17:00:34.388 [main] TRACE - Resolving type for handle ctbookviewf677type
17:00:34.388 [main] TRACE - Resolving type for handle stcelltypebf95type
17:00:34.404 [main] TRACE - Resolving type for handle stxstringf179type
17:00:42.181 [main] INFO  - element is present
17:00:42.545 [main] ERROR - NameDepartment15042024170042  is entered
17:00:42.545 [main] ERROR - NameDepartment15042024170042  is not entered
17:00:42.547 [main] INFO  - entered department name
17:00:42.556 [main] DEBUG - Parsing relationship: /xl/_rels/workbook.xml.rels
17:00:42.556 [main] DEBUG - Parsing relationship: /xl/worksheets/_rels/sheet1.xml.rels
17:00:42.558 [main] DEBUG - Parsing relationship: /xl/worksheets/_rels/sheet2.xml.rels
17:00:42.558 [main] DEBUG - Parsing relationship: /_rels/.rels
17:00:57.710 [main] DEBUG - Parsing relationship: /xl/_rels/workbook.xml.rels
17:00:57.710 [main] DEBUG - Parsing relationship: /xl/worksheets/_rels/sheet1.xml.rels
17:00:57.725 [main] DEBUG - Parsing relationship: /xl/worksheets/_rels/sheet2.xml.rels
17:00:57.725 [main] DEBUG - Parsing relationship: /_rels/.rels
17:01:15.139 [main] INFO  - element is present
17:01:15.139 [main] INFO  - element exists
17:04:25.237 [main] INFO  - Goto my Merx Application-->Click on Login.
17:04:25.262 [main] INFO  - Entering email and password.. 
17:04:25.453 [main] INFO  - Entering user IDjohndoe@test.com
17:04:28.616 [main] INFO  - clicked on Sign in button...
17:04:35.917 [main] INFO  - The user has landing to the Merchandise page
17:04:46.128 [main] DEBUG - Parsing relationship: /xl/_rels/workbook.xml.rels
17:04:46.128 [main] DEBUG - Parsing relationship: /xl/worksheets/_rels/sheet1.xml.rels
17:04:46.128 [main] DEBUG - Parsing relationship: /xl/worksheets/_rels/sheet2.xml.rels
17:04:46.128 [main] DEBUG - Parsing relationship: /_rels/.rels
17:04:46.349 [main] TRACE - Loading type system org.apache.poi.schemas.ooxml.system.ooxml
17:04:46.364 [main] TRACE - Loading type system org.apache.xmlbeans.metadata.system.sXMLCONFIG
17:04:46.364 [main] TRACE - Loading type system org.apache.xmlbeans.metadata.system.sXMLLANG
17:04:46.364 [main] TRACE - Loading type system org.apache.xmlbeans.metadata.system.sXMLSCHEMA
17:04:46.364 [main] TRACE - Loading type system org.apache.xmlbeans.metadata.system.sXMLTOOLS
17:04:46.364 [main] TRACE - Reading unresolved handles for type system org.apache.xmlbeans.metadata.system.sXMLTOOLS
17:04:46.379 [main] TRACE - Finished loading type system org.apache.xmlbeans.metadata.system.sXMLTOOLS
17:04:46.379 [main] TRACE - Reading unresolved handles for type system org.apache.xmlbeans.metadata.system.sXMLSCHEMA
17:04:46.396 [main] TRACE - Finished loading type system org.apache.xmlbeans.metadata.system.sXMLSCHEMA
17:04:46.411 [main] TRACE - Reading unresolved handles for type system org.apache.xmlbeans.metadata.system.sXMLLANG
17:04:46.411 [main] TRACE - Finished loading type system org.apache.xmlbeans.metadata.system.sXMLLANG
17:04:46.411 [main] TRACE - Reading unresolved handles for type system org.apache.xmlbeans.metadata.system.sXMLCONFIG
17:04:46.411 [main] TRACE - Finished loading type system org.apache.xmlbeans.metadata.system.sXMLCONFIG
17:04:46.411 [main] TRACE - Reading unresolved handles for type system org.apache.poi.schemas.ooxml.system.ooxml
17:04:46.489 [main] TRACE - Finished loading type system org.apache.poi.schemas.ooxml.system.ooxml
17:04:46.505 [main] TRACE - Resolving type for handle themefd26doctype
17:04:46.584 [main] TRACE - Resolving type for handle stylesheet5d8bdoctype
17:04:46.584 [main] TRACE - Resolving type for handle ctstylesheet4257type
17:04:46.584 [main] TRACE - Resolving type for handle ctfonts6623type
17:04:46.584 [main] TRACE - Resolving type for handle ctfont14d8type
17:04:46.599 [main] TRACE - Resolving type for handle ctfills2c6ftype
17:04:46.599 [main] TRACE - Resolving type for handle ctfill550ctype
17:04:46.599 [main] TRACE - Resolving type for handle ctborders0d66type
17:04:46.599 [main] TRACE - Resolving type for handle ctborderf935type
17:04:46.599 [main] TRACE - Resolving type for handle ctcellxfs1322type
17:04:46.599 [main] TRACE - Resolving type for handle ctxf97f7type
17:04:46.615 [main] TRACE - Resolving type for handle ctcellstylexfsa81ftype
17:04:46.615 [main] TRACE - Resolving type for handle ctdxfsb26atype
17:04:46.615 [main] TRACE - Resolving type for handle sstf81fdoctype
17:04:46.615 [main] TRACE - Resolving type for handle ctsst44f3type
17:04:46.630 [main] TRACE - Resolving type for handle ctrsta472type
17:04:46.646 [main] TRACE - Resolving type for handle ctdrawing2748type
17:04:46.662 [main] TRACE - Resolving type for handle workbookec17doctype
17:04:46.662 [main] TRACE - Resolving type for handle ctworkbook83c3type
17:04:46.680 [main] TRACE - Resolving type for handle ctsheets49fdtype
17:04:46.680 [main] TRACE - Resolving type for handle ctsheet4dbetype
17:04:46.680 [main] TRACE - Resolving type for handle strelationshipid1e94type
17:04:46.693 [main] TRACE - Resolving type for handle worksheetf539doctype
17:04:46.709 [main] TRACE - Resolving type for handle ctworksheet530dtype
17:04:46.740 [main] TRACE - Resolving type for handle ctsheetdata8408type
17:04:46.740 [main] TRACE - Resolving type for handle ctrowdd39type
17:04:46.740 [main] TRACE - Resolving type for handle ctcell842btype
17:04:46.756 [main] TRACE - Resolving type for handle stcellrefe4e0type
17:04:46.772 [main] TRACE - Resolving type for handle ctcols627ctype
17:04:46.780 [main] TRACE - Resolving type for handle ctcola95ftype
17:04:46.898 [main] TRACE - Resolving type for handle ctdefinednamesce48type
17:04:46.898 [main] TRACE - Resolving type for handle ctbookviewsb864type
17:04:46.913 [main] TRACE - Resolving type for handle ctbookviewf677type
17:04:46.913 [main] TRACE - Resolving type for handle stcelltypebf95type
17:04:46.929 [main] TRACE - Resolving type for handle stxstringf179type
17:12:48.020 [main] INFO  - Goto my Merx Application-->Click on Login.
17:12:48.042 [main] INFO  - Entering email and password.. 
17:12:48.190 [main] INFO  - Entering user IDjohndoe@test.com
17:12:51.338 [main] INFO  - clicked on Sign in button...
17:12:58.572 [main] INFO  - The user has landing to the Merchandise page
17:13:08.735 [main] DEBUG - Parsing relationship: /xl/_rels/workbook.xml.rels
17:13:08.735 [main] DEBUG - Parsing relationship: /xl/worksheets/_rels/sheet1.xml.rels
17:13:08.735 [main] DEBUG - Parsing relationship: /xl/worksheets/_rels/sheet2.xml.rels
17:13:08.750 [main] DEBUG - Parsing relationship: /_rels/.rels
17:13:08.925 [main] TRACE - Loading type system org.apache.poi.schemas.ooxml.system.ooxml
17:13:08.940 [main] TRACE - Loading type system org.apache.xmlbeans.metadata.system.sXMLCONFIG
17:13:08.940 [main] TRACE - Loading type system org.apache.xmlbeans.metadata.system.sXMLLANG
17:13:08.940 [main] TRACE - Loading type system org.apache.xmlbeans.metadata.system.sXMLSCHEMA
17:13:08.940 [main] TRACE - Loading type system org.apache.xmlbeans.metadata.system.sXMLTOOLS
17:13:08.940 [main] TRACE - Reading unresolved handles for type system org.apache.xmlbeans.metadata.system.sXMLTOOLS
17:13:08.956 [main] TRACE - Finished loading type system org.apache.xmlbeans.metadata.system.sXMLTOOLS
17:13:08.971 [main] TRACE - Reading unresolved handles for type system org.apache.xmlbeans.metadata.system.sXMLSCHEMA
17:13:08.971 [main] TRACE - Finished loading type system org.apache.xmlbeans.metadata.system.sXMLSCHEMA
17:13:08.971 [main] TRACE - Reading unresolved handles for type system org.apache.xmlbeans.metadata.system.sXMLLANG
17:13:08.971 [main] TRACE - Finished loading type system org.apache.xmlbeans.metadata.system.sXMLLANG
17:13:08.987 [main] TRACE - Reading unresolved handles for type system org.apache.xmlbeans.metadata.system.sXMLCONFIG
17:13:08.987 [main] TRACE - Finished loading type system org.apache.xmlbeans.metadata.system.sXMLCONFIG
17:13:08.987 [main] TRACE - Reading unresolved handles for type system org.apache.poi.schemas.ooxml.system.ooxml
17:13:09.050 [main] TRACE - Finished loading type system org.apache.poi.schemas.ooxml.system.ooxml
17:13:09.050 [main] TRACE - Resolving type for handle themefd26doctype
17:13:09.114 [main] TRACE - Resolving type for handle stylesheet5d8bdoctype
17:13:09.129 [main] TRACE - Resolving type for handle ctstylesheet4257type
17:13:09.129 [main] TRACE - Resolving type for handle ctfonts6623type
17:13:09.129 [main] TRACE - Resolving type for handle ctfont14d8type
17:13:09.144 [main] TRACE - Resolving type for handle ctfills2c6ftype
17:13:09.144 [main] TRACE - Resolving type for handle ctfill550ctype
17:13:09.144 [main] TRACE - Resolving type for handle ctborders0d66type
17:13:09.144 [main] TRACE - Resolving type for handle ctborderf935type
17:13:09.160 [main] TRACE - Resolving type for handle ctcellxfs1322type
17:13:09.160 [main] TRACE - Resolving type for handle ctxf97f7type
17:13:09.160 [main] TRACE - Resolving type for handle ctcellstylexfsa81ftype
17:13:09.160 [main] TRACE - Resolving type for handle ctdxfsb26atype
