12:57:32.598 [main] TRACE - Finished loading type system org.apache.xmlbeans.metadata.system.sXMLCONFIG
12:57:32.614 [main] TRACE - Reading unresolved handles for type system org.apache.poi.schemas.ooxml.system.ooxml
12:57:32.677 [main] TRACE - Finished loading type system org.apache.poi.schemas.ooxml.system.ooxml
12:57:32.677 [main] TRACE - Resolving type for handle themefd26doctype
12:57:32.740 [main] TRACE - Resolving type for handle stylesheet5d8bdoctype
12:57:32.755 [main] TRACE - Resolving type for handle ctstylesheet4257type
12:57:32.755 [main] TRACE - Resolving type for handle ctfonts6623type
12:57:32.771 [main] TRACE - Resolving type for handle ctfont14d8type
12:57:32.771 [main] TRACE - Resolving type for handle ctfills2c6ftype
12:57:32.771 [main] TRACE - Resolving type for handle ctfill550ctype
12:57:32.771 [main] TRACE - Resolving type for handle ctborders0d66type
12:57:32.771 [main] TRACE - Resolving type for handle ctborderf935type
12:57:32.787 [main] TRACE - Resolving type for handle ctcellxfs1322type
12:57:32.787 [main] TRACE - Resolving type for handle ctxf97f7type
12:57:32.787 [main] TRACE - Resolving type for handle ctcellstylexfsa81ftype
12:57:32.803 [main] TRACE - Resolving type for handle ctdxfsb26atype
12:57:32.803 [main] TRACE - Resolving type for handle sstf81fdoctype
12:57:32.818 [main] TRACE - Resolving type for handle ctsst44f3type
12:57:32.834 [main] TRACE - Resolving type for handle ctrsta472type
12:57:32.866 [main] TRACE - Resolving type for handle ctdrawing2748type
12:57:32.866 [main] TRACE - Resolving type for handle workbookec17doctype
12:57:32.882 [main] TRACE - Resolving type for handle ctworkbook83c3type
12:57:32.882 [main] TRACE - Resolving type for handle ctsheets49fdtype
12:57:32.882 [main] TRACE - Resolving type for handle ctsheet4dbetype
12:57:32.882 [main] TRACE - Resolving type for handle strelationshipid1e94type
12:57:32.897 [main] TRACE - Resolving type for handle worksheetf539doctype
12:57:32.897 [main] TRACE - Resolving type for handle ctworksheet530dtype
12:57:32.897 [main] TRACE - Resolving type for handle ctsheetdata8408type
12:57:32.913 [main] TRACE - Resolving type for handle ctrowdd39type
12:57:32.913 [main] TRACE - Resolving type for handle ctcell842btype
12:57:32.913 [main] TRACE - Resolving type for handle stcellrefe4e0type
12:57:32.929 [main] TRACE - Resolving type for handle ctcols627ctype
12:57:32.929 [main] TRACE - Resolving type for handle ctcola95ftype
12:57:32.992 [main] TRACE - Resolving type for handle ctdefinednamesce48type
12:57:33.009 [main] TRACE - Resolving type for handle ctbookviewsb864type
12:57:33.009 [main] TRACE - Resolving type for handle ctbookviewf677type
12:57:33.009 [main] TRACE - Resolving type for handle stcelltypebf95type
12:57:33.023 [main] TRACE - Resolving type for handle stxstringf179type
12:57:40.490 [main] DEBUG - Parsing relationship: /xl/_rels/workbook.xml.rels
12:57:40.490 [main] DEBUG - Parsing relationship: /xl/worksheets/_rels/sheet1.xml.rels
12:57:40.490 [main] DEBUG - Parsing relationship: /xl/worksheets/_rels/sheet2.xml.rels
12:57:40.505 [main] DEBUG - Parsing relationship: /_rels/.rels
12:57:55.176 [main] INFO  - Page has been focused on division page
12:57:55.291 [main] DEBUG - Parsing relationship: /xl/_rels/workbook.xml.rels
12:57:55.291 [main] DEBUG - Parsing relationship: /xl/worksheets/_rels/sheet1.xml.rels
12:57:55.291 [main] DEBUG - Parsing relationship: /xl/worksheets/_rels/sheet2.xml.rels
12:57:55.291 [main] DEBUG - Parsing relationship: /_rels/.rels
12:58:14.839 [main] DEBUG - Parsing relationship: /xl/_rels/workbook.xml.rels
12:58:14.839 [main] DEBUG - Parsing relationship: /xl/worksheets/_rels/sheet1.xml.rels
12:58:14.839 [main] DEBUG - Parsing relationship: /xl/worksheets/_rels/sheet2.xml.rels
12:58:14.839 [main] DEBUG - Parsing relationship: /_rels/.rels
12:58:14.903 [main] INFO  - element is present
12:58:15.232 [main] ERROR - SanityDivisionNameTests14032024125814  is entered
12:58:15.232 [main] ERROR - SanityDivisionNameTests14032024125814  is not entered
12:58:15.234 [main] INFO  - entered Diviion name
12:58:15.355 [main] DEBUG - Parsing relationship: /xl/_rels/workbook.xml.rels
12:58:15.355 [main] DEBUG - Parsing relationship: /xl/worksheets/_rels/sheet1.xml.rels
12:58:15.355 [main] DEBUG - Parsing relationship: /xl/worksheets/_rels/sheet2.xml.rels
12:58:15.370 [main] DEBUG - Parsing relationship: /_rels/.rels
12:58:18.702 [main] DEBUG - Parsing relationship: /xl/_rels/workbook.xml.rels
12:58:18.702 [main] DEBUG - Parsing relationship: /xl/worksheets/_rels/sheet1.xml.rels
12:58:18.702 [main] DEBUG - Parsing relationship: /xl/worksheets/_rels/sheet2.xml.rels
12:58:18.702 [main] DEBUG - Parsing relationship: /_rels/.rels
12:58:28.151 [main] INFO  - element is present
12:58:28.151 [main] INFO  - element exists
12:58:28.278 [main] DEBUG - Parsing relationship: /xl/_rels/workbook.xml.rels
12:58:28.278 [main] DEBUG - Parsing relationship: /xl/worksheets/_rels/sheet1.xml.rels
12:58:28.278 [main] DEBUG - Parsing relationship: /xl/worksheets/_rels/sheet2.xml.rels
12:58:28.278 [main] DEBUG - Parsing relationship: /_rels/.rels
12:58:47.474 [main] INFO  - element is present
12:58:47.792 [main] ERROR - SanityGroupName14032024125847  is entered
12:58:47.793 [main] ERROR - SanityGroupName14032024125847  is not entered
12:58:47.795 [main] INFO  - entered Group name
12:58:47.925 [main] DEBUG - Parsing relationship: /xl/_rels/workbook.xml.rels
12:58:47.925 [main] DEBUG - Parsing relationship: /xl/worksheets/_rels/sheet1.xml.rels
12:58:47.925 [main] DEBUG - Parsing relationship: /xl/worksheets/_rels/sheet2.xml.rels
12:58:47.925 [main] DEBUG - Parsing relationship: /_rels/.rels
12:58:55.283 [main] DEBUG - Parsing relationship: /xl/_rels/workbook.xml.rels
12:58:55.283 [main] DEBUG - Parsing relationship: /xl/worksheets/_rels/sheet1.xml.rels
12:58:55.283 [main] DEBUG - Parsing relationship: /xl/worksheets/_rels/sheet2.xml.rels
12:58:55.283 [main] DEBUG - Parsing relationship: /_rels/.rels
12:59:06.772 [main] INFO  - element is present
12:59:06.772 [main] INFO  - element exists
12:59:06.873 [main] DEBUG - Parsing relationship: /xl/_rels/workbook.xml.rels
12:59:06.873 [main] DEBUG - Parsing relationship: /xl/worksheets/_rels/sheet1.xml.rels
12:59:06.873 [main] DEBUG - Parsing relationship: /xl/worksheets/_rels/sheet2.xml.rels
12:59:06.873 [main] DEBUG - Parsing relationship: /_rels/.rels
12:59:34.993 [main] INFO  - element is present
12:59:35.304 [main] ERROR - SanityDepartment14032024125934  is entered
12:59:35.304 [main] ERROR - SanityDepartment14032024125934  is not entered
12:59:35.305 [main] INFO  - entered department name
12:59:35.387 [main] DEBUG - Parsing relationship: /xl/_rels/workbook.xml.rels
12:59:35.388 [main] DEBUG - Parsing relationship: /xl/worksheets/_rels/sheet1.xml.rels
12:59:35.388 [main] DEBUG - Parsing relationship: /xl/worksheets/_rels/sheet2.xml.rels
12:59:35.389 [main] DEBUG - Parsing relationship: /_rels/.rels
12:59:49.097 [main] DEBUG - Parsing relationship: /xl/_rels/workbook.xml.rels
12:59:49.097 [main] DEBUG - Parsing relationship: /xl/worksheets/_rels/sheet1.xml.rels
12:59:49.097 [main] DEBUG - Parsing relationship: /xl/worksheets/_rels/sheet2.xml.rels
12:59:49.097 [main] DEBUG - Parsing relationship: /_rels/.rels
13:00:00.402 [main] INFO  - element is present
13:00:00.402 [main] INFO  - element exists
13:00:00.503 [main] DEBUG - Parsing relationship: /xl/_rels/workbook.xml.rels
13:00:00.503 [main] DEBUG - Parsing relationship: /xl/worksheets/_rels/sheet1.xml.rels
13:00:00.503 [main] DEBUG - Parsing relationship: /xl/worksheets/_rels/sheet2.xml.rels
13:00:00.503 [main] DEBUG - Parsing relationship: /_rels/.rels
13:00:19.265 [main] INFO  - element is present
13:00:19.571 [main] ERROR - SanityDepartment14032024130019  is entered
13:00:19.571 [main] ERROR - SanityDepartment14032024130019  is not entered
13:00:19.573 [main] INFO  - entered class name
13:00:19.700 [main] DEBUG - Parsing relationship: /xl/_rels/workbook.xml.rels
13:00:19.700 [main] DEBUG - Parsing relationship: /xl/worksheets/_rels/sheet1.xml.rels
13:00:19.700 [main] DEBUG - Parsing relationship: /xl/worksheets/_rels/sheet2.xml.rels
13:00:19.700 [main] DEBUG - Parsing relationship: /_rels/.rels
13:00:33.354 [main] DEBUG - Parsing relationship: /xl/_rels/workbook.xml.rels
13:00:33.354 [main] DEBUG - Parsing relationship: /xl/worksheets/_rels/sheet1.xml.rels
13:00:33.354 [main] DEBUG - Parsing relationship: /xl/worksheets/_rels/sheet2.xml.rels
13:00:33.354 [main] DEBUG - Parsing relationship: /_rels/.rels
13:00:44.709 [main] INFO  - element is present
13:00:44.709 [main] INFO  - element exists
13:00:44.810 [main] DEBUG - Parsing relationship: /xl/_rels/workbook.xml.rels
13:00:44.810 [main] DEBUG - Parsing relationship: /xl/worksheets/_rels/sheet1.xml.rels
13:00:44.810 [main] DEBUG - Parsing relationship: /xl/worksheets/_rels/sheet2.xml.rels
13:00:44.810 [main] DEBUG - Parsing relationship: /_rels/.rels
13:01:13.980 [main] INFO  - element is present
13:01:14.260 [main] ERROR - SanitySubClass14032024130113  is entered
13:01:14.260 [main] ERROR - SanitySubClass14032024130113  is not entered
13:01:14.261 [main] INFO  - entered sub class name
13:01:14.364 [main] DEBUG - Parsing relationship: /xl/_rels/workbook.xml.rels
13:01:14.364 [main] DEBUG - Parsing relationship: /xl/worksheets/_rels/sheet1.xml.rels
13:01:14.364 [main] DEBUG - Parsing relationship: /xl/worksheets/_rels/sheet2.xml.rels
13:01:14.364 [main] DEBUG - Parsing relationship: /_rels/.rels
13:01:28.003 [main] DEBUG - Parsing relationship: /xl/_rels/workbook.xml.rels
13:01:28.003 [main] DEBUG - Parsing relationship: /xl/worksheets/_rels/sheet1.xml.rels
13:01:28.003 [main] DEBUG - Parsing relationship: /xl/worksheets/_rels/sheet2.xml.rels
13:01:28.003 [main] DEBUG - Parsing relationship: /_rels/.rels
13:01:39.355 [main] INFO  - element is present
13:01:39.355 [main] INFO  - element exists
13:21:27.754 [main] INFO  - Goto my Merx Application-->Click on Login.
13:21:27.786 [main] INFO  - Entering email and password.. 
13:21:28.092 [main] INFO  - Entering user IDjohndoe@test.com
13:21:31.342 [main] INFO  - clicked on Sign in button...
13:21:36.216 [main] INFO  - The user has landing to the Merchandise page
13:21:46.227 [main] INFO  - Goto my Merx Application-->Click on Login.. 
13:21:48.365 [main] INFO  - element is present
13:21:48.736 [main] ERROR - SanityAutoTests14032024132148  is entered
13:21:48.736 [main] ERROR - SanityAutoTests14032024132148  is not entered
13:21:48.740 [main] INFO  - enter business name
13:21:48.859 [main] DEBUG - Parsing relationship: /xl/_rels/workbook.xml.rels
13:21:48.865 [main] DEBUG - Parsing relationship: /xl/worksheets/_rels/sheet1.xml.rels
13:21:48.867 [main] DEBUG - Parsing relationship: /xl/worksheets/_rels/sheet2.xml.rels
13:21:48.868 [main] DEBUG - Parsing relationship: /_rels/.rels
13:21:49.083 [main] TRACE - Loading type system org.apache.poi.schemas.ooxml.system.ooxml
13:21:49.085 [main] TRACE - Loading type system org.apache.xmlbeans.metadata.system.sXMLCONFIG
13:21:49.085 [main] TRACE - Loading type system org.apache.xmlbeans.metadata.system.sXMLLANG
13:21:49.086 [main] TRACE - Loading type system org.apache.xmlbeans.metadata.system.sXMLSCHEMA
13:21:49.086 [main] TRACE - Loading type system org.apache.xmlbeans.metadata.system.sXMLTOOLS
13:21:49.087 [main] TRACE - Reading unresolved handles for type system org.apache.xmlbeans.metadata.system.sXMLTOOLS
13:21:49.107 [main] TRACE - Finished loading type system org.apache.xmlbeans.metadata.system.sXMLTOOLS
13:21:49.109 [main] TRACE - Reading unresolved handles for type system org.apache.xmlbeans.metadata.system.sXMLSCHEMA
13:21:49.113 [main] TRACE - Finished loading type system org.apache.xmlbeans.metadata.system.sXMLSCHEMA
13:21:49.114 [main] TRACE - Reading unresolved handles for type system org.apache.xmlbeans.metadata.system.sXMLLANG
13:21:49.115 [main] TRACE - Finished loading type system org.apache.xmlbeans.metadata.system.sXMLLANG
13:21:49.115 [main] TRACE - Reading unresolved handles for type system org.apache.xmlbeans.metadata.system.sXMLCONFIG
13:21:49.116 [main] TRACE - Finished loading type system org.apache.xmlbeans.metadata.system.sXMLCONFIG
13:21:49.117 [main] TRACE - Reading unresolved handles for type system org.apache.poi.schemas.ooxml.system.ooxml
13:21:49.202 [main] TRACE - Finished loading type system org.apache.poi.schemas.ooxml.system.ooxml
13:21:49.204 [main] TRACE - Resolving type for handle themefd26doctype
13:21:49.279 [main] TRACE - Resolving type for handle stylesheet5d8bdoctype
13:21:49.286 [main] TRACE - Resolving type for handle ctstylesheet4257type
13:21:49.292 [main] TRACE - Resolving type for handle ctfonts6623type
13:21:49.297 [main] TRACE - Resolving type for handle ctfont14d8type
13:21:49.305 [main] TRACE - Resolving type for handle ctfills2c6ftype
13:21:49.309 [main] TRACE - Resolving type for handle ctfill550ctype
13:21:49.312 [main] TRACE - Resolving type for handle ctborders0d66type
13:21:49.315 [main] TRACE - Resolving type for handle ctborderf935type
13:21:49.319 [main] TRACE - Resolving type for handle ctcellxfs1322type
13:21:49.321 [main] TRACE - Resolving type for handle ctxf97f7type
13:21:49.325 [main] TRACE - Resolving type for handle ctcellstylexfsa81ftype
13:21:49.329 [main] TRACE - Resolving type for handle ctdxfsb26atype
13:21:49.334 [main] TRACE - Resolving type for handle sstf81fdoctype
13:21:49.339 [main] TRACE - Resolving type for handle ctsst44f3type
13:21:49.352 [main] TRACE - Resolving type for handle ctrsta472type
13:21:49.382 [main] TRACE - Resolving type for handle ctdrawing2748type
13:21:49.391 [main] TRACE - Resolving type for handle workbookec17doctype
13:21:49.396 [main] TRACE - Resolving type for handle ctworkbook83c3type
13:21:49.402 [main] TRACE - Resolving type for handle ctsheets49fdtype
13:21:49.405 [main] TRACE - Resolving type for handle ctsheet4dbetype
13:21:49.407 [main] TRACE - Resolving type for handle strelationshipid1e94type
13:21:49.410 [main] TRACE - Resolving type for handle worksheetf539doctype
13:21:49.417 [main] TRACE - Resolving type for handle ctworksheet530dtype
13:21:49.433 [main] TRACE - Resolving type for handle ctsheetdata8408type
13:21:49.436 [main] TRACE - Resolving type for handle ctrowdd39type
13:21:49.442 [main] TRACE - Resolving type for handle ctcell842btype
13:21:49.450 [main] TRACE - Resolving type for handle stcellrefe4e0type
13:21:49.460 [main] TRACE - Resolving type for handle ctcols627ctype
13:21:49.466 [main] TRACE - Resolving type for handle ctcola95ftype
13:21:49.534 [main] TRACE - Resolving type for handle ctdefinednamesce48type
13:21:49.537 [main] TRACE - Resolving type for handle ctbookviewsb864type
13:21:49.540 [main] TRACE - Resolving type for handle ctbookviewf677type
13:21:49.545 [main] TRACE - Resolving type for handle stcelltypebf95type
13:21:49.551 [main] TRACE - Resolving type for handle stxstringf179type
13:21:56.800 [main] DEBUG - Parsing relationship: /xl/_rels/workbook.xml.rels
13:21:56.801 [main] DEBUG - Parsing relationship: /xl/worksheets/_rels/sheet1.xml.rels
13:21:56.802 [main] DEBUG - Parsing relationship: /xl/worksheets/_rels/sheet2.xml.rels
13:21:56.803 [main] DEBUG - Parsing relationship: /_rels/.rels
13:22:11.232 [main] INFO  - Page has been focused on division page
13:22:11.245 [main] DEBUG - Parsing relationship: /xl/_rels/workbook.xml.rels
13:22:11.246 [main] DEBUG - Parsing relationship: /xl/worksheets/_rels/sheet1.xml.rels
13:22:11.247 [main] DEBUG - Parsing relationship: /xl/worksheets/_rels/sheet2.xml.rels
13:22:11.248 [main] DEBUG - Parsing relationship: /_rels/.rels
13:22:50.519 [main] INFO  - Goto my Merx Application-->Click on Login.
13:22:50.557 [main] INFO  - Entering email and password.. 
13:22:50.791 [main] INFO  - Entering user IDjohndoe@test.com
13:22:54.079 [main] INFO  - clicked on Sign in button...
13:22:58.616 [main] INFO  - The user has landing to the Merchandise page
13:23:08.632 [main] INFO  - Goto my Merx Application-->Click on Login.. 
13:23:10.767 [main] INFO  - element is present
13:23:11.100 [main] ERROR - SanityAutoTests14032024132310  is entered
13:23:11.100 [main] ERROR - SanityAutoTests14032024132310  is not entered
13:23:11.104 [main] INFO  - enter business name
13:23:11.226 [main] DEBUG - Parsing relationship: /xl/_rels/workbook.xml.rels
13:23:11.229 [main] DEBUG - Parsing relationship: /xl/worksheets/_rels/sheet1.xml.rels
13:23:11.230 [main] DEBUG - Parsing relationship: /xl/worksheets/_rels/sheet2.xml.rels
13:23:11.232 [main] DEBUG - Parsing relationship: /_rels/.rels
13:23:11.433 [main] TRACE - Loading type system org.apache.poi.schemas.ooxml.system.ooxml
13:23:11.436 [main] TRACE - Loading type system org.apache.xmlbeans.metadata.system.sXMLCONFIG
13:23:11.437 [main] TRACE - Loading type system org.apache.xmlbeans.metadata.system.sXMLLANG
13:23:11.437 [main] TRACE - Loading type system org.apache.xmlbeans.metadata.system.sXMLSCHEMA
13:23:11.439 [main] TRACE - Loading type system org.apache.xmlbeans.metadata.system.sXMLTOOLS
13:23:11.440 [main] TRACE - Reading unresolved handles for type system org.apache.xmlbeans.metadata.system.sXMLTOOLS
13:23:11.452 [main] TRACE - Finished loading type system org.apache.xmlbeans.metadata.system.sXMLTOOLS
13:23:11.454 [main] TRACE - Reading unresolved handles for type system org.apache.xmlbeans.metadata.system.sXMLSCHEMA
13:23:11.465 [main] TRACE - Finished loading type system org.apache.xmlbeans.metadata.system.sXMLSCHEMA
13:23:11.467 [main] TRACE - Reading unresolved handles for type system org.apache.xmlbeans.metadata.system.sXMLLANG
13:23:11.469 [main] TRACE - Finished loading type system org.apache.xmlbeans.metadata.system.sXMLLANG
13:23:11.473 [main] TRACE - Reading unresolved handles for type system org.apache.xmlbeans.metadata.system.sXMLCONFIG
13:23:11.475 [main] TRACE - Finished loading type system org.apache.xmlbeans.metadata.system.sXMLCONFIG
13:23:11.477 [main] TRACE - Reading unresolved handles for type system org.apache.poi.schemas.ooxml.system.ooxml
13:23:11.575 [main] TRACE - Finished loading type system org.apache.poi.schemas.ooxml.system.ooxml
13:23:11.577 [main] TRACE - Resolving type for handle themefd26doctype
13:23:11.671 [main] TRACE - Resolving type for handle stylesheet5d8bdoctype
13:23:11.677 [main] TRACE - Resolving type for handle ctstylesheet4257type
13:23:11.686 [main] TRACE - Resolving type for handle ctfonts6623type
13:23:11.689 [main] TRACE - Resolving type for handle ctfont14d8type
13:23:11.699 [main] TRACE - Resolving type for handle ctfills2c6ftype
13:23:11.702 [main] TRACE - Resolving type for handle ctfill550ctype
13:23:11.705 [main] TRACE - Resolving type for handle ctborders0d66type
13:23:11.709 [main] TRACE - Resolving type for handle ctborderf935type
13:23:11.714 [main] TRACE - Resolving type for handle ctcellxfs1322type
13:23:11.718 [main] TRACE - Resolving type for handle ctxf97f7type
13:23:11.722 [main] TRACE - Resolving type for handle ctcellstylexfsa81ftype
13:23:11.724 [main] TRACE - Resolving type for handle ctdxfsb26atype
13:23:11.728 [main] TRACE - Resolving type for handle sstf81fdoctype
13:23:11.733 [main] TRACE - Resolving type for handle ctsst44f3type
13:23:11.744 [main] TRACE - Resolving type for handle ctrsta472type
13:23:11.771 [main] TRACE - Resolving type for handle ctdrawing2748type
13:23:11.777 [main] TRACE - Resolving type for handle workbookec17doctype
13:23:11.781 [main] TRACE - Resolving type for handle ctworkbook83c3type
13:23:11.786 [main] TRACE - Resolving type for handle ctsheets49fdtype
13:23:11.790 [main] TRACE - Resolving type for handle ctsheet4dbetype
13:23:11.792 [main] TRACE - Resolving type for handle strelationshipid1e94type
13:23:11.795 [main] TRACE - Resolving type for handle worksheetf539doctype
13:23:11.803 [main] TRACE - Resolving type for handle ctworksheet530dtype
13:23:11.808 [main] TRACE - Resolving type for handle ctsheetdata8408type
13:23:11.811 [main] TRACE - Resolving type for handle ctrowdd39type
13:23:11.817 [main] TRACE - Resolving type for handle ctcell842btype
13:23:11.824 [main] TRACE - Resolving type for handle stcellrefe4e0type
13:23:11.835 [main] TRACE - Resolving type for handle ctcols627ctype
13:23:11.839 [main] TRACE - Resolving type for handle ctcola95ftype
13:23:11.909 [main] TRACE - Resolving type for handle ctdefinednamesce48type
13:23:11.913 [main] TRACE - Resolving type for handle ctbookviewsb864type
13:23:11.916 [main] TRACE - Resolving type for handle ctbookviewf677type
13:23:11.921 [main] TRACE - Resolving type for handle stcelltypebf95type
13:23:11.925 [main] TRACE - Resolving type for handle stxstringf179type
13:23:19.231 [main] DEBUG - Parsing relationship: /xl/_rels/workbook.xml.rels
13:23:19.233 [main] DEBUG - Parsing relationship: /xl/worksheets/_rels/sheet1.xml.rels
13:23:19.235 [main] DEBUG - Parsing relationship: /xl/worksheets/_rels/sheet2.xml.rels
13:23:19.237 [main] DEBUG - Parsing relationship: /_rels/.rels
13:23:33.622 [main] INFO  - Page has been focused on division page
13:23:33.633 [main] DEBUG - Parsing relationship: /xl/_rels/workbook.xml.rels
13:23:33.634 [main] DEBUG - Parsing relationship: /xl/worksheets/_rels/sheet1.xml.rels
13:23:33.635 [main] DEBUG - Parsing relationship: /xl/worksheets/_rels/sheet2.xml.rels
13:23:33.635 [main] DEBUG - Parsing relationship: /_rels/.rels
13:23:52.933 [main] DEBUG - Parsing relationship: /xl/_rels/workbook.xml.rels
13:23:52.934 [main] DEBUG - Parsing relationship: /xl/worksheets/_rels/sheet1.xml.rels
13:23:52.934 [main] DEBUG - Parsing relationship: /xl/worksheets/_rels/sheet2.xml.rels
13:23:52.935 [main] DEBUG - Parsing relationship: /_rels/.rels
13:23:52.983 [main] INFO  - element is present
13:23:53.333 [main] ERROR - SanityDivisionNameTests14032024132352  is entered
13:23:53.333 [main] ERROR - SanityDivisionNameTests14032024132352  is not entered
13:23:53.335 [main] INFO  - entered Diviion name
13:23:53.339 [main] DEBUG - Parsing relationship: /xl/_rels/workbook.xml.rels
13:23:53.340 [main] DEBUG - Parsing relationship: /xl/worksheets/_rels/sheet1.xml.rels
13:23:53.340 [main] DEBUG - Parsing relationship: /xl/worksheets/_rels/sheet2.xml.rels
13:23:53.341 [main] DEBUG - Parsing relationship: /_rels/.rels
13:23:56.546 [main] DEBUG - Parsing relationship: /xl/_rels/workbook.xml.rels
13:23:56.549 [main] DEBUG - Parsing relationship: /xl/worksheets/_rels/sheet1.xml.rels
13:23:56.551 [main] DEBUG - Parsing relationship: /xl/worksheets/_rels/sheet2.xml.rels
13:23:56.552 [main] DEBUG - Parsing relationship: /_rels/.rels
13:24:06.017 [main] INFO  - element is present
13:24:06.018 [main] INFO  - element exists
13:24:06.024 [main] DEBUG - Parsing relationship: /xl/_rels/workbook.xml.rels
13:24:06.026 [main] DEBUG - Parsing relationship: /xl/worksheets/_rels/sheet1.xml.rels
13:24:06.027 [main] DEBUG - Parsing relationship: /xl/worksheets/_rels/sheet2.xml.rels
13:24:06.028 [main] DEBUG - Parsing relationship: /_rels/.rels
13:24:25.058 [main] INFO  - element is present
13:24:25.390 [main] ERROR - SanityGroupName14032024132425  is entered
13:24:25.390 [main] ERROR - SanityGroupName14032024132425  is not entered
13:24:25.392 [main] INFO  - entered Group name
13:24:25.397 [main] DEBUG - Parsing relationship: /xl/_rels/workbook.xml.rels
13:24:25.398 [main] DEBUG - Parsing relationship: /xl/worksheets/_rels/sheet1.xml.rels
13:24:25.399 [main] DEBUG - Parsing relationship: /xl/worksheets/_rels/sheet2.xml.rels
13:24:25.400 [main] DEBUG - Parsing relationship: /_rels/.rels
13:24:32.656 [main] DEBUG - Parsing relationship: /xl/_rels/workbook.xml.rels
13:24:32.657 [main] DEBUG - Parsing relationship: /xl/worksheets/_rels/sheet1.xml.rels
13:24:32.657 [main] DEBUG - Parsing relationship: /xl/worksheets/_rels/sheet2.xml.rels
13:24:32.657 [main] DEBUG - Parsing relationship: /_rels/.rels
13:24:43.887 [main] INFO  - element is present
13:24:43.888 [main] INFO  - element exists
13:24:43.894 [main] DEBUG - Parsing relationship: /xl/_rels/workbook.xml.rels
13:24:43.895 [main] DEBUG - Parsing relationship: /xl/worksheets/_rels/sheet1.xml.rels
13:24:43.896 [main] DEBUG - Parsing relationship: /xl/worksheets/_rels/sheet2.xml.rels
13:24:43.897 [main] DEBUG - Parsing relationship: /_rels/.rels
13:25:12.144 [main] INFO  - element is present
13:25:12.505 [main] ERROR - SanityDepartment14032024132512  is entered
13:25:12.506 [main] ERROR - SanityDepartment14032024132512  is not entered
13:25:12.507 [main] INFO  - entered department name
13:25:12.512 [main] DEBUG - Parsing relationship: /xl/_rels/workbook.xml.rels
13:25:12.514 [main] DEBUG - Parsing relationship: /xl/worksheets/_rels/sheet1.xml.rels
13:25:12.514 [main] DEBUG - Parsing relationship: /xl/worksheets/_rels/sheet2.xml.rels
13:25:12.515 [main] DEBUG - Parsing relationship: /_rels/.rels
13:25:25.937 [main] DEBUG - Parsing relationship: /xl/_rels/workbook.xml.rels
13:25:25.937 [main] DEBUG - Parsing relationship: /xl/worksheets/_rels/sheet1.xml.rels
13:25:25.938 [main] DEBUG - Parsing relationship: /xl/worksheets/_rels/sheet2.xml.rels
13:25:25.938 [main] DEBUG - Parsing relationship: /_rels/.rels
13:25:37.458 [main] INFO  - element is present
13:25:37.458 [main] INFO  - element exists
13:25:37.464 [main] DEBUG - Parsing relationship: /xl/_rels/workbook.xml.rels
13:25:37.466 [main] DEBUG - Parsing relationship: /xl/worksheets/_rels/sheet1.xml.rels
13:25:37.467 [main] DEBUG - Parsing relationship: /xl/worksheets/_rels/sheet2.xml.rels
13:25:37.470 [main] DEBUG - Parsing relationship: /_rels/.rels
13:25:56.175 [main] INFO  - element is present
13:25:56.541 [main] ERROR - SanityDepartment14032024132556  is entered
13:25:56.541 [main] ERROR - SanityDepartment14032024132556  is not entered
13:25:56.542 [main] INFO  - entered class name
13:25:56.546 [main] DEBUG - Parsing relationship: /xl/_rels/workbook.xml.rels
13:25:56.547 [main] DEBUG - Parsing relationship: /xl/worksheets/_rels/sheet1.xml.rels
13:25:56.547 [main] DEBUG - Parsing relationship: /xl/worksheets/_rels/sheet2.xml.rels
13:25:56.548 [main] DEBUG - Parsing relationship: /_rels/.rels
13:26:09.959 [main] DEBUG - Parsing relationship: /xl/_rels/workbook.xml.rels
13:26:09.960 [main] DEBUG - Parsing relationship: /xl/worksheets/_rels/sheet1.xml.rels
13:26:09.960 [main] DEBUG - Parsing relationship: /xl/worksheets/_rels/sheet2.xml.rels
13:26:09.961 [main] DEBUG - Parsing relationship: /_rels/.rels
13:26:21.214 [main] INFO  - element is present
13:26:21.215 [main] INFO  - element exists
13:26:21.219 [main] DEBUG - Parsing relationship: /xl/_rels/workbook.xml.rels
13:26:21.220 [main] DEBUG - Parsing relationship: /xl/worksheets/_rels/sheet1.xml.rels
13:26:21.220 [main] DEBUG - Parsing relationship: /xl/worksheets/_rels/sheet2.xml.rels
13:26:21.221 [main] DEBUG - Parsing relationship: /_rels/.rels
13:26:50.856 [main] INFO  - element is present
13:26:51.198 [main] ERROR - SanitySubClass14032024132650  is entered
13:26:51.198 [main] ERROR - SanitySubClass14032024132650  is not entered
13:26:51.201 [main] INFO  - entered sub class name
13:26:51.205 [main] DEBUG - Parsing relationship: /xl/_rels/workbook.xml.rels
13:26:51.206 [main] DEBUG - Parsing relationship: /xl/worksheets/_rels/sheet1.xml.rels
13:26:51.206 [main] DEBUG - Parsing relationship: /xl/worksheets/_rels/sheet2.xml.rels
13:26:51.207 [main] DEBUG - Parsing relationship: /_rels/.rels
13:27:04.646 [main] DEBUG - Parsing relationship: /xl/_rels/workbook.xml.rels
13:27:04.647 [main] DEBUG - Parsing relationship: /xl/worksheets/_rels/sheet1.xml.rels
13:27:04.649 [main] DEBUG - Parsing relationship: /xl/worksheets/_rels/sheet2.xml.rels
13:27:04.649 [main] DEBUG - Parsing relationship: /_rels/.rels
13:27:15.848 [main] INFO  - element is present
13:27:15.849 [main] INFO  - element exists
15:48:26.530 [main] INFO  - Goto my Merx Application-->Click on Login.
15:48:26.557 [main] INFO  - Entering email and password.. 
15:48:26.728 [main] INFO  - Entering user IDjohndoe@test.com
15:48:29.877 [main] INFO  - clicked on Sign in button...
15:48:34.649 [main] INFO  - The user has landing to the Merchandise page
15:48:44.675 [main] INFO  - Goto my Merx Application-->Click on Login.. 
15:48:46.809 [main] INFO  - element is present
15:48:47.129 [main] ERROR - SanityAutoTests14032024154846  is entered
15:48:47.129 [main] ERROR - SanityAutoTests14032024154846  is not entered
15:48:47.132 [main] INFO  - enter business name
15:48:47.269 [main] DEBUG - Parsing relationship: /xl/_rels/workbook.xml.rels
15:48:47.272 [main] DEBUG - Parsing relationship: /xl/worksheets/_rels/sheet1.xml.rels
15:48:47.275 [main] DEBUG - Parsing relationship: /xl/worksheets/_rels/sheet2.xml.rels
15:48:47.276 [main] DEBUG - Parsing relationship: /_rels/.rels
15:48:47.431 [main] TRACE - Loading type system org.apache.poi.schemas.ooxml.system.ooxml
15:48:47.440 [main] TRACE - Loading type system org.apache.xmlbeans.metadata.system.sXMLCONFIG
15:48:47.441 [main] TRACE - Loading type system org.apache.xmlbeans.metadata.system.sXMLLANG
15:48:47.443 [main] TRACE - Loading type system org.apache.xmlbeans.metadata.system.sXMLSCHEMA
15:48:47.444 [main] TRACE - Loading type system org.apache.xmlbeans.metadata.system.sXMLTOOLS
15:48:47.446 [main] TRACE - Reading unresolved handles for type system org.apache.xmlbeans.metadata.system.sXMLTOOLS
15:48:47.465 [main] TRACE - Finished loading type system org.apache.xmlbeans.metadata.system.sXMLTOOLS
15:48:47.467 [main] TRACE - Reading unresolved handles for type system org.apache.xmlbeans.metadata.system.sXMLSCHEMA
15:48:47.473 [main] TRACE - Finished loading type system org.apache.xmlbeans.metadata.system.sXMLSCHEMA
15:48:47.474 [main] TRACE - Reading unresolved handles for type system org.apache.xmlbeans.metadata.system.sXMLLANG
15:48:47.476 [main] TRACE - Finished loading type system org.apache.xmlbeans.metadata.system.sXMLLANG
15:48:47.478 [main] TRACE - Reading unresolved handles for type system org.apache.xmlbeans.metadata.system.sXMLCONFIG
15:48:47.480 [main] TRACE - Finished loading type system org.apache.xmlbeans.metadata.system.sXMLCONFIG
15:48:47.481 [main] TRACE - Reading unresolved handles for type system org.apache.poi.schemas.ooxml.system.ooxml
15:48:47.537 [main] TRACE - Finished loading type system org.apache.poi.schemas.ooxml.system.ooxml
15:48:47.539 [main] TRACE - Resolving type for handle themefd26doctype
15:48:47.612 [main] TRACE - Resolving type for handle stylesheet5d8bdoctype
15:48:47.617 [main] TRACE - Resolving type for handle ctstylesheet4257type
15:48:47.628 [main] TRACE - Resolving type for handle ctfonts6623type
15:48:47.633 [main] TRACE - Resolving type for handle ctfont14d8type
15:48:47.644 [main] TRACE - Resolving type for handle ctfills2c6ftype
15:48:47.653 [main] TRACE - Resolving type for handle ctfill550ctype
15:48:47.656 [main] TRACE - Resolving type for handle ctborders0d66type
15:48:47.659 [main] TRACE - Resolving type for handle ctborderf935type
15:48:47.663 [main] TRACE - Resolving type for handle ctcellxfs1322type
15:48:47.666 [main] TRACE - Resolving type for handle ctxf97f7type
15:48:47.669 [main] TRACE - Resolving type for handle ctcellstylexfsa81ftype
15:48:47.673 [main] TRACE - Resolving type for handle ctdxfsb26atype
15:48:47.677 [main] TRACE - Resolving type for handle sstf81fdoctype
15:48:47.682 [main] TRACE - Resolving type for handle ctsst44f3type
15:48:47.697 [main] TRACE - Resolving type for handle ctrsta472type
15:48:47.719 [main] TRACE - Resolving type for handle ctdrawing2748type
15:48:47.729 [main] TRACE - Resolving type for handle workbookec17doctype
15:48:47.734 [main] TRACE - Resolving type for handle ctworkbook83c3type
15:48:47.739 [main] TRACE - Resolving type for handle ctsheets49fdtype
15:48:47.742 [main] TRACE - Resolving type for handle ctsheet4dbetype
15:48:47.744 [main] TRACE - Resolving type for handle strelationshipid1e94type
15:48:47.748 [main] TRACE - Resolving type for handle worksheetf539doctype
15:48:47.758 [main] TRACE - Resolving type for handle ctworksheet530dtype
15:48:47.776 [main] TRACE - Resolving type for handle ctsheetdata8408type
15:48:47.779 [main] TRACE - Resolving type for handle ctrowdd39type
15:48:47.785 [main] TRACE - Resolving type for handle ctcell842btype
15:48:47.793 [main] TRACE - Resolving type for handle stcellrefe4e0type
15:48:47.802 [main] TRACE - Resolving type for handle ctcols627ctype
15:48:47.809 [main] TRACE - Resolving type for handle ctcola95ftype
15:48:47.870 [main] TRACE - Resolving type for handle ctdefinednamesce48type
15:48:47.874 [main] TRACE - Resolving type for handle ctbookviewsb864type
15:48:47.876 [main] TRACE - Resolving type for handle ctbookviewf677type
15:48:47.881 [main] TRACE - Resolving type for handle stcelltypebf95type
15:48:47.886 [main] TRACE - Resolving type for handle stxstringf179type
15:48:55.188 [main] DEBUG - Parsing relationship: /xl/_rels/workbook.xml.rels
15:48:55.191 [main] DEBUG - Parsing relationship: /xl/worksheets/_rels/sheet1.xml.rels
15:48:55.193 [main] DEBUG - Parsing relationship: /xl/worksheets/_rels/sheet2.xml.rels
15:48:55.194 [main] DEBUG - Parsing relationship: /_rels/.rels
15:49:09.460 [main] INFO  - Page has been focused on division page
15:49:30.489 [main] INFO  - Goto my Merx Application-->Click on Login.
15:49:30.493 [main] INFO  - Entering email and password.. 
15:49:30.717 [main] INFO  - Entering user IDjohndoe@test.com
15:49:33.851 [main] INFO  - clicked on Sign in button...
15:49:38.079 [main] INFO  - The user has landing to the Merchandise page
15:49:48.090 [main] DEBUG - Parsing relationship: /xl/_rels/workbook.xml.rels
15:49:48.091 [main] DEBUG - Parsing relationship: /xl/worksheets/_rels/sheet1.xml.rels
15:49:48.091 [main] DEBUG - Parsing relationship: /xl/worksheets/_rels/sheet2.xml.rels
15:49:48.092 [main] DEBUG - Parsing relationship: /_rels/.rels
15:51:44.344 [main] INFO  - Goto my Merx Application-->Click on Login.
15:51:44.346 [main] INFO  - Entering email and password.. 
15:51:44.554 [main] INFO  - Entering user IDjohndoe@test.com
15:51:47.690 [main] INFO  - clicked on Sign in button...
15:51:52.938 [main] INFO  - The user has landing to the Merchandise page
15:52:02.965 [main] DEBUG - Parsing relationship: /xl/_rels/workbook.xml.rels
15:52:02.967 [main] DEBUG - Parsing relationship: /xl/worksheets/_rels/sheet1.xml.rels
15:52:02.968 [main] DEBUG - Parsing relationship: /xl/worksheets/_rels/sheet2.xml.rels
15:52:02.968 [main] DEBUG - Parsing relationship: /_rels/.rels
15:52:23.471 [main] INFO  - element is present
15:52:23.802 [main] ERROR - SanityGroupName14032024155223  is entered
15:52:23.803 [main] ERROR - SanityGroupName14032024155223  is not entered
15:52:23.804 [main] INFO  - entered Group name
15:52:23.809 [main] DEBUG - Parsing relationship: /xl/_rels/workbook.xml.rels
15:52:23.810 [main] DEBUG - Parsing relationship: /xl/worksheets/_rels/sheet1.xml.rels
15:52:23.811 [main] DEBUG - Parsing relationship: /xl/worksheets/_rels/sheet2.xml.rels
15:52:23.811 [main] DEBUG - Parsing relationship: /_rels/.rels
15:52:31.052 [main] DEBUG - Parsing relationship: /xl/_rels/workbook.xml.rels
15:52:31.053 [main] DEBUG - Parsing relationship: /xl/worksheets/_rels/sheet1.xml.rels
15:52:31.054 [main] DEBUG - Parsing relationship: /xl/worksheets/_rels/sheet2.xml.rels
15:52:31.054 [main] DEBUG - Parsing relationship: /_rels/.rels
15:52:43.243 [main] INFO  - element is present
15:52:43.243 [main] INFO  - element exists
15:52:43.249 [main] DEBUG - Parsing relationship: /xl/_rels/workbook.xml.rels
15:52:43.250 [main] DEBUG - Parsing relationship: /xl/worksheets/_rels/sheet1.xml.rels
15:52:43.250 [main] DEBUG - Parsing relationship: /xl/worksheets/_rels/sheet2.xml.rels
15:52:43.251 [main] DEBUG - Parsing relationship: /_rels/.rels
15:53:11.317 [main] INFO  - element is present
15:53:11.656 [main] ERROR - SanityDepartment14032024155311  is entered
15:53:11.656 [main] ERROR - SanityDepartment14032024155311  is not entered
15:53:11.658 [main] INFO  - entered department name
15:53:11.661 [main] DEBUG - Parsing relationship: /xl/_rels/workbook.xml.rels
15:53:11.663 [main] DEBUG - Parsing relationship: /xl/worksheets/_rels/sheet1.xml.rels
15:53:11.664 [main] DEBUG - Parsing relationship: /xl/worksheets/_rels/sheet2.xml.rels
15:53:11.664 [main] DEBUG - Parsing relationship: /_rels/.rels
16:03:12.636 [main] INFO  - Goto my Merx Application-->Click on Login.
16:03:12.658 [main] INFO  - Entering email and password.. 
16:03:12.797 [main] INFO  - Entering user IDjohndoe@test.com
16:03:15.940 [main] INFO  - clicked on Sign in button...
16:03:19.421 [main] INFO  - The user has landing to the Merchandise page
16:03:29.444 [main] INFO  - Goto my Merx Application-->Click on Login.. 
16:03:31.583 [main] INFO  - element is present
16:03:31.902 [main] ERROR - SanityAutoTests14032024160331  is entered
16:03:31.902 [main] ERROR - SanityAutoTests14032024160331  is not entered
16:03:31.904 [main] INFO  - enter business name
16:03:32.051 [main] DEBUG - Parsing relationship: /xl/_rels/workbook.xml.rels
16:03:32.054 [main] DEBUG - Parsing relationship: /xl/worksheets/_rels/sheet1.xml.rels
16:03:32.056 [main] DEBUG - Parsing relationship: /xl/worksheets/_rels/sheet2.xml.rels
16:03:32.057 [main] DEBUG - Parsing relationship: /_rels/.rels
16:03:32.245 [main] TRACE - Loading type system org.apache.poi.schemas.ooxml.system.ooxml
16:03:32.248 [main] TRACE - Loading type system org.apache.xmlbeans.metadata.system.sXMLCONFIG
16:03:32.249 [main] TRACE - Loading type system org.apache.xmlbeans.metadata.system.sXMLLANG
16:03:32.249 [main] TRACE - Loading type system org.apache.xmlbeans.metadata.system.sXMLSCHEMA
16:03:32.250 [main] TRACE - Loading type system org.apache.xmlbeans.metadata.system.sXMLTOOLS
16:03:32.252 [main] TRACE - Reading unresolved handles for type system org.apache.xmlbeans.metadata.system.sXMLTOOLS
16:03:32.273 [main] TRACE - Finished loading type system org.apache.xmlbeans.metadata.system.sXMLTOOLS
16:03:32.276 [main] TRACE - Reading unresolved handles for type system org.apache.xmlbeans.metadata.system.sXMLSCHEMA
16:03:32.283 [main] TRACE - Finished loading type system org.apache.xmlbeans.metadata.system.sXMLSCHEMA
16:03:32.286 [main] TRACE - Reading unresolved handles for type system org.apache.xmlbeans.metadata.system.sXMLLANG
16:03:32.288 [main] TRACE - Finished loading type system org.apache.xmlbeans.metadata.system.sXMLLANG
16:03:32.291 [main] TRACE - Reading unresolved handles for type system org.apache.xmlbeans.metadata.system.sXMLCONFIG
16:03:32.293 [main] TRACE - Finished loading type system org.apache.xmlbeans.metadata.system.sXMLCONFIG
16:03:32.294 [main] TRACE - Reading unresolved handles for type system org.apache.poi.schemas.ooxml.system.ooxml
16:03:32.353 [main] TRACE - Finished loading type system org.apache.poi.schemas.ooxml.system.ooxml
16:03:32.355 [main] TRACE - Resolving type for handle themefd26doctype
16:03:32.448 [main] TRACE - Resolving type for handle stylesheet5d8bdoctype
16:03:32.456 [main] TRACE - Resolving type for handle ctstylesheet4257type
16:03:32.461 [main] TRACE - Resolving type for handle ctfonts6623type
16:03:32.468 [main] TRACE - Resolving type for handle ctfont14d8type
16:03:32.478 [main] TRACE - Resolving type for handle ctfills2c6ftype
16:03:32.482 [main] TRACE - Resolving type for handle ctfill550ctype
16:03:32.485 [main] TRACE - Resolving type for handle ctborders0d66type
16:03:32.490 [main] TRACE - Resolving type for handle ctborderf935type
16:03:32.497 [main] TRACE - Resolving type for handle ctcellxfs1322type
16:03:32.502 [main] TRACE - Resolving type for handle ctxf97f7type
16:03:32.508 [main] TRACE - Resolving type for handle ctcellstylexfsa81ftype
16:03:32.514 [main] TRACE - Resolving type for handle ctdxfsb26atype
16:03:32.521 [main] TRACE - Resolving type for handle sstf81fdoctype
16:03:32.526 [main] TRACE - Resolving type for handle ctsst44f3type
16:03:32.536 [main] TRACE - Resolving type for handle ctrsta472type
16:03:32.580 [main] TRACE - Resolving type for handle ctdrawing2748type
16:03:32.595 [main] TRACE - Resolving type for handle workbookec17doctype
16:03:32.600 [main] TRACE - Resolving type for handle ctworkbook83c3type
16:03:32.606 [main] TRACE - Resolving type for handle ctsheets49fdtype
16:03:32.608 [main] TRACE - Resolving type for handle ctsheet4dbetype
16:03:32.612 [main] TRACE - Resolving type for handle strelationshipid1e94type
16:03:32.616 [main] TRACE - Resolving type for handle worksheetf539doctype
16:03:32.629 [main] TRACE - Resolving type for handle ctworksheet530dtype
16:03:32.638 [main] TRACE - Resolving type for handle ctsheetdata8408type
16:03:32.641 [main] TRACE - Resolving type for handle ctrowdd39type
16:03:32.650 [main] TRACE - Resolving type for handle ctcell842btype
16:03:32.659 [main] TRACE - Resolving type for handle stcellrefe4e0type
16:03:32.670 [main] TRACE - Resolving type for handle ctcols627ctype
16:03:32.677 [main] TRACE - Resolving type for handle ctcola95ftype
16:03:32.773 [main] TRACE - Resolving type for handle ctdefinednamesce48type
16:03:32.779 [main] TRACE - Resolving type for handle ctbookviewsb864type
16:03:32.781 [main] TRACE - Resolving type for handle ctbookviewf677type
16:03:32.785 [main] TRACE - Resolving type for handle stcelltypebf95type
16:03:32.790 [main] TRACE - Resolving type for handle stxstringf179type
16:03:40.039 [main] DEBUG - Parsing relationship: /xl/_rels/workbook.xml.rels
16:03:40.041 [main] DEBUG - Parsing relationship: /xl/worksheets/_rels/sheet1.xml.rels
16:03:40.043 [main] DEBUG - Parsing relationship: /xl/worksheets/_rels/sheet2.xml.rels
16:03:40.045 [main] DEBUG - Parsing relationship: /_rels/.rels
16:03:54.343 [main] INFO  - Page has been focused on division page
16:04:09.784 [main] INFO  - Goto my Merx Application-->Click on Login.
16:04:09.788 [main] INFO  - Entering email and password.. 
16:04:09.992 [main] INFO  - Entering user IDjohndoe@test.com
16:04:13.131 [main] INFO  - clicked on Sign in button...
16:04:16.701 [main] INFO  - The user has landing to the Merchandise page
16:04:32.765 [main] INFO  - Click on group Tab.
16:04:32.770 [main] DEBUG - Parsing relationship: /xl/_rels/workbook.xml.rels
16:04:32.771 [main] DEBUG - Parsing relationship: /xl/worksheets/_rels/sheet1.xml.rels
16:04:32.771 [main] DEBUG - Parsing relationship: /xl/worksheets/_rels/sheet2.xml.rels
16:04:32.772 [main] DEBUG - Parsing relationship: /_rels/.rels
16:04:51.790 [main] INFO  - element is present
16:04:52.094 [main] ERROR - SanityGroupName14032024160451  is entered
16:04:52.094 [main] ERROR - SanityGroupName14032024160451  is not entered
16:04:52.096 [main] INFO  - entered Group name
16:04:52.103 [main] DEBUG - Parsing relationship: /xl/_rels/workbook.xml.rels
16:04:52.103 [main] DEBUG - Parsing relationship: /xl/worksheets/_rels/sheet1.xml.rels
16:04:52.104 [main] DEBUG - Parsing relationship: /xl/worksheets/_rels/sheet2.xml.rels
16:04:52.105 [main] DEBUG - Parsing relationship: /_rels/.rels
16:04:59.348 [main] DEBUG - Parsing relationship: /xl/_rels/workbook.xml.rels
16:04:59.351 [main] DEBUG - Parsing relationship: /xl/worksheets/_rels/sheet1.xml.rels
16:04:59.353 [main] DEBUG - Parsing relationship: /xl/worksheets/_rels/sheet2.xml.rels
16:04:59.355 [main] DEBUG - Parsing relationship: /_rels/.rels
16:05:10.468 [main] INFO  - element is present
16:05:10.468 [main] INFO  - element exists
16:05:10.471 [main] DEBUG - Parsing relationship: /xl/_rels/workbook.xml.rels
16:05:10.473 [main] DEBUG - Parsing relationship: /xl/worksheets/_rels/sheet1.xml.rels
16:05:10.474 [main] DEBUG - Parsing relationship: /xl/worksheets/_rels/sheet2.xml.rels
16:05:10.474 [main] DEBUG - Parsing relationship: /_rels/.rels
16:20:38.816 [main] INFO  - Goto my Merx Application-->Click on Login.
16:20:38.844 [main] INFO  - Entering email and password.. 
16:20:39.018 [main] INFO  - Entering user IDjohndoe@test.com
16:20:42.186 [main] INFO  - clicked on Sign in button...
16:20:45.906 [main] INFO  - The user has landing to the Merchandise page
16:20:55.928 [main] INFO  - Goto my Merx Application-->Click on Login.. 
16:20:58.050 [main] INFO  - element is present
16:20:58.366 [main] ERROR - SanityAutoTests14032024162058  is entered
16:20:58.366 [main] ERROR - SanityAutoTests14032024162058  is not entered
16:20:58.369 [main] INFO  - enter business name
16:20:58.516 [main] DEBUG - Parsing relationship: /xl/_rels/workbook.xml.rels
16:20:58.521 [main] DEBUG - Parsing relationship: /xl/worksheets/_rels/sheet1.xml.rels
16:20:58.522 [main] DEBUG - Parsing relationship: /xl/worksheets/_rels/sheet2.xml.rels
16:20:58.523 [main] DEBUG - Parsing relationship: /_rels/.rels
16:20:58.728 [main] TRACE - Loading type system org.apache.poi.schemas.ooxml.system.ooxml
16:20:58.731 [main] TRACE - Loading type system org.apache.xmlbeans.metadata.system.sXMLCONFIG
16:20:58.732 [main] TRACE - Loading type system org.apache.xmlbeans.metadata.system.sXMLLANG
16:20:58.732 [main] TRACE - Loading type system org.apache.xmlbeans.metadata.system.sXMLSCHEMA
16:20:58.732 [main] TRACE - Loading type system org.apache.xmlbeans.metadata.system.sXMLTOOLS
16:20:58.735 [main] TRACE - Reading unresolved handles for type system org.apache.xmlbeans.metadata.system.sXMLTOOLS
16:20:58.747 [main] TRACE - Finished loading type system org.apache.xmlbeans.metadata.system.sXMLTOOLS
16:20:58.749 [main] TRACE - Reading unresolved handles for type system org.apache.xmlbeans.metadata.system.sXMLSCHEMA
16:20:58.762 [main] TRACE - Finished loading type system org.apache.xmlbeans.metadata.system.sXMLSCHEMA
16:20:58.764 [main] TRACE - Reading unresolved handles for type system org.apache.xmlbeans.metadata.system.sXMLLANG
16:20:58.765 [main] TRACE - Finished loading type system org.apache.xmlbeans.metadata.system.sXMLLANG
16:20:58.768 [main] TRACE - Reading unresolved handles for type system org.apache.xmlbeans.metadata.system.sXMLCONFIG
16:20:58.771 [main] TRACE - Finished loading type system org.apache.xmlbeans.metadata.system.sXMLCONFIG
16:20:58.773 [main] TRACE - Reading unresolved handles for type system org.apache.poi.schemas.ooxml.system.ooxml
16:20:58.844 [main] TRACE - Finished loading type system org.apache.poi.schemas.ooxml.system.ooxml
16:20:58.845 [main] TRACE - Resolving type for handle themefd26doctype
16:20:58.922 [main] TRACE - Resolving type for handle stylesheet5d8bdoctype
16:20:58.931 [main] TRACE - Resolving type for handle ctstylesheet4257type
16:20:58.936 [main] TRACE - Resolving type for handle ctfonts6623type
16:20:58.942 [main] TRACE - Resolving type for handle ctfont14d8type
16:20:58.952 [main] TRACE - Resolving type for handle ctfills2c6ftype
16:20:58.956 [main] TRACE - Resolving type for handle ctfill550ctype
16:20:58.961 [main] TRACE - Resolving type for handle ctborders0d66type
16:20:58.966 [main] TRACE - Resolving type for handle ctborderf935type
16:20:58.970 [main] TRACE - Resolving type for handle ctcellxfs1322type
16:20:58.974 [main] TRACE - Resolving type for handle ctxf97f7type
16:20:58.977 [main] TRACE - Resolving type for handle ctcellstylexfsa81ftype
16:20:58.980 [main] TRACE - Resolving type for handle ctdxfsb26atype
16:20:58.983 [main] TRACE - Resolving type for handle sstf81fdoctype
16:20:58.989 [main] TRACE - Resolving type for handle ctsst44f3type
16:20:59.002 [main] TRACE - Resolving type for handle ctrsta472type
16:20:59.029 [main] TRACE - Resolving type for handle ctdrawing2748type
16:20:59.040 [main] TRACE - Resolving type for handle workbookec17doctype
16:20:59.046 [main] TRACE - Resolving type for handle ctworkbook83c3type
16:20:59.053 [main] TRACE - Resolving type for handle ctsheets49fdtype
16:20:59.056 [main] TRACE - Resolving type for handle ctsheet4dbetype
16:20:59.059 [main] TRACE - Resolving type for handle strelationshipid1e94type
16:20:59.061 [main] TRACE - Resolving type for handle worksheetf539doctype
16:20:59.069 [main] TRACE - Resolving type for handle ctworksheet530dtype
16:20:59.076 [main] TRACE - Resolving type for handle ctsheetdata8408type
16:20:59.080 [main] TRACE - Resolving type for handle ctrowdd39type
16:20:59.090 [main] TRACE - Resolving type for handle ctcell842btype
16:20:59.103 [main] TRACE - Resolving type for handle stcellrefe4e0type
16:20:59.116 [main] TRACE - Resolving type for handle ctcols627ctype
16:20:59.121 [main] TRACE - Resolving type for handle ctcola95ftype
16:20:59.205 [main] TRACE - Resolving type for handle ctdefinednamesce48type
16:20:59.212 [main] TRACE - Resolving type for handle ctbookviewsb864type
16:20:59.215 [main] TRACE - Resolving type for handle ctbookviewf677type
16:20:59.226 [main] TRACE - Resolving type for handle stcelltypebf95type
16:20:59.231 [main] TRACE - Resolving type for handle stxstringf179type
16:21:06.530 [main] DEBUG - Parsing relationship: /xl/_rels/workbook.xml.rels
16:21:06.533 [main] DEBUG - Parsing relationship: /xl/worksheets/_rels/sheet1.xml.rels
16:21:06.536 [main] DEBUG - Parsing relationship: /xl/worksheets/_rels/sheet2.xml.rels
16:21:06.538 [main] DEBUG - Parsing relationship: /_rels/.rels
16:21:20.865 [main] INFO  - Page has been focused on division page
16:21:26.939 [main] INFO  - Click on division Tab.
16:21:26.944 [main] DEBUG - Parsing relationship: /xl/_rels/workbook.xml.rels
16:21:26.945 [main] DEBUG - Parsing relationship: /xl/worksheets/_rels/sheet1.xml.rels
16:21:26.946 [main] DEBUG - Parsing relationship: /xl/worksheets/_rels/sheet2.xml.rels
16:21:26.947 [main] DEBUG - Parsing relationship: /_rels/.rels
