16:11:21.707 [main] TRACE - Finished loading type system org.apache.xmlbeans.metadata.system.sXMLLANG
16:11:21.717 [main] TRACE - Reading unresolved handles for type system org.apache.xmlbeans.metadata.system.sXMLCONFIG
16:11:21.717 [main] TRACE - Finished loading type system org.apache.xmlbeans.metadata.system.sXMLCONFIG
16:11:21.718 [main] TRACE - Reading unresolved handles for type system org.apache.poi.schemas.ooxml.system.ooxml
16:11:21.793 [main] TRACE - Finished loading type system org.apache.poi.schemas.ooxml.system.ooxml
16:11:21.794 [main] TRACE - Resolving type for handle themefd26doctype
16:11:21.867 [main] TRACE - Resolving type for handle stylesheet5d8bdoctype
16:11:21.872 [main] TRACE - Resolving type for handle ctstylesheet4257type
16:11:21.876 [main] TRACE - Resolving type for handle ctfonts6623type
16:11:21.878 [main] TRACE - Resolving type for handle ctfont14d8type
16:11:21.886 [main] TRACE - Resolving type for handle ctfills2c6ftype
16:11:21.888 [main] TRACE - Resolving type for handle ctfill550ctype
16:11:21.889 [main] TRACE - Resolving type for handle ctborders0d66type
16:11:21.893 [main] TRACE - Resolving type for handle ctborderf935type
16:11:21.896 [main] TRACE - Resolving type for handle ctcellxfs1322type
16:11:21.900 [main] TRACE - Resolving type for handle ctxf97f7type
16:11:21.902 [main] TRACE - Resolving type for handle ctcellstylexfsa81ftype
16:11:21.904 [main] TRACE - Resolving type for handle ctdxfsb26atype
16:11:21.909 [main] TRACE - Resolving type for handle sstf81fdoctype
16:11:21.913 [main] TRACE - Resolving type for handle ctsst44f3type
16:11:21.922 [main] TRACE - Resolving type for handle ctrsta472type
16:11:21.946 [main] TRACE - Resolving type for handle ctdrawing2748type
16:11:21.956 [main] TRACE - Resolving type for handle workbookec17doctype
16:11:21.961 [main] TRACE - Resolving type for handle ctworkbook83c3type
16:11:21.967 [main] TRACE - Resolving type for handle ctsheets49fdtype
16:11:21.969 [main] TRACE - Resolving type for handle ctsheet4dbetype
16:11:21.971 [main] TRACE - Resolving type for handle strelationshipid1e94type
16:11:21.973 [main] TRACE - Resolving type for handle worksheetf539doctype
16:11:21.978 [main] TRACE - Resolving type for handle ctworksheet530dtype
16:11:21.984 [main] TRACE - Resolving type for handle ctsheetdata8408type
16:11:21.988 [main] TRACE - Resolving type for handle ctrowdd39type
16:11:21.992 [main] TRACE - Resolving type for handle ctcell842btype
16:11:22.001 [main] TRACE - Resolving type for handle stcellrefe4e0type
16:11:22.014 [main] TRACE - Resolving type for handle ctcols627ctype
16:11:22.019 [main] TRACE - Resolving type for handle ctcola95ftype
16:11:22.106 [main] TRACE - Resolving type for handle ctdefinednamesce48type
16:11:22.112 [main] TRACE - Resolving type for handle ctbookviewsb864type
16:11:22.115 [main] TRACE - Resolving type for handle ctbookviewf677type
16:11:22.125 [main] TRACE - Resolving type for handle stcelltypebf95type
16:11:22.131 [main] TRACE - Resolving type for handle stxstringf179type
16:11:29.426 [main] DEBUG - Parsing relationship: /xl/_rels/workbook.xml.rels
16:11:29.428 [main] DEBUG - Parsing relationship: /xl/worksheets/_rels/sheet1.xml.rels
16:11:29.429 [main] DEBUG - Parsing relationship: /xl/worksheets/_rels/sheet2.xml.rels
16:11:29.430 [main] DEBUG - Parsing relationship: /_rels/.rels
16:11:52.712 [main] INFO  - Page has been focused on division page
16:11:52.724 [main] DEBUG - Parsing relationship: /xl/_rels/workbook.xml.rels
16:11:52.727 [main] DEBUG - Parsing relationship: /xl/worksheets/_rels/sheet1.xml.rels
16:11:52.729 [main] DEBUG - Parsing relationship: /xl/worksheets/_rels/sheet2.xml.rels
16:11:52.730 [main] DEBUG - Parsing relationship: /_rels/.rels
16:12:11.268 [main] DEBUG - Parsing relationship: /xl/_rels/workbook.xml.rels
16:12:11.269 [main] DEBUG - Parsing relationship: /xl/worksheets/_rels/sheet1.xml.rels
16:12:11.269 [main] DEBUG - Parsing relationship: /xl/worksheets/_rels/sheet2.xml.rels
16:12:11.270 [main] DEBUG - Parsing relationship: /_rels/.rels
16:12:13.505 [main] DEBUG - Parsing relationship: /xl/_rels/workbook.xml.rels
16:12:13.506 [main] DEBUG - Parsing relationship: /xl/worksheets/_rels/sheet1.xml.rels
16:12:13.507 [main] DEBUG - Parsing relationship: /xl/worksheets/_rels/sheet2.xml.rels
16:12:13.507 [main] DEBUG - Parsing relationship: /_rels/.rels
16:12:16.712 [main] DEBUG - Parsing relationship: /xl/_rels/workbook.xml.rels
16:12:16.713 [main] DEBUG - Parsing relationship: /xl/worksheets/_rels/sheet1.xml.rels
16:12:16.714 [main] DEBUG - Parsing relationship: /xl/worksheets/_rels/sheet2.xml.rels
16:12:16.714 [main] DEBUG - Parsing relationship: /_rels/.rels
16:12:25.909 [main] INFO  - element is present
16:12:25.909 [main] INFO  - element exists
16:12:25.914 [main] DEBUG - Parsing relationship: /xl/_rels/workbook.xml.rels
16:12:25.914 [main] DEBUG - Parsing relationship: /xl/worksheets/_rels/sheet1.xml.rels
16:12:25.915 [main] DEBUG - Parsing relationship: /xl/worksheets/_rels/sheet2.xml.rels
16:12:25.915 [main] DEBUG - Parsing relationship: /_rels/.rels
16:34:36.153 [main] INFO  - Goto my Merx Application-->Click on Login.
16:34:36.179 [main] INFO  - Entering email and password.. 
16:34:36.327 [main] INFO  - Entering user IDjohndoe@test.com
16:34:39.488 [main] INFO  - clicked on Sign in button...
16:34:46.094 [main] INFO  - The user has landing to the Merchandise page
16:34:56.104 [main] INFO  - Goto my Merx Application-->Click on Login.. 
16:34:58.234 [main] INFO  - element is present
16:34:58.598 [main] ERROR - SanityAutoTests12032024163458  is entered
16:34:58.598 [main] ERROR - SanityAutoTests12032024163458  is not entered
16:34:58.600 [main] INFO  - enter business name
16:34:58.701 [main] DEBUG - Parsing relationship: /xl/_rels/workbook.xml.rels
16:34:58.704 [main] DEBUG - Parsing relationship: /xl/worksheets/_rels/sheet1.xml.rels
16:34:58.705 [main] DEBUG - Parsing relationship: /xl/worksheets/_rels/sheet2.xml.rels
16:34:58.706 [main] DEBUG - Parsing relationship: /_rels/.rels
16:34:58.817 [main] TRACE - Loading type system org.apache.poi.schemas.ooxml.system.ooxml
16:34:58.819 [main] TRACE - Loading type system org.apache.xmlbeans.metadata.system.sXMLCONFIG
16:34:58.819 [main] TRACE - Loading type system org.apache.xmlbeans.metadata.system.sXMLLANG
16:34:58.820 [main] TRACE - Loading type system org.apache.xmlbeans.metadata.system.sXMLSCHEMA
16:34:58.820 [main] TRACE - Loading type system org.apache.xmlbeans.metadata.system.sXMLTOOLS
16:34:58.820 [main] TRACE - Reading unresolved handles for type system org.apache.xmlbeans.metadata.system.sXMLTOOLS
16:34:58.832 [main] TRACE - Finished loading type system org.apache.xmlbeans.metadata.system.sXMLTOOLS
16:34:58.832 [main] TRACE - Reading unresolved handles for type system org.apache.xmlbeans.metadata.system.sXMLSCHEMA
16:34:58.835 [main] TRACE - Finished loading type system org.apache.xmlbeans.metadata.system.sXMLSCHEMA
16:34:58.836 [main] TRACE - Reading unresolved handles for type system org.apache.xmlbeans.metadata.system.sXMLLANG
16:34:58.837 [main] TRACE - Finished loading type system org.apache.xmlbeans.metadata.system.sXMLLANG
16:34:58.838 [main] TRACE - Reading unresolved handles for type system org.apache.xmlbeans.metadata.system.sXMLCONFIG
16:34:58.839 [main] TRACE - Finished loading type system org.apache.xmlbeans.metadata.system.sXMLCONFIG
16:34:58.840 [main] TRACE - Reading unresolved handles for type system org.apache.poi.schemas.ooxml.system.ooxml
16:34:58.884 [main] TRACE - Finished loading type system org.apache.poi.schemas.ooxml.system.ooxml
16:34:58.886 [main] TRACE - Resolving type for handle themefd26doctype
16:34:58.939 [main] TRACE - Resolving type for handle stylesheet5d8bdoctype
16:34:58.943 [main] TRACE - Resolving type for handle ctstylesheet4257type
16:34:58.949 [main] TRACE - Resolving type for handle ctfonts6623type
16:34:58.952 [main] TRACE - Resolving type for handle ctfont14d8type
16:34:58.957 [main] TRACE - Resolving type for handle ctfills2c6ftype
16:34:58.959 [main] TRACE - Resolving type for handle ctfill550ctype
16:34:58.962 [main] TRACE - Resolving type for handle ctborders0d66type
16:34:58.965 [main] TRACE - Resolving type for handle ctborderf935type
16:34:58.968 [main] TRACE - Resolving type for handle ctcellxfs1322type
16:34:58.970 [main] TRACE - Resolving type for handle ctxf97f7type
16:34:58.972 [main] TRACE - Resolving type for handle ctcellstylexfsa81ftype
16:34:58.974 [main] TRACE - Resolving type for handle ctdxfsb26atype
16:34:58.976 [main] TRACE - Resolving type for handle sstf81fdoctype
16:34:58.980 [main] TRACE - Resolving type for handle ctsst44f3type
16:34:58.987 [main] TRACE - Resolving type for handle ctrsta472type
16:34:59.003 [main] TRACE - Resolving type for handle ctdrawing2748type
16:34:59.010 [main] TRACE - Resolving type for handle workbookec17doctype
16:34:59.014 [main] TRACE - Resolving type for handle ctworkbook83c3type
16:34:59.020 [main] TRACE - Resolving type for handle ctsheets49fdtype
16:34:59.022 [main] TRACE - Resolving type for handle ctsheet4dbetype
16:34:59.023 [main] TRACE - Resolving type for handle strelationshipid1e94type
16:34:59.025 [main] TRACE - Resolving type for handle worksheetf539doctype
16:34:59.033 [main] TRACE - Resolving type for handle ctworksheet530dtype
16:34:59.039 [main] TRACE - Resolving type for handle ctsheetdata8408type
16:34:59.042 [main] TRACE - Resolving type for handle ctrowdd39type
16:34:59.049 [main] TRACE - Resolving type for handle ctcell842btype
16:34:59.054 [main] TRACE - Resolving type for handle stcellrefe4e0type
16:34:59.061 [main] TRACE - Resolving type for handle ctcols627ctype
16:34:59.067 [main] TRACE - Resolving type for handle ctcola95ftype
16:34:59.123 [main] TRACE - Resolving type for handle ctdefinednamesce48type
16:34:59.127 [main] TRACE - Resolving type for handle ctbookviewsb864type
16:34:59.129 [main] TRACE - Resolving type for handle ctbookviewf677type
16:34:59.134 [main] TRACE - Resolving type for handle stcelltypebf95type
16:34:59.138 [main] TRACE - Resolving type for handle stxstringf179type
16:35:06.417 [main] DEBUG - Parsing relationship: /xl/_rels/workbook.xml.rels
16:35:06.419 [main] DEBUG - Parsing relationship: /xl/worksheets/_rels/sheet1.xml.rels
16:35:06.420 [main] DEBUG - Parsing relationship: /xl/worksheets/_rels/sheet2.xml.rels
16:35:06.421 [main] DEBUG - Parsing relationship: /_rels/.rels
16:35:29.857 [main] INFO  - Page has been focused on division page
16:35:29.863 [main] DEBUG - Parsing relationship: /xl/_rels/workbook.xml.rels
16:35:29.865 [main] DEBUG - Parsing relationship: /xl/worksheets/_rels/sheet1.xml.rels
16:35:29.866 [main] DEBUG - Parsing relationship: /xl/worksheets/_rels/sheet2.xml.rels
16:35:29.867 [main] DEBUG - Parsing relationship: /_rels/.rels
16:42:35.772 [main] INFO  - Goto my Merx Application-->Click on Login.
16:42:35.804 [main] INFO  - Entering email and password.. 
16:42:36.003 [main] INFO  - Entering user IDjohndoe@test.com
16:42:39.138 [main] INFO  - clicked on Sign in button...
16:42:43.893 [main] INFO  - The user has landing to the Merchandise page
16:42:53.902 [main] INFO  - Goto my Merx Application-->Click on Login.. 
16:42:56.044 [main] INFO  - element is present
16:42:56.363 [main] ERROR - SanityAutoTests12032024164256  is entered
16:42:56.364 [main] ERROR - SanityAutoTests12032024164256  is not entered
16:42:56.366 [main] INFO  - enter business name
16:42:56.487 [main] DEBUG - Parsing relationship: /xl/_rels/workbook.xml.rels
16:42:56.493 [main] DEBUG - Parsing relationship: /xl/worksheets/_rels/sheet1.xml.rels
16:42:56.496 [main] DEBUG - Parsing relationship: /xl/worksheets/_rels/sheet2.xml.rels
16:42:56.499 [main] DEBUG - Parsing relationship: /_rels/.rels
16:42:56.714 [main] TRACE - Loading type system org.apache.poi.schemas.ooxml.system.ooxml
16:42:56.717 [main] TRACE - Loading type system org.apache.xmlbeans.metadata.system.sXMLCONFIG
16:42:56.718 [main] TRACE - Loading type system org.apache.xmlbeans.metadata.system.sXMLLANG
16:42:56.719 [main] TRACE - Loading type system org.apache.xmlbeans.metadata.system.sXMLSCHEMA
16:42:56.720 [main] TRACE - Loading type system org.apache.xmlbeans.metadata.system.sXMLTOOLS
16:42:56.723 [main] TRACE - Reading unresolved handles for type system org.apache.xmlbeans.metadata.system.sXMLTOOLS
16:42:56.735 [main] TRACE - Finished loading type system org.apache.xmlbeans.metadata.system.sXMLTOOLS
16:42:56.736 [main] TRACE - Reading unresolved handles for type system org.apache.xmlbeans.metadata.system.sXMLSCHEMA
16:42:56.741 [main] TRACE - Finished loading type system org.apache.xmlbeans.metadata.system.sXMLSCHEMA
16:42:56.743 [main] TRACE - Reading unresolved handles for type system org.apache.xmlbeans.metadata.system.sXMLLANG
16:42:56.744 [main] TRACE - Finished loading type system org.apache.xmlbeans.metadata.system.sXMLLANG
16:42:56.744 [main] TRACE - Reading unresolved handles for type system org.apache.xmlbeans.metadata.system.sXMLCONFIG
16:42:56.745 [main] TRACE - Finished loading type system org.apache.xmlbeans.metadata.system.sXMLCONFIG
16:42:56.747 [main] TRACE - Reading unresolved handles for type system org.apache.poi.schemas.ooxml.system.ooxml
16:42:56.808 [main] TRACE - Finished loading type system org.apache.poi.schemas.ooxml.system.ooxml
16:42:56.808 [main] TRACE - Resolving type for handle themefd26doctype
16:42:56.885 [main] TRACE - Resolving type for handle stylesheet5d8bdoctype
16:42:56.893 [main] TRACE - Resolving type for handle ctstylesheet4257type
16:42:56.900 [main] TRACE - Resolving type for handle ctfonts6623type
16:42:56.906 [main] TRACE - Resolving type for handle ctfont14d8type
16:42:56.918 [main] TRACE - Resolving type for handle ctfills2c6ftype
16:42:56.923 [main] TRACE - Resolving type for handle ctfill550ctype
16:42:56.927 [main] TRACE - Resolving type for handle ctborders0d66type
16:42:56.933 [main] TRACE - Resolving type for handle ctborderf935type
16:42:56.938 [main] TRACE - Resolving type for handle ctcellxfs1322type
16:42:56.943 [main] TRACE - Resolving type for handle ctxf97f7type
16:42:56.950 [main] TRACE - Resolving type for handle ctcellstylexfsa81ftype
16:42:56.955 [main] TRACE - Resolving type for handle ctdxfsb26atype
16:42:56.960 [main] TRACE - Resolving type for handle sstf81fdoctype
16:42:56.969 [main] TRACE - Resolving type for handle ctsst44f3type
16:42:56.982 [main] TRACE - Resolving type for handle ctrsta472type
16:42:57.016 [main] TRACE - Resolving type for handle ctdrawing2748type
16:42:57.028 [main] TRACE - Resolving type for handle workbookec17doctype
16:42:57.033 [main] TRACE - Resolving type for handle ctworkbook83c3type
16:42:57.038 [main] TRACE - Resolving type for handle ctsheets49fdtype
16:42:57.040 [main] TRACE - Resolving type for handle ctsheet4dbetype
16:42:57.044 [main] TRACE - Resolving type for handle strelationshipid1e94type
16:42:57.047 [main] TRACE - Resolving type for handle worksheetf539doctype
16:42:57.057 [main] TRACE - Resolving type for handle ctworksheet530dtype
16:42:57.068 [main] TRACE - Resolving type for handle ctsheetdata8408type
16:42:57.070 [main] TRACE - Resolving type for handle ctrowdd39type
16:42:57.076 [main] TRACE - Resolving type for handle ctcell842btype
16:42:57.086 [main] TRACE - Resolving type for handle stcellrefe4e0type
16:42:57.098 [main] TRACE - Resolving type for handle ctcols627ctype
16:42:57.108 [main] TRACE - Resolving type for handle ctcola95ftype
16:42:57.185 [main] TRACE - Resolving type for handle ctdefinednamesce48type
16:42:57.190 [main] TRACE - Resolving type for handle ctbookviewsb864type
16:42:57.193 [main] TRACE - Resolving type for handle ctbookviewf677type
16:42:57.203 [main] TRACE - Resolving type for handle stcelltypebf95type
16:42:57.207 [main] TRACE - Resolving type for handle stxstringf179type
16:43:04.485 [main] DEBUG - Parsing relationship: /xl/_rels/workbook.xml.rels
16:43:04.486 [main] DEBUG - Parsing relationship: /xl/worksheets/_rels/sheet1.xml.rels
16:43:04.487 [main] DEBUG - Parsing relationship: /xl/worksheets/_rels/sheet2.xml.rels
16:43:04.488 [main] DEBUG - Parsing relationship: /_rels/.rels
16:43:26.877 [main] INFO  - Page has been focused on division page
16:43:26.884 [main] DEBUG - Parsing relationship: /xl/_rels/workbook.xml.rels
16:43:26.886 [main] DEBUG - Parsing relationship: /xl/worksheets/_rels/sheet1.xml.rels
16:43:26.887 [main] DEBUG - Parsing relationship: /xl/worksheets/_rels/sheet2.xml.rels
16:43:26.887 [main] DEBUG - Parsing relationship: /_rels/.rels
16:43:45.607 [main] DEBUG - Parsing relationship: /xl/_rels/workbook.xml.rels
16:43:45.608 [main] DEBUG - Parsing relationship: /xl/worksheets/_rels/sheet1.xml.rels
16:43:45.610 [main] DEBUG - Parsing relationship: /xl/worksheets/_rels/sheet2.xml.rels
16:43:45.611 [main] DEBUG - Parsing relationship: /_rels/.rels
16:43:47.830 [main] DEBUG - Parsing relationship: /xl/_rels/workbook.xml.rels
16:43:47.831 [main] DEBUG - Parsing relationship: /xl/worksheets/_rels/sheet1.xml.rels
16:43:47.832 [main] DEBUG - Parsing relationship: /xl/worksheets/_rels/sheet2.xml.rels
16:43:47.832 [main] DEBUG - Parsing relationship: /_rels/.rels
16:43:51.088 [main] DEBUG - Parsing relationship: /xl/_rels/workbook.xml.rels
16:43:51.090 [main] DEBUG - Parsing relationship: /xl/worksheets/_rels/sheet1.xml.rels
16:43:51.091 [main] DEBUG - Parsing relationship: /xl/worksheets/_rels/sheet2.xml.rels
16:43:51.092 [main] DEBUG - Parsing relationship: /_rels/.rels
16:44:00.265 [main] INFO  - element is present
16:44:00.266 [main] INFO  - element exists
16:44:00.271 [main] DEBUG - Parsing relationship: /xl/_rels/workbook.xml.rels
16:44:00.272 [main] DEBUG - Parsing relationship: /xl/worksheets/_rels/sheet1.xml.rels
16:44:00.273 [main] DEBUG - Parsing relationship: /xl/worksheets/_rels/sheet2.xml.rels
16:44:00.274 [main] DEBUG - Parsing relationship: /_rels/.rels
16:45:32.840 [main] INFO  - Goto my Merx Application-->Click on Login.
16:45:32.866 [main] INFO  - Entering email and password.. 
16:45:33.022 [main] INFO  - Entering user IDjohndoe@test.com
16:45:36.167 [main] INFO  - clicked on Sign in button...
16:45:40.915 [main] INFO  - The user has landing to the Merchandise page
16:45:50.923 [main] INFO  - Goto my Merx Application-->Click on Login.. 
16:45:53.049 [main] INFO  - element is present
16:45:53.426 [main] ERROR - SanityAutoTests12032024164553  is entered
16:45:53.426 [main] ERROR - SanityAutoTests12032024164553  is not entered
16:45:53.428 [main] INFO  - enter business name
16:45:53.545 [main] DEBUG - Parsing relationship: /xl/_rels/workbook.xml.rels
16:45:53.547 [main] DEBUG - Parsing relationship: /xl/worksheets/_rels/sheet1.xml.rels
16:45:53.549 [main] DEBUG - Parsing relationship: /xl/worksheets/_rels/sheet2.xml.rels
16:45:53.550 [main] DEBUG - Parsing relationship: /_rels/.rels
16:45:53.756 [main] TRACE - Loading type system org.apache.poi.schemas.ooxml.system.ooxml
16:45:53.759 [main] TRACE - Loading type system org.apache.xmlbeans.metadata.system.sXMLCONFIG
16:45:53.759 [main] TRACE - Loading type system org.apache.xmlbeans.metadata.system.sXMLLANG
16:45:53.760 [main] TRACE - Loading type system org.apache.xmlbeans.metadata.system.sXMLSCHEMA
16:45:53.761 [main] TRACE - Loading type system org.apache.xmlbeans.metadata.system.sXMLTOOLS
16:45:53.763 [main] TRACE - Reading unresolved handles for type system org.apache.xmlbeans.metadata.system.sXMLTOOLS
16:45:53.784 [main] TRACE - Finished loading type system org.apache.xmlbeans.metadata.system.sXMLTOOLS
16:45:53.786 [main] TRACE - Reading unresolved handles for type system org.apache.xmlbeans.metadata.system.sXMLSCHEMA
16:45:53.795 [main] TRACE - Finished loading type system org.apache.xmlbeans.metadata.system.sXMLSCHEMA
16:45:53.797 [main] TRACE - Reading unresolved handles for type system org.apache.xmlbeans.metadata.system.sXMLLANG
16:45:53.799 [main] TRACE - Finished loading type system org.apache.xmlbeans.metadata.system.sXMLLANG
16:45:53.800 [main] TRACE - Reading unresolved handles for type system org.apache.xmlbeans.metadata.system.sXMLCONFIG
16:45:53.803 [main] TRACE - Finished loading type system org.apache.xmlbeans.metadata.system.sXMLCONFIG
16:45:53.805 [main] TRACE - Reading unresolved handles for type system org.apache.poi.schemas.ooxml.system.ooxml
16:45:53.916 [main] TRACE - Finished loading type system org.apache.poi.schemas.ooxml.system.ooxml
16:45:53.917 [main] TRACE - Resolving type for handle themefd26doctype
16:45:53.968 [main] TRACE - Resolving type for handle stylesheet5d8bdoctype
16:45:53.974 [main] TRACE - Resolving type for handle ctstylesheet4257type
16:45:53.978 [main] TRACE - Resolving type for handle ctfonts6623type
16:45:53.981 [main] TRACE - Resolving type for handle ctfont14d8type
16:45:53.985 [main] TRACE - Resolving type for handle ctfills2c6ftype
16:45:53.988 [main] TRACE - Resolving type for handle ctfill550ctype
16:45:53.990 [main] TRACE - Resolving type for handle ctborders0d66type
16:45:53.994 [main] TRACE - Resolving type for handle ctborderf935type
16:45:53.998 [main] TRACE - Resolving type for handle ctcellxfs1322type
16:45:54.003 [main] TRACE - Resolving type for handle ctxf97f7type
16:45:54.007 [main] TRACE - Resolving type for handle ctcellstylexfsa81ftype
16:45:54.009 [main] TRACE - Resolving type for handle ctdxfsb26atype
16:45:54.014 [main] TRACE - Resolving type for handle sstf81fdoctype
16:45:54.020 [main] TRACE - Resolving type for handle ctsst44f3type
16:45:54.032 [main] TRACE - Resolving type for handle ctrsta472type
16:45:54.058 [main] TRACE - Resolving type for handle ctdrawing2748type
16:45:54.067 [main] TRACE - Resolving type for handle workbookec17doctype
16:45:54.073 [main] TRACE - Resolving type for handle ctworkbook83c3type
16:45:54.082 [main] TRACE - Resolving type for handle ctsheets49fdtype
16:45:54.084 [main] TRACE - Resolving type for handle ctsheet4dbetype
16:45:54.087 [main] TRACE - Resolving type for handle strelationshipid1e94type
16:45:54.089 [main] TRACE - Resolving type for handle worksheetf539doctype
16:45:54.098 [main] TRACE - Resolving type for handle ctworksheet530dtype
16:45:54.105 [main] TRACE - Resolving type for handle ctsheetdata8408type
16:45:54.110 [main] TRACE - Resolving type for handle ctrowdd39type
16:45:54.116 [main] TRACE - Resolving type for handle ctcell842btype
16:45:54.126 [main] TRACE - Resolving type for handle stcellrefe4e0type
16:45:54.133 [main] TRACE - Resolving type for handle ctcols627ctype
16:45:54.137 [main] TRACE - Resolving type for handle ctcola95ftype
16:45:54.211 [main] TRACE - Resolving type for handle ctdefinednamesce48type
16:45:54.215 [main] TRACE - Resolving type for handle ctbookviewsb864type
16:45:54.217 [main] TRACE - Resolving type for handle ctbookviewf677type
16:45:54.222 [main] TRACE - Resolving type for handle stcelltypebf95type
16:45:54.226 [main] TRACE - Resolving type for handle stxstringf179type
16:46:01.478 [main] DEBUG - Parsing relationship: /xl/_rels/workbook.xml.rels
16:46:01.480 [main] DEBUG - Parsing relationship: /xl/worksheets/_rels/sheet1.xml.rels
16:46:01.480 [main] DEBUG - Parsing relationship: /xl/worksheets/_rels/sheet2.xml.rels
16:46:01.481 [main] DEBUG - Parsing relationship: /_rels/.rels
16:46:15.894 [main] INFO  - Page has been focused on division page
16:46:15.900 [main] DEBUG - Parsing relationship: /xl/_rels/workbook.xml.rels
16:46:15.902 [main] DEBUG - Parsing relationship: /xl/worksheets/_rels/sheet1.xml.rels
16:46:15.903 [main] DEBUG - Parsing relationship: /xl/worksheets/_rels/sheet2.xml.rels
16:46:15.904 [main] DEBUG - Parsing relationship: /_rels/.rels
16:46:34.553 [main] DEBUG - Parsing relationship: /xl/_rels/workbook.xml.rels
16:46:34.554 [main] DEBUG - Parsing relationship: /xl/worksheets/_rels/sheet1.xml.rels
16:46:34.555 [main] DEBUG - Parsing relationship: /xl/worksheets/_rels/sheet2.xml.rels
16:46:34.556 [main] DEBUG - Parsing relationship: /_rels/.rels
16:46:36.786 [main] DEBUG - Parsing relationship: /xl/_rels/workbook.xml.rels
16:46:36.787 [main] DEBUG - Parsing relationship: /xl/worksheets/_rels/sheet1.xml.rels
16:46:36.788 [main] DEBUG - Parsing relationship: /xl/worksheets/_rels/sheet2.xml.rels
16:46:36.788 [main] DEBUG - Parsing relationship: /_rels/.rels
16:46:40.040 [main] DEBUG - Parsing relationship: /xl/_rels/workbook.xml.rels
16:46:40.042 [main] DEBUG - Parsing relationship: /xl/worksheets/_rels/sheet1.xml.rels
16:46:40.043 [main] DEBUG - Parsing relationship: /xl/worksheets/_rels/sheet2.xml.rels
16:46:40.043 [main] DEBUG - Parsing relationship: /_rels/.rels
16:46:49.277 [main] INFO  - element is present
16:46:49.278 [main] INFO  - element exists
16:46:49.284 [main] DEBUG - Parsing relationship: /xl/_rels/workbook.xml.rels
16:46:49.285 [main] DEBUG - Parsing relationship: /xl/worksheets/_rels/sheet1.xml.rels
16:46:49.286 [main] DEBUG - Parsing relationship: /xl/worksheets/_rels/sheet2.xml.rels
16:46:49.286 [main] DEBUG - Parsing relationship: /_rels/.rels
19:15:41.596 [main] INFO  - Goto my Merx Application-->Click on Login.
19:15:41.621 [main] INFO  - Entering email and password.. 
19:15:41.798 [main] INFO  - Entering user IDjohndoe@test.com
19:15:44.941 [main] INFO  - clicked on Sign in button...
19:15:49.519 [main] INFO  - The user has landing to the Merchandise page
19:15:59.532 [main] INFO  - Goto my Merx Application-->Click on Login.. 
19:16:01.715 [main] INFO  - element is present
19:16:02.046 [main] ERROR - SanityAutoTests12032024191601  is entered
19:16:02.046 [main] ERROR - SanityAutoTests12032024191601  is not entered
19:16:02.049 [main] INFO  - enter business name
19:16:02.219 [main] DEBUG - Parsing relationship: /xl/_rels/workbook.xml.rels
19:16:02.238 [main] DEBUG - Parsing relationship: /xl/worksheets/_rels/sheet1.xml.rels
19:16:02.238 [main] DEBUG - Parsing relationship: /xl/worksheets/_rels/sheet2.xml.rels
19:16:02.238 [main] DEBUG - Parsing relationship: /_rels/.rels
19:16:02.455 [main] TRACE - Loading type system org.apache.poi.schemas.ooxml.system.ooxml
19:16:02.471 [main] TRACE - Loading type system org.apache.xmlbeans.metadata.system.sXMLCONFIG
19:16:02.471 [main] TRACE - Loading type system org.apache.xmlbeans.metadata.system.sXMLLANG
19:16:02.471 [main] TRACE - Loading type system org.apache.xmlbeans.metadata.system.sXMLSCHEMA
19:16:02.471 [main] TRACE - Loading type system org.apache.xmlbeans.metadata.system.sXMLTOOLS
19:16:02.471 [main] TRACE - Reading unresolved handles for type system org.apache.xmlbeans.metadata.system.sXMLTOOLS
19:16:02.502 [main] TRACE - Finished loading type system org.apache.xmlbeans.metadata.system.sXMLTOOLS
19:16:02.502 [main] TRACE - Reading unresolved handles for type system org.apache.xmlbeans.metadata.system.sXMLSCHEMA
19:16:02.502 [main] TRACE - Finished loading type system org.apache.xmlbeans.metadata.system.sXMLSCHEMA
19:16:02.518 [main] TRACE - Reading unresolved handles for type system org.apache.xmlbeans.metadata.system.sXMLLANG
19:16:02.518 [main] TRACE - Finished loading type system org.apache.xmlbeans.metadata.system.sXMLLANG
19:16:02.518 [main] TRACE - Reading unresolved handles for type system org.apache.xmlbeans.metadata.system.sXMLCONFIG
19:16:02.518 [main] TRACE - Finished loading type system org.apache.xmlbeans.metadata.system.sXMLCONFIG
19:16:02.518 [main] TRACE - Reading unresolved handles for type system org.apache.poi.schemas.ooxml.system.ooxml
19:16:02.566 [main] TRACE - Finished loading type system org.apache.poi.schemas.ooxml.system.ooxml
19:16:02.578 [main] TRACE - Resolving type for handle themefd26doctype
19:16:02.626 [main] TRACE - Resolving type for handle stylesheet5d8bdoctype
19:16:02.638 [main] TRACE - Resolving type for handle ctstylesheet4257type
19:16:02.642 [main] TRACE - Resolving type for handle ctfonts6623type
19:16:02.658 [main] TRACE - Resolving type for handle ctfont14d8type
19:16:02.658 [main] TRACE - Resolving type for handle ctfills2c6ftype
19:16:02.674 [main] TRACE - Resolving type for handle ctfill550ctype
19:16:02.674 [main] TRACE - Resolving type for handle ctborders0d66type
19:16:02.689 [main] TRACE - Resolving type for handle ctborderf935type
19:16:02.689 [main] TRACE - Resolving type for handle ctcellxfs1322type
19:16:02.689 [main] TRACE - Resolving type for handle ctxf97f7type
19:16:02.705 [main] TRACE - Resolving type for handle ctcellstylexfsa81ftype
19:16:02.705 [main] TRACE - Resolving type for handle ctdxfsb26atype
19:16:02.721 [main] TRACE - Resolving type for handle sstf81fdoctype
19:16:02.721 [main] TRACE - Resolving type for handle ctsst44f3type
19:16:02.738 [main] TRACE - Resolving type for handle ctrsta472type
19:16:02.784 [main] TRACE - Resolving type for handle ctdrawing2748type
19:16:02.799 [main] TRACE - Resolving type for handle workbookec17doctype
19:16:02.799 [main] TRACE - Resolving type for handle ctworkbook83c3type
19:16:02.815 [main] TRACE - Resolving type for handle ctsheets49fdtype
19:16:02.815 [main] TRACE - Resolving type for handle ctsheet4dbetype
19:16:02.815 [main] TRACE - Resolving type for handle strelationshipid1e94type
19:16:02.830 [main] TRACE - Resolving type for handle worksheetf539doctype
19:16:02.838 [main] TRACE - Resolving type for handle ctworksheet530dtype
19:16:02.846 [main] TRACE - Resolving type for handle ctsheetdata8408type
19:16:02.846 [main] TRACE - Resolving type for handle ctrowdd39type
19:16:02.846 [main] TRACE - Resolving type for handle ctcell842btype
19:16:02.862 [main] TRACE - Resolving type for handle stcellrefe4e0type
19:16:02.862 [main] TRACE - Resolving type for handle ctcols627ctype
19:16:02.878 [main] TRACE - Resolving type for handle ctcola95ftype
19:16:02.956 [main] TRACE - Resolving type for handle ctdefinednamesce48type
19:16:02.956 [main] TRACE - Resolving type for handle ctbookviewsb864type
19:16:02.972 [main] TRACE - Resolving type for handle ctbookviewf677type
19:16:02.972 [main] TRACE - Resolving type for handle stcelltypebf95type
19:16:02.972 [main] TRACE - Resolving type for handle stxstringf179type
19:16:10.281 [main] DEBUG - Parsing relationship: /xl/_rels/workbook.xml.rels
19:16:10.281 [main] DEBUG - Parsing relationship: /xl/worksheets/_rels/sheet1.xml.rels
19:16:10.281 [main] DEBUG - Parsing relationship: /xl/worksheets/_rels/sheet2.xml.rels
19:16:10.297 [main] DEBUG - Parsing relationship: /_rels/.rels
19:16:33.484 [main] INFO  - Goto my Merx Application-->Click on Login.
19:16:33.505 [main] INFO  - Entering email and password.. 
19:16:33.670 [main] INFO  - Entering user IDjohndoe@test.com
19:16:36.831 [main] INFO  - clicked on Sign in button...
19:16:41.224 [main] INFO  - The user has landing to the Merchandise page
19:16:51.236 [main] INFO  - Goto my Merx Application-->Click on Login.. 
19:16:53.387 [main] INFO  - element is present
19:16:53.725 [main] ERROR - SanityAutoTests12032024191653  is entered
19:16:53.725 [main] ERROR - SanityAutoTests12032024191653  is not entered
19:16:53.728 [main] INFO  - enter business name
19:16:53.838 [main] DEBUG - Parsing relationship: /xl/_rels/workbook.xml.rels
19:16:53.838 [main] DEBUG - Parsing relationship: /xl/worksheets/_rels/sheet1.xml.rels
19:16:53.838 [main] DEBUG - Parsing relationship: /xl/worksheets/_rels/sheet2.xml.rels
19:16:53.854 [main] DEBUG - Parsing relationship: /_rels/.rels
19:16:54.011 [main] TRACE - Loading type system org.apache.poi.schemas.ooxml.system.ooxml
19:16:54.011 [main] TRACE - Loading type system org.apache.xmlbeans.metadata.system.sXMLCONFIG
19:16:54.011 [main] TRACE - Loading type system org.apache.xmlbeans.metadata.system.sXMLLANG
19:16:54.011 [main] TRACE - Loading type system org.apache.xmlbeans.metadata.system.sXMLSCHEMA
19:16:54.027 [main] TRACE - Loading type system org.apache.xmlbeans.metadata.system.sXMLTOOLS
19:16:54.027 [main] TRACE - Reading unresolved handles for type system org.apache.xmlbeans.metadata.system.sXMLTOOLS
19:16:54.043 [main] TRACE - Finished loading type system org.apache.xmlbeans.metadata.system.sXMLTOOLS
19:16:54.043 [main] TRACE - Reading unresolved handles for type system org.apache.xmlbeans.metadata.system.sXMLSCHEMA
19:16:54.043 [main] TRACE - Finished loading type system org.apache.xmlbeans.metadata.system.sXMLSCHEMA
19:16:54.043 [main] TRACE - Reading unresolved handles for type system org.apache.xmlbeans.metadata.system.sXMLLANG
19:16:54.043 [main] TRACE - Finished loading type system org.apache.xmlbeans.metadata.system.sXMLLANG
19:16:54.043 [main] TRACE - Reading unresolved handles for type system org.apache.xmlbeans.metadata.system.sXMLCONFIG
19:16:54.043 [main] TRACE - Finished loading type system org.apache.xmlbeans.metadata.system.sXMLCONFIG
19:16:54.043 [main] TRACE - Reading unresolved handles for type system org.apache.poi.schemas.ooxml.system.ooxml
19:16:54.127 [main] TRACE - Finished loading type system org.apache.poi.schemas.ooxml.system.ooxml
19:16:54.127 [main] TRACE - Resolving type for handle themefd26doctype
19:16:54.200 [main] TRACE - Resolving type for handle stylesheet5d8bdoctype
19:16:54.222 [main] TRACE - Resolving type for handle ctstylesheet4257type
19:16:54.228 [main] TRACE - Resolving type for handle ctfonts6623type
19:16:54.231 [main] TRACE - Resolving type for handle ctfont14d8type
19:16:54.248 [main] TRACE - Resolving type for handle ctfills2c6ftype
19:16:54.248 [main] TRACE - Resolving type for handle ctfill550ctype
19:16:54.260 [main] TRACE - Resolving type for handle ctborders0d66type
19:16:54.265 [main] TRACE - Resolving type for handle ctborderf935type
19:16:54.272 [main] TRACE - Resolving type for handle ctcellxfs1322type
19:16:54.277 [main] TRACE - Resolving type for handle ctxf97f7type
19:16:54.284 [main] TRACE - Resolving type for handle ctcellstylexfsa81ftype
19:16:54.288 [main] TRACE - Resolving type for handle ctdxfsb26atype
19:16:54.293 [main] TRACE - Resolving type for handle sstf81fdoctype
19:16:54.293 [main] TRACE - Resolving type for handle ctsst44f3type
19:16:54.310 [main] TRACE - Resolving type for handle ctrsta472type
19:16:54.356 [main] TRACE - Resolving type for handle ctdrawing2748type
19:16:54.372 [main] TRACE - Resolving type for handle workbookec17doctype
19:16:54.387 [main] TRACE - Resolving type for handle ctworkbook83c3type
19:16:54.403 [main] TRACE - Resolving type for handle ctsheets49fdtype
19:16:54.403 [main] TRACE - Resolving type for handle ctsheet4dbetype
19:16:54.419 [main] TRACE - Resolving type for handle strelationshipid1e94type
19:16:54.419 [main] TRACE - Resolving type for handle worksheetf539doctype
19:16:54.435 [main] TRACE - Resolving type for handle ctworksheet530dtype
19:16:54.450 [main] TRACE - Resolving type for handle ctsheetdata8408type
19:16:54.450 [main] TRACE - Resolving type for handle ctrowdd39type
19:16:54.450 [main] TRACE - Resolving type for handle ctcell842btype
19:16:54.466 [main] TRACE - Resolving type for handle stcellrefe4e0type
19:16:54.497 [main] TRACE - Resolving type for handle ctcols627ctype
19:16:54.497 [main] TRACE - Resolving type for handle ctcola95ftype
19:16:54.593 [main] TRACE - Resolving type for handle ctdefinednamesce48type
19:16:54.593 [main] TRACE - Resolving type for handle ctbookviewsb864type
19:16:54.593 [main] TRACE - Resolving type for handle ctbookviewf677type
19:16:54.612 [main] TRACE - Resolving type for handle stcelltypebf95type
19:16:54.614 [main] TRACE - Resolving type for handle stxstringf179type
19:17:01.947 [main] DEBUG - Parsing relationship: /xl/_rels/workbook.xml.rels
19:17:01.947 [main] DEBUG - Parsing relationship: /xl/worksheets/_rels/sheet1.xml.rels
19:17:01.947 [main] DEBUG - Parsing relationship: /xl/worksheets/_rels/sheet2.xml.rels
19:17:01.947 [main] DEBUG - Parsing relationship: /_rels/.rels
19:17:16.259 [main] INFO  - Page has been focused on division page
19:17:16.275 [main] DEBUG - Parsing relationship: /xl/_rels/workbook.xml.rels
19:17:16.280 [main] DEBUG - Parsing relationship: /xl/worksheets/_rels/sheet1.xml.rels
19:17:16.280 [main] DEBUG - Parsing relationship: /xl/worksheets/_rels/sheet2.xml.rels
19:17:16.280 [main] DEBUG - Parsing relationship: /_rels/.rels
19:17:35.330 [main] DEBUG - Parsing relationship: /xl/_rels/workbook.xml.rels
19:17:35.330 [main] DEBUG - Parsing relationship: /xl/worksheets/_rels/sheet1.xml.rels
19:17:35.330 [main] DEBUG - Parsing relationship: /xl/worksheets/_rels/sheet2.xml.rels
19:17:35.330 [main] DEBUG - Parsing relationship: /_rels/.rels
19:53:50.379 [main] INFO  - Goto my Merx Application-->Click on Login.
19:53:50.402 [main] INFO  - Entering email and password.. 
19:53:50.585 [main] INFO  - Entering user IDjohndoe@test.com
19:53:53.747 [main] INFO  - clicked on Sign in button...
19:53:57.203 [main] INFO  - The user has landing to the Merchandise page
19:54:07.204 [main] INFO  - Goto my Merx Application-->Click on Login.. 
19:54:09.339 [main] INFO  - element is present
19:54:09.638 [main] ERROR - SanityAutoTests12032024195409  is entered
19:54:09.638 [main] ERROR - SanityAutoTests12032024195409  is not entered
19:54:09.641 [main] INFO  - enter business name
19:54:09.784 [main] DEBUG - Parsing relationship: /xl/_rels/workbook.xml.rels
19:54:09.801 [main] DEBUG - Parsing relationship: /xl/worksheets/_rels/sheet1.xml.rels
19:54:09.801 [main] DEBUG - Parsing relationship: /xl/worksheets/_rels/sheet2.xml.rels
19:54:09.801 [main] DEBUG - Parsing relationship: /_rels/.rels
19:54:10.020 [main] TRACE - Loading type system org.apache.poi.schemas.ooxml.system.ooxml
19:54:10.036 [main] TRACE - Loading type system org.apache.xmlbeans.metadata.system.sXMLCONFIG
19:54:10.036 [main] TRACE - Loading type system org.apache.xmlbeans.metadata.system.sXMLLANG
19:54:10.036 [main] TRACE - Loading type system org.apache.xmlbeans.metadata.system.sXMLSCHEMA
19:54:10.036 [main] TRACE - Loading type system org.apache.xmlbeans.metadata.system.sXMLTOOLS
19:54:10.036 [main] TRACE - Reading unresolved handles for type system org.apache.xmlbeans.metadata.system.sXMLTOOLS
19:54:10.061 [main] TRACE - Finished loading type system org.apache.xmlbeans.metadata.system.sXMLTOOLS
19:54:10.067 [main] TRACE - Reading unresolved handles for type system org.apache.xmlbeans.metadata.system.sXMLSCHEMA
19:54:10.067 [main] TRACE - Finished loading type system org.apache.xmlbeans.metadata.system.sXMLSCHEMA
19:54:10.083 [main] TRACE - Reading unresolved handles for type system org.apache.xmlbeans.metadata.system.sXMLLANG
19:54:10.083 [main] TRACE - Finished loading type system org.apache.xmlbeans.metadata.system.sXMLLANG
19:54:10.083 [main] TRACE - Reading unresolved handles for type system org.apache.xmlbeans.metadata.system.sXMLCONFIG
19:54:10.083 [main] TRACE - Finished loading type system org.apache.xmlbeans.metadata.system.sXMLCONFIG
19:54:10.083 [main] TRACE - Reading unresolved handles for type system org.apache.poi.schemas.ooxml.system.ooxml
19:54:10.145 [main] TRACE - Finished loading type system org.apache.poi.schemas.ooxml.system.ooxml
19:54:10.145 [main] TRACE - Resolving type for handle themefd26doctype
19:54:10.224 [main] TRACE - Resolving type for handle stylesheet5d8bdoctype
19:54:10.224 [main] TRACE - Resolving type for handle ctstylesheet4257type
19:54:10.224 [main] TRACE - Resolving type for handle ctfonts6623type
19:54:10.224 [main] TRACE - Resolving type for handle ctfont14d8type
19:54:10.240 [main] TRACE - Resolving type for handle ctfills2c6ftype
19:54:10.240 [main] TRACE - Resolving type for handle ctfill550ctype
19:54:10.240 [main] TRACE - Resolving type for handle ctborders0d66type
19:54:10.255 [main] TRACE - Resolving type for handle ctborderf935type
19:54:10.255 [main] TRACE - Resolving type for handle ctcellxfs1322type
19:54:10.261 [main] TRACE - Resolving type for handle ctxf97f7type
19:54:10.261 [main] TRACE - Resolving type for handle ctcellstylexfsa81ftype
19:54:10.261 [main] TRACE - Resolving type for handle ctdxfsb26atype
19:54:10.271 [main] TRACE - Resolving type for handle sstf81fdoctype
19:54:10.271 [main] TRACE - Resolving type for handle ctsst44f3type
19:54:10.287 [main] TRACE - Resolving type for handle ctrsta472type
19:54:10.303 [main] TRACE - Resolving type for handle ctdrawing2748type
19:54:10.318 [main] TRACE - Resolving type for handle workbookec17doctype
19:54:10.318 [main] TRACE - Resolving type for handle ctworkbook83c3type
19:54:10.334 [main] TRACE - Resolving type for handle ctsheets49fdtype
19:54:10.334 [main] TRACE - Resolving type for handle ctsheet4dbetype
19:54:10.334 [main] TRACE - Resolving type for handle strelationshipid1e94type
19:54:10.334 [main] TRACE - Resolving type for handle worksheetf539doctype
19:54:10.334 [main] TRACE - Resolving type for handle ctworksheet530dtype
19:54:10.361 [main] TRACE - Resolving type for handle ctsheetdata8408type
19:54:10.361 [main] TRACE - Resolving type for handle ctrowdd39type
19:54:10.366 [main] TRACE - Resolving type for handle ctcell842btype
19:54:10.381 [main] TRACE - Resolving type for handle stcellrefe4e0type
19:54:10.397 [main] TRACE - Resolving type for handle ctcols627ctype
19:54:10.413 [main] TRACE - Resolving type for handle ctcola95ftype
19:54:10.492 [main] TRACE - Resolving type for handle ctdefinednamesce48type
19:54:10.507 [main] TRACE - Resolving type for handle ctbookviewsb864type
19:54:10.507 [main] TRACE - Resolving type for handle ctbookviewf677type
19:54:10.523 [main] TRACE - Resolving type for handle stcelltypebf95type
19:54:10.539 [main] TRACE - Resolving type for handle stxstringf179type
19:54:17.869 [main] DEBUG - Parsing relationship: /xl/_rels/workbook.xml.rels
19:54:17.869 [main] DEBUG - Parsing relationship: /xl/worksheets/_rels/sheet1.xml.rels
19:54:17.869 [main] DEBUG - Parsing relationship: /xl/worksheets/_rels/sheet2.xml.rels
19:54:17.869 [main] DEBUG - Parsing relationship: /_rels/.rels
19:54:32.161 [main] INFO  - Page has been focused on division page
19:54:32.161 [main] DEBUG - Parsing relationship: /xl/_rels/workbook.xml.rels
19:54:32.161 [main] DEBUG - Parsing relationship: /xl/worksheets/_rels/sheet1.xml.rels
19:54:32.161 [main] DEBUG - Parsing relationship: /xl/worksheets/_rels/sheet2.xml.rels
19:54:32.177 [main] DEBUG - Parsing relationship: /_rels/.rels
19:54:51.177 [main] DEBUG - Parsing relationship: /xl/_rels/workbook.xml.rels
19:54:51.177 [main] DEBUG - Parsing relationship: /xl/worksheets/_rels/sheet1.xml.rels
19:54:51.177 [main] DEBUG - Parsing relationship: /xl/worksheets/_rels/sheet2.xml.rels
19:54:51.177 [main] DEBUG - Parsing relationship: /_rels/.rels
19:54:51.232 [main] INFO  - element is present
19:54:51.591 [main] ERROR - SanityAutoTests12032024195451  is entered
19:54:51.591 [main] ERROR - SanityAutoTests12032024195451  is not entered
19:54:51.593 [main] INFO  - entered Diviion name
19:54:51.598 [main] DEBUG - Parsing relationship: /xl/_rels/workbook.xml.rels
19:54:51.600 [main] DEBUG - Parsing relationship: /xl/worksheets/_rels/sheet1.xml.rels
19:54:51.601 [main] DEBUG - Parsing relationship: /xl/worksheets/_rels/sheet2.xml.rels
19:54:51.601 [main] DEBUG - Parsing relationship: /_rels/.rels
19:54:54.846 [main] DEBUG - Parsing relationship: /xl/_rels/workbook.xml.rels
19:54:54.861 [main] DEBUG - Parsing relationship: /xl/worksheets/_rels/sheet1.xml.rels
19:54:54.862 [main] DEBUG - Parsing relationship: /xl/worksheets/_rels/sheet2.xml.rels
19:54:54.862 [main] DEBUG - Parsing relationship: /_rels/.rels
19:55:06.406 [main] INFO  - element is present
19:55:06.406 [main] INFO  - element exists
19:55:06.406 [main] DEBUG - Parsing relationship: /xl/_rels/workbook.xml.rels
19:55:06.406 [main] DEBUG - Parsing relationship: /xl/worksheets/_rels/sheet1.xml.rels
19:55:06.406 [main] DEBUG - Parsing relationship: /xl/worksheets/_rels/sheet2.xml.rels
19:55:06.406 [main] DEBUG - Parsing relationship: /_rels/.rels
19:55:25.463 [main] INFO  - element is present
19:55:25.810 [main] ERROR - SanityAutoTests12032024195525  is entered
19:55:25.810 [main] ERROR - SanityAutoTests12032024195525  is not entered
19:55:25.812 [main] INFO  - entered Group name
20:03:23.536 [main] INFO  - Goto my Merx Application-->Click on Login.
20:03:23.558 [main] INFO  - Entering email and password.. 
20:03:23.709 [main] INFO  - Entering user IDjohndoe@test.com
20:03:26.846 [main] INFO  - clicked on Sign in button...
20:03:31.566 [main] INFO  - The user has landing to the Merchandise page
20:03:41.581 [main] INFO  - Goto my Merx Application-->Click on Login.. 
20:03:43.772 [main] INFO  - element is present
20:03:44.105 [main] ERROR - SanityAutoTests12032024200343  is entered
20:03:44.106 [main] ERROR - SanityAutoTests12032024200343  is not entered
20:03:44.108 [main] INFO  - enter business name
20:03:44.274 [main] DEBUG - Parsing relationship: /xl/_rels/workbook.xml.rels
20:03:44.274 [main] DEBUG - Parsing relationship: /xl/worksheets/_rels/sheet1.xml.rels
20:03:44.274 [main] DEBUG - Parsing relationship: /xl/worksheets/_rels/sheet2.xml.rels
20:03:44.287 [main] DEBUG - Parsing relationship: /_rels/.rels
20:03:44.460 [main] TRACE - Loading type system org.apache.poi.schemas.ooxml.system.ooxml
20:03:44.460 [main] TRACE - Loading type system org.apache.xmlbeans.metadata.system.sXMLCONFIG
20:03:44.460 [main] TRACE - Loading type system org.apache.xmlbeans.metadata.system.sXMLLANG
20:03:44.460 [main] TRACE - Loading type system org.apache.xmlbeans.metadata.system.sXMLSCHEMA
20:03:44.460 [main] TRACE - Loading type system org.apache.xmlbeans.metadata.system.sXMLTOOLS
20:03:44.474 [main] TRACE - Reading unresolved handles for type system org.apache.xmlbeans.metadata.system.sXMLTOOLS
20:03:44.492 [main] TRACE - Finished loading type system org.apache.xmlbeans.metadata.system.sXMLTOOLS
20:03:44.492 [main] TRACE - Reading unresolved handles for type system org.apache.xmlbeans.metadata.system.sXMLSCHEMA
20:03:44.492 [main] TRACE - Finished loading type system org.apache.xmlbeans.metadata.system.sXMLSCHEMA
20:03:44.492 [main] TRACE - Reading unresolved handles for type system org.apache.xmlbeans.metadata.system.sXMLLANG
20:03:44.492 [main] TRACE - Finished loading type system org.apache.xmlbeans.metadata.system.sXMLLANG
20:03:44.492 [main] TRACE - Reading unresolved handles for type system org.apache.xmlbeans.metadata.system.sXMLCONFIG
20:03:44.492 [main] TRACE - Finished loading type system org.apache.xmlbeans.metadata.system.sXMLCONFIG
20:03:44.507 [main] TRACE - Reading unresolved handles for type system org.apache.poi.schemas.ooxml.system.ooxml
20:03:44.630 [main] TRACE - Finished loading type system org.apache.poi.schemas.ooxml.system.ooxml
20:03:44.631 [main] TRACE - Resolving type for handle themefd26doctype
20:03:44.662 [main] TRACE - Resolving type for handle stylesheet5d8bdoctype
20:03:44.673 [main] TRACE - Resolving type for handle ctstylesheet4257type
20:03:44.678 [main] TRACE - Resolving type for handle ctfonts6623type
20:03:44.678 [main] TRACE - Resolving type for handle ctfont14d8type
20:03:44.678 [main] TRACE - Resolving type for handle ctfills2c6ftype
20:03:44.678 [main] TRACE - Resolving type for handle ctfill550ctype
20:03:44.694 [main] TRACE - Resolving type for handle ctborders0d66type
20:03:44.694 [main] TRACE - Resolving type for handle ctborderf935type
20:03:44.694 [main] TRACE - Resolving type for handle ctcellxfs1322type
20:03:44.694 [main] TRACE - Resolving type for handle ctxf97f7type
20:03:44.694 [main] TRACE - Resolving type for handle ctcellstylexfsa81ftype
20:03:44.694 [main] TRACE - Resolving type for handle ctdxfsb26atype
20:03:44.710 [main] TRACE - Resolving type for handle sstf81fdoctype
20:03:44.710 [main] TRACE - Resolving type for handle ctsst44f3type
20:03:44.710 [main] TRACE - Resolving type for handle ctrsta472type
20:03:44.741 [main] TRACE - Resolving type for handle ctdrawing2748type
20:03:44.757 [main] TRACE - Resolving type for handle workbookec17doctype
20:03:44.757 [main] TRACE - Resolving type for handle ctworkbook83c3type
20:03:44.757 [main] TRACE - Resolving type for handle ctsheets49fdtype
20:03:44.757 [main] TRACE - Resolving type for handle ctsheet4dbetype
20:03:44.776 [main] TRACE - Resolving type for handle strelationshipid1e94type
20:03:44.777 [main] TRACE - Resolving type for handle worksheetf539doctype
20:03:44.777 [main] TRACE - Resolving type for handle ctworksheet530dtype
20:03:44.788 [main] TRACE - Resolving type for handle ctsheetdata8408type
20:03:44.788 [main] TRACE - Resolving type for handle ctrowdd39type
20:03:44.804 [main] TRACE - Resolving type for handle ctcell842btype
20:03:44.804 [main] TRACE - Resolving type for handle stcellrefe4e0type
20:03:44.819 [main] TRACE - Resolving type for handle ctcols627ctype
20:03:44.819 [main] TRACE - Resolving type for handle ctcola95ftype
20:03:44.882 [main] TRACE - Resolving type for handle ctdefinednamesce48type
20:03:44.898 [main] TRACE - Resolving type for handle ctbookviewsb864type
20:03:44.898 [main] TRACE - Resolving type for handle ctbookviewf677type
20:03:44.898 [main] TRACE - Resolving type for handle stcelltypebf95type
20:03:44.914 [main] TRACE - Resolving type for handle stxstringf179type
20:03:52.194 [main] DEBUG - Parsing relationship: /xl/_rels/workbook.xml.rels
20:03:52.210 [main] DEBUG - Parsing relationship: /xl/worksheets/_rels/sheet1.xml.rels
20:03:52.210 [main] DEBUG - Parsing relationship: /xl/worksheets/_rels/sheet2.xml.rels
20:03:52.210 [main] DEBUG - Parsing relationship: /_rels/.rels
20:04:06.543 [main] INFO  - Page has been focused on division page
20:04:06.543 [main] DEBUG - Parsing relationship: /xl/_rels/workbook.xml.rels
20:04:06.557 [main] DEBUG - Parsing relationship: /xl/worksheets/_rels/sheet1.xml.rels
