23:25:52.614 [main] TRACE - Reading unresolved handles for type system org.apache.xmlbeans.metadata.system.sXMLLANG
23:25:52.626 [main] TRACE - Finished loading type system org.apache.xmlbeans.metadata.system.sXMLLANG
23:25:52.627 [main] TRACE - Reading unresolved handles for type system org.apache.xmlbeans.metadata.system.sXMLCONFIG
23:25:52.629 [main] TRACE - Finished loading type system org.apache.xmlbeans.metadata.system.sXMLCONFIG
23:25:52.631 [main] TRACE - Reading unresolved handles for type system org.apache.poi.schemas.ooxml.system.ooxml
23:25:52.689 [main] TRACE - Finished loading type system org.apache.poi.schemas.ooxml.system.ooxml
23:25:52.693 [main] TRACE - Resolving type for handle themefd26doctype
23:25:52.756 [main] TRACE - Resolving type for handle stylesheet5d8bdoctype
23:25:52.762 [main] TRACE - Resolving type for handle ctstylesheet4257type
23:25:52.766 [main] TRACE - Resolving type for handle ctfonts6623type
23:25:52.768 [main] TRACE - Resolving type for handle ctfont14d8type
23:25:52.776 [main] TRACE - Resolving type for handle ctfills2c6ftype
23:25:52.778 [main] TRACE - Resolving type for handle ctfill550ctype
23:25:52.779 [main] TRACE - Resolving type for handle ctborders0d66type
23:25:52.781 [main] TRACE - Resolving type for handle ctborderf935type
23:25:52.783 [main] TRACE - Resolving type for handle ctcellxfs1322type
23:25:52.785 [main] TRACE - Resolving type for handle ctxf97f7type
23:25:52.788 [main] TRACE - Resolving type for handle ctcellstylexfsa81ftype
23:25:52.790 [main] TRACE - Resolving type for handle ctdxfsb26atype
23:25:52.793 [main] TRACE - Resolving type for handle sstf81fdoctype
23:25:52.797 [main] TRACE - Resolving type for handle ctsst44f3type
23:25:52.806 [main] TRACE - Resolving type for handle ctrsta472type
23:25:52.825 [main] TRACE - Resolving type for handle ctdrawing2748type
23:25:52.833 [main] TRACE - Resolving type for handle workbookec17doctype
23:25:52.838 [main] TRACE - Resolving type for handle ctworkbook83c3type
23:25:52.844 [main] TRACE - Resolving type for handle ctsheets49fdtype
23:25:52.846 [main] TRACE - Resolving type for handle ctsheet4dbetype
23:25:52.848 [main] TRACE - Resolving type for handle strelationshipid1e94type
23:25:52.851 [main] TRACE - Resolving type for handle worksheetf539doctype
23:25:52.857 [main] TRACE - Resolving type for handle ctworksheet530dtype
23:25:52.861 [main] TRACE - Resolving type for handle ctsheetdata8408type
23:25:52.864 [main] TRACE - Resolving type for handle ctrowdd39type
23:25:52.868 [main] TRACE - Resolving type for handle ctcell842btype
23:25:52.874 [main] TRACE - Resolving type for handle stcellrefe4e0type
23:25:52.881 [main] TRACE - Resolving type for handle ctcols627ctype
23:25:52.886 [main] TRACE - Resolving type for handle ctcola95ftype
23:25:52.945 [main] TRACE - Resolving type for handle ctdefinednamesce48type
23:25:52.951 [main] TRACE - Resolving type for handle ctbookviewsb864type
23:25:52.952 [main] TRACE - Resolving type for handle ctbookviewf677type
23:25:52.957 [main] TRACE - Resolving type for handle stcelltypebf95type
23:25:52.961 [main] TRACE - Resolving type for handle stxstringf179type
23:29:06.655 [main] INFO  - Goto my Merx Application-->Click on Login.. 
23:29:06.687 [main] INFO  - Entering email and password.. 
23:29:10.034 [main] INFO  - clicked on Sign in button...
23:29:12.870 [main] INFO  - Goto my Merx Application-->Click on Login.. 
23:29:15.096 [main] DEBUG - Parsing relationship: /xl/_rels/workbook.xml.rels
23:29:15.098 [main] DEBUG - Parsing relationship: /xl/worksheets/_rels/sheet1.xml.rels
23:29:15.099 [main] DEBUG - Parsing relationship: /xl/worksheets/_rels/sheet2.xml.rels
23:29:15.101 [main] DEBUG - Parsing relationship: /_rels/.rels
23:29:15.272 [main] TRACE - Loading type system org.apache.poi.schemas.ooxml.system.ooxml
23:29:15.275 [main] TRACE - Loading type system org.apache.xmlbeans.metadata.system.sXMLCONFIG
23:29:15.275 [main] TRACE - Loading type system org.apache.xmlbeans.metadata.system.sXMLLANG
23:29:15.276 [main] TRACE - Loading type system org.apache.xmlbeans.metadata.system.sXMLSCHEMA
23:29:15.276 [main] TRACE - Loading type system org.apache.xmlbeans.metadata.system.sXMLTOOLS
23:29:15.277 [main] TRACE - Reading unresolved handles for type system org.apache.xmlbeans.metadata.system.sXMLTOOLS
23:29:15.291 [main] TRACE - Finished loading type system org.apache.xmlbeans.metadata.system.sXMLTOOLS
23:29:15.293 [main] TRACE - Reading unresolved handles for type system org.apache.xmlbeans.metadata.system.sXMLSCHEMA
23:29:15.298 [main] TRACE - Finished loading type system org.apache.xmlbeans.metadata.system.sXMLSCHEMA
23:29:15.299 [main] TRACE - Reading unresolved handles for type system org.apache.xmlbeans.metadata.system.sXMLLANG
23:29:15.300 [main] TRACE - Finished loading type system org.apache.xmlbeans.metadata.system.sXMLLANG
23:29:15.302 [main] TRACE - Reading unresolved handles for type system org.apache.xmlbeans.metadata.system.sXMLCONFIG
23:29:15.303 [main] TRACE - Finished loading type system org.apache.xmlbeans.metadata.system.sXMLCONFIG
23:29:15.304 [main] TRACE - Reading unresolved handles for type system org.apache.poi.schemas.ooxml.system.ooxml
23:29:15.360 [main] TRACE - Finished loading type system org.apache.poi.schemas.ooxml.system.ooxml
23:29:15.361 [main] TRACE - Resolving type for handle themefd26doctype
23:29:15.422 [main] TRACE - Resolving type for handle stylesheet5d8bdoctype
23:29:15.429 [main] TRACE - Resolving type for handle ctstylesheet4257type
23:29:15.433 [main] TRACE - Resolving type for handle ctfonts6623type
23:29:15.435 [main] TRACE - Resolving type for handle ctfont14d8type
23:29:15.440 [main] TRACE - Resolving type for handle ctfills2c6ftype
23:29:15.443 [main] TRACE - Resolving type for handle ctfill550ctype
23:29:15.445 [main] TRACE - Resolving type for handle ctborders0d66type
23:29:15.448 [main] TRACE - Resolving type for handle ctborderf935type
23:29:15.451 [main] TRACE - Resolving type for handle ctcellxfs1322type
23:29:15.454 [main] TRACE - Resolving type for handle ctxf97f7type
23:29:15.457 [main] TRACE - Resolving type for handle ctcellstylexfsa81ftype
23:29:15.459 [main] TRACE - Resolving type for handle ctdxfsb26atype
23:29:15.461 [main] TRACE - Resolving type for handle sstf81fdoctype
23:29:15.464 [main] TRACE - Resolving type for handle ctsst44f3type
23:29:15.471 [main] TRACE - Resolving type for handle ctrsta472type
23:29:15.486 [main] TRACE - Resolving type for handle ctdrawing2748type
23:29:15.491 [main] TRACE - Resolving type for handle workbookec17doctype
23:29:15.497 [main] TRACE - Resolving type for handle ctworkbook83c3type
23:29:15.504 [main] TRACE - Resolving type for handle ctsheets49fdtype
23:29:15.506 [main] TRACE - Resolving type for handle ctsheet4dbetype
23:29:15.508 [main] TRACE - Resolving type for handle strelationshipid1e94type
23:29:15.510 [main] TRACE - Resolving type for handle worksheetf539doctype
23:29:15.515 [main] TRACE - Resolving type for handle ctworksheet530dtype
23:29:15.520 [main] TRACE - Resolving type for handle ctsheetdata8408type
23:29:15.524 [main] TRACE - Resolving type for handle ctrowdd39type
23:29:15.528 [main] TRACE - Resolving type for handle ctcell842btype
23:29:15.537 [main] TRACE - Resolving type for handle stcellrefe4e0type
23:29:15.544 [main] TRACE - Resolving type for handle ctcols627ctype
23:29:15.548 [main] TRACE - Resolving type for handle ctcola95ftype
23:29:15.610 [main] TRACE - Resolving type for handle ctdefinednamesce48type
23:29:15.613 [main] TRACE - Resolving type for handle ctbookviewsb864type
23:29:15.615 [main] TRACE - Resolving type for handle ctbookviewf677type
23:29:15.619 [main] TRACE - Resolving type for handle stcelltypebf95type
23:29:15.622 [main] TRACE - Resolving type for handle stxstringf179type
23:43:43.204 [main] INFO  - Goto my Merx Application-->Click on Login.. 
23:43:43.229 [main] INFO  - Entering email and password.. 
23:43:46.556 [main] INFO  - clicked on Sign in button...
23:43:48.776 [main] INFO  - Goto my Merx Application-->Click on Login.. 
23:43:51.015 [main] DEBUG - Parsing relationship: /xl/_rels/workbook.xml.rels
23:43:51.018 [main] DEBUG - Parsing relationship: /xl/worksheets/_rels/sheet1.xml.rels
23:43:51.019 [main] DEBUG - Parsing relationship: /xl/worksheets/_rels/sheet2.xml.rels
23:43:51.020 [main] DEBUG - Parsing relationship: /_rels/.rels
23:43:51.228 [main] TRACE - Loading type system org.apache.poi.schemas.ooxml.system.ooxml
23:43:51.232 [main] TRACE - Loading type system org.apache.xmlbeans.metadata.system.sXMLCONFIG
23:43:51.233 [main] TRACE - Loading type system org.apache.xmlbeans.metadata.system.sXMLLANG
23:43:51.234 [main] TRACE - Loading type system org.apache.xmlbeans.metadata.system.sXMLSCHEMA
23:43:51.234 [main] TRACE - Loading type system org.apache.xmlbeans.metadata.system.sXMLTOOLS
23:43:51.237 [main] TRACE - Reading unresolved handles for type system org.apache.xmlbeans.metadata.system.sXMLTOOLS
23:43:51.254 [main] TRACE - Finished loading type system org.apache.xmlbeans.metadata.system.sXMLTOOLS
23:43:51.256 [main] TRACE - Reading unresolved handles for type system org.apache.xmlbeans.metadata.system.sXMLSCHEMA
23:43:51.262 [main] TRACE - Finished loading type system org.apache.xmlbeans.metadata.system.sXMLSCHEMA
23:43:51.266 [main] TRACE - Reading unresolved handles for type system org.apache.xmlbeans.metadata.system.sXMLLANG
23:43:51.267 [main] TRACE - Finished loading type system org.apache.xmlbeans.metadata.system.sXMLLANG
23:43:51.269 [main] TRACE - Reading unresolved handles for type system org.apache.xmlbeans.metadata.system.sXMLCONFIG
23:43:51.271 [main] TRACE - Finished loading type system org.apache.xmlbeans.metadata.system.sXMLCONFIG
23:43:51.273 [main] TRACE - Reading unresolved handles for type system org.apache.poi.schemas.ooxml.system.ooxml
23:43:51.342 [main] TRACE - Finished loading type system org.apache.poi.schemas.ooxml.system.ooxml
23:43:51.343 [main] TRACE - Resolving type for handle themefd26doctype
23:43:51.411 [main] TRACE - Resolving type for handle stylesheet5d8bdoctype
23:43:51.417 [main] TRACE - Resolving type for handle ctstylesheet4257type
23:43:51.422 [main] TRACE - Resolving type for handle ctfonts6623type
23:43:51.425 [main] TRACE - Resolving type for handle ctfont14d8type
23:43:51.433 [main] TRACE - Resolving type for handle ctfills2c6ftype
23:43:51.437 [main] TRACE - Resolving type for handle ctfill550ctype
23:43:51.440 [main] TRACE - Resolving type for handle ctborders0d66type
23:43:51.444 [main] TRACE - Resolving type for handle ctborderf935type
23:43:51.449 [main] TRACE - Resolving type for handle ctcellxfs1322type
23:43:51.453 [main] TRACE - Resolving type for handle ctxf97f7type
23:43:51.458 [main] TRACE - Resolving type for handle ctcellstylexfsa81ftype
23:43:51.461 [main] TRACE - Resolving type for handle ctdxfsb26atype
23:43:51.464 [main] TRACE - Resolving type for handle sstf81fdoctype
23:43:51.469 [main] TRACE - Resolving type for handle ctsst44f3type
23:43:51.482 [main] TRACE - Resolving type for handle ctrsta472type
23:43:51.508 [main] TRACE - Resolving type for handle ctdrawing2748type
23:43:51.515 [main] TRACE - Resolving type for handle workbookec17doctype
23:43:51.521 [main] TRACE - Resolving type for handle ctworkbook83c3type
23:43:51.528 [main] TRACE - Resolving type for handle ctsheets49fdtype
23:43:51.532 [main] TRACE - Resolving type for handle ctsheet4dbetype
23:43:51.535 [main] TRACE - Resolving type for handle strelationshipid1e94type
23:43:51.539 [main] TRACE - Resolving type for handle worksheetf539doctype
23:43:51.545 [main] TRACE - Resolving type for handle ctworksheet530dtype
23:43:51.551 [main] TRACE - Resolving type for handle ctsheetdata8408type
23:43:51.553 [main] TRACE - Resolving type for handle ctrowdd39type
23:43:51.559 [main] TRACE - Resolving type for handle ctcell842btype
23:43:51.565 [main] TRACE - Resolving type for handle stcellrefe4e0type
23:43:51.573 [main] TRACE - Resolving type for handle ctcols627ctype
23:43:51.578 [main] TRACE - Resolving type for handle ctcola95ftype
23:43:51.643 [main] TRACE - Resolving type for handle ctdefinednamesce48type
23:43:51.649 [main] TRACE - Resolving type for handle ctbookviewsb864type
23:43:51.651 [main] TRACE - Resolving type for handle ctbookviewf677type
23:43:51.657 [main] TRACE - Resolving type for handle stcelltypebf95type
23:43:51.661 [main] TRACE - Resolving type for handle stxstringf179type
23:45:41.427 [main] INFO  - Goto my Merx Application-->Click on Login.. 
23:45:41.457 [main] INFO  - Entering email and password.. 
23:45:44.819 [main] INFO  - clicked on Sign in button...
23:45:47.938 [main] INFO  - Goto my Merx Application-->Click on Login.. 
23:46:00.802 [main] DEBUG - Parsing relationship: /xl/_rels/workbook.xml.rels
23:46:00.804 [main] DEBUG - Parsing relationship: /xl/worksheets/_rels/sheet1.xml.rels
23:46:00.805 [main] DEBUG - Parsing relationship: /xl/worksheets/_rels/sheet2.xml.rels
23:46:00.806 [main] DEBUG - Parsing relationship: /_rels/.rels
23:46:00.944 [main] TRACE - Loading type system org.apache.poi.schemas.ooxml.system.ooxml
23:46:00.947 [main] TRACE - Loading type system org.apache.xmlbeans.metadata.system.sXMLCONFIG
23:46:00.947 [main] TRACE - Loading type system org.apache.xmlbeans.metadata.system.sXMLLANG
23:46:00.948 [main] TRACE - Loading type system org.apache.xmlbeans.metadata.system.sXMLSCHEMA
23:46:00.948 [main] TRACE - Loading type system org.apache.xmlbeans.metadata.system.sXMLTOOLS
23:46:00.949 [main] TRACE - Reading unresolved handles for type system org.apache.xmlbeans.metadata.system.sXMLTOOLS
23:46:00.959 [main] TRACE - Finished loading type system org.apache.xmlbeans.metadata.system.sXMLTOOLS
23:46:00.961 [main] TRACE - Reading unresolved handles for type system org.apache.xmlbeans.metadata.system.sXMLSCHEMA
23:46:00.968 [main] TRACE - Finished loading type system org.apache.xmlbeans.metadata.system.sXMLSCHEMA
23:46:00.970 [main] TRACE - Reading unresolved handles for type system org.apache.xmlbeans.metadata.system.sXMLLANG
23:46:00.971 [main] TRACE - Finished loading type system org.apache.xmlbeans.metadata.system.sXMLLANG
23:46:00.972 [main] TRACE - Reading unresolved handles for type system org.apache.xmlbeans.metadata.system.sXMLCONFIG
23:46:00.973 [main] TRACE - Finished loading type system org.apache.xmlbeans.metadata.system.sXMLCONFIG
23:46:00.974 [main] TRACE - Reading unresolved handles for type system org.apache.poi.schemas.ooxml.system.ooxml
23:46:01.010 [main] TRACE - Finished loading type system org.apache.poi.schemas.ooxml.system.ooxml
23:46:01.010 [main] TRACE - Resolving type for handle themefd26doctype
23:46:01.057 [main] TRACE - Resolving type for handle stylesheet5d8bdoctype
23:46:01.062 [main] TRACE - Resolving type for handle ctstylesheet4257type
23:46:01.065 [main] TRACE - Resolving type for handle ctfonts6623type
23:46:01.068 [main] TRACE - Resolving type for handle ctfont14d8type
23:46:01.072 [main] TRACE - Resolving type for handle ctfills2c6ftype
23:46:01.074 [main] TRACE - Resolving type for handle ctfill550ctype
23:46:01.075 [main] TRACE - Resolving type for handle ctborders0d66type
23:46:01.077 [main] TRACE - Resolving type for handle ctborderf935type
23:46:01.080 [main] TRACE - Resolving type for handle ctcellxfs1322type
23:46:01.081 [main] TRACE - Resolving type for handle ctxf97f7type
23:46:01.083 [main] TRACE - Resolving type for handle ctcellstylexfsa81ftype
23:46:01.085 [main] TRACE - Resolving type for handle ctdxfsb26atype
23:46:01.088 [main] TRACE - Resolving type for handle sstf81fdoctype
23:46:01.091 [main] TRACE - Resolving type for handle ctsst44f3type
23:46:01.101 [main] TRACE - Resolving type for handle ctrsta472type
23:46:01.117 [main] TRACE - Resolving type for handle ctdrawing2748type
23:46:01.122 [main] TRACE - Resolving type for handle workbookec17doctype
23:46:01.127 [main] TRACE - Resolving type for handle ctworkbook83c3type
23:46:01.131 [main] TRACE - Resolving type for handle ctsheets49fdtype
23:46:01.134 [main] TRACE - Resolving type for handle ctsheet4dbetype
23:46:01.136 [main] TRACE - Resolving type for handle strelationshipid1e94type
23:46:01.138 [main] TRACE - Resolving type for handle worksheetf539doctype
23:46:01.144 [main] TRACE - Resolving type for handle ctworksheet530dtype
23:46:01.148 [main] TRACE - Resolving type for handle ctsheetdata8408type
23:46:01.150 [main] TRACE - Resolving type for handle ctrowdd39type
23:46:01.154 [main] TRACE - Resolving type for handle ctcell842btype
23:46:01.161 [main] TRACE - Resolving type for handle stcellrefe4e0type
23:46:01.167 [main] TRACE - Resolving type for handle ctcols627ctype
23:46:01.171 [main] TRACE - Resolving type for handle ctcola95ftype
23:46:01.232 [main] TRACE - Resolving type for handle ctdefinednamesce48type
23:46:01.236 [main] TRACE - Resolving type for handle ctbookviewsb864type
23:46:01.237 [main] TRACE - Resolving type for handle ctbookviewf677type
23:46:01.242 [main] TRACE - Resolving type for handle stcelltypebf95type
23:46:01.245 [main] TRACE - Resolving type for handle stxstringf179type
23:54:09.206 [main] INFO  - Goto my Merx Application-->Click on Login.. 
23:54:09.235 [main] INFO  - Entering email and password.. 
23:54:12.563 [main] INFO  - clicked on Sign in button...
23:54:15.994 [main] INFO  - Goto my Merx Application-->Click on Login.. 
23:54:25.083 [main] DEBUG - Parsing relationship: /xl/_rels/workbook.xml.rels
23:54:25.086 [main] DEBUG - Parsing relationship: /xl/worksheets/_rels/sheet1.xml.rels
23:54:25.087 [main] DEBUG - Parsing relationship: /xl/worksheets/_rels/sheet2.xml.rels
23:54:25.088 [main] DEBUG - Parsing relationship: /_rels/.rels
23:54:25.243 [main] TRACE - Loading type system org.apache.poi.schemas.ooxml.system.ooxml
23:54:25.245 [main] TRACE - Loading type system org.apache.xmlbeans.metadata.system.sXMLCONFIG
23:54:25.245 [main] TRACE - Loading type system org.apache.xmlbeans.metadata.system.sXMLLANG
23:54:25.246 [main] TRACE - Loading type system org.apache.xmlbeans.metadata.system.sXMLSCHEMA
23:54:25.246 [main] TRACE - Loading type system org.apache.xmlbeans.metadata.system.sXMLTOOLS
23:54:25.248 [main] TRACE - Reading unresolved handles for type system org.apache.xmlbeans.metadata.system.sXMLTOOLS
23:54:25.260 [main] TRACE - Finished loading type system org.apache.xmlbeans.metadata.system.sXMLTOOLS
23:54:25.262 [main] TRACE - Reading unresolved handles for type system org.apache.xmlbeans.metadata.system.sXMLSCHEMA
23:54:25.266 [main] TRACE - Finished loading type system org.apache.xmlbeans.metadata.system.sXMLSCHEMA
23:54:25.269 [main] TRACE - Reading unresolved handles for type system org.apache.xmlbeans.metadata.system.sXMLLANG
23:54:25.273 [main] TRACE - Finished loading type system org.apache.xmlbeans.metadata.system.sXMLLANG
23:54:25.274 [main] TRACE - Reading unresolved handles for type system org.apache.xmlbeans.metadata.system.sXMLCONFIG
23:54:25.275 [main] TRACE - Finished loading type system org.apache.xmlbeans.metadata.system.sXMLCONFIG
23:54:25.276 [main] TRACE - Reading unresolved handles for type system org.apache.poi.schemas.ooxml.system.ooxml
23:54:25.316 [main] TRACE - Finished loading type system org.apache.poi.schemas.ooxml.system.ooxml
23:54:25.316 [main] TRACE - Resolving type for handle themefd26doctype
23:54:25.361 [main] TRACE - Resolving type for handle stylesheet5d8bdoctype
23:54:25.365 [main] TRACE - Resolving type for handle ctstylesheet4257type
23:54:25.368 [main] TRACE - Resolving type for handle ctfonts6623type
23:54:25.371 [main] TRACE - Resolving type for handle ctfont14d8type
23:54:25.376 [main] TRACE - Resolving type for handle ctfills2c6ftype
23:54:25.379 [main] TRACE - Resolving type for handle ctfill550ctype
23:54:25.381 [main] TRACE - Resolving type for handle ctborders0d66type
23:54:25.382 [main] TRACE - Resolving type for handle ctborderf935type
23:54:25.385 [main] TRACE - Resolving type for handle ctcellxfs1322type
23:54:25.387 [main] TRACE - Resolving type for handle ctxf97f7type
23:54:25.389 [main] TRACE - Resolving type for handle ctcellstylexfsa81ftype
23:54:25.391 [main] TRACE - Resolving type for handle ctdxfsb26atype
23:54:25.394 [main] TRACE - Resolving type for handle sstf81fdoctype
23:54:25.397 [main] TRACE - Resolving type for handle ctsst44f3type
23:54:25.404 [main] TRACE - Resolving type for handle ctrsta472type
23:54:25.420 [main] TRACE - Resolving type for handle ctdrawing2748type
23:54:25.428 [main] TRACE - Resolving type for handle workbookec17doctype
23:54:25.431 [main] TRACE - Resolving type for handle ctworkbook83c3type
23:54:25.436 [main] TRACE - Resolving type for handle ctsheets49fdtype
23:54:25.439 [main] TRACE - Resolving type for handle ctsheet4dbetype
23:54:25.441 [main] TRACE - Resolving type for handle strelationshipid1e94type
23:54:25.443 [main] TRACE - Resolving type for handle worksheetf539doctype
23:54:25.450 [main] TRACE - Resolving type for handle ctworksheet530dtype
23:54:25.456 [main] TRACE - Resolving type for handle ctsheetdata8408type
23:54:25.458 [main] TRACE - Resolving type for handle ctrowdd39type
23:54:25.463 [main] TRACE - Resolving type for handle ctcell842btype
23:54:25.474 [main] TRACE - Resolving type for handle stcellrefe4e0type
23:54:25.484 [main] TRACE - Resolving type for handle ctcols627ctype
23:54:25.491 [main] TRACE - Resolving type for handle ctcola95ftype
23:54:25.551 [main] TRACE - Resolving type for handle ctdefinednamesce48type
23:54:25.557 [main] TRACE - Resolving type for handle ctbookviewsb864type
23:54:25.559 [main] TRACE - Resolving type for handle ctbookviewf677type
23:54:25.562 [main] TRACE - Resolving type for handle stcelltypebf95type
23:54:25.565 [main] TRACE - Resolving type for handle stxstringf179type
23:58:17.882 [main] INFO  - Goto my Merx Application-->Click on Login.. 
23:58:17.902 [main] INFO  - Entering email and password.. 
23:58:21.214 [main] INFO  - clicked on Sign in button...
23:58:23.188 [main] INFO  - Goto my Merx Application-->Click on Login.. 
23:58:25.394 [main] DEBUG - Parsing relationship: /xl/_rels/workbook.xml.rels
23:58:25.397 [main] DEBUG - Parsing relationship: /xl/worksheets/_rels/sheet1.xml.rels
23:58:25.398 [main] DEBUG - Parsing relationship: /xl/worksheets/_rels/sheet2.xml.rels
23:58:25.398 [main] DEBUG - Parsing relationship: /_rels/.rels
23:58:25.550 [main] TRACE - Loading type system org.apache.poi.schemas.ooxml.system.ooxml
23:58:25.554 [main] TRACE - Loading type system org.apache.xmlbeans.metadata.system.sXMLCONFIG
23:58:25.554 [main] TRACE - Loading type system org.apache.xmlbeans.metadata.system.sXMLLANG
23:58:25.555 [main] TRACE - Loading type system org.apache.xmlbeans.metadata.system.sXMLSCHEMA
23:58:25.555 [main] TRACE - Loading type system org.apache.xmlbeans.metadata.system.sXMLTOOLS
23:58:25.557 [main] TRACE - Reading unresolved handles for type system org.apache.xmlbeans.metadata.system.sXMLTOOLS
23:58:25.568 [main] TRACE - Finished loading type system org.apache.xmlbeans.metadata.system.sXMLTOOLS
23:58:25.569 [main] TRACE - Reading unresolved handles for type system org.apache.xmlbeans.metadata.system.sXMLSCHEMA
23:58:25.574 [main] TRACE - Finished loading type system org.apache.xmlbeans.metadata.system.sXMLSCHEMA
23:58:25.576 [main] TRACE - Reading unresolved handles for type system org.apache.xmlbeans.metadata.system.sXMLLANG
23:58:25.577 [main] TRACE - Finished loading type system org.apache.xmlbeans.metadata.system.sXMLLANG
23:58:25.578 [main] TRACE - Reading unresolved handles for type system org.apache.xmlbeans.metadata.system.sXMLCONFIG
23:58:25.579 [main] TRACE - Finished loading type system org.apache.xmlbeans.metadata.system.sXMLCONFIG
23:58:25.581 [main] TRACE - Reading unresolved handles for type system org.apache.poi.schemas.ooxml.system.ooxml
23:58:25.636 [main] TRACE - Finished loading type system org.apache.poi.schemas.ooxml.system.ooxml
23:58:25.636 [main] TRACE - Resolving type for handle themefd26doctype
23:58:25.686 [main] TRACE - Resolving type for handle stylesheet5d8bdoctype
23:58:25.690 [main] TRACE - Resolving type for handle ctstylesheet4257type
23:58:25.694 [main] TRACE - Resolving type for handle ctfonts6623type
23:58:25.696 [main] TRACE - Resolving type for handle ctfont14d8type
23:58:25.704 [main] TRACE - Resolving type for handle ctfills2c6ftype
23:58:25.707 [main] TRACE - Resolving type for handle ctfill550ctype
23:58:25.709 [main] TRACE - Resolving type for handle ctborders0d66type
23:58:25.711 [main] TRACE - Resolving type for handle ctborderf935type
23:58:25.713 [main] TRACE - Resolving type for handle ctcellxfs1322type
23:58:25.715 [main] TRACE - Resolving type for handle ctxf97f7type
23:58:25.717 [main] TRACE - Resolving type for handle ctcellstylexfsa81ftype
23:58:25.720 [main] TRACE - Resolving type for handle ctdxfsb26atype
23:58:25.722 [main] TRACE - Resolving type for handle sstf81fdoctype
23:58:25.725 [main] TRACE - Resolving type for handle ctsst44f3type
23:58:25.733 [main] TRACE - Resolving type for handle ctrsta472type
23:58:25.751 [main] TRACE - Resolving type for handle ctdrawing2748type
23:58:25.759 [main] TRACE - Resolving type for handle workbookec17doctype
23:58:25.763 [main] TRACE - Resolving type for handle ctworkbook83c3type
23:58:25.767 [main] TRACE - Resolving type for handle ctsheets49fdtype
23:58:25.769 [main] TRACE - Resolving type for handle ctsheet4dbetype
23:58:25.771 [main] TRACE - Resolving type for handle strelationshipid1e94type
23:58:25.773 [main] TRACE - Resolving type for handle worksheetf539doctype
23:58:25.778 [main] TRACE - Resolving type for handle ctworksheet530dtype
23:58:25.784 [main] TRACE - Resolving type for handle ctsheetdata8408type
23:58:25.787 [main] TRACE - Resolving type for handle ctrowdd39type
23:58:25.790 [main] TRACE - Resolving type for handle ctcell842btype
23:58:25.795 [main] TRACE - Resolving type for handle stcellrefe4e0type
23:58:25.800 [main] TRACE - Resolving type for handle ctcols627ctype
23:58:25.806 [main] TRACE - Resolving type for handle ctcola95ftype
23:58:25.872 [main] TRACE - Resolving type for handle ctdefinednamesce48type
23:58:25.876 [main] TRACE - Resolving type for handle ctbookviewsb864type
23:58:25.878 [main] TRACE - Resolving type for handle ctbookviewf677type
23:58:25.886 [main] TRACE - Resolving type for handle stcelltypebf95type
23:58:25.888 [main] TRACE - Resolving type for handle stxstringf179type
00:04:59.716 [main] INFO  - Goto my Merx Application-->Click on Login.. 
00:04:59.741 [main] INFO  - Entering email and password.. 
00:05:03.063 [main] INFO  - clicked on Sign in button...
00:05:05.366 [main] INFO  - Goto my Merx Application-->Click on Login.. 
00:05:07.547 [main] DEBUG - Parsing relationship: /xl/_rels/workbook.xml.rels
00:05:07.550 [main] DEBUG - Parsing relationship: /xl/worksheets/_rels/sheet1.xml.rels
00:05:07.551 [main] DEBUG - Parsing relationship: /xl/worksheets/_rels/sheet2.xml.rels
00:05:07.552 [main] DEBUG - Parsing relationship: /_rels/.rels
00:05:07.687 [main] TRACE - Loading type system org.apache.poi.schemas.ooxml.system.ooxml
00:05:07.689 [main] TRACE - Loading type system org.apache.xmlbeans.metadata.system.sXMLCONFIG
00:05:07.690 [main] TRACE - Loading type system org.apache.xmlbeans.metadata.system.sXMLLANG
00:05:07.691 [main] TRACE - Loading type system org.apache.xmlbeans.metadata.system.sXMLSCHEMA
00:05:07.692 [main] TRACE - Loading type system org.apache.xmlbeans.metadata.system.sXMLTOOLS
00:05:07.694 [main] TRACE - Reading unresolved handles for type system org.apache.xmlbeans.metadata.system.sXMLTOOLS
00:05:07.709 [main] TRACE - Finished loading type system org.apache.xmlbeans.metadata.system.sXMLTOOLS
00:05:07.710 [main] TRACE - Reading unresolved handles for type system org.apache.xmlbeans.metadata.system.sXMLSCHEMA
00:05:07.714 [main] TRACE - Finished loading type system org.apache.xmlbeans.metadata.system.sXMLSCHEMA
00:05:07.715 [main] TRACE - Reading unresolved handles for type system org.apache.xmlbeans.metadata.system.sXMLLANG
00:05:07.716 [main] TRACE - Finished loading type system org.apache.xmlbeans.metadata.system.sXMLLANG
00:05:07.717 [main] TRACE - Reading unresolved handles for type system org.apache.xmlbeans.metadata.system.sXMLCONFIG
00:05:07.718 [main] TRACE - Finished loading type system org.apache.xmlbeans.metadata.system.sXMLCONFIG
00:05:07.719 [main] TRACE - Reading unresolved handles for type system org.apache.poi.schemas.ooxml.system.ooxml
00:05:07.815 [main] TRACE - Finished loading type system org.apache.poi.schemas.ooxml.system.ooxml
00:05:07.816 [main] TRACE - Resolving type for handle themefd26doctype
00:05:07.869 [main] TRACE - Resolving type for handle stylesheet5d8bdoctype
00:05:07.874 [main] TRACE - Resolving type for handle ctstylesheet4257type
00:05:07.878 [main] TRACE - Resolving type for handle ctfonts6623type
00:05:07.880 [main] TRACE - Resolving type for handle ctfont14d8type
00:05:07.887 [main] TRACE - Resolving type for handle ctfills2c6ftype
00:05:07.889 [main] TRACE - Resolving type for handle ctfill550ctype
00:05:07.891 [main] TRACE - Resolving type for handle ctborders0d66type
00:05:07.893 [main] TRACE - Resolving type for handle ctborderf935type
00:05:07.896 [main] TRACE - Resolving type for handle ctcellxfs1322type
00:05:07.898 [main] TRACE - Resolving type for handle ctxf97f7type
00:05:07.902 [main] TRACE - Resolving type for handle ctcellstylexfsa81ftype
00:05:07.904 [main] TRACE - Resolving type for handle ctdxfsb26atype
00:05:07.906 [main] TRACE - Resolving type for handle sstf81fdoctype
00:05:07.909 [main] TRACE - Resolving type for handle ctsst44f3type
00:05:07.923 [main] TRACE - Resolving type for handle ctrsta472type
00:05:07.944 [main] TRACE - Resolving type for handle ctdrawing2748type
00:05:07.951 [main] TRACE - Resolving type for handle workbookec17doctype
00:05:07.956 [main] TRACE - Resolving type for handle ctworkbook83c3type
00:05:07.961 [main] TRACE - Resolving type for handle ctsheets49fdtype
00:05:07.963 [main] TRACE - Resolving type for handle ctsheet4dbetype
00:05:07.965 [main] TRACE - Resolving type for handle strelationshipid1e94type
00:05:07.967 [main] TRACE - Resolving type for handle worksheetf539doctype
00:05:07.972 [main] TRACE - Resolving type for handle ctworksheet530dtype
00:05:07.980 [main] TRACE - Resolving type for handle ctsheetdata8408type
00:05:07.983 [main] TRACE - Resolving type for handle ctrowdd39type
00:05:07.988 [main] TRACE - Resolving type for handle ctcell842btype
00:05:07.995 [main] TRACE - Resolving type for handle stcellrefe4e0type
00:05:08.002 [main] TRACE - Resolving type for handle ctcols627ctype
00:05:08.006 [main] TRACE - Resolving type for handle ctcola95ftype
00:05:08.065 [main] TRACE - Resolving type for handle ctdefinednamesce48type
00:05:08.071 [main] TRACE - Resolving type for handle ctbookviewsb864type
00:05:08.073 [main] TRACE - Resolving type for handle ctbookviewf677type
00:05:08.079 [main] TRACE - Resolving type for handle stcelltypebf95type
00:05:08.082 [main] TRACE - Resolving type for handle stxstringf179type
00:07:20.685 [main] INFO  - Goto my Merx Application-->Click on Login.. 
00:07:20.713 [main] INFO  - Entering email and password.. 
00:07:24.018 [main] INFO  - clicked on Sign in button...
00:07:26.707 [main] INFO  - Goto my Merx Application-->Click on Login.. 
00:07:28.905 [main] DEBUG - Parsing relationship: /xl/_rels/workbook.xml.rels
00:07:28.909 [main] DEBUG - Parsing relationship: /xl/worksheets/_rels/sheet1.xml.rels
00:07:28.911 [main] DEBUG - Parsing relationship: /xl/worksheets/_rels/sheet2.xml.rels
00:07:28.912 [main] DEBUG - Parsing relationship: /_rels/.rels
00:07:29.038 [main] TRACE - Loading type system org.apache.poi.schemas.ooxml.system.ooxml
00:07:29.040 [main] TRACE - Loading type system org.apache.xmlbeans.metadata.system.sXMLCONFIG
00:07:29.040 [main] TRACE - Loading type system org.apache.xmlbeans.metadata.system.sXMLLANG
00:07:29.041 [main] TRACE - Loading type system org.apache.xmlbeans.metadata.system.sXMLSCHEMA
00:07:29.041 [main] TRACE - Loading type system org.apache.xmlbeans.metadata.system.sXMLTOOLS
00:07:29.042 [main] TRACE - Reading unresolved handles for type system org.apache.xmlbeans.metadata.system.sXMLTOOLS
00:07:29.052 [main] TRACE - Finished loading type system org.apache.xmlbeans.metadata.system.sXMLTOOLS
00:07:29.053 [main] TRACE - Reading unresolved handles for type system org.apache.xmlbeans.metadata.system.sXMLSCHEMA
00:07:29.059 [main] TRACE - Finished loading type system org.apache.xmlbeans.metadata.system.sXMLSCHEMA
00:07:29.060 [main] TRACE - Reading unresolved handles for type system org.apache.xmlbeans.metadata.system.sXMLLANG
00:07:29.061 [main] TRACE - Finished loading type system org.apache.xmlbeans.metadata.system.sXMLLANG
00:07:29.062 [main] TRACE - Reading unresolved handles for type system org.apache.xmlbeans.metadata.system.sXMLCONFIG
00:07:29.068 [main] TRACE - Finished loading type system org.apache.xmlbeans.metadata.system.sXMLCONFIG
00:07:29.069 [main] TRACE - Reading unresolved handles for type system org.apache.poi.schemas.ooxml.system.ooxml
00:07:29.121 [main] TRACE - Finished loading type system org.apache.poi.schemas.ooxml.system.ooxml
00:07:29.122 [main] TRACE - Resolving type for handle themefd26doctype
00:07:29.168 [main] TRACE - Resolving type for handle stylesheet5d8bdoctype
00:07:29.172 [main] TRACE - Resolving type for handle ctstylesheet4257type
00:07:29.179 [main] TRACE - Resolving type for handle ctfonts6623type
00:07:29.182 [main] TRACE - Resolving type for handle ctfont14d8type
00:07:29.190 [main] TRACE - Resolving type for handle ctfills2c6ftype
00:07:29.193 [main] TRACE - Resolving type for handle ctfill550ctype
00:07:29.195 [main] TRACE - Resolving type for handle ctborders0d66type
00:07:29.197 [main] TRACE - Resolving type for handle ctborderf935type
00:07:29.198 [main] TRACE - Resolving type for handle ctcellxfs1322type
00:07:29.200 [main] TRACE - Resolving type for handle ctxf97f7type
00:07:29.205 [main] TRACE - Resolving type for handle ctcellstylexfsa81ftype
00:07:29.207 [main] TRACE - Resolving type for handle ctdxfsb26atype
00:07:29.210 [main] TRACE - Resolving type for handle sstf81fdoctype
00:07:29.213 [main] TRACE - Resolving type for handle ctsst44f3type
00:07:29.220 [main] TRACE - Resolving type for handle ctrsta472type
00:07:29.233 [main] TRACE - Resolving type for handle ctdrawing2748type
00:07:29.239 [main] TRACE - Resolving type for handle workbookec17doctype
00:07:29.242 [main] TRACE - Resolving type for handle ctworkbook83c3type
00:07:29.246 [main] TRACE - Resolving type for handle ctsheets49fdtype
00:07:29.249 [main] TRACE - Resolving type for handle ctsheet4dbetype
00:07:29.250 [main] TRACE - Resolving type for handle strelationshipid1e94type
00:07:29.251 [main] TRACE - Resolving type for handle worksheetf539doctype
00:07:29.256 [main] TRACE - Resolving type for handle ctworksheet530dtype
00:07:29.262 [main] TRACE - Resolving type for handle ctsheetdata8408type
00:07:29.264 [main] TRACE - Resolving type for handle ctrowdd39type
00:07:29.269 [main] TRACE - Resolving type for handle ctcell842btype
00:07:29.276 [main] TRACE - Resolving type for handle stcellrefe4e0type
00:07:29.282 [main] TRACE - Resolving type for handle ctcols627ctype
00:07:29.284 [main] TRACE - Resolving type for handle ctcola95ftype
00:07:29.347 [main] TRACE - Resolving type for handle ctdefinednamesce48type
00:07:29.351 [main] TRACE - Resolving type for handle ctbookviewsb864type
00:07:29.353 [main] TRACE - Resolving type for handle ctbookviewf677type
00:07:29.360 [main] TRACE - Resolving type for handle stcelltypebf95type
00:07:29.363 [main] TRACE - Resolving type for handle stxstringf179type
10:32:26.877 [main] INFO  - Goto my Merx Application-->Click on Login.. 
10:32:26.935 [main] INFO  - Entering email and password.. 
10:32:30.379 [main] INFO  - clicked on Sign in button...
10:32:35.350 [main] INFO  - Goto my Merx Application-->Click on Login.. 
10:32:37.571 [main] DEBUG - Parsing relationship: /xl/_rels/workbook.xml.rels
10:32:37.571 [main] DEBUG - Parsing relationship: /xl/worksheets/_rels/sheet1.xml.rels
10:32:37.571 [main] DEBUG - Parsing relationship: /xl/worksheets/_rels/sheet2.xml.rels
10:32:37.571 [main] DEBUG - Parsing relationship: /_rels/.rels
10:32:37.741 [main] TRACE - Loading type system org.apache.poi.schemas.ooxml.system.ooxml
10:32:37.744 [main] TRACE - Loading type system org.apache.xmlbeans.metadata.system.sXMLCONFIG
10:32:37.744 [main] TRACE - Loading type system org.apache.xmlbeans.metadata.system.sXMLLANG
10:32:37.744 [main] TRACE - Loading type system org.apache.xmlbeans.metadata.system.sXMLSCHEMA
10:32:37.744 [main] TRACE - Loading type system org.apache.xmlbeans.metadata.system.sXMLTOOLS
10:32:37.744 [main] TRACE - Reading unresolved handles for type system org.apache.xmlbeans.metadata.system.sXMLTOOLS
10:32:37.754 [main] TRACE - Finished loading type system org.apache.xmlbeans.metadata.system.sXMLTOOLS
10:32:37.754 [main] TRACE - Reading unresolved handles for type system org.apache.xmlbeans.metadata.system.sXMLSCHEMA
10:32:37.761 [main] TRACE - Finished loading type system org.apache.xmlbeans.metadata.system.sXMLSCHEMA
10:32:37.761 [main] TRACE - Reading unresolved handles for type system org.apache.xmlbeans.metadata.system.sXMLLANG
10:32:37.761 [main] TRACE - Finished loading type system org.apache.xmlbeans.metadata.system.sXMLLANG
10:32:37.761 [main] TRACE - Reading unresolved handles for type system org.apache.xmlbeans.metadata.system.sXMLCONFIG
10:32:37.761 [main] TRACE - Finished loading type system org.apache.xmlbeans.metadata.system.sXMLCONFIG
10:32:37.761 [main] TRACE - Reading unresolved handles for type system org.apache.poi.schemas.ooxml.system.ooxml
10:32:37.819 [main] TRACE - Finished loading type system org.apache.poi.schemas.ooxml.system.ooxml
10:32:37.819 [main] TRACE - Resolving type for handle themefd26doctype
10:32:37.885 [main] TRACE - Resolving type for handle stylesheet5d8bdoctype
10:32:37.893 [main] TRACE - Resolving type for handle ctstylesheet4257type
10:32:37.901 [main] TRACE - Resolving type for handle ctfonts6623type
10:32:37.901 [main] TRACE - Resolving type for handle ctfont14d8type
10:32:37.910 [main] TRACE - Resolving type for handle ctfills2c6ftype
10:32:37.910 [main] TRACE - Resolving type for handle ctfill550ctype
10:32:37.910 [main] TRACE - Resolving type for handle ctborders0d66type
10:32:37.918 [main] TRACE - Resolving type for handle ctborderf935type
10:32:37.918 [main] TRACE - Resolving type for handle ctcellxfs1322type
10:32:37.918 [main] TRACE - Resolving type for handle ctxf97f7type
10:32:37.926 [main] TRACE - Resolving type for handle ctcellstylexfsa81ftype
10:32:37.926 [main] TRACE - Resolving type for handle ctdxfsb26atype
10:32:37.926 [main] TRACE - Resolving type for handle sstf81fdoctype
10:32:37.936 [main] TRACE - Resolving type for handle ctsst44f3type
10:32:37.951 [main] TRACE - Resolving type for handle ctrsta472type
10:32:37.967 [main] TRACE - Resolving type for handle ctdrawing2748type
10:32:37.976 [main] TRACE - Resolving type for handle workbookec17doctype
10:32:37.976 [main] TRACE - Resolving type for handle ctworkbook83c3type
10:32:37.984 [main] TRACE - Resolving type for handle ctsheets49fdtype
10:32:37.984 [main] TRACE - Resolving type for handle ctsheet4dbetype
10:32:37.993 [main] TRACE - Resolving type for handle strelationshipid1e94type
10:32:37.993 [main] TRACE - Resolving type for handle worksheetf539doctype
10:32:38.000 [main] TRACE - Resolving type for handle ctworksheet530dtype
10:32:38.009 [main] TRACE - Resolving type for handle ctsheetdata8408type
10:32:38.017 [main] TRACE - Resolving type for handle ctrowdd39type
10:32:38.017 [main] TRACE - Resolving type for handle ctcell842btype
10:32:38.033 [main] TRACE - Resolving type for handle stcellrefe4e0type
10:32:38.041 [main] TRACE - Resolving type for handle ctcols627ctype
10:32:38.050 [main] TRACE - Resolving type for handle ctcola95ftype
10:32:38.099 [main] TRACE - Resolving type for handle ctdefinednamesce48type
10:32:38.108 [main] TRACE - Resolving type for handle ctbookviewsb864type
10:32:38.108 [main] TRACE - Resolving type for handle ctbookviewf677type
10:32:38.116 [main] TRACE - Resolving type for handle stcelltypebf95type
10:32:38.124 [main] TRACE - Resolving type for handle stxstringf179type
16:14:35.625 [main] INFO  - Goto my Merx Application-->Click on Login.. 
16:14:35.644 [main] INFO  - Entering email and password.. 
16:14:38.955 [main] INFO  - clicked on Sign in button...
16:14:41.739 [main] INFO  - Goto my Merx Application-->Click on Login.. 
16:41:27.938 [main] INFO  - Goto my Merx Application-->Click on Login.. 
16:41:27.959 [main] INFO  - Entering email and password.. 
16:41:31.281 [main] INFO  - clicked on Sign in button...
16:41:33.779 [main] INFO  - Goto my Merx Application-->Click on Login.. 
16:45:10.848 [main] INFO  - Goto my Merx Application-->Click on Login.. 
16:45:10.867 [main] INFO  - Entering email and password.. 
16:45:14.192 [main] INFO  - clicked on Sign in button...
16:45:16.156 [main] INFO  - Goto my Merx Application-->Click on Login.. 
16:56:18.458 [main] INFO  - Goto my Merx Application-->Click on Login.. 
16:56:18.490 [main] INFO  - Entering email and password.. 
16:56:21.888 [main] INFO  - clicked on Sign in button...
16:56:24.318 [main] INFO  - Goto my Merx Application-->Click on Login.. 
17:03:08.443 [main] INFO  - Goto my Merx Application-->Click on Login.. 
17:03:08.462 [main] INFO  - Entering email and password.. 
17:03:11.783 [main] INFO  - clicked on Sign in button...
17:03:15.575 [main] INFO  - Goto my Merx Application-->Click on Login.. 
17:05:00.946 [main] INFO  - Goto my Merx Application-->Click on Login.. 
17:05:00.975 [main] INFO  - Entering email and password.. 
17:05:04.295 [main] INFO  - clicked on Sign in button...
17:05:07.441 [main] INFO  - Goto my Merx Application-->Click on Login.. 
17:09:48.577 [main] INFO  - Goto my Merx Application-->Click on Login.. 
17:09:48.598 [main] INFO  - Entering email and password.. 
17:09:51.905 [main] INFO  - clicked on Sign in button...
17:09:55.309 [main] INFO  - Goto my Merx Application-->Click on Login.. 
17:11:34.513 [main] INFO  - Goto my Merx Application-->Click on Login.. 
17:11:34.532 [main] INFO  - Entering email and password.. 
17:11:37.854 [main] INFO  - clicked on Sign in button...
17:11:40.977 [main] INFO  - Goto my Merx Application-->Click on Login.. 
17:11:45.272 [main] DEBUG - Parsing relationship: /xl/_rels/workbook.xml.rels
17:11:45.272 [main] DEBUG - Parsing relationship: /xl/worksheets/_rels/sheet1.xml.rels
17:11:45.272 [main] DEBUG - Parsing relationship: /xl/worksheets/_rels/sheet2.xml.rels
17:11:45.272 [main] DEBUG - Parsing relationship: /_rels/.rels
17:11:45.508 [main] TRACE - Loading type system org.apache.poi.schemas.ooxml.system.ooxml
17:11:45.508 [main] TRACE - Loading type system org.apache.xmlbeans.metadata.system.sXMLCONFIG
17:11:45.508 [main] TRACE - Loading type system org.apache.xmlbeans.metadata.system.sXMLLANG
17:11:45.508 [main] TRACE - Loading type system org.apache.xmlbeans.metadata.system.sXMLSCHEMA
17:11:45.508 [main] TRACE - Loading type system org.apache.xmlbeans.metadata.system.sXMLTOOLS
17:11:45.508 [main] TRACE - Reading unresolved handles for type system org.apache.xmlbeans.metadata.system.sXMLTOOLS
17:11:45.524 [main] TRACE - Finished loading type system org.apache.xmlbeans.metadata.system.sXMLTOOLS
17:11:45.536 [main] TRACE - Reading unresolved handles for type system org.apache.xmlbeans.metadata.system.sXMLSCHEMA
17:11:45.539 [main] TRACE - Finished loading type system org.apache.xmlbeans.metadata.system.sXMLSCHEMA
17:11:45.539 [main] TRACE - Reading unresolved handles for type system org.apache.xmlbeans.metadata.system.sXMLLANG
17:11:45.539 [main] TRACE - Finished loading type system org.apache.xmlbeans.metadata.system.sXMLLANG
17:11:45.555 [main] TRACE - Reading unresolved handles for type system org.apache.xmlbeans.metadata.system.sXMLCONFIG
17:11:45.555 [main] TRACE - Finished loading type system org.apache.xmlbeans.metadata.system.sXMLCONFIG
17:11:45.555 [main] TRACE - Reading unresolved handles for type system org.apache.poi.schemas.ooxml.system.ooxml
17:11:45.602 [main] TRACE - Finished loading type system org.apache.poi.schemas.ooxml.system.ooxml
17:11:45.618 [main] TRACE - Resolving type for handle themefd26doctype
17:11:45.665 [main] TRACE - Resolving type for handle stylesheet5d8bdoctype
17:11:45.681 [main] TRACE - Resolving type for handle ctstylesheet4257type
17:11:45.681 [main] TRACE - Resolving type for handle ctfonts6623type
17:11:45.681 [main] TRACE - Resolving type for handle ctfont14d8type
17:11:45.696 [main] TRACE - Resolving type for handle ctfills2c6ftype
17:11:45.696 [main] TRACE - Resolving type for handle ctfill550ctype
17:11:45.696 [main] TRACE - Resolving type for handle ctborders0d66type
17:11:45.696 [main] TRACE - Resolving type for handle ctborderf935type
17:11:45.712 [main] TRACE - Resolving type for handle ctcellxfs1322type
17:11:45.712 [main] TRACE - Resolving type for handle ctxf97f7type
17:11:45.712 [main] TRACE - Resolving type for handle ctcellstylexfsa81ftype
17:11:45.712 [main] TRACE - Resolving type for handle ctdxfsb26atype
17:11:45.727 [main] TRACE - Resolving type for handle sstf81fdoctype
17:11:45.736 [main] TRACE - Resolving type for handle ctsst44f3type
17:11:45.743 [main] TRACE - Resolving type for handle ctrsta472type
17:11:45.775 [main] TRACE - Resolving type for handle ctdrawing2748type
17:11:45.791 [main] TRACE - Resolving type for handle workbookec17doctype
17:11:45.807 [main] TRACE - Resolving type for handle ctworkbook83c3type
17:11:45.807 [main] TRACE - Resolving type for handle ctsheets49fdtype
17:11:45.807 [main] TRACE - Resolving type for handle ctsheet4dbetype
17:11:45.807 [main] TRACE - Resolving type for handle strelationshipid1e94type
17:11:45.807 [main] TRACE - Resolving type for handle worksheetf539doctype
17:11:45.822 [main] TRACE - Resolving type for handle ctworksheet530dtype
17:11:45.838 [main] TRACE - Resolving type for handle ctsheetdata8408type
17:11:45.838 [main] TRACE - Resolving type for handle ctrowdd39type
17:11:45.854 [main] TRACE - Resolving type for handle ctcell842btype
17:11:45.854 [main] TRACE - Resolving type for handle stcellrefe4e0type
17:11:45.870 [main] TRACE - Resolving type for handle ctcols627ctype
17:11:45.870 [main] TRACE - Resolving type for handle ctcola95ftype
17:11:45.948 [main] TRACE - Resolving type for handle ctdefinednamesce48type
17:11:45.948 [main] TRACE - Resolving type for handle ctbookviewsb864type
17:11:45.948 [main] TRACE - Resolving type for handle ctbookviewf677type
17:11:45.964 [main] TRACE - Resolving type for handle stcelltypebf95type
17:11:45.969 [main] TRACE - Resolving type for handle stxstringf179type
17:22:59.661 [main] INFO  - Goto my Merx Application-->Click on Login.. 
17:22:59.689 [main] INFO  - Entering email and password.. 
17:23:03.033 [main] INFO  - clicked on Sign in button...
17:23:06.586 [main] INFO  - Goto my Merx Application-->Click on Login.. 
17:24:59.285 [main] INFO  - Goto my Merx Application-->Click on Login.. 
17:24:59.309 [main] INFO  - Entering email and password.. 
17:25:02.627 [main] INFO  - clicked on Sign in button...
17:25:05.734 [main] INFO  - Goto my Merx Application-->Click on Login.. 
17:25:10.111 [main] DEBUG - Parsing relationship: /xl/_rels/workbook.xml.rels
17:25:10.111 [main] DEBUG - Parsing relationship: /xl/worksheets/_rels/sheet1.xml.rels
17:25:10.111 [main] DEBUG - Parsing relationship: /xl/worksheets/_rels/sheet2.xml.rels
17:25:10.111 [main] DEBUG - Parsing relationship: /_rels/.rels
17:25:10.395 [main] TRACE - Loading type system org.apache.poi.schemas.ooxml.system.ooxml
17:25:10.395 [main] TRACE - Loading type system org.apache.xmlbeans.metadata.system.sXMLCONFIG
17:25:10.395 [main] TRACE - Loading type system org.apache.xmlbeans.metadata.system.sXMLLANG
17:25:10.395 [main] TRACE - Loading type system org.apache.xmlbeans.metadata.system.sXMLSCHEMA
17:25:10.395 [main] TRACE - Loading type system org.apache.xmlbeans.metadata.system.sXMLTOOLS
17:25:10.395 [main] TRACE - Reading unresolved handles for type system org.apache.xmlbeans.metadata.system.sXMLTOOLS
17:25:10.427 [main] TRACE - Finished loading type system org.apache.xmlbeans.metadata.system.sXMLTOOLS
17:25:10.427 [main] TRACE - Reading unresolved handles for type system org.apache.xmlbeans.metadata.system.sXMLSCHEMA
17:25:10.442 [main] TRACE - Finished loading type system org.apache.xmlbeans.metadata.system.sXMLSCHEMA
17:25:10.442 [main] TRACE - Reading unresolved handles for type system org.apache.xmlbeans.metadata.system.sXMLLANG
17:25:10.442 [main] TRACE - Finished loading type system org.apache.xmlbeans.metadata.system.sXMLLANG
17:25:10.442 [main] TRACE - Reading unresolved handles for type system org.apache.xmlbeans.metadata.system.sXMLCONFIG
17:25:10.442 [main] TRACE - Finished loading type system org.apache.xmlbeans.metadata.system.sXMLCONFIG
17:25:10.442 [main] TRACE - Reading unresolved handles for type system org.apache.poi.schemas.ooxml.system.ooxml
17:25:10.505 [main] TRACE - Finished loading type system org.apache.poi.schemas.ooxml.system.ooxml
17:25:10.505 [main] TRACE - Resolving type for handle themefd26doctype
17:25:10.584 [main] TRACE - Resolving type for handle stylesheet5d8bdoctype
17:25:10.584 [main] TRACE - Resolving type for handle ctstylesheet4257type
