15:51:34.422 [main] TRACE - Resolving type for handle ctdxfsb26atype
15:51:34.447 [main] TRACE - Resolving type for handle sstf81fdoctype
15:51:34.456 [main] TRACE - Resolving type for handle ctsst44f3type
15:51:34.472 [main] TRACE - Resolving type for handle ctrsta472type
15:51:34.504 [main] TRACE - Resolving type for handle ctdrawing2748type
15:51:34.512 [main] TRACE - Resolving type for handle workbookec17doctype
15:51:34.512 [main] TRACE - Resolving type for handle ctworkbook83c3type
15:51:34.522 [main] TRACE - Resolving type for handle ctsheets49fdtype
15:51:34.527 [main] TRACE - Resolving type for handle ctsheet4dbetype
15:51:34.533 [main] TRACE - Resolving type for handle strelationshipid1e94type
15:51:34.533 [main] TRACE - Resolving type for handle worksheetf539doctype
15:51:34.544 [main] TRACE - Resolving type for handle ctworksheet530dtype
15:51:34.552 [main] TRACE - Resolving type for handle ctsheetdata8408type
15:51:34.560 [main] TRACE - Resolving type for handle ctrowdd39type
15:51:34.562 [main] TRACE - Resolving type for handle ctcell842btype
15:51:34.574 [main] TRACE - Resolving type for handle stcellrefe4e0type
15:51:34.591 [main] TRACE - Resolving type for handle ctcols627ctype
15:51:34.592 [main] TRACE - Resolving type for handle ctcola95ftype
15:51:34.710 [main] TRACE - Resolving type for handle ctdefinednamesce48type
15:51:34.717 [main] TRACE - Resolving type for handle ctbookviewsb864type
15:51:34.717 [main] TRACE - Resolving type for handle ctbookviewf677type
15:51:34.726 [main] TRACE - Resolving type for handle stcelltypebf95type
15:51:34.733 [main] TRACE - Resolving type for handle stxstringf179type
15:52:08.195 [main] DEBUG - Parsing relationship: /xl/_rels/workbook.xml.rels
15:52:08.196 [main] DEBUG - Parsing relationship: /xl/worksheets/_rels/sheet1.xml.rels
15:52:08.197 [main] DEBUG - Parsing relationship: /xl/worksheets/_rels/sheet2.xml.rels
15:52:08.198 [main] DEBUG - Parsing relationship: /_rels/.rels
15:52:56.382 [main] INFO  - Page has been focused on division page
16:21:54.071 [main] INFO  - Goto my Merx Application-->Click on Login.
16:21:54.111 [main] INFO  - Entering email and password.. 
16:21:54.365 [main] INFO  - Entering user IDjohndoe@test.com
16:21:57.638 [main] INFO  - clicked on Sign in button...
16:22:01.547 [main] INFO  - The user has landing to the Merchandise page
16:22:01.553 [main] INFO  - Goto my Merx Application-->Click on Login.. 
16:22:03.795 [main] INFO  - element is present
16:22:04.272 [main] ERROR - SanityAutomateTesting11032024162203  is entered
16:22:04.272 [main] ERROR - SanityAutomateTesting11032024162203  is not entered
16:22:04.281 [main] INFO  - enter business name
16:22:04.605 [main] DEBUG - Parsing relationship: /xl/_rels/workbook.xml.rels
16:22:04.615 [main] DEBUG - Parsing relationship: /xl/worksheets/_rels/sheet1.xml.rels
16:22:04.621 [main] DEBUG - Parsing relationship: /xl/worksheets/_rels/sheet2.xml.rels
16:22:04.623 [main] DEBUG - Parsing relationship: /_rels/.rels
16:22:04.965 [main] TRACE - Loading type system org.apache.poi.schemas.ooxml.system.ooxml
16:22:04.965 [main] TRACE - Loading type system org.apache.xmlbeans.metadata.system.sXMLCONFIG
16:22:04.965 [main] TRACE - Loading type system org.apache.xmlbeans.metadata.system.sXMLLANG
16:22:04.975 [main] TRACE - Loading type system org.apache.xmlbeans.metadata.system.sXMLSCHEMA
16:22:04.975 [main] TRACE - Loading type system org.apache.xmlbeans.metadata.system.sXMLTOOLS
16:22:04.979 [main] TRACE - Reading unresolved handles for type system org.apache.xmlbeans.metadata.system.sXMLTOOLS
16:22:05.005 [main] TRACE - Finished loading type system org.apache.xmlbeans.metadata.system.sXMLTOOLS
16:22:05.005 [main] TRACE - Reading unresolved handles for type system org.apache.xmlbeans.metadata.system.sXMLSCHEMA
16:22:05.015 [main] TRACE - Finished loading type system org.apache.xmlbeans.metadata.system.sXMLSCHEMA
16:22:05.015 [main] TRACE - Reading unresolved handles for type system org.apache.xmlbeans.metadata.system.sXMLLANG
16:22:05.015 [main] TRACE - Finished loading type system org.apache.xmlbeans.metadata.system.sXMLLANG
16:22:05.015 [main] TRACE - Reading unresolved handles for type system org.apache.xmlbeans.metadata.system.sXMLCONFIG
16:22:05.025 [main] TRACE - Finished loading type system org.apache.xmlbeans.metadata.system.sXMLCONFIG
16:22:05.027 [main] TRACE - Reading unresolved handles for type system org.apache.poi.schemas.ooxml.system.ooxml
16:22:05.150 [main] TRACE - Finished loading type system org.apache.poi.schemas.ooxml.system.ooxml
16:22:05.156 [main] TRACE - Resolving type for handle themefd26doctype
16:22:05.235 [main] TRACE - Resolving type for handle stylesheet5d8bdoctype
16:22:05.245 [main] TRACE - Resolving type for handle ctstylesheet4257type
16:22:05.249 [main] TRACE - Resolving type for handle ctfonts6623type
16:22:05.256 [main] TRACE - Resolving type for handle ctfont14d8type
16:22:05.264 [main] TRACE - Resolving type for handle ctfills2c6ftype
16:22:05.266 [main] TRACE - Resolving type for handle ctfill550ctype
16:22:05.266 [main] TRACE - Resolving type for handle ctborders0d66type
16:22:05.275 [main] TRACE - Resolving type for handle ctborderf935type
16:22:05.281 [main] TRACE - Resolving type for handle ctcellxfs1322type
16:22:05.281 [main] TRACE - Resolving type for handle ctxf97f7type
16:22:05.290 [main] TRACE - Resolving type for handle ctcellstylexfsa81ftype
16:22:05.298 [main] TRACE - Resolving type for handle ctdxfsb26atype
16:22:05.309 [main] TRACE - Resolving type for handle sstf81fdoctype
16:22:05.320 [main] TRACE - Resolving type for handle ctsst44f3type
16:22:05.339 [main] TRACE - Resolving type for handle ctrsta472type
16:22:05.375 [main] TRACE - Resolving type for handle ctdrawing2748type
16:22:05.385 [main] TRACE - Resolving type for handle workbookec17doctype
16:22:05.385 [main] TRACE - Resolving type for handle ctworkbook83c3type
16:22:05.400 [main] TRACE - Resolving type for handle ctsheets49fdtype
16:22:05.400 [main] TRACE - Resolving type for handle ctsheet4dbetype
16:22:05.405 [main] TRACE - Resolving type for handle strelationshipid1e94type
16:22:05.409 [main] TRACE - Resolving type for handle worksheetf539doctype
16:22:05.416 [main] TRACE - Resolving type for handle ctworksheet530dtype
16:22:05.416 [main] TRACE - Resolving type for handle ctsheetdata8408type
16:22:05.425 [main] TRACE - Resolving type for handle ctrowdd39type
16:22:05.435 [main] TRACE - Resolving type for handle ctcell842btype
16:22:05.445 [main] TRACE - Resolving type for handle stcellrefe4e0type
16:22:05.456 [main] TRACE - Resolving type for handle ctcols627ctype
16:22:05.465 [main] TRACE - Resolving type for handle ctcola95ftype
16:22:05.595 [main] TRACE - Resolving type for handle ctdefinednamesce48type
16:22:05.595 [main] TRACE - Resolving type for handle ctbookviewsb864type
16:22:05.605 [main] TRACE - Resolving type for handle ctbookviewf677type
16:22:05.607 [main] TRACE - Resolving type for handle stcelltypebf95type
16:22:05.615 [main] TRACE - Resolving type for handle stxstringf179type
16:22:12.925 [main] DEBUG - Parsing relationship: /xl/_rels/workbook.xml.rels
16:22:12.930 [main] DEBUG - Parsing relationship: /xl/worksheets/_rels/sheet1.xml.rels
16:22:12.930 [main] DEBUG - Parsing relationship: /xl/worksheets/_rels/sheet2.xml.rels
16:22:12.930 [main] DEBUG - Parsing relationship: /_rels/.rels
16:22:34.355 [main] INFO  - Page has been focused on division page
17:11:55.843 [main] INFO  - Goto my Merx Application-->Click on Login.
17:11:55.874 [main] INFO  - Entering email and password.. 
17:11:56.076 [main] INFO  - Entering user IDjohndoe@test.com
17:11:59.306 [main] INFO  - clicked on Sign in button...
17:12:03.054 [main] INFO  - The user has landing to the Merchandise page
17:12:03.060 [main] INFO  - Goto my Merx Application-->Click on Login.. 
17:12:05.261 [main] INFO  - element is present
17:12:05.918 [main] ERROR - SanityAutomateTesting11032024171205  is entered
17:12:05.918 [main] ERROR - SanityAutomateTesting11032024171205  is not entered
17:12:05.923 [main] INFO  - enter business name
17:12:06.165 [main] DEBUG - Parsing relationship: /xl/_rels/workbook.xml.rels
17:12:06.172 [main] DEBUG - Parsing relationship: /xl/worksheets/_rels/sheet1.xml.rels
17:12:06.174 [main] DEBUG - Parsing relationship: /xl/worksheets/_rels/sheet2.xml.rels
17:12:06.177 [main] DEBUG - Parsing relationship: /_rels/.rels
17:12:06.453 [main] TRACE - Loading type system org.apache.poi.schemas.ooxml.system.ooxml
17:12:06.456 [main] TRACE - Loading type system org.apache.xmlbeans.metadata.system.sXMLCONFIG
17:12:06.458 [main] TRACE - Loading type system org.apache.xmlbeans.metadata.system.sXMLLANG
17:12:06.459 [main] TRACE - Loading type system org.apache.xmlbeans.metadata.system.sXMLSCHEMA
17:12:06.459 [main] TRACE - Loading type system org.apache.xmlbeans.metadata.system.sXMLTOOLS
17:12:06.462 [main] TRACE - Reading unresolved handles for type system org.apache.xmlbeans.metadata.system.sXMLTOOLS
17:12:06.486 [main] TRACE - Finished loading type system org.apache.xmlbeans.metadata.system.sXMLTOOLS
17:12:06.489 [main] TRACE - Reading unresolved handles for type system org.apache.xmlbeans.metadata.system.sXMLSCHEMA
17:12:06.499 [main] TRACE - Finished loading type system org.apache.xmlbeans.metadata.system.sXMLSCHEMA
17:12:06.500 [main] TRACE - Reading unresolved handles for type system org.apache.xmlbeans.metadata.system.sXMLLANG
17:12:06.501 [main] TRACE - Finished loading type system org.apache.xmlbeans.metadata.system.sXMLLANG
17:12:06.504 [main] TRACE - Reading unresolved handles for type system org.apache.xmlbeans.metadata.system.sXMLCONFIG
17:12:06.506 [main] TRACE - Finished loading type system org.apache.xmlbeans.metadata.system.sXMLCONFIG
17:12:06.509 [main] TRACE - Reading unresolved handles for type system org.apache.poi.schemas.ooxml.system.ooxml
17:12:06.598 [main] TRACE - Finished loading type system org.apache.poi.schemas.ooxml.system.ooxml
17:12:06.600 [main] TRACE - Resolving type for handle themefd26doctype
17:12:06.698 [main] TRACE - Resolving type for handle stylesheet5d8bdoctype
17:12:06.707 [main] TRACE - Resolving type for handle ctstylesheet4257type
17:12:06.715 [main] TRACE - Resolving type for handle ctfonts6623type
17:12:06.720 [main] TRACE - Resolving type for handle ctfont14d8type
17:12:06.735 [main] TRACE - Resolving type for handle ctfills2c6ftype
17:12:06.741 [main] TRACE - Resolving type for handle ctfill550ctype
17:12:06.745 [main] TRACE - Resolving type for handle ctborders0d66type
17:12:06.748 [main] TRACE - Resolving type for handle ctborderf935type
17:12:06.753 [main] TRACE - Resolving type for handle ctcellxfs1322type
17:12:06.758 [main] TRACE - Resolving type for handle ctxf97f7type
17:12:06.763 [main] TRACE - Resolving type for handle ctcellstylexfsa81ftype
17:12:06.767 [main] TRACE - Resolving type for handle ctdxfsb26atype
17:12:06.771 [main] TRACE - Resolving type for handle sstf81fdoctype
17:12:06.775 [main] TRACE - Resolving type for handle ctsst44f3type
17:12:06.790 [main] TRACE - Resolving type for handle ctrsta472type
17:12:06.825 [main] TRACE - Resolving type for handle ctdrawing2748type
17:12:06.837 [main] TRACE - Resolving type for handle workbookec17doctype
17:12:06.843 [main] TRACE - Resolving type for handle ctworkbook83c3type
17:12:06.851 [main] TRACE - Resolving type for handle ctsheets49fdtype
17:12:06.854 [main] TRACE - Resolving type for handle ctsheet4dbetype
17:12:06.856 [main] TRACE - Resolving type for handle strelationshipid1e94type
17:12:06.860 [main] TRACE - Resolving type for handle worksheetf539doctype
17:12:06.867 [main] TRACE - Resolving type for handle ctworksheet530dtype
17:12:06.874 [main] TRACE - Resolving type for handle ctsheetdata8408type
17:12:06.880 [main] TRACE - Resolving type for handle ctrowdd39type
17:12:06.888 [main] TRACE - Resolving type for handle ctcell842btype
17:12:06.900 [main] TRACE - Resolving type for handle stcellrefe4e0type
17:12:06.911 [main] TRACE - Resolving type for handle ctcols627ctype
17:12:06.918 [main] TRACE - Resolving type for handle ctcola95ftype
17:12:07.020 [main] TRACE - Resolving type for handle ctdefinednamesce48type
17:12:07.028 [main] TRACE - Resolving type for handle ctbookviewsb864type
17:12:07.030 [main] TRACE - Resolving type for handle ctbookviewf677type
17:12:07.035 [main] TRACE - Resolving type for handle stcelltypebf95type
17:12:07.041 [main] TRACE - Resolving type for handle stxstringf179type
17:12:14.322 [main] DEBUG - Parsing relationship: /xl/_rels/workbook.xml.rels
17:12:14.324 [main] DEBUG - Parsing relationship: /xl/worksheets/_rels/sheet1.xml.rels
17:12:14.329 [main] DEBUG - Parsing relationship: /xl/worksheets/_rels/sheet2.xml.rels
17:12:14.331 [main] DEBUG - Parsing relationship: /_rels/.rels
17:12:37.195 [main] INFO  - Page has been focused on division page
17:16:49.327 [main] INFO  - Goto my Merx Application-->Click on Login.
17:16:49.362 [main] INFO  - Entering email and password.. 
17:16:49.561 [main] INFO  - Entering user IDjohndoe@test.com
17:16:52.794 [main] INFO  - clicked on Sign in button...
17:16:57.679 [main] INFO  - The user has landing to the Merchandise page
17:16:57.684 [main] INFO  - Goto my Merx Application-->Click on Login.. 
17:16:59.865 [main] INFO  - element is present
17:17:00.306 [main] ERROR - SanityAutomateTesting11032024171659  is entered
17:17:00.306 [main] ERROR - SanityAutomateTesting11032024171659  is not entered
17:17:00.310 [main] INFO  - enter business name
17:17:00.529 [main] DEBUG - Parsing relationship: /xl/_rels/workbook.xml.rels
17:17:00.536 [main] DEBUG - Parsing relationship: /xl/worksheets/_rels/sheet1.xml.rels
17:17:00.539 [main] DEBUG - Parsing relationship: /xl/worksheets/_rels/sheet2.xml.rels
17:17:00.542 [main] DEBUG - Parsing relationship: /_rels/.rels
17:17:00.801 [main] TRACE - Loading type system org.apache.poi.schemas.ooxml.system.ooxml
17:17:00.807 [main] TRACE - Loading type system org.apache.xmlbeans.metadata.system.sXMLCONFIG
17:17:00.808 [main] TRACE - Loading type system org.apache.xmlbeans.metadata.system.sXMLLANG
17:17:00.809 [main] TRACE - Loading type system org.apache.xmlbeans.metadata.system.sXMLSCHEMA
17:17:00.810 [main] TRACE - Loading type system org.apache.xmlbeans.metadata.system.sXMLTOOLS
17:17:00.817 [main] TRACE - Reading unresolved handles for type system org.apache.xmlbeans.metadata.system.sXMLTOOLS
17:17:00.837 [main] TRACE - Finished loading type system org.apache.xmlbeans.metadata.system.sXMLTOOLS
17:17:00.838 [main] TRACE - Reading unresolved handles for type system org.apache.xmlbeans.metadata.system.sXMLSCHEMA
17:17:00.845 [main] TRACE - Finished loading type system org.apache.xmlbeans.metadata.system.sXMLSCHEMA
17:17:00.847 [main] TRACE - Reading unresolved handles for type system org.apache.xmlbeans.metadata.system.sXMLLANG
17:17:00.849 [main] TRACE - Finished loading type system org.apache.xmlbeans.metadata.system.sXMLLANG
17:17:00.852 [main] TRACE - Reading unresolved handles for type system org.apache.xmlbeans.metadata.system.sXMLCONFIG
17:17:00.854 [main] TRACE - Finished loading type system org.apache.xmlbeans.metadata.system.sXMLCONFIG
17:17:00.857 [main] TRACE - Reading unresolved handles for type system org.apache.poi.schemas.ooxml.system.ooxml
17:17:00.964 [main] TRACE - Finished loading type system org.apache.poi.schemas.ooxml.system.ooxml
17:17:00.966 [main] TRACE - Resolving type for handle themefd26doctype
17:17:01.041 [main] TRACE - Resolving type for handle stylesheet5d8bdoctype
17:17:01.046 [main] TRACE - Resolving type for handle ctstylesheet4257type
17:17:01.053 [main] TRACE - Resolving type for handle ctfonts6623type
17:17:01.057 [main] TRACE - Resolving type for handle ctfont14d8type
17:17:01.069 [main] TRACE - Resolving type for handle ctfills2c6ftype
17:17:01.073 [main] TRACE - Resolving type for handle ctfill550ctype
17:17:01.076 [main] TRACE - Resolving type for handle ctborders0d66type
17:17:01.079 [main] TRACE - Resolving type for handle ctborderf935type
17:17:01.082 [main] TRACE - Resolving type for handle ctcellxfs1322type
17:17:01.085 [main] TRACE - Resolving type for handle ctxf97f7type
17:17:01.088 [main] TRACE - Resolving type for handle ctcellstylexfsa81ftype
17:17:01.091 [main] TRACE - Resolving type for handle ctdxfsb26atype
17:17:01.095 [main] TRACE - Resolving type for handle sstf81fdoctype
17:17:01.103 [main] TRACE - Resolving type for handle ctsst44f3type
17:17:01.117 [main] TRACE - Resolving type for handle ctrsta472type
17:17:01.150 [main] TRACE - Resolving type for handle ctdrawing2748type
17:17:01.166 [main] TRACE - Resolving type for handle workbookec17doctype
17:17:01.177 [main] TRACE - Resolving type for handle ctworkbook83c3type
17:17:01.187 [main] TRACE - Resolving type for handle ctsheets49fdtype
17:17:01.191 [main] TRACE - Resolving type for handle ctsheet4dbetype
17:17:01.193 [main] TRACE - Resolving type for handle strelationshipid1e94type
17:17:01.198 [main] TRACE - Resolving type for handle worksheetf539doctype
17:17:01.205 [main] TRACE - Resolving type for handle ctworksheet530dtype
17:17:01.210 [main] TRACE - Resolving type for handle ctsheetdata8408type
17:17:01.213 [main] TRACE - Resolving type for handle ctrowdd39type
17:17:01.223 [main] TRACE - Resolving type for handle ctcell842btype
17:17:01.236 [main] TRACE - Resolving type for handle stcellrefe4e0type
17:17:01.244 [main] TRACE - Resolving type for handle ctcols627ctype
17:17:01.252 [main] TRACE - Resolving type for handle ctcola95ftype
17:17:01.344 [main] TRACE - Resolving type for handle ctdefinednamesce48type
17:17:01.352 [main] TRACE - Resolving type for handle ctbookviewsb864type
17:17:01.355 [main] TRACE - Resolving type for handle ctbookviewf677type
17:17:01.361 [main] TRACE - Resolving type for handle stcelltypebf95type
17:17:01.367 [main] TRACE - Resolving type for handle stxstringf179type
17:17:08.652 [main] DEBUG - Parsing relationship: /xl/_rels/workbook.xml.rels
17:17:08.653 [main] DEBUG - Parsing relationship: /xl/worksheets/_rels/sheet1.xml.rels
17:17:08.654 [main] DEBUG - Parsing relationship: /xl/worksheets/_rels/sheet2.xml.rels
17:17:08.654 [main] DEBUG - Parsing relationship: /_rels/.rels
17:17:30.476 [main] INFO  - Page has been focused on division page
17:27:22.224 [main] INFO  - Goto my Merx Application-->Click on Login.
17:27:22.260 [main] INFO  - Entering email and password.. 
17:27:22.528 [main] INFO  - Entering user IDjohndoe@test.com
17:27:25.817 [main] INFO  - clicked on Sign in button...
17:27:30.268 [main] INFO  - The user has landing to the Merchandise page
17:27:30.276 [main] INFO  - Goto my Merx Application-->Click on Login.. 
17:27:30.337 [main] INFO  - Landing on the  Merchandise page
17:27:36.401 [main] INFO  - Click on division Tab.
17:27:36.431 [main] INFO  - Landing on the divion view page
17:27:36.551 [main] DEBUG - Parsing relationship: /xl/_rels/workbook.xml.rels
17:27:36.554 [main] DEBUG - Parsing relationship: /xl/worksheets/_rels/sheet1.xml.rels
17:27:36.557 [main] DEBUG - Parsing relationship: /xl/worksheets/_rels/sheet2.xml.rels
17:27:36.559 [main] DEBUG - Parsing relationship: /_rels/.rels
17:27:36.769 [main] TRACE - Loading type system org.apache.poi.schemas.ooxml.system.ooxml
17:27:36.772 [main] TRACE - Loading type system org.apache.xmlbeans.metadata.system.sXMLCONFIG
17:27:36.772 [main] TRACE - Loading type system org.apache.xmlbeans.metadata.system.sXMLLANG
17:27:36.773 [main] TRACE - Loading type system org.apache.xmlbeans.metadata.system.sXMLSCHEMA
17:27:36.773 [main] TRACE - Loading type system org.apache.xmlbeans.metadata.system.sXMLTOOLS
17:27:36.774 [main] TRACE - Reading unresolved handles for type system org.apache.xmlbeans.metadata.system.sXMLTOOLS
17:27:36.783 [main] TRACE - Finished loading type system org.apache.xmlbeans.metadata.system.sXMLTOOLS
17:27:36.784 [main] TRACE - Reading unresolved handles for type system org.apache.xmlbeans.metadata.system.sXMLSCHEMA
17:27:36.788 [main] TRACE - Finished loading type system org.apache.xmlbeans.metadata.system.sXMLSCHEMA
17:27:36.790 [main] TRACE - Reading unresolved handles for type system org.apache.xmlbeans.metadata.system.sXMLLANG
17:27:36.791 [main] TRACE - Finished loading type system org.apache.xmlbeans.metadata.system.sXMLLANG
17:27:36.792 [main] TRACE - Reading unresolved handles for type system org.apache.xmlbeans.metadata.system.sXMLCONFIG
17:27:36.792 [main] TRACE - Finished loading type system org.apache.xmlbeans.metadata.system.sXMLCONFIG
17:27:36.793 [main] TRACE - Reading unresolved handles for type system org.apache.poi.schemas.ooxml.system.ooxml
17:27:36.849 [main] TRACE - Finished loading type system org.apache.poi.schemas.ooxml.system.ooxml
17:27:36.850 [main] TRACE - Resolving type for handle themefd26doctype
17:27:36.918 [main] TRACE - Resolving type for handle stylesheet5d8bdoctype
17:27:36.927 [main] TRACE - Resolving type for handle ctstylesheet4257type
17:27:36.933 [main] TRACE - Resolving type for handle ctfonts6623type
17:27:36.934 [main] TRACE - Resolving type for handle ctfont14d8type
17:27:36.941 [main] TRACE - Resolving type for handle ctfills2c6ftype
17:27:36.946 [main] TRACE - Resolving type for handle ctfill550ctype
17:27:36.949 [main] TRACE - Resolving type for handle ctborders0d66type
17:27:36.952 [main] TRACE - Resolving type for handle ctborderf935type
17:27:36.955 [main] TRACE - Resolving type for handle ctcellxfs1322type
17:27:36.960 [main] TRACE - Resolving type for handle ctxf97f7type
17:27:36.965 [main] TRACE - Resolving type for handle ctcellstylexfsa81ftype
17:27:36.967 [main] TRACE - Resolving type for handle ctdxfsb26atype
17:27:36.970 [main] TRACE - Resolving type for handle sstf81fdoctype
17:27:36.974 [main] TRACE - Resolving type for handle ctsst44f3type
17:27:36.988 [main] TRACE - Resolving type for handle ctrsta472type
17:27:37.016 [main] TRACE - Resolving type for handle ctdrawing2748type
17:27:37.028 [main] TRACE - Resolving type for handle workbookec17doctype
17:27:37.034 [main] TRACE - Resolving type for handle ctworkbook83c3type
17:27:37.036 [main] TRACE - Resolving type for handle ctsheets49fdtype
17:27:37.039 [main] TRACE - Resolving type for handle ctsheet4dbetype
17:27:37.042 [main] TRACE - Resolving type for handle strelationshipid1e94type
17:27:37.044 [main] TRACE - Resolving type for handle worksheetf539doctype
17:27:37.050 [main] TRACE - Resolving type for handle ctworksheet530dtype
17:27:37.056 [main] TRACE - Resolving type for handle ctsheetdata8408type
17:27:37.062 [main] TRACE - Resolving type for handle ctrowdd39type
17:27:37.067 [main] TRACE - Resolving type for handle ctcell842btype
17:27:37.073 [main] TRACE - Resolving type for handle stcellrefe4e0type
17:27:37.083 [main] TRACE - Resolving type for handle ctcols627ctype
17:27:37.088 [main] TRACE - Resolving type for handle ctcola95ftype
17:27:37.159 [main] TRACE - Resolving type for handle ctdefinednamesce48type
17:27:37.165 [main] TRACE - Resolving type for handle ctbookviewsb864type
17:27:37.167 [main] TRACE - Resolving type for handle ctbookviewf677type
17:27:37.172 [main] TRACE - Resolving type for handle stcelltypebf95type
17:27:37.175 [main] TRACE - Resolving type for handle stxstringf179type
17:28:02.500 [main] DEBUG - Parsing relationship: /xl/_rels/workbook.xml.rels
17:28:02.501 [main] DEBUG - Parsing relationship: /xl/worksheets/_rels/sheet1.xml.rels
17:28:02.502 [main] DEBUG - Parsing relationship: /xl/worksheets/_rels/sheet2.xml.rels
17:28:02.502 [main] DEBUG - Parsing relationship: /_rels/.rels
17:28:04.724 [main] DEBUG - Parsing relationship: /xl/_rels/workbook.xml.rels
17:28:04.725 [main] DEBUG - Parsing relationship: /xl/worksheets/_rels/sheet1.xml.rels
17:28:04.727 [main] DEBUG - Parsing relationship: /xl/worksheets/_rels/sheet2.xml.rels
17:28:04.728 [main] DEBUG - Parsing relationship: /_rels/.rels
17:28:07.987 [main] DEBUG - Parsing relationship: /xl/_rels/workbook.xml.rels
17:28:07.988 [main] DEBUG - Parsing relationship: /xl/worksheets/_rels/sheet1.xml.rels
17:28:07.988 [main] DEBUG - Parsing relationship: /xl/worksheets/_rels/sheet2.xml.rels
17:28:07.989 [main] DEBUG - Parsing relationship: /_rels/.rels
17:38:47.946 [main] INFO  - Goto my Merx Application-->Click on Login.
17:38:47.983 [main] INFO  - Entering email and password.. 
17:38:48.309 [main] INFO  - Entering user IDjohndoe@test.com
17:38:51.572 [main] INFO  - clicked on Sign in button...
17:38:55.288 [main] INFO  - The user has landing to the Merchandise page
17:43:53.811 [main] INFO  - Goto my Merx Application-->Click on Login.
17:43:53.853 [main] INFO  - Entering email and password.. 
17:43:54.189 [main] INFO  - Entering user IDjohndoe@test.com
17:43:57.431 [main] INFO  - clicked on Sign in button...
17:44:01.254 [main] INFO  - The user has landing to the Merchandise page
19:42:18.362 [main] INFO  - Goto my Merx Application-->Click on Login.
19:42:18.386 [main] INFO  - Entering email and password.. 
19:42:18.550 [main] INFO  - Entering user IDjohndoe@test.com
19:42:21.694 [main] INFO  - clicked on Sign in button...
19:42:26.077 [main] INFO  - The user has landing to the Merchandise page
19:42:36.085 [main] INFO  - Goto my Merx Application-->Click on Login.. 
19:42:38.228 [main] INFO  - element is present
19:42:38.548 [main] ERROR - SanityAutomateTesting11032024194238  is entered
19:42:38.548 [main] ERROR - SanityAutomateTesting11032024194238  is not entered
19:42:38.551 [main] INFO  - enter business name
19:42:38.671 [main] DEBUG - Parsing relationship: /xl/_rels/workbook.xml.rels
19:42:38.687 [main] DEBUG - Parsing relationship: /xl/worksheets/_rels/sheet1.xml.rels
19:42:38.687 [main] DEBUG - Parsing relationship: /xl/worksheets/_rels/sheet2.xml.rels
19:42:38.687 [main] DEBUG - Parsing relationship: /_rels/.rels
19:42:38.861 [main] TRACE - Loading type system org.apache.poi.schemas.ooxml.system.ooxml
19:42:38.861 [main] TRACE - Loading type system org.apache.xmlbeans.metadata.system.sXMLCONFIG
19:42:38.861 [main] TRACE - Loading type system org.apache.xmlbeans.metadata.system.sXMLLANG
19:42:38.861 [main] TRACE - Loading type system org.apache.xmlbeans.metadata.system.sXMLSCHEMA
19:42:38.861 [main] TRACE - Loading type system org.apache.xmlbeans.metadata.system.sXMLTOOLS
19:42:38.861 [main] TRACE - Reading unresolved handles for type system org.apache.xmlbeans.metadata.system.sXMLTOOLS
19:42:38.876 [main] TRACE - Finished loading type system org.apache.xmlbeans.metadata.system.sXMLTOOLS
19:42:38.876 [main] TRACE - Reading unresolved handles for type system org.apache.xmlbeans.metadata.system.sXMLSCHEMA
19:42:38.876 [main] TRACE - Finished loading type system org.apache.xmlbeans.metadata.system.sXMLSCHEMA
19:42:38.876 [main] TRACE - Reading unresolved handles for type system org.apache.xmlbeans.metadata.system.sXMLLANG
19:42:38.876 [main] TRACE - Finished loading type system org.apache.xmlbeans.metadata.system.sXMLLANG
19:42:38.876 [main] TRACE - Reading unresolved handles for type system org.apache.xmlbeans.metadata.system.sXMLCONFIG
19:42:38.876 [main] TRACE - Finished loading type system org.apache.xmlbeans.metadata.system.sXMLCONFIG
19:42:38.892 [main] TRACE - Reading unresolved handles for type system org.apache.poi.schemas.ooxml.system.ooxml
19:42:38.939 [main] TRACE - Finished loading type system org.apache.poi.schemas.ooxml.system.ooxml
19:42:38.939 [main] TRACE - Resolving type for handle themefd26doctype
19:42:39.034 [main] TRACE - Resolving type for handle stylesheet5d8bdoctype
19:42:39.034 [main] TRACE - Resolving type for handle ctstylesheet4257type
19:42:39.049 [main] TRACE - Resolving type for handle ctfonts6623type
19:42:39.049 [main] TRACE - Resolving type for handle ctfont14d8type
19:42:39.066 [main] TRACE - Resolving type for handle ctfills2c6ftype
19:42:39.066 [main] TRACE - Resolving type for handle ctfill550ctype
19:42:39.080 [main] TRACE - Resolving type for handle ctborders0d66type
19:42:39.086 [main] TRACE - Resolving type for handle ctborderf935type
19:42:39.094 [main] TRACE - Resolving type for handle ctcellxfs1322type
19:42:39.097 [main] TRACE - Resolving type for handle ctxf97f7type
19:42:39.103 [main] TRACE - Resolving type for handle ctcellstylexfsa81ftype
19:42:39.109 [main] TRACE - Resolving type for handle ctdxfsb26atype
19:42:39.111 [main] TRACE - Resolving type for handle sstf81fdoctype
19:42:39.120 [main] TRACE - Resolving type for handle ctsst44f3type
19:42:39.142 [main] TRACE - Resolving type for handle ctrsta472type
19:42:39.186 [main] TRACE - Resolving type for handle ctdrawing2748type
19:42:39.193 [main] TRACE - Resolving type for handle workbookec17doctype
19:42:39.199 [main] TRACE - Resolving type for handle ctworkbook83c3type
19:42:39.205 [main] TRACE - Resolving type for handle ctsheets49fdtype
19:42:39.205 [main] TRACE - Resolving type for handle ctsheet4dbetype
19:42:39.205 [main] TRACE - Resolving type for handle strelationshipid1e94type
19:42:39.205 [main] TRACE - Resolving type for handle worksheetf539doctype
19:42:39.217 [main] TRACE - Resolving type for handle ctworksheet530dtype
19:42:39.221 [main] TRACE - Resolving type for handle ctsheetdata8408type
19:42:39.221 [main] TRACE - Resolving type for handle ctrowdd39type
19:42:39.229 [main] TRACE - Resolving type for handle ctcell842btype
19:42:39.238 [main] TRACE - Resolving type for handle stcellrefe4e0type
19:42:39.241 [main] TRACE - Resolving type for handle ctcols627ctype
19:42:39.241 [main] TRACE - Resolving type for handle ctcola95ftype
19:42:39.301 [main] TRACE - Resolving type for handle ctdefinednamesce48type
19:42:39.301 [main] TRACE - Resolving type for handle ctbookviewsb864type
19:42:39.301 [main] TRACE - Resolving type for handle ctbookviewf677type
19:42:39.316 [main] TRACE - Resolving type for handle stcelltypebf95type
19:42:39.320 [main] TRACE - Resolving type for handle stxstringf179type
19:42:46.599 [main] DEBUG - Parsing relationship: /xl/_rels/workbook.xml.rels
19:42:46.599 [main] DEBUG - Parsing relationship: /xl/worksheets/_rels/sheet1.xml.rels
19:42:46.599 [main] DEBUG - Parsing relationship: /xl/worksheets/_rels/sheet2.xml.rels
19:42:46.599 [main] DEBUG - Parsing relationship: /_rels/.rels
19:43:08.011 [main] INFO  - Page has been focused on division page
19:44:59.623 [main] INFO  - Goto my Merx Application-->Click on Login.
19:44:59.650 [main] INFO  - Entering email and password.. 
19:44:59.810 [main] INFO  - Entering user IDjohndoe@test.com
19:45:02.950 [main] INFO  - clicked on Sign in button...
19:45:07.328 [main] INFO  - The user has landing to the Merchandise page
19:45:17.339 [main] INFO  - Goto my Merx Application-->Click on Login.. 
19:45:19.475 [main] INFO  - element is present
19:45:19.846 [main] ERROR - SanityAutomateTesting11032024194519  is entered
19:45:19.847 [main] ERROR - SanityAutomateTesting11032024194519  is not entered
19:45:19.849 [main] INFO  - enter business name
19:45:20.027 [main] DEBUG - Parsing relationship: /xl/_rels/workbook.xml.rels
19:45:20.043 [main] DEBUG - Parsing relationship: /xl/worksheets/_rels/sheet1.xml.rels
19:45:20.043 [main] DEBUG - Parsing relationship: /xl/worksheets/_rels/sheet2.xml.rels
19:45:20.043 [main] DEBUG - Parsing relationship: /_rels/.rels
19:45:20.294 [main] TRACE - Loading type system org.apache.poi.schemas.ooxml.system.ooxml
19:45:20.294 [main] TRACE - Loading type system org.apache.xmlbeans.metadata.system.sXMLCONFIG
19:45:20.294 [main] TRACE - Loading type system org.apache.xmlbeans.metadata.system.sXMLLANG
19:45:20.294 [main] TRACE - Loading type system org.apache.xmlbeans.metadata.system.sXMLSCHEMA
19:45:20.294 [main] TRACE - Loading type system org.apache.xmlbeans.metadata.system.sXMLTOOLS
19:45:20.294 [main] TRACE - Reading unresolved handles for type system org.apache.xmlbeans.metadata.system.sXMLTOOLS
19:45:20.311 [main] TRACE - Finished loading type system org.apache.xmlbeans.metadata.system.sXMLTOOLS
19:45:20.311 [main] TRACE - Reading unresolved handles for type system org.apache.xmlbeans.metadata.system.sXMLSCHEMA
19:45:20.311 [main] TRACE - Finished loading type system org.apache.xmlbeans.metadata.system.sXMLSCHEMA
19:45:20.326 [main] TRACE - Reading unresolved handles for type system org.apache.xmlbeans.metadata.system.sXMLLANG
19:45:20.326 [main] TRACE - Finished loading type system org.apache.xmlbeans.metadata.system.sXMLLANG
19:45:20.326 [main] TRACE - Reading unresolved handles for type system org.apache.xmlbeans.metadata.system.sXMLCONFIG
19:45:20.326 [main] TRACE - Finished loading type system org.apache.xmlbeans.metadata.system.sXMLCONFIG
19:45:20.326 [main] TRACE - Reading unresolved handles for type system org.apache.poi.schemas.ooxml.system.ooxml
19:45:20.392 [main] TRACE - Finished loading type system org.apache.poi.schemas.ooxml.system.ooxml
19:45:20.394 [main] TRACE - Resolving type for handle themefd26doctype
19:45:20.482 [main] TRACE - Resolving type for handle stylesheet5d8bdoctype
19:45:20.499 [main] TRACE - Resolving type for handle ctstylesheet4257type
19:45:20.499 [main] TRACE - Resolving type for handle ctfonts6623type
19:45:20.499 [main] TRACE - Resolving type for handle ctfont14d8type
19:45:20.513 [main] TRACE - Resolving type for handle ctfills2c6ftype
19:45:20.513 [main] TRACE - Resolving type for handle ctfill550ctype
19:45:20.513 [main] TRACE - Resolving type for handle ctborders0d66type
19:45:20.529 [main] TRACE - Resolving type for handle ctborderf935type
19:45:20.529 [main] TRACE - Resolving type for handle ctcellxfs1322type
19:45:20.529 [main] TRACE - Resolving type for handle ctxf97f7type
19:45:20.545 [main] TRACE - Resolving type for handle ctcellstylexfsa81ftype
19:45:20.545 [main] TRACE - Resolving type for handle ctdxfsb26atype
19:45:20.554 [main] TRACE - Resolving type for handle sstf81fdoctype
19:45:20.558 [main] TRACE - Resolving type for handle ctsst44f3type
19:45:20.576 [main] TRACE - Resolving type for handle ctrsta472type
19:45:20.603 [main] TRACE - Resolving type for handle ctdrawing2748type
19:45:20.619 [main] TRACE - Resolving type for handle workbookec17doctype
19:45:20.619 [main] TRACE - Resolving type for handle ctworkbook83c3type
19:45:20.634 [main] TRACE - Resolving type for handle ctsheets49fdtype
19:45:20.634 [main] TRACE - Resolving type for handle ctsheet4dbetype
19:45:20.634 [main] TRACE - Resolving type for handle strelationshipid1e94type
19:45:20.634 [main] TRACE - Resolving type for handle worksheetf539doctype
19:45:20.634 [main] TRACE - Resolving type for handle ctworksheet530dtype
19:45:20.650 [main] TRACE - Resolving type for handle ctsheetdata8408type
19:45:20.650 [main] TRACE - Resolving type for handle ctrowdd39type
19:45:20.666 [main] TRACE - Resolving type for handle ctcell842btype
19:45:20.671 [main] TRACE - Resolving type for handle stcellrefe4e0type
19:45:20.682 [main] TRACE - Resolving type for handle ctcols627ctype
19:45:20.682 [main] TRACE - Resolving type for handle ctcola95ftype
19:45:20.792 [main] TRACE - Resolving type for handle ctdefinednamesce48type
19:45:20.792 [main] TRACE - Resolving type for handle ctbookviewsb864type
19:45:20.807 [main] TRACE - Resolving type for handle ctbookviewf677type
19:45:20.807 [main] TRACE - Resolving type for handle stcelltypebf95type
19:45:20.823 [main] TRACE - Resolving type for handle stxstringf179type
19:45:28.088 [main] DEBUG - Parsing relationship: /xl/_rels/workbook.xml.rels
19:45:28.088 [main] DEBUG - Parsing relationship: /xl/worksheets/_rels/sheet1.xml.rels
19:45:28.088 [main] DEBUG - Parsing relationship: /xl/worksheets/_rels/sheet2.xml.rels
19:45:28.088 [main] DEBUG - Parsing relationship: /_rels/.rels
19:45:51.696 [main] INFO  - Page has been focused on division page
19:49:08.436 [main] INFO  - Goto my Merx Application-->Click on Login.
19:49:08.456 [main] INFO  - Entering email and password.. 
19:49:08.600 [main] INFO  - Entering user IDjohndoe@test.com
19:49:11.754 [main] INFO  - clicked on Sign in button...
19:49:16.013 [main] INFO  - The user has landing to the Merchandise page
19:49:26.016 [main] INFO  - Goto my Merx Application-->Click on Login.. 
19:49:28.164 [main] INFO  - element is present
19:49:28.525 [main] ERROR - SanityAutomateTesting11032024194928  is entered
19:49:28.525 [main] ERROR - SanityAutomateTesting11032024194928  is not entered
19:49:28.528 [main] INFO  - enter business name
19:49:28.638 [main] DEBUG - Parsing relationship: /xl/_rels/workbook.xml.rels
19:49:28.638 [main] DEBUG - Parsing relationship: /xl/worksheets/_rels/sheet1.xml.rels
19:49:28.651 [main] DEBUG - Parsing relationship: /xl/worksheets/_rels/sheet2.xml.rels
19:49:28.654 [main] DEBUG - Parsing relationship: /_rels/.rels
19:49:28.851 [main] TRACE - Loading type system org.apache.poi.schemas.ooxml.system.ooxml
19:49:28.858 [main] TRACE - Loading type system org.apache.xmlbeans.metadata.system.sXMLCONFIG
19:49:28.858 [main] TRACE - Loading type system org.apache.xmlbeans.metadata.system.sXMLLANG
19:49:28.858 [main] TRACE - Loading type system org.apache.xmlbeans.metadata.system.sXMLSCHEMA
19:49:28.858 [main] TRACE - Loading type system org.apache.xmlbeans.metadata.system.sXMLTOOLS
19:49:28.858 [main] TRACE - Reading unresolved handles for type system org.apache.xmlbeans.metadata.system.sXMLTOOLS
19:49:28.858 [main] TRACE - Finished loading type system org.apache.xmlbeans.metadata.system.sXMLTOOLS
19:49:28.874 [main] TRACE - Reading unresolved handles for type system org.apache.xmlbeans.metadata.system.sXMLSCHEMA
19:49:28.874 [main] TRACE - Finished loading type system org.apache.xmlbeans.metadata.system.sXMLSCHEMA
19:49:28.874 [main] TRACE - Reading unresolved handles for type system org.apache.xmlbeans.metadata.system.sXMLLANG
19:49:28.874 [main] TRACE - Finished loading type system org.apache.xmlbeans.metadata.system.sXMLLANG
19:49:28.874 [main] TRACE - Reading unresolved handles for type system org.apache.xmlbeans.metadata.system.sXMLCONFIG
19:49:28.874 [main] TRACE - Finished loading type system org.apache.xmlbeans.metadata.system.sXMLCONFIG
19:49:28.874 [main] TRACE - Reading unresolved handles for type system org.apache.poi.schemas.ooxml.system.ooxml
19:49:28.937 [main] TRACE - Finished loading type system org.apache.poi.schemas.ooxml.system.ooxml
19:49:28.937 [main] TRACE - Resolving type for handle themefd26doctype
19:49:29.000 [main] TRACE - Resolving type for handle stylesheet5d8bdoctype
19:49:29.000 [main] TRACE - Resolving type for handle ctstylesheet4257type
19:49:29.000 [main] TRACE - Resolving type for handle ctfonts6623type
19:49:29.000 [main] TRACE - Resolving type for handle ctfont14d8type
19:49:29.015 [main] TRACE - Resolving type for handle ctfills2c6ftype
19:49:29.015 [main] TRACE - Resolving type for handle ctfill550ctype
19:49:29.015 [main] TRACE - Resolving type for handle ctborders0d66type
19:49:29.015 [main] TRACE - Resolving type for handle ctborderf935type
19:49:29.015 [main] TRACE - Resolving type for handle ctcellxfs1322type
19:49:29.032 [main] TRACE - Resolving type for handle ctxf97f7type
19:49:29.032 [main] TRACE - Resolving type for handle ctcellstylexfsa81ftype
19:49:29.032 [main] TRACE - Resolving type for handle ctdxfsb26atype
19:49:29.044 [main] TRACE - Resolving type for handle sstf81fdoctype
19:49:29.050 [main] TRACE - Resolving type for handle ctsst44f3type
19:49:29.060 [main] TRACE - Resolving type for handle ctrsta472type
19:49:29.077 [main] TRACE - Resolving type for handle ctdrawing2748type
19:49:29.077 [main] TRACE - Resolving type for handle workbookec17doctype
19:49:29.092 [main] TRACE - Resolving type for handle ctworkbook83c3type
19:49:29.092 [main] TRACE - Resolving type for handle ctsheets49fdtype
19:49:29.092 [main] TRACE - Resolving type for handle ctsheet4dbetype
19:49:29.108 [main] TRACE - Resolving type for handle strelationshipid1e94type
19:49:29.108 [main] TRACE - Resolving type for handle worksheetf539doctype
19:49:29.131 [main] TRACE - Resolving type for handle ctworksheet530dtype
19:49:29.140 [main] TRACE - Resolving type for handle ctsheetdata8408type
19:49:29.140 [main] TRACE - Resolving type for handle ctrowdd39type
19:49:29.151 [main] TRACE - Resolving type for handle ctcell842btype
19:49:29.156 [main] TRACE - Resolving type for handle stcellrefe4e0type
19:49:29.156 [main] TRACE - Resolving type for handle ctcols627ctype
19:49:29.171 [main] TRACE - Resolving type for handle ctcola95ftype
19:49:29.234 [main] TRACE - Resolving type for handle ctdefinednamesce48type
19:49:29.252 [main] TRACE - Resolving type for handle ctbookviewsb864type
19:49:29.252 [main] TRACE - Resolving type for handle ctbookviewf677type
19:49:29.252 [main] TRACE - Resolving type for handle stcelltypebf95type
19:49:29.252 [main] TRACE - Resolving type for handle stxstringf179type
19:49:36.530 [main] DEBUG - Parsing relationship: /xl/_rels/workbook.xml.rels
19:49:36.530 [main] DEBUG - Parsing relationship: /xl/worksheets/_rels/sheet1.xml.rels
19:49:36.530 [main] DEBUG - Parsing relationship: /xl/worksheets/_rels/sheet2.xml.rels
19:49:36.530 [main] DEBUG - Parsing relationship: /_rels/.rels
19:49:59.974 [main] INFO  - Page has been focused on division page
19:53:38.496 [main] INFO  - Goto my Merx Application-->Click on Login.
19:53:38.518 [main] INFO  - Entering email and password.. 
19:53:38.669 [main] INFO  - Entering user IDjohndoe@test.com
19:53:41.811 [main] INFO  - clicked on Sign in button...
19:53:44.947 [main] INFO  - The user has landing to the Merchandise page
19:53:54.957 [main] INFO  - Goto my Merx Application-->Click on Login.. 
19:53:57.107 [main] INFO  - element is present
19:53:57.465 [main] ERROR - SanityAutomateTesting11032024195357  is entered
19:53:57.465 [main] ERROR - SanityAutomateTesting11032024195357  is not entered
19:53:57.467 [main] INFO  - enter business name
19:53:57.638 [main] DEBUG - Parsing relationship: /xl/_rels/workbook.xml.rels
19:53:57.650 [main] DEBUG - Parsing relationship: /xl/worksheets/_rels/sheet1.xml.rels
19:53:57.654 [main] DEBUG - Parsing relationship: /xl/worksheets/_rels/sheet2.xml.rels
19:53:57.654 [main] DEBUG - Parsing relationship: /_rels/.rels
19:53:57.952 [main] TRACE - Loading type system org.apache.poi.schemas.ooxml.system.ooxml
19:53:57.952 [main] TRACE - Loading type system org.apache.xmlbeans.metadata.system.sXMLCONFIG
19:53:57.952 [main] TRACE - Loading type system org.apache.xmlbeans.metadata.system.sXMLLANG
19:53:57.952 [main] TRACE - Loading type system org.apache.xmlbeans.metadata.system.sXMLSCHEMA
19:53:57.952 [main] TRACE - Loading type system org.apache.xmlbeans.metadata.system.sXMLTOOLS
19:53:57.952 [main] TRACE - Reading unresolved handles for type system org.apache.xmlbeans.metadata.system.sXMLTOOLS
19:53:57.984 [main] TRACE - Finished loading type system org.apache.xmlbeans.metadata.system.sXMLTOOLS
19:53:57.985 [main] TRACE - Reading unresolved handles for type system org.apache.xmlbeans.metadata.system.sXMLSCHEMA
19:53:57.989 [main] TRACE - Finished loading type system org.apache.xmlbeans.metadata.system.sXMLSCHEMA
19:53:57.989 [main] TRACE - Reading unresolved handles for type system org.apache.xmlbeans.metadata.system.sXMLLANG
19:53:57.990 [main] TRACE - Finished loading type system org.apache.xmlbeans.metadata.system.sXMLLANG
19:53:57.991 [main] TRACE - Reading unresolved handles for type system org.apache.xmlbeans.metadata.system.sXMLCONFIG
19:53:57.991 [main] TRACE - Finished loading type system org.apache.xmlbeans.metadata.system.sXMLCONFIG
19:53:57.992 [main] TRACE - Reading unresolved handles for type system org.apache.poi.schemas.ooxml.system.ooxml
19:53:58.077 [main] TRACE - Finished loading type system org.apache.poi.schemas.ooxml.system.ooxml
19:53:58.077 [main] TRACE - Resolving type for handle themefd26doctype
19:53:58.171 [main] TRACE - Resolving type for handle stylesheet5d8bdoctype
19:53:58.186 [main] TRACE - Resolving type for handle ctstylesheet4257type
19:53:58.202 [main] TRACE - Resolving type for handle ctfonts6623type
19:53:58.202 [main] TRACE - Resolving type for handle ctfont14d8type
19:53:58.218 [main] TRACE - Resolving type for handle ctfills2c6ftype
19:53:58.218 [main] TRACE - Resolving type for handle ctfill550ctype
19:53:58.218 [main] TRACE - Resolving type for handle ctborders0d66type
19:53:58.234 [main] TRACE - Resolving type for handle ctborderf935type
19:53:58.234 [main] TRACE - Resolving type for handle ctcellxfs1322type
19:53:58.249 [main] TRACE - Resolving type for handle ctxf97f7type
19:53:58.252 [main] TRACE - Resolving type for handle ctcellstylexfsa81ftype
19:53:58.252 [main] TRACE - Resolving type for handle ctdxfsb26atype
19:53:58.266 [main] TRACE - Resolving type for handle sstf81fdoctype
19:53:58.266 [main] TRACE - Resolving type for handle ctsst44f3type
19:53:58.281 [main] TRACE - Resolving type for handle ctrsta472type
19:53:58.328 [main] TRACE - Resolving type for handle ctdrawing2748type
19:53:58.345 [main] TRACE - Resolving type for handle workbookec17doctype
19:53:58.351 [main] TRACE - Resolving type for handle ctworkbook83c3type
19:53:58.352 [main] TRACE - Resolving type for handle ctsheets49fdtype
19:53:58.352 [main] TRACE - Resolving type for handle ctsheet4dbetype
19:53:58.360 [main] TRACE - Resolving type for handle strelationshipid1e94type
19:53:58.360 [main] TRACE - Resolving type for handle worksheetf539doctype
19:53:58.360 [main] TRACE - Resolving type for handle ctworksheet530dtype
19:53:58.376 [main] TRACE - Resolving type for handle ctsheetdata8408type
19:53:58.376 [main] TRACE - Resolving type for handle ctrowdd39type
19:53:58.391 [main] TRACE - Resolving type for handle ctcell842btype
19:53:58.391 [main] TRACE - Resolving type for handle stcellrefe4e0type
19:53:58.407 [main] TRACE - Resolving type for handle ctcols627ctype
19:53:58.407 [main] TRACE - Resolving type for handle ctcola95ftype
19:53:58.486 [main] TRACE - Resolving type for handle ctdefinednamesce48type
19:53:58.486 [main] TRACE - Resolving type for handle ctbookviewsb864type
19:53:58.486 [main] TRACE - Resolving type for handle ctbookviewf677type
19:53:58.503 [main] TRACE - Resolving type for handle stcelltypebf95type
19:53:58.503 [main] TRACE - Resolving type for handle stxstringf179type
19:54:05.799 [main] DEBUG - Parsing relationship: /xl/_rels/workbook.xml.rels
19:54:05.799 [main] DEBUG - Parsing relationship: /xl/worksheets/_rels/sheet1.xml.rels
19:54:05.799 [main] DEBUG - Parsing relationship: /xl/worksheets/_rels/sheet2.xml.rels
19:54:05.799 [main] DEBUG - Parsing relationship: /_rels/.rels
19:54:29.216 [main] INFO  - Page has been focused on division page
21:01:24.173 [main] INFO  - Goto my Merx Application-->Click on Login.
21:01:24.217 [main] INFO  - Entering email and password.. 
21:01:24.478 [main] INFO  - Entering user IDjohndoe@test.com
21:01:27.679 [main] INFO  - clicked on Sign in button...
21:01:30.870 [main] INFO  - The user has landing to the Merchandise page
21:01:40.885 [main] INFO  - Goto my Merx Application-->Click on Login.. 
21:01:43.023 [main] INFO  - element is present
21:01:43.361 [main] ERROR - SanityAutomateTesting11032024210142  is entered
21:01:43.362 [main] ERROR - SanityAutomateTesting11032024210142  is not entered
21:01:43.364 [main] INFO  - enter business name
21:01:43.472 [main] DEBUG - Parsing relationship: /xl/_rels/workbook.xml.rels
21:01:43.477 [main] DEBUG - Parsing relationship: /xl/worksheets/_rels/sheet1.xml.rels
21:01:43.478 [main] DEBUG - Parsing relationship: /xl/worksheets/_rels/sheet2.xml.rels
21:01:43.480 [main] DEBUG - Parsing relationship: /_rels/.rels
21:01:43.639 [main] TRACE - Loading type system org.apache.poi.schemas.ooxml.system.ooxml
21:01:43.642 [main] TRACE - Loading type system org.apache.xmlbeans.metadata.system.sXMLCONFIG
21:01:43.643 [main] TRACE - Loading type system org.apache.xmlbeans.metadata.system.sXMLLANG
21:01:43.643 [main] TRACE - Loading type system org.apache.xmlbeans.metadata.system.sXMLSCHEMA
21:01:43.644 [main] TRACE - Loading type system org.apache.xmlbeans.metadata.system.sXMLTOOLS
21:01:43.645 [main] TRACE - Reading unresolved handles for type system org.apache.xmlbeans.metadata.system.sXMLTOOLS
21:01:43.656 [main] TRACE - Finished loading type system org.apache.xmlbeans.metadata.system.sXMLTOOLS
21:01:43.658 [main] TRACE - Reading unresolved handles for type system org.apache.xmlbeans.metadata.system.sXMLSCHEMA
21:01:43.663 [main] TRACE - Finished loading type system org.apache.xmlbeans.metadata.system.sXMLSCHEMA
21:01:43.664 [main] TRACE - Reading unresolved handles for type system org.apache.xmlbeans.metadata.system.sXMLLANG
21:01:43.664 [main] TRACE - Finished loading type system org.apache.xmlbeans.metadata.system.sXMLLANG
21:01:43.665 [main] TRACE - Reading unresolved handles for type system org.apache.xmlbeans.metadata.system.sXMLCONFIG
21:01:43.666 [main] TRACE - Finished loading type system org.apache.xmlbeans.metadata.system.sXMLCONFIG
21:01:43.667 [main] TRACE - Reading unresolved handles for type system org.apache.poi.schemas.ooxml.system.ooxml
21:01:43.738 [main] TRACE - Finished loading type system org.apache.poi.schemas.ooxml.system.ooxml
21:01:43.739 [main] TRACE - Resolving type for handle themefd26doctype
21:01:43.825 [main] TRACE - Resolving type for handle stylesheet5d8bdoctype
21:01:43.836 [main] TRACE - Resolving type for handle ctstylesheet4257type
21:01:43.842 [main] TRACE - Resolving type for handle ctfonts6623type
21:01:43.848 [main] TRACE - Resolving type for handle ctfont14d8type
21:01:43.857 [main] TRACE - Resolving type for handle ctfills2c6ftype
