23:41:00.090 [main] TRACE - Resolving type for handle ctcell842btype
23:41:00.108 [main] TRACE - Resolving type for handle stcellrefe4e0type
23:41:00.122 [main] TRACE - Resolving type for handle ctcols627ctype
23:41:00.122 [main] TRACE - Resolving type for handle ctcola95ftype
23:41:00.185 [main] TRACE - Resolving type for handle ctdefinednamesce48type
23:41:00.185 [main] TRACE - Resolving type for handle ctbookviewsb864type
23:41:00.200 [main] TRACE - Resolving type for handle ctbookviewf677type
23:41:00.208 [main] TRACE - Resolving type for handle stcelltypebf95type
23:41:00.208 [main] TRACE - Resolving type for handle stxstringf179type
23:41:05.588 [main] DEBUG - Parsing relationship: /xl/_rels/workbook.xml.rels
23:41:05.588 [main] DEBUG - Parsing relationship: /xl/worksheets/_rels/sheet1.xml.rels
23:41:05.588 [main] DEBUG - Parsing relationship: /xl/worksheets/_rels/sheet2.xml.rels
23:41:05.588 [main] DEBUG - Parsing relationship: /_rels/.rels
23:42:56.293 [main] INFO  - Goto my Merx Application-->Click on Login.
23:42:56.313 [main] INFO  - Entering email and password.. 
23:42:56.475 [main] INFO  - Entering user IDjohndoe@test.com
23:42:59.596 [main] INFO  - clicked on Sign in button...
23:43:04.608 [main] INFO  - The user has landing to the Merchandise page
23:43:14.619 [main] INFO  - Goto my Merx Application-->Click on Login.. 
08:03:31.819 [main] INFO  - Goto my Merx Application-->Click on Login.
08:03:31.844 [main] INFO  - Entering email and password.. 
08:03:32.005 [main] INFO  - Entering user IDjohndoe@test.com
08:03:35.140 [main] INFO  - clicked on Sign in button...
08:03:38.644 [main] INFO  - The user has landing to the Merchandise page
08:03:48.652 [main] INFO  - Goto my Merx Application-->Click on Login.. 
09:58:47.080 [main] INFO  - Goto my Merx Application-->Click on Login.
09:58:47.101 [main] INFO  - Entering email and password.. 
09:58:47.266 [main] INFO  - Entering user IDjohndoe@test.com
09:58:50.403 [main] INFO  - clicked on Sign in button...
09:58:53.695 [main] INFO  - The user has landing to the Merchandise page
09:59:03.909 [main] INFO  - Goto my Merx Application-->Click on Login.. 
09:59:04.350 [main] INFO  - element is present
09:59:04.650 [main] ERROR - SanityAutoTests02042024095904  is entered
09:59:04.650 [main] ERROR - SanityAutoTests02042024095904  is not entered
09:59:04.652 [main] INFO  - enter business name
09:59:04.862 [main] DEBUG - Parsing relationship: /xl/_rels/workbook.xml.rels
09:59:04.862 [main] DEBUG - Parsing relationship: /xl/worksheets/_rels/sheet1.xml.rels
09:59:04.862 [main] DEBUG - Parsing relationship: /xl/worksheets/_rels/sheet2.xml.rels
09:59:04.862 [main] DEBUG - Parsing relationship: /_rels/.rels
09:59:05.163 [main] TRACE - Loading type system org.apache.poi.schemas.ooxml.system.ooxml
09:59:05.172 [main] TRACE - Loading type system org.apache.xmlbeans.metadata.system.sXMLCONFIG
09:59:05.173 [main] TRACE - Loading type system org.apache.xmlbeans.metadata.system.sXMLLANG
09:59:05.173 [main] TRACE - Loading type system org.apache.xmlbeans.metadata.system.sXMLSCHEMA
09:59:05.174 [main] TRACE - Loading type system org.apache.xmlbeans.metadata.system.sXMLTOOLS
09:59:05.175 [main] TRACE - Reading unresolved handles for type system org.apache.xmlbeans.metadata.system.sXMLTOOLS
09:59:05.188 [main] TRACE - Finished loading type system org.apache.xmlbeans.metadata.system.sXMLTOOLS
09:59:05.189 [main] TRACE - Reading unresolved handles for type system org.apache.xmlbeans.metadata.system.sXMLSCHEMA
09:59:05.196 [main] TRACE - Finished loading type system org.apache.xmlbeans.metadata.system.sXMLSCHEMA
09:59:05.197 [main] TRACE - Reading unresolved handles for type system org.apache.xmlbeans.metadata.system.sXMLLANG
09:59:05.199 [main] TRACE - Finished loading type system org.apache.xmlbeans.metadata.system.sXMLLANG
09:59:05.199 [main] TRACE - Reading unresolved handles for type system org.apache.xmlbeans.metadata.system.sXMLCONFIG
09:59:05.201 [main] TRACE - Finished loading type system org.apache.xmlbeans.metadata.system.sXMLCONFIG
09:59:05.201 [main] TRACE - Reading unresolved handles for type system org.apache.poi.schemas.ooxml.system.ooxml
09:59:05.254 [main] TRACE - Finished loading type system org.apache.poi.schemas.ooxml.system.ooxml
09:59:05.254 [main] TRACE - Resolving type for handle themefd26doctype
09:59:05.333 [main] TRACE - Resolving type for handle stylesheet5d8bdoctype
09:59:05.333 [main] TRACE - Resolving type for handle ctstylesheet4257type
09:59:05.348 [main] TRACE - Resolving type for handle ctfonts6623type
09:59:05.348 [main] TRACE - Resolving type for handle ctfont14d8type
09:59:05.364 [main] TRACE - Resolving type for handle ctfills2c6ftype
09:59:05.364 [main] TRACE - Resolving type for handle ctfill550ctype
09:59:05.364 [main] TRACE - Resolving type for handle ctborders0d66type
09:59:05.379 [main] TRACE - Resolving type for handle ctborderf935type
09:59:05.386 [main] TRACE - Resolving type for handle ctcellxfs1322type
09:59:05.390 [main] TRACE - Resolving type for handle ctxf97f7type
09:59:05.394 [main] TRACE - Resolving type for handle ctcellstylexfsa81ftype
09:59:05.397 [main] TRACE - Resolving type for handle ctdxfsb26atype
09:59:05.402 [main] TRACE - Resolving type for handle sstf81fdoctype
09:59:05.411 [main] TRACE - Resolving type for handle ctsst44f3type
09:59:05.429 [main] TRACE - Resolving type for handle ctrsta472type
09:59:05.452 [main] TRACE - Resolving type for handle ctdrawing2748type
09:59:05.463 [main] TRACE - Resolving type for handle workbookec17doctype
09:59:05.468 [main] TRACE - Resolving type for handle ctworkbook83c3type
09:59:05.489 [main] TRACE - Resolving type for handle ctsheets49fdtype
09:59:05.507 [main] TRACE - Resolving type for handle ctsheet4dbetype
09:59:05.517 [main] TRACE - Resolving type for handle strelationshipid1e94type
09:59:05.541 [main] TRACE - Resolving type for handle worksheetf539doctype
09:59:05.548 [main] TRACE - Resolving type for handle ctworksheet530dtype
09:59:05.587 [main] TRACE - Resolving type for handle ctsheetdata8408type
09:59:05.591 [main] TRACE - Resolving type for handle ctrowdd39type
09:59:05.595 [main] TRACE - Resolving type for handle ctcell842btype
09:59:05.608 [main] TRACE - Resolving type for handle stcellrefe4e0type
09:59:05.621 [main] TRACE - Resolving type for handle ctcols627ctype
09:59:05.629 [main] TRACE - Resolving type for handle ctcola95ftype
09:59:05.693 [main] TRACE - Resolving type for handle ctdefinednamesce48type
09:59:05.698 [main] TRACE - Resolving type for handle ctbookviewsb864type
09:59:05.699 [main] TRACE - Resolving type for handle ctbookviewf677type
09:59:05.706 [main] TRACE - Resolving type for handle stcelltypebf95type
09:59:05.711 [main] TRACE - Resolving type for handle stxstringf179type
09:59:11.082 [main] DEBUG - Parsing relationship: /xl/_rels/workbook.xml.rels
09:59:11.082 [main] DEBUG - Parsing relationship: /xl/worksheets/_rels/sheet1.xml.rels
09:59:11.082 [main] DEBUG - Parsing relationship: /xl/worksheets/_rels/sheet2.xml.rels
09:59:11.082 [main] DEBUG - Parsing relationship: /_rels/.rels
09:59:29.349 [main] INFO  - Page has been focused on division page
09:59:29.614 [main] INFO  - Click on division Tab.
09:59:29.628 [main] DEBUG - Parsing relationship: /xl/_rels/workbook.xml.rels
09:59:29.630 [main] DEBUG - Parsing relationship: /xl/worksheets/_rels/sheet1.xml.rels
09:59:29.632 [main] DEBUG - Parsing relationship: /xl/worksheets/_rels/sheet2.xml.rels
09:59:29.634 [main] DEBUG - Parsing relationship: /_rels/.rels
09:59:38.174 [main] INFO  - element is present
09:59:38.630 [main] ERROR - SanityDivisionNameTests02042024095938  is entered
09:59:38.630 [main] ERROR - SanityDivisionNameTests02042024095938  is not entered
09:59:38.630 [main] INFO  - entered Diviion name
09:59:38.637 [main] DEBUG - Parsing relationship: /xl/_rels/workbook.xml.rels
09:59:38.637 [main] DEBUG - Parsing relationship: /xl/worksheets/_rels/sheet1.xml.rels
09:59:38.639 [main] DEBUG - Parsing relationship: /xl/worksheets/_rels/sheet2.xml.rels
09:59:38.639 [main] DEBUG - Parsing relationship: /_rels/.rels
09:59:39.927 [main] DEBUG - Parsing relationship: /xl/_rels/workbook.xml.rels
09:59:39.927 [main] DEBUG - Parsing relationship: /xl/worksheets/_rels/sheet1.xml.rels
09:59:39.927 [main] DEBUG - Parsing relationship: /xl/worksheets/_rels/sheet2.xml.rels
09:59:39.927 [main] DEBUG - Parsing relationship: /_rels/.rels
10:00:06.741 [main] INFO  - element is present
10:00:06.741 [main] INFO  - element exists
10:00:08.836 [main] INFO  - Click on group Tab.
10:00:08.841 [main] DEBUG - Parsing relationship: /xl/_rels/workbook.xml.rels
10:00:08.843 [main] DEBUG - Parsing relationship: /xl/worksheets/_rels/sheet1.xml.rels
10:00:08.844 [main] DEBUG - Parsing relationship: /xl/worksheets/_rels/sheet2.xml.rels
10:00:08.845 [main] DEBUG - Parsing relationship: /_rels/.rels
10:00:23.779 [main] INFO  - element is present
10:00:24.099 [main] ERROR - SanityGroupName02042024100023  is entered
10:00:24.099 [main] ERROR - SanityGroupName02042024100023  is not entered
10:00:24.101 [main] INFO  - entered Group name
10:00:24.104 [main] DEBUG - Parsing relationship: /xl/_rels/workbook.xml.rels
10:00:24.105 [main] DEBUG - Parsing relationship: /xl/worksheets/_rels/sheet1.xml.rels
10:00:24.105 [main] DEBUG - Parsing relationship: /xl/worksheets/_rels/sheet2.xml.rels
10:00:24.105 [main] DEBUG - Parsing relationship: /_rels/.rels
10:00:29.430 [main] DEBUG - Parsing relationship: /xl/_rels/workbook.xml.rels
10:00:29.431 [main] DEBUG - Parsing relationship: /xl/worksheets/_rels/sheet1.xml.rels
10:00:29.431 [main] DEBUG - Parsing relationship: /xl/worksheets/_rels/sheet2.xml.rels
10:00:29.431 [main] DEBUG - Parsing relationship: /_rels/.rels
10:00:46.451 [main] INFO  - element is present
10:00:46.451 [main] INFO  - element exists
10:00:46.623 [main] DEBUG - Parsing relationship: /xl/_rels/workbook.xml.rels
10:00:46.625 [main] DEBUG - Parsing relationship: /xl/worksheets/_rels/sheet1.xml.rels
10:00:46.627 [main] DEBUG - Parsing relationship: /xl/worksheets/_rels/sheet2.xml.rels
10:00:46.628 [main] DEBUG - Parsing relationship: /_rels/.rels
10:00:53.156 [main] INFO  - element is present
10:00:53.521 [main] ERROR - NameDepartment02042024100053  is entered
10:00:53.522 [main] ERROR - NameDepartment02042024100053  is not entered
10:00:53.523 [main] INFO  - entered department name
10:00:53.526 [main] DEBUG - Parsing relationship: /xl/_rels/workbook.xml.rels
10:00:53.527 [main] DEBUG - Parsing relationship: /xl/worksheets/_rels/sheet1.xml.rels
10:00:53.527 [main] DEBUG - Parsing relationship: /xl/worksheets/_rels/sheet2.xml.rels
10:00:53.528 [main] DEBUG - Parsing relationship: /_rels/.rels
10:01:08.422 [main] DEBUG - Parsing relationship: /xl/_rels/workbook.xml.rels
10:01:08.423 [main] DEBUG - Parsing relationship: /xl/worksheets/_rels/sheet1.xml.rels
10:01:08.423 [main] DEBUG - Parsing relationship: /xl/worksheets/_rels/sheet2.xml.rels
10:01:08.423 [main] DEBUG - Parsing relationship: /_rels/.rels
10:01:25.429 [main] INFO  - element is present
10:01:25.429 [main] INFO  - element exists
10:01:25.432 [main] DEBUG - Parsing relationship: /xl/_rels/workbook.xml.rels
10:01:25.432 [main] DEBUG - Parsing relationship: /xl/worksheets/_rels/sheet1.xml.rels
10:01:25.433 [main] DEBUG - Parsing relationship: /xl/worksheets/_rels/sheet2.xml.rels
10:01:25.433 [main] DEBUG - Parsing relationship: /_rels/.rels
10:01:38.765 [main] INFO  - element is present
10:01:39.061 [main] ERROR - SanityDepartment02042024100138  is entered
10:01:39.062 [main] ERROR - SanityDepartment02042024100138  is not entered
10:01:39.064 [main] INFO  - entered class name
10:01:39.068 [main] DEBUG - Parsing relationship: /xl/_rels/workbook.xml.rels
10:01:39.069 [main] DEBUG - Parsing relationship: /xl/worksheets/_rels/sheet1.xml.rels
10:01:39.069 [main] DEBUG - Parsing relationship: /xl/worksheets/_rels/sheet2.xml.rels
10:01:39.070 [main] DEBUG - Parsing relationship: /_rels/.rels
10:02:03.947 [main] DEBUG - Parsing relationship: /xl/_rels/workbook.xml.rels
10:02:03.948 [main] DEBUG - Parsing relationship: /xl/worksheets/_rels/sheet1.xml.rels
10:02:03.949 [main] DEBUG - Parsing relationship: /xl/worksheets/_rels/sheet2.xml.rels
10:02:03.949 [main] DEBUG - Parsing relationship: /_rels/.rels
10:02:21.029 [main] INFO  - element is present
10:02:21.029 [main] INFO  - element exists
10:02:21.032 [main] DEBUG - Parsing relationship: /xl/_rels/workbook.xml.rels
10:02:21.032 [main] DEBUG - Parsing relationship: /xl/worksheets/_rels/sheet1.xml.rels
10:02:21.034 [main] DEBUG - Parsing relationship: /xl/worksheets/_rels/sheet2.xml.rels
10:02:21.034 [main] DEBUG - Parsing relationship: /_rels/.rels
10:02:48.039 [main] INFO  - element is present
10:09:45.226 [main] INFO  - Goto my Merx Application-->Click on Login.
10:09:45.245 [main] INFO  - Entering email and password.. 
10:09:45.403 [main] INFO  - Entering user IDjohndoe@test.com
10:09:48.539 [main] INFO  - clicked on Sign in button...
10:09:51.588 [main] INFO  - The user has landing to the Merchandise page
10:10:01.601 [main] INFO  - Goto my Merx Application-->Click on Login.. 
10:10:12.686 [main] DEBUG - Parsing relationship: /xl/_rels/workbook.xml.rels
10:10:12.690 [main] DEBUG - Parsing relationship: /xl/worksheets/_rels/sheet1.xml.rels
10:10:12.691 [main] DEBUG - Parsing relationship: /xl/worksheets/_rels/sheet2.xml.rels
10:10:12.693 [main] DEBUG - Parsing relationship: /_rels/.rels
10:10:12.858 [main] TRACE - Loading type system org.apache.poi.schemas.ooxml.system.ooxml
10:10:12.860 [main] TRACE - Loading type system org.apache.xmlbeans.metadata.system.sXMLCONFIG
10:10:12.861 [main] TRACE - Loading type system org.apache.xmlbeans.metadata.system.sXMLLANG
10:10:12.861 [main] TRACE - Loading type system org.apache.xmlbeans.metadata.system.sXMLSCHEMA
10:10:12.861 [main] TRACE - Loading type system org.apache.xmlbeans.metadata.system.sXMLTOOLS
10:10:12.862 [main] TRACE - Reading unresolved handles for type system org.apache.xmlbeans.metadata.system.sXMLTOOLS
10:10:12.871 [main] TRACE - Finished loading type system org.apache.xmlbeans.metadata.system.sXMLTOOLS
10:10:12.873 [main] TRACE - Reading unresolved handles for type system org.apache.xmlbeans.metadata.system.sXMLSCHEMA
10:10:12.876 [main] TRACE - Finished loading type system org.apache.xmlbeans.metadata.system.sXMLSCHEMA
10:10:12.877 [main] TRACE - Reading unresolved handles for type system org.apache.xmlbeans.metadata.system.sXMLLANG
10:10:12.879 [main] TRACE - Finished loading type system org.apache.xmlbeans.metadata.system.sXMLLANG
10:10:12.880 [main] TRACE - Reading unresolved handles for type system org.apache.xmlbeans.metadata.system.sXMLCONFIG
10:10:12.881 [main] TRACE - Finished loading type system org.apache.xmlbeans.metadata.system.sXMLCONFIG
10:10:12.883 [main] TRACE - Reading unresolved handles for type system org.apache.poi.schemas.ooxml.system.ooxml
10:10:12.948 [main] TRACE - Finished loading type system org.apache.poi.schemas.ooxml.system.ooxml
10:10:12.949 [main] TRACE - Resolving type for handle themefd26doctype
10:10:13.046 [main] TRACE - Resolving type for handle stylesheet5d8bdoctype
10:10:13.056 [main] TRACE - Resolving type for handle ctstylesheet4257type
10:10:13.066 [main] TRACE - Resolving type for handle ctfonts6623type
10:10:13.071 [main] TRACE - Resolving type for handle ctfont14d8type
10:10:13.077 [main] TRACE - Resolving type for handle ctfills2c6ftype
10:10:13.081 [main] TRACE - Resolving type for handle ctfill550ctype
10:10:13.086 [main] TRACE - Resolving type for handle ctborders0d66type
10:10:13.092 [main] TRACE - Resolving type for handle ctborderf935type
10:10:13.098 [main] TRACE - Resolving type for handle ctcellxfs1322type
10:10:13.101 [main] TRACE - Resolving type for handle ctxf97f7type
10:10:13.105 [main] TRACE - Resolving type for handle ctcellstylexfsa81ftype
10:10:13.108 [main] TRACE - Resolving type for handle ctdxfsb26atype
10:10:13.114 [main] TRACE - Resolving type for handle sstf81fdoctype
10:10:13.122 [main] TRACE - Resolving type for handle ctsst44f3type
10:10:13.137 [main] TRACE - Resolving type for handle ctrsta472type
10:10:13.169 [main] TRACE - Resolving type for handle ctdrawing2748type
10:10:13.177 [main] TRACE - Resolving type for handle workbookec17doctype
10:10:13.184 [main] TRACE - Resolving type for handle ctworkbook83c3type
10:10:13.196 [main] TRACE - Resolving type for handle ctsheets49fdtype
10:10:13.202 [main] TRACE - Resolving type for handle ctsheet4dbetype
10:10:13.207 [main] TRACE - Resolving type for handle strelationshipid1e94type
10:10:13.213 [main] TRACE - Resolving type for handle worksheetf539doctype
10:10:13.225 [main] TRACE - Resolving type for handle ctworksheet530dtype
10:10:13.234 [main] TRACE - Resolving type for handle ctsheetdata8408type
10:10:13.237 [main] TRACE - Resolving type for handle ctrowdd39type
10:10:13.251 [main] TRACE - Resolving type for handle ctcell842btype
10:10:13.259 [main] TRACE - Resolving type for handle stcellrefe4e0type
10:10:13.274 [main] TRACE - Resolving type for handle ctcols627ctype
10:10:13.281 [main] TRACE - Resolving type for handle ctcola95ftype
10:10:13.357 [main] TRACE - Resolving type for handle ctdefinednamesce48type
10:10:13.361 [main] TRACE - Resolving type for handle ctbookviewsb864type
10:10:13.363 [main] TRACE - Resolving type for handle ctbookviewf677type
10:10:13.370 [main] TRACE - Resolving type for handle stcelltypebf95type
10:10:13.374 [main] TRACE - Resolving type for handle stxstringf179type
10:10:18.764 [main] DEBUG - Parsing relationship: /xl/_rels/workbook.xml.rels
10:10:18.767 [main] DEBUG - Parsing relationship: /xl/worksheets/_rels/sheet1.xml.rels
10:10:18.769 [main] DEBUG - Parsing relationship: /xl/worksheets/_rels/sheet2.xml.rels
10:10:18.771 [main] DEBUG - Parsing relationship: /_rels/.rels
10:10:25.700 [main] INFO  - element is present
10:17:08.293 [main] INFO  - Goto my Merx Application-->Click on Login.
10:17:08.319 [main] INFO  - Entering email and password.. 
10:17:08.473 [main] INFO  - Entering user IDjohndoe@test.com
10:17:11.648 [main] INFO  - clicked on Sign in button...
10:17:16.197 [main] INFO  - The user has landing to the Merchandise page
10:17:26.212 [main] INFO  - Goto my Merx Application-->Click on Login.. 
10:17:37.253 [main] INFO  - element is present
10:17:37.592 [main] ERROR - SanityAutoTests02042024101737  is entered
10:17:37.592 [main] ERROR - SanityAutoTests02042024101737  is not entered
10:17:37.594 [main] INFO  - enter business name
10:17:37.713 [main] DEBUG - Parsing relationship: /xl/_rels/workbook.xml.rels
10:17:37.716 [main] DEBUG - Parsing relationship: /xl/worksheets/_rels/sheet1.xml.rels
10:17:37.717 [main] DEBUG - Parsing relationship: /xl/worksheets/_rels/sheet2.xml.rels
10:17:37.717 [main] DEBUG - Parsing relationship: /_rels/.rels
10:17:37.882 [main] TRACE - Loading type system org.apache.poi.schemas.ooxml.system.ooxml
10:17:37.888 [main] TRACE - Loading type system org.apache.xmlbeans.metadata.system.sXMLCONFIG
10:17:37.889 [main] TRACE - Loading type system org.apache.xmlbeans.metadata.system.sXMLLANG
10:17:37.889 [main] TRACE - Loading type system org.apache.xmlbeans.metadata.system.sXMLSCHEMA
10:17:37.890 [main] TRACE - Loading type system org.apache.xmlbeans.metadata.system.sXMLTOOLS
10:17:37.893 [main] TRACE - Reading unresolved handles for type system org.apache.xmlbeans.metadata.system.sXMLTOOLS
10:17:37.915 [main] TRACE - Finished loading type system org.apache.xmlbeans.metadata.system.sXMLTOOLS
10:17:37.917 [main] TRACE - Reading unresolved handles for type system org.apache.xmlbeans.metadata.system.sXMLSCHEMA
10:17:37.926 [main] TRACE - Finished loading type system org.apache.xmlbeans.metadata.system.sXMLSCHEMA
10:17:37.928 [main] TRACE - Reading unresolved handles for type system org.apache.xmlbeans.metadata.system.sXMLLANG
10:17:37.929 [main] TRACE - Finished loading type system org.apache.xmlbeans.metadata.system.sXMLLANG
10:17:37.931 [main] TRACE - Reading unresolved handles for type system org.apache.xmlbeans.metadata.system.sXMLCONFIG
10:17:37.931 [main] TRACE - Finished loading type system org.apache.xmlbeans.metadata.system.sXMLCONFIG
10:17:37.933 [main] TRACE - Reading unresolved handles for type system org.apache.poi.schemas.ooxml.system.ooxml
10:17:38.011 [main] TRACE - Finished loading type system org.apache.poi.schemas.ooxml.system.ooxml
10:17:38.011 [main] TRACE - Resolving type for handle themefd26doctype
10:17:38.084 [main] TRACE - Resolving type for handle stylesheet5d8bdoctype
10:17:38.097 [main] TRACE - Resolving type for handle ctstylesheet4257type
10:17:38.103 [main] TRACE - Resolving type for handle ctfonts6623type
10:17:38.106 [main] TRACE - Resolving type for handle ctfont14d8type
10:17:38.112 [main] TRACE - Resolving type for handle ctfills2c6ftype
10:17:38.114 [main] TRACE - Resolving type for handle ctfill550ctype
10:17:38.119 [main] TRACE - Resolving type for handle ctborders0d66type
10:17:38.123 [main] TRACE - Resolving type for handle ctborderf935type
10:17:38.125 [main] TRACE - Resolving type for handle ctcellxfs1322type
10:17:38.128 [main] TRACE - Resolving type for handle ctxf97f7type
10:17:38.131 [main] TRACE - Resolving type for handle ctcellstylexfsa81ftype
10:17:38.133 [main] TRACE - Resolving type for handle ctdxfsb26atype
10:17:38.139 [main] TRACE - Resolving type for handle sstf81fdoctype
10:17:38.143 [main] TRACE - Resolving type for handle ctsst44f3type
10:17:38.153 [main] TRACE - Resolving type for handle ctrsta472type
10:17:38.178 [main] TRACE - Resolving type for handle ctdrawing2748type
10:17:38.186 [main] TRACE - Resolving type for handle workbookec17doctype
10:17:38.191 [main] TRACE - Resolving type for handle ctworkbook83c3type
10:17:38.197 [main] TRACE - Resolving type for handle ctsheets49fdtype
10:17:38.199 [main] TRACE - Resolving type for handle ctsheet4dbetype
10:17:38.203 [main] TRACE - Resolving type for handle strelationshipid1e94type
10:17:38.207 [main] TRACE - Resolving type for handle worksheetf539doctype
10:17:38.213 [main] TRACE - Resolving type for handle ctworksheet530dtype
10:17:38.226 [main] TRACE - Resolving type for handle ctsheetdata8408type
10:17:38.227 [main] TRACE - Resolving type for handle ctrowdd39type
10:17:38.233 [main] TRACE - Resolving type for handle ctcell842btype
10:17:38.245 [main] TRACE - Resolving type for handle stcellrefe4e0type
10:17:38.259 [main] TRACE - Resolving type for handle ctcols627ctype
10:17:38.264 [main] TRACE - Resolving type for handle ctcola95ftype
10:17:38.363 [main] TRACE - Resolving type for handle ctdefinednamesce48type
10:17:38.368 [main] TRACE - Resolving type for handle ctbookviewsb864type
10:17:38.372 [main] TRACE - Resolving type for handle ctbookviewf677type
10:17:38.381 [main] TRACE - Resolving type for handle stcelltypebf95type
10:17:38.387 [main] TRACE - Resolving type for handle stxstringf179type
10:17:43.744 [main] DEBUG - Parsing relationship: /xl/_rels/workbook.xml.rels
10:17:43.746 [main] DEBUG - Parsing relationship: /xl/worksheets/_rels/sheet1.xml.rels
10:17:43.749 [main] DEBUG - Parsing relationship: /xl/worksheets/_rels/sheet2.xml.rels
10:17:43.751 [main] DEBUG - Parsing relationship: /_rels/.rels
10:18:01.805 [main] INFO  - Page has been focused on division page
10:18:34.837 [main] INFO  - Goto my Merx Application-->Click on Login.
10:18:34.865 [main] INFO  - Entering email and password.. 
10:18:35.016 [main] INFO  - Entering user IDjohndoe@test.com
10:18:38.152 [main] INFO  - clicked on Sign in button...
10:18:42.100 [main] INFO  - The user has landing to the Merchandise page
10:18:52.121 [main] INFO  - Goto my Merx Application-->Click on Login.. 
10:19:33.511 [main] INFO  - Goto my Merx Application-->Click on Login.
10:19:33.537 [main] INFO  - Entering email and password.. 
10:19:33.716 [main] INFO  - Entering user IDjohndoe@test.com
10:19:36.925 [main] INFO  - clicked on Sign in button...
10:19:41.395 [main] INFO  - The user has landing to the Merchandise page
10:19:51.602 [main] INFO  - Goto my Merx Application-->Click on Login.. 
10:22:51.588 [main] INFO  - Goto my Merx Application-->Click on Login.
10:22:51.610 [main] INFO  - Entering email and password.. 
10:22:51.792 [main] INFO  - Entering user IDjohndoe@test.com
10:22:54.936 [main] INFO  - clicked on Sign in button...
10:22:59.351 [main] INFO  - The user has landing to the Merchandise page
10:23:09.538 [main] INFO  - Goto my Merx Application-->Click on Login.. 
10:23:10.027 [main] INFO  - element is present
10:23:10.343 [main] ERROR - SanityAutoTests02042024102309  is entered
10:23:10.344 [main] ERROR - SanityAutoTests02042024102309  is not entered
10:23:10.346 [main] INFO  - enter business name
10:23:10.430 [main] DEBUG - Parsing relationship: /xl/_rels/workbook.xml.rels
10:23:10.432 [main] DEBUG - Parsing relationship: /xl/worksheets/_rels/sheet1.xml.rels
10:23:10.433 [main] DEBUG - Parsing relationship: /xl/worksheets/_rels/sheet2.xml.rels
10:23:10.435 [main] DEBUG - Parsing relationship: /_rels/.rels
10:23:10.568 [main] TRACE - Loading type system org.apache.poi.schemas.ooxml.system.ooxml
10:23:10.571 [main] TRACE - Loading type system org.apache.xmlbeans.metadata.system.sXMLCONFIG
10:23:10.571 [main] TRACE - Loading type system org.apache.xmlbeans.metadata.system.sXMLLANG
10:23:10.571 [main] TRACE - Loading type system org.apache.xmlbeans.metadata.system.sXMLSCHEMA
10:23:10.572 [main] TRACE - Loading type system org.apache.xmlbeans.metadata.system.sXMLTOOLS
10:23:10.573 [main] TRACE - Reading unresolved handles for type system org.apache.xmlbeans.metadata.system.sXMLTOOLS
10:23:10.583 [main] TRACE - Finished loading type system org.apache.xmlbeans.metadata.system.sXMLTOOLS
10:23:10.585 [main] TRACE - Reading unresolved handles for type system org.apache.xmlbeans.metadata.system.sXMLSCHEMA
10:23:10.591 [main] TRACE - Finished loading type system org.apache.xmlbeans.metadata.system.sXMLSCHEMA
10:23:10.592 [main] TRACE - Reading unresolved handles for type system org.apache.xmlbeans.metadata.system.sXMLLANG
10:23:10.593 [main] TRACE - Finished loading type system org.apache.xmlbeans.metadata.system.sXMLLANG
10:23:10.594 [main] TRACE - Reading unresolved handles for type system org.apache.xmlbeans.metadata.system.sXMLCONFIG
10:23:10.595 [main] TRACE - Finished loading type system org.apache.xmlbeans.metadata.system.sXMLCONFIG
10:23:10.595 [main] TRACE - Reading unresolved handles for type system org.apache.poi.schemas.ooxml.system.ooxml
10:23:10.638 [main] TRACE - Finished loading type system org.apache.poi.schemas.ooxml.system.ooxml
10:23:10.638 [main] TRACE - Resolving type for handle themefd26doctype
10:23:10.681 [main] TRACE - Resolving type for handle stylesheet5d8bdoctype
10:23:10.685 [main] TRACE - Resolving type for handle ctstylesheet4257type
10:23:10.689 [main] TRACE - Resolving type for handle ctfonts6623type
10:23:10.691 [main] TRACE - Resolving type for handle ctfont14d8type
10:23:10.696 [main] TRACE - Resolving type for handle ctfills2c6ftype
10:23:10.698 [main] TRACE - Resolving type for handle ctfill550ctype
10:23:10.701 [main] TRACE - Resolving type for handle ctborders0d66type
10:23:10.704 [main] TRACE - Resolving type for handle ctborderf935type
10:23:10.707 [main] TRACE - Resolving type for handle ctcellxfs1322type
10:23:10.709 [main] TRACE - Resolving type for handle ctxf97f7type
10:23:10.713 [main] TRACE - Resolving type for handle ctcellstylexfsa81ftype
10:23:10.715 [main] TRACE - Resolving type for handle ctdxfsb26atype
10:23:10.716 [main] TRACE - Resolving type for handle sstf81fdoctype
10:23:10.720 [main] TRACE - Resolving type for handle ctsst44f3type
10:23:10.725 [main] TRACE - Resolving type for handle ctrsta472type
10:23:10.740 [main] TRACE - Resolving type for handle ctdrawing2748type
10:23:10.746 [main] TRACE - Resolving type for handle workbookec17doctype
10:23:10.750 [main] TRACE - Resolving type for handle ctworkbook83c3type
10:23:10.757 [main] TRACE - Resolving type for handle ctsheets49fdtype
10:23:10.758 [main] TRACE - Resolving type for handle ctsheet4dbetype
10:23:10.764 [main] TRACE - Resolving type for handle strelationshipid1e94type
10:23:10.766 [main] TRACE - Resolving type for handle worksheetf539doctype
10:23:10.772 [main] TRACE - Resolving type for handle ctworksheet530dtype
10:23:10.777 [main] TRACE - Resolving type for handle ctsheetdata8408type
10:23:10.778 [main] TRACE - Resolving type for handle ctrowdd39type
10:23:10.783 [main] TRACE - Resolving type for handle ctcell842btype
10:23:10.791 [main] TRACE - Resolving type for handle stcellrefe4e0type
10:23:10.804 [main] TRACE - Resolving type for handle ctcols627ctype
10:23:10.807 [main] TRACE - Resolving type for handle ctcola95ftype
10:23:10.863 [main] TRACE - Resolving type for handle ctdefinednamesce48type
10:23:10.867 [main] TRACE - Resolving type for handle ctbookviewsb864type
10:23:10.870 [main] TRACE - Resolving type for handle ctbookviewf677type
10:23:10.874 [main] TRACE - Resolving type for handle stcelltypebf95type
10:23:10.877 [main] TRACE - Resolving type for handle stxstringf179type
10:23:16.195 [main] DEBUG - Parsing relationship: /xl/_rels/workbook.xml.rels
10:23:16.195 [main] DEBUG - Parsing relationship: /xl/worksheets/_rels/sheet1.xml.rels
10:23:16.196 [main] DEBUG - Parsing relationship: /xl/worksheets/_rels/sheet2.xml.rels
10:23:16.196 [main] DEBUG - Parsing relationship: /_rels/.rels
10:23:34.304 [main] INFO  - Page has been focused on division page
10:23:34.567 [main] INFO  - Click on division Tab.
10:23:34.580 [main] DEBUG - Parsing relationship: /xl/_rels/workbook.xml.rels
10:23:34.581 [main] DEBUG - Parsing relationship: /xl/worksheets/_rels/sheet1.xml.rels
10:23:34.582 [main] DEBUG - Parsing relationship: /xl/worksheets/_rels/sheet2.xml.rels
10:23:34.583 [main] DEBUG - Parsing relationship: /_rels/.rels
10:23:41.803 [main] INFO  - element is present
10:23:42.307 [main] ERROR - SanityDivisionNameTests02042024102341  is entered
10:23:42.307 [main] ERROR - SanityDivisionNameTests02042024102341  is not entered
10:23:42.309 [main] INFO  - entered Diviion name
10:23:42.315 [main] DEBUG - Parsing relationship: /xl/_rels/workbook.xml.rels
10:23:42.317 [main] DEBUG - Parsing relationship: /xl/worksheets/_rels/sheet1.xml.rels
10:23:42.317 [main] DEBUG - Parsing relationship: /xl/worksheets/_rels/sheet2.xml.rels
10:23:42.318 [main] DEBUG - Parsing relationship: /_rels/.rels
10:23:43.692 [main] DEBUG - Parsing relationship: /xl/_rels/workbook.xml.rels
10:23:43.694 [main] DEBUG - Parsing relationship: /xl/worksheets/_rels/sheet1.xml.rels
10:23:43.695 [main] DEBUG - Parsing relationship: /xl/worksheets/_rels/sheet2.xml.rels
10:23:43.696 [main] DEBUG - Parsing relationship: /_rels/.rels
10:24:09.876 [main] INFO  - element is present
10:24:09.876 [main] INFO  - element exists
10:24:11.966 [main] INFO  - Click on group Tab.
10:24:11.972 [main] DEBUG - Parsing relationship: /xl/_rels/workbook.xml.rels
10:24:11.973 [main] DEBUG - Parsing relationship: /xl/worksheets/_rels/sheet1.xml.rels
10:24:11.973 [main] DEBUG - Parsing relationship: /xl/worksheets/_rels/sheet2.xml.rels
10:24:11.974 [main] DEBUG - Parsing relationship: /_rels/.rels
10:24:26.234 [main] INFO  - element is present
10:24:26.560 [main] ERROR - SanityGroupName02042024102426  is entered
10:24:26.560 [main] ERROR - SanityGroupName02042024102426  is not entered
10:24:26.562 [main] INFO  - entered Group name
10:24:26.567 [main] DEBUG - Parsing relationship: /xl/_rels/workbook.xml.rels
10:24:26.567 [main] DEBUG - Parsing relationship: /xl/worksheets/_rels/sheet1.xml.rels
10:24:26.567 [main] DEBUG - Parsing relationship: /xl/worksheets/_rels/sheet2.xml.rels
10:24:26.568 [main] DEBUG - Parsing relationship: /_rels/.rels
10:24:31.863 [main] DEBUG - Parsing relationship: /xl/_rels/workbook.xml.rels
10:24:31.865 [main] DEBUG - Parsing relationship: /xl/worksheets/_rels/sheet1.xml.rels
10:24:31.865 [main] DEBUG - Parsing relationship: /xl/worksheets/_rels/sheet2.xml.rels
10:24:31.866 [main] DEBUG - Parsing relationship: /_rels/.rels
10:24:48.773 [main] INFO  - element is present
10:24:48.773 [main] INFO  - element exists
10:24:48.921 [main] DEBUG - Parsing relationship: /xl/_rels/workbook.xml.rels
10:24:48.921 [main] DEBUG - Parsing relationship: /xl/worksheets/_rels/sheet1.xml.rels
10:24:48.922 [main] DEBUG - Parsing relationship: /xl/worksheets/_rels/sheet2.xml.rels
10:24:48.922 [main] DEBUG - Parsing relationship: /_rels/.rels
10:24:55.381 [main] INFO  - element is present
10:24:55.708 [main] ERROR - NameDepartment02042024102455  is entered
10:24:55.708 [main] ERROR - NameDepartment02042024102455  is not entered
10:24:55.709 [main] INFO  - entered department name
10:24:55.713 [main] DEBUG - Parsing relationship: /xl/_rels/workbook.xml.rels
10:24:55.714 [main] DEBUG - Parsing relationship: /xl/worksheets/_rels/sheet1.xml.rels
10:24:55.714 [main] DEBUG - Parsing relationship: /xl/worksheets/_rels/sheet2.xml.rels
10:24:55.715 [main] DEBUG - Parsing relationship: /_rels/.rels
10:25:10.570 [main] DEBUG - Parsing relationship: /xl/_rels/workbook.xml.rels
10:25:10.571 [main] DEBUG - Parsing relationship: /xl/worksheets/_rels/sheet1.xml.rels
10:25:10.572 [main] DEBUG - Parsing relationship: /xl/worksheets/_rels/sheet2.xml.rels
10:25:10.573 [main] DEBUG - Parsing relationship: /_rels/.rels
10:25:27.632 [main] INFO  - element is present
10:25:27.632 [main] INFO  - element exists
10:25:27.635 [main] DEBUG - Parsing relationship: /xl/_rels/workbook.xml.rels
10:25:27.636 [main] DEBUG - Parsing relationship: /xl/worksheets/_rels/sheet1.xml.rels
10:25:27.637 [main] DEBUG - Parsing relationship: /xl/worksheets/_rels/sheet2.xml.rels
10:25:27.637 [main] DEBUG - Parsing relationship: /_rels/.rels
10:25:40.872 [main] INFO  - element is present
10:25:41.168 [main] ERROR - SanityDepartment02042024102540  is entered
10:25:41.168 [main] ERROR - SanityDepartment02042024102540  is not entered
10:25:41.169 [main] INFO  - entered class name
10:25:41.174 [main] DEBUG - Parsing relationship: /xl/_rels/workbook.xml.rels
10:25:41.175 [main] DEBUG - Parsing relationship: /xl/worksheets/_rels/sheet1.xml.rels
10:25:41.175 [main] DEBUG - Parsing relationship: /xl/worksheets/_rels/sheet2.xml.rels
10:25:41.176 [main] DEBUG - Parsing relationship: /_rels/.rels
10:26:05.896 [main] DEBUG - Parsing relationship: /xl/_rels/workbook.xml.rels
10:26:05.897 [main] DEBUG - Parsing relationship: /xl/worksheets/_rels/sheet1.xml.rels
10:26:05.897 [main] DEBUG - Parsing relationship: /xl/worksheets/_rels/sheet2.xml.rels
10:26:05.898 [main] DEBUG - Parsing relationship: /_rels/.rels
10:26:22.839 [main] INFO  - element is present
10:26:22.840 [main] INFO  - element exists
10:26:22.843 [main] DEBUG - Parsing relationship: /xl/_rels/workbook.xml.rels
10:26:22.843 [main] DEBUG - Parsing relationship: /xl/worksheets/_rels/sheet1.xml.rels
10:26:22.843 [main] DEBUG - Parsing relationship: /xl/worksheets/_rels/sheet2.xml.rels
10:26:22.845 [main] DEBUG - Parsing relationship: /_rels/.rels
10:26:49.442 [main] INFO  - element is present
10:44:10.310 [main] INFO  - Goto my Merx Application-->Click on Login.
10:44:10.345 [main] INFO  - Entering email and password.. 
10:44:10.522 [main] INFO  - Entering user IDjohndoe@test.com
10:44:13.706 [main] INFO  - clicked on Sign in button...
10:44:17.401 [main] INFO  - The user has landing to the Merchandise page
10:44:27.410 [main] INFO  - Goto my Merx Application-->Click on Login.. 
10:45:45.053 [main] INFO  - Goto my Merx Application-->Click on Login.
10:45:45.088 [main] INFO  - Entering email and password.. 
10:45:45.270 [main] INFO  - Entering user IDjohndoe@test.com
10:45:48.466 [main] INFO  - clicked on Sign in button...
10:45:52.842 [main] INFO  - The user has landing to the Merchandise page
10:46:03.030 [main] INFO  - Goto my Merx Application-->Click on Login.. 
10:46:03.548 [main] INFO  - element is present
10:46:03.909 [main] ERROR - SanityAutoTests02042024104603  is entered
10:46:03.909 [main] ERROR - SanityAutoTests02042024104603  is not entered
10:46:03.911 [main] INFO  - enter business name
10:46:04.097 [main] DEBUG - Parsing relationship: /xl/_rels/workbook.xml.rels
10:46:04.101 [main] DEBUG - Parsing relationship: /xl/worksheets/_rels/sheet1.xml.rels
10:46:04.102 [main] DEBUG - Parsing relationship: /xl/worksheets/_rels/sheet2.xml.rels
10:46:04.103 [main] DEBUG - Parsing relationship: /_rels/.rels
10:46:04.240 [main] TRACE - Loading type system org.apache.poi.schemas.ooxml.system.ooxml
10:46:04.242 [main] TRACE - Loading type system org.apache.xmlbeans.metadata.system.sXMLCONFIG
10:46:04.243 [main] TRACE - Loading type system org.apache.xmlbeans.metadata.system.sXMLLANG
10:46:04.243 [main] TRACE - Loading type system org.apache.xmlbeans.metadata.system.sXMLSCHEMA
10:46:04.244 [main] TRACE - Loading type system org.apache.xmlbeans.metadata.system.sXMLTOOLS
10:46:04.245 [main] TRACE - Reading unresolved handles for type system org.apache.xmlbeans.metadata.system.sXMLTOOLS
10:46:04.258 [main] TRACE - Finished loading type system org.apache.xmlbeans.metadata.system.sXMLTOOLS
10:46:04.261 [main] TRACE - Reading unresolved handles for type system org.apache.xmlbeans.metadata.system.sXMLSCHEMA
10:46:04.269 [main] TRACE - Finished loading type system org.apache.xmlbeans.metadata.system.sXMLSCHEMA
10:46:04.270 [main] TRACE - Reading unresolved handles for type system org.apache.xmlbeans.metadata.system.sXMLLANG
10:46:04.271 [main] TRACE - Finished loading type system org.apache.xmlbeans.metadata.system.sXMLLANG
10:46:04.272 [main] TRACE - Reading unresolved handles for type system org.apache.xmlbeans.metadata.system.sXMLCONFIG
10:46:04.274 [main] TRACE - Finished loading type system org.apache.xmlbeans.metadata.system.sXMLCONFIG
10:46:04.275 [main] TRACE - Reading unresolved handles for type system org.apache.poi.schemas.ooxml.system.ooxml
10:46:04.357 [main] TRACE - Finished loading type system org.apache.poi.schemas.ooxml.system.ooxml
10:46:04.358 [main] TRACE - Resolving type for handle themefd26doctype
10:46:04.429 [main] TRACE - Resolving type for handle stylesheet5d8bdoctype
10:46:04.437 [main] TRACE - Resolving type for handle ctstylesheet4257type
10:46:04.442 [main] TRACE - Resolving type for handle ctfonts6623type
10:46:04.449 [main] TRACE - Resolving type for handle ctfont14d8type
10:46:04.459 [main] TRACE - Resolving type for handle ctfills2c6ftype
10:46:04.466 [main] TRACE - Resolving type for handle ctfill550ctype
10:46:04.469 [main] TRACE - Resolving type for handle ctborders0d66type
10:46:04.473 [main] TRACE - Resolving type for handle ctborderf935type
10:46:04.478 [main] TRACE - Resolving type for handle ctcellxfs1322type
10:46:04.481 [main] TRACE - Resolving type for handle ctxf97f7type
10:46:04.487 [main] TRACE - Resolving type for handle ctcellstylexfsa81ftype
10:46:04.491 [main] TRACE - Resolving type for handle ctdxfsb26atype
10:46:04.494 [main] TRACE - Resolving type for handle sstf81fdoctype
10:46:04.500 [main] TRACE - Resolving type for handle ctsst44f3type
10:46:04.516 [main] TRACE - Resolving type for handle ctrsta472type
10:46:04.544 [main] TRACE - Resolving type for handle ctdrawing2748type
10:46:04.555 [main] TRACE - Resolving type for handle workbookec17doctype
10:46:04.562 [main] TRACE - Resolving type for handle ctworkbook83c3type
10:46:04.571 [main] TRACE - Resolving type for handle ctsheets49fdtype
10:46:04.575 [main] TRACE - Resolving type for handle ctsheet4dbetype
10:46:04.579 [main] TRACE - Resolving type for handle strelationshipid1e94type
10:46:04.581 [main] TRACE - Resolving type for handle worksheetf539doctype
10:46:04.591 [main] TRACE - Resolving type for handle ctworksheet530dtype
10:46:04.601 [main] TRACE - Resolving type for handle ctsheetdata8408type
10:46:04.604 [main] TRACE - Resolving type for handle ctrowdd39type
10:46:04.611 [main] TRACE - Resolving type for handle ctcell842btype
10:46:04.617 [main] TRACE - Resolving type for handle stcellrefe4e0type
10:46:04.631 [main] TRACE - Resolving type for handle ctcols627ctype
10:46:04.640 [main] TRACE - Resolving type for handle ctcola95ftype
10:46:04.705 [main] TRACE - Resolving type for handle ctdefinednamesce48type
10:46:04.709 [main] TRACE - Resolving type for handle ctbookviewsb864type
10:46:04.712 [main] TRACE - Resolving type for handle ctbookviewf677type
10:46:04.717 [main] TRACE - Resolving type for handle stcelltypebf95type
10:46:04.724 [main] TRACE - Resolving type for handle stxstringf179type
10:46:10.067 [main] DEBUG - Parsing relationship: /xl/_rels/workbook.xml.rels
10:46:10.069 [main] DEBUG - Parsing relationship: /xl/worksheets/_rels/sheet1.xml.rels
10:46:10.070 [main] DEBUG - Parsing relationship: /xl/worksheets/_rels/sheet2.xml.rels
10:46:10.071 [main] DEBUG - Parsing relationship: /_rels/.rels
10:46:28.307 [main] INFO  - Page has been focused on division page
10:46:28.594 [main] INFO  - Click on division Tab.
10:46:28.604 [main] DEBUG - Parsing relationship: /xl/_rels/workbook.xml.rels
10:46:28.605 [main] DEBUG - Parsing relationship: /xl/worksheets/_rels/sheet1.xml.rels
10:46:28.606 [main] DEBUG - Parsing relationship: /xl/worksheets/_rels/sheet2.xml.rels
10:46:28.607 [main] DEBUG - Parsing relationship: /_rels/.rels
10:46:36.633 [main] INFO  - element is present
10:46:37.062 [main] ERROR - SanityDivisionNameTests02042024104636  is entered
10:46:37.062 [main] ERROR - SanityDivisionNameTests02042024104636  is not entered
10:46:37.065 [main] INFO  - entered Diviion name
10:46:37.072 [main] DEBUG - Parsing relationship: /xl/_rels/workbook.xml.rels
10:46:37.073 [main] DEBUG - Parsing relationship: /xl/worksheets/_rels/sheet1.xml.rels
10:46:37.075 [main] DEBUG - Parsing relationship: /xl/worksheets/_rels/sheet2.xml.rels
10:46:37.075 [main] DEBUG - Parsing relationship: /_rels/.rels
10:46:38.394 [main] DEBUG - Parsing relationship: /xl/_rels/workbook.xml.rels
10:46:38.394 [main] DEBUG - Parsing relationship: /xl/worksheets/_rels/sheet1.xml.rels
10:46:38.395 [main] DEBUG - Parsing relationship: /xl/worksheets/_rels/sheet2.xml.rels
10:46:38.396 [main] DEBUG - Parsing relationship: /_rels/.rels
10:47:04.573 [main] INFO  - element is present
10:47:04.574 [main] INFO  - element exists
10:47:06.704 [main] INFO  - Click on group Tab.
10:47:06.710 [main] DEBUG - Parsing relationship: /xl/_rels/workbook.xml.rels
10:47:06.712 [main] DEBUG - Parsing relationship: /xl/worksheets/_rels/sheet1.xml.rels
10:47:06.714 [main] DEBUG - Parsing relationship: /xl/worksheets/_rels/sheet2.xml.rels
10:47:06.715 [main] DEBUG - Parsing relationship: /_rels/.rels
10:47:21.143 [main] INFO  - element is present
10:47:21.462 [main] ERROR - SanityGroupName02042024104721  is entered
10:47:21.462 [main] ERROR - SanityGroupName02042024104721  is not entered
10:47:21.463 [main] INFO  - entered Group name
10:47:21.469 [main] DEBUG - Parsing relationship: /xl/_rels/workbook.xml.rels
10:47:21.470 [main] DEBUG - Parsing relationship: /xl/worksheets/_rels/sheet1.xml.rels
10:47:21.470 [main] DEBUG - Parsing relationship: /xl/worksheets/_rels/sheet2.xml.rels
10:47:21.471 [main] DEBUG - Parsing relationship: /_rels/.rels
10:47:26.767 [main] DEBUG - Parsing relationship: /xl/_rels/workbook.xml.rels
10:47:26.768 [main] DEBUG - Parsing relationship: /xl/worksheets/_rels/sheet1.xml.rels
10:47:26.769 [main] DEBUG - Parsing relationship: /xl/worksheets/_rels/sheet2.xml.rels
10:47:26.770 [main] DEBUG - Parsing relationship: /_rels/.rels
10:47:43.809 [main] INFO  - element is present
10:47:43.809 [main] INFO  - element exists
10:47:43.969 [main] DEBUG - Parsing relationship: /xl/_rels/workbook.xml.rels
10:47:43.970 [main] DEBUG - Parsing relationship: /xl/worksheets/_rels/sheet1.xml.rels
10:47:43.971 [main] DEBUG - Parsing relationship: /xl/worksheets/_rels/sheet2.xml.rels
10:47:43.971 [main] DEBUG - Parsing relationship: /_rels/.rels
10:47:50.594 [main] INFO  - element is present
10:47:50.997 [main] ERROR - NameDepartment02042024104750  is entered
10:47:50.997 [main] ERROR - NameDepartment02042024104750  is not entered
10:47:50.999 [main] INFO  - entered department name
10:47:51.004 [main] DEBUG - Parsing relationship: /xl/_rels/workbook.xml.rels
10:47:51.004 [main] DEBUG - Parsing relationship: /xl/worksheets/_rels/sheet1.xml.rels
10:47:51.005 [main] DEBUG - Parsing relationship: /xl/worksheets/_rels/sheet2.xml.rels
10:47:51.005 [main] DEBUG - Parsing relationship: /_rels/.rels
10:48:05.970 [main] DEBUG - Parsing relationship: /xl/_rels/workbook.xml.rels
10:48:05.972 [main] DEBUG - Parsing relationship: /xl/worksheets/_rels/sheet1.xml.rels
10:48:05.973 [main] DEBUG - Parsing relationship: /xl/worksheets/_rels/sheet2.xml.rels
10:48:05.975 [main] DEBUG - Parsing relationship: /_rels/.rels
10:48:23.024 [main] INFO  - element is present
10:48:23.024 [main] INFO  - element exists
10:48:23.028 [main] DEBUG - Parsing relationship: /xl/_rels/workbook.xml.rels
10:48:23.029 [main] DEBUG - Parsing relationship: /xl/worksheets/_rels/sheet1.xml.rels
10:48:23.029 [main] DEBUG - Parsing relationship: /xl/worksheets/_rels/sheet2.xml.rels
10:48:23.029 [main] DEBUG - Parsing relationship: /_rels/.rels
10:48:36.402 [main] INFO  - element is present
10:48:36.708 [main] ERROR - SanityDepartment02042024104836  is entered
10:48:36.708 [main] ERROR - SanityDepartment02042024104836  is not entered
10:48:36.709 [main] INFO  - entered class name
10:48:36.712 [main] DEBUG - Parsing relationship: /xl/_rels/workbook.xml.rels
10:48:36.713 [main] DEBUG - Parsing relationship: /xl/worksheets/_rels/sheet1.xml.rels
10:48:36.714 [main] DEBUG - Parsing relationship: /xl/worksheets/_rels/sheet2.xml.rels
10:48:36.714 [main] DEBUG - Parsing relationship: /_rels/.rels
10:49:01.496 [main] DEBUG - Parsing relationship: /xl/_rels/workbook.xml.rels
10:49:01.497 [main] DEBUG - Parsing relationship: /xl/worksheets/_rels/sheet1.xml.rels
10:49:01.499 [main] DEBUG - Parsing relationship: /xl/worksheets/_rels/sheet2.xml.rels
10:49:01.500 [main] DEBUG - Parsing relationship: /_rels/.rels
10:49:18.576 [main] INFO  - element is present
10:49:18.576 [main] INFO  - element exists
10:49:18.583 [main] DEBUG - Parsing relationship: /xl/_rels/workbook.xml.rels
10:49:18.584 [main] DEBUG - Parsing relationship: /xl/worksheets/_rels/sheet1.xml.rels
10:49:18.585 [main] DEBUG - Parsing relationship: /xl/worksheets/_rels/sheet2.xml.rels
10:49:18.585 [main] DEBUG - Parsing relationship: /_rels/.rels
10:49:45.319 [main] INFO  - element is present
11:14:13.169 [main] INFO  - Goto my Merx Application-->Click on Login.
11:14:13.199 [main] INFO  - Entering email and password.. 
11:14:13.364 [main] INFO  - Entering user IDjohndoe@test.com
11:14:16.511 [main] INFO  - clicked on Sign in button...
11:14:21.381 [main] INFO  - The user has landing to the Merchandise page
11:14:31.567 [main] INFO  - Goto my Merx Application-->Click on Login.. 
11:14:32.067 [main] INFO  - element is present
11:14:32.422 [main] ERROR - SanityAutoTests02042024111431  is entered
11:14:32.422 [main] ERROR - SanityAutoTests02042024111431  is not entered
11:14:32.425 [main] INFO  - enter business name
11:14:32.562 [main] DEBUG - Parsing relationship: /xl/_rels/workbook.xml.rels
11:14:32.565 [main] DEBUG - Parsing relationship: /xl/worksheets/_rels/sheet1.xml.rels
11:14:32.567 [main] DEBUG - Parsing relationship: /xl/worksheets/_rels/sheet2.xml.rels
11:14:32.568 [main] DEBUG - Parsing relationship: /_rels/.rels
11:14:32.762 [main] TRACE - Loading type system org.apache.poi.schemas.ooxml.system.ooxml
11:14:32.765 [main] TRACE - Loading type system org.apache.xmlbeans.metadata.system.sXMLCONFIG
11:14:32.765 [main] TRACE - Loading type system org.apache.xmlbeans.metadata.system.sXMLLANG
11:14:32.766 [main] TRACE - Loading type system org.apache.xmlbeans.metadata.system.sXMLSCHEMA
11:14:32.766 [main] TRACE - Loading type system org.apache.xmlbeans.metadata.system.sXMLTOOLS
11:14:32.767 [main] TRACE - Reading unresolved handles for type system org.apache.xmlbeans.metadata.system.sXMLTOOLS
11:14:32.777 [main] TRACE - Finished loading type system org.apache.xmlbeans.metadata.system.sXMLTOOLS
11:14:32.778 [main] TRACE - Reading unresolved handles for type system org.apache.xmlbeans.metadata.system.sXMLSCHEMA
11:14:32.785 [main] TRACE - Finished loading type system org.apache.xmlbeans.metadata.system.sXMLSCHEMA
11:14:32.788 [main] TRACE - Reading unresolved handles for type system org.apache.xmlbeans.metadata.system.sXMLLANG
11:14:32.790 [main] TRACE - Finished loading type system org.apache.xmlbeans.metadata.system.sXMLLANG
11:14:32.792 [main] TRACE - Reading unresolved handles for type system org.apache.xmlbeans.metadata.system.sXMLCONFIG
11:14:32.795 [main] TRACE - Finished loading type system org.apache.xmlbeans.metadata.system.sXMLCONFIG
11:14:32.797 [main] TRACE - Reading unresolved handles for type system org.apache.poi.schemas.ooxml.system.ooxml
11:14:32.859 [main] TRACE - Finished loading type system org.apache.poi.schemas.ooxml.system.ooxml
11:14:32.860 [main] TRACE - Resolving type for handle themefd26doctype
11:14:32.918 [main] TRACE - Resolving type for handle stylesheet5d8bdoctype
11:14:32.924 [main] TRACE - Resolving type for handle ctstylesheet4257type
11:14:32.928 [main] TRACE - Resolving type for handle ctfonts6623type
11:14:32.932 [main] TRACE - Resolving type for handle ctfont14d8type
11:14:32.937 [main] TRACE - Resolving type for handle ctfills2c6ftype
