11:31:28.657 [main] TRACE - Resolving type for handle ctdxfsb26atype
11:31:28.676 [main] TRACE - Resolving type for handle sstf81fdoctype
11:31:28.681 [main] TRACE - Resolving type for handle ctsst44f3type
11:31:28.690 [main] TRACE - Resolving type for handle ctrsta472type
11:31:28.712 [main] TRACE - Resolving type for handle ctdrawing2748type
11:31:28.719 [main] TRACE - Resolving type for handle workbookec17doctype
11:31:28.722 [main] TRACE - Resolving type for handle ctworkbook83c3type
11:31:28.727 [main] TRACE - Resolving type for handle ctsheets49fdtype
11:31:28.730 [main] TRACE - Resolving type for handle ctsheet4dbetype
11:31:28.732 [main] TRACE - Resolving type for handle strelationshipid1e94type
11:31:28.735 [main] TRACE - Resolving type for handle worksheetf539doctype
11:31:28.742 [main] TRACE - Resolving type for handle ctworksheet530dtype
11:31:28.748 [main] TRACE - Resolving type for handle ctsheetdata8408type
11:31:28.750 [main] TRACE - Resolving type for handle ctrowdd39type
11:31:28.758 [main] TRACE - Resolving type for handle ctcell842btype
11:31:28.765 [main] TRACE - Resolving type for handle stcellrefe4e0type
11:31:28.773 [main] TRACE - Resolving type for handle ctcols627ctype
11:31:28.778 [main] TRACE - Resolving type for handle ctcola95ftype
11:31:28.830 [main] TRACE - Resolving type for handle ctdefinednamesce48type
11:31:28.834 [main] TRACE - Resolving type for handle ctbookviewsb864type
11:31:28.837 [main] TRACE - Resolving type for handle ctbookviewf677type
11:31:28.841 [main] TRACE - Resolving type for handle stcelltypebf95type
11:31:28.846 [main] TRACE - Resolving type for handle stxstringf179type
11:31:52.949 [main] INFO  - element is present
11:31:53.413 [main] ERROR - SanityAutoTests26032024113124  is entered
11:31:53.414 [main] ERROR - SanityAutoTests26032024113124  is not entered
11:31:53.419 [main] INFO  - enter business name
11:31:53.541 [main] DEBUG - Parsing relationship: /xl/_rels/workbook.xml.rels
11:31:53.544 [main] DEBUG - Parsing relationship: /xl/worksheets/_rels/sheet1.xml.rels
11:31:53.545 [main] DEBUG - Parsing relationship: /xl/worksheets/_rels/sheet2.xml.rels
11:31:53.546 [main] DEBUG - Parsing relationship: /_rels/.rels
11:31:53.733 [main] TRACE - Loading type system org.apache.poi.schemas.ooxml.system.ooxml
11:31:53.737 [main] TRACE - Loading type system org.apache.xmlbeans.metadata.system.sXMLCONFIG
11:31:53.738 [main] TRACE - Loading type system org.apache.xmlbeans.metadata.system.sXMLLANG
11:31:53.738 [main] TRACE - Loading type system org.apache.xmlbeans.metadata.system.sXMLSCHEMA
11:31:53.739 [main] TRACE - Loading type system org.apache.xmlbeans.metadata.system.sXMLTOOLS
11:31:53.740 [main] TRACE - Reading unresolved handles for type system org.apache.xmlbeans.metadata.system.sXMLTOOLS
11:31:53.752 [main] TRACE - Finished loading type system org.apache.xmlbeans.metadata.system.sXMLTOOLS
11:31:53.753 [main] TRACE - Reading unresolved handles for type system org.apache.xmlbeans.metadata.system.sXMLSCHEMA
11:31:53.762 [main] TRACE - Finished loading type system org.apache.xmlbeans.metadata.system.sXMLSCHEMA
11:31:53.764 [main] TRACE - Reading unresolved handles for type system org.apache.xmlbeans.metadata.system.sXMLLANG
11:31:53.765 [main] TRACE - Finished loading type system org.apache.xmlbeans.metadata.system.sXMLLANG
11:31:53.766 [main] TRACE - Reading unresolved handles for type system org.apache.xmlbeans.metadata.system.sXMLCONFIG
11:31:53.767 [main] TRACE - Finished loading type system org.apache.xmlbeans.metadata.system.sXMLCONFIG
11:31:53.769 [main] TRACE - Reading unresolved handles for type system org.apache.poi.schemas.ooxml.system.ooxml
11:31:53.807 [main] TRACE - Finished loading type system org.apache.poi.schemas.ooxml.system.ooxml
11:31:53.808 [main] TRACE - Resolving type for handle themefd26doctype
11:31:53.867 [main] TRACE - Resolving type for handle stylesheet5d8bdoctype
11:31:53.871 [main] TRACE - Resolving type for handle ctstylesheet4257type
11:31:53.875 [main] TRACE - Resolving type for handle ctfonts6623type
11:31:53.879 [main] TRACE - Resolving type for handle ctfont14d8type
11:31:53.884 [main] TRACE - Resolving type for handle ctfills2c6ftype
11:31:53.886 [main] TRACE - Resolving type for handle ctfill550ctype
11:31:53.888 [main] TRACE - Resolving type for handle ctborders0d66type
11:31:53.890 [main] TRACE - Resolving type for handle ctborderf935type
11:31:53.894 [main] TRACE - Resolving type for handle ctcellxfs1322type
11:31:53.898 [main] TRACE - Resolving type for handle ctxf97f7type
11:31:53.900 [main] TRACE - Resolving type for handle ctcellstylexfsa81ftype
11:31:53.902 [main] TRACE - Resolving type for handle ctdxfsb26atype
11:31:53.906 [main] TRACE - Resolving type for handle sstf81fdoctype
11:31:53.910 [main] TRACE - Resolving type for handle ctsst44f3type
