17:43:50.530 [main] TRACE - Reading unresolved handles for type system org.apache.xmlbeans.metadata.system.sXMLLANG
17:43:50.539 [main] TRACE - Finished loading type system org.apache.xmlbeans.metadata.system.sXMLLANG
17:43:50.541 [main] TRACE - Reading unresolved handles for type system org.apache.xmlbeans.metadata.system.sXMLCONFIG
17:43:50.542 [main] TRACE - Finished loading type system org.apache.xmlbeans.metadata.system.sXMLCONFIG
17:43:50.542 [main] TRACE - Reading unresolved handles for type system org.apache.poi.schemas.ooxml.system.ooxml
17:43:50.592 [main] TRACE - Finished loading type system org.apache.poi.schemas.ooxml.system.ooxml
17:43:50.597 [main] TRACE - Resolving type for handle themefd26doctype
17:43:50.667 [main] TRACE - Resolving type for handle stylesheet5d8bdoctype
17:43:50.676 [main] TRACE - Resolving type for handle ctstylesheet4257type
17:43:50.681 [main] TRACE - Resolving type for handle ctfonts6623type
17:43:50.686 [main] TRACE - Resolving type for handle ctfont14d8type
17:43:50.698 [main] TRACE - Resolving type for handle ctfills2c6ftype
17:43:50.700 [main] TRACE - Resolving type for handle ctfill550ctype
17:43:50.702 [main] TRACE - Resolving type for handle ctborders0d66type
17:43:50.705 [main] TRACE - Resolving type for handle ctborderf935type
17:43:50.710 [main] TRACE - Resolving type for handle ctcellxfs1322type
17:43:50.712 [main] TRACE - Resolving type for handle ctxf97f7type
17:43:50.720 [main] TRACE - Resolving type for handle ctcellstylexfsa81ftype
17:43:50.724 [main] TRACE - Resolving type for handle ctdxfsb26atype
17:43:50.728 [main] TRACE - Resolving type for handle sstf81fdoctype
17:43:50.740 [main] TRACE - Resolving type for handle ctsst44f3type
17:43:50.757 [main] TRACE - Resolving type for handle ctrsta472type
17:43:50.792 [main] TRACE - Resolving type for handle ctdrawing2748type
17:43:50.807 [main] TRACE - Resolving type for handle workbookec17doctype
17:43:50.815 [main] TRACE - Resolving type for handle ctworkbook83c3type
17:43:50.823 [main] TRACE - Resolving type for handle ctsheets49fdtype
17:43:50.827 [main] TRACE - Resolving type for handle ctsheet4dbetype
17:43:50.836 [main] TRACE - Resolving type for handle strelationshipid1e94type
17:43:50.840 [main] TRACE - Resolving type for handle worksheetf539doctype
17:43:50.852 [main] TRACE - Resolving type for handle ctworksheet530dtype
17:43:50.860 [main] TRACE - Resolving type for handle ctsheetdata8408type
17:43:50.865 [main] TRACE - Resolving type for handle ctrowdd39type
17:43:50.873 [main] TRACE - Resolving type for handle ctcell842btype
17:43:50.886 [main] TRACE - Resolving type for handle stcellrefe4e0type
17:43:50.898 [main] TRACE - Resolving type for handle ctcols627ctype
17:43:50.904 [main] TRACE - Resolving type for handle ctcola95ftype
17:43:50.984 [main] TRACE - Resolving type for handle ctdefinednamesce48type
17:43:50.990 [main] TRACE - Resolving type for handle ctbookviewsb864type
17:43:50.992 [main] TRACE - Resolving type for handle ctbookviewf677type
17:43:50.998 [main] TRACE - Resolving type for handle stcelltypebf95type
17:43:51.002 [main] TRACE - Resolving type for handle stxstringf179type
17:44:16.257 [main] DEBUG - Parsing relationship: /xl/_rels/workbook.xml.rels
17:44:16.260 [main] DEBUG - Parsing relationship: /xl/worksheets/_rels/sheet1.xml.rels
17:44:16.262 [main] DEBUG - Parsing relationship: /xl/worksheets/_rels/sheet2.xml.rels
17:44:16.265 [main] DEBUG - Parsing relationship: /_rels/.rels
17:45:59.325 [main] INFO  - Page has been focused on division page
17:46:20.414 [main] INFO  - Click on division Tab.
17:46:20.420 [main] DEBUG - Parsing relationship: /xl/_rels/workbook.xml.rels
17:46:20.421 [main] DEBUG - Parsing relationship: /xl/worksheets/_rels/sheet1.xml.rels
17:46:20.423 [main] DEBUG - Parsing relationship: /xl/worksheets/_rels/sheet2.xml.rels
17:46:20.423 [main] DEBUG - Parsing relationship: /_rels/.rels
18:23:12.857 [main] INFO  - Goto my Merx Application-->Click on Login.
18:23:12.884 [main] INFO  - Entering email and password.. 
18:23:13.045 [main] INFO  - Entering user IDjohndoe@test.com
18:23:16.218 [main] INFO  - clicked on Sign in button...
18:23:21.487 [main] INFO  - The user has landing to the Merchandise page
18:23:31.495 [main] INFO  - Goto my Merx Application-->Click on Login.. 
18:23:51.648 [main] INFO  - element is present
18:23:51.958 [main] ERROR - SanityAutoTests27032024182351  is entered
18:23:51.958 [main] ERROR - SanityAutoTests27032024182351  is not entered
18:23:51.960 [main] INFO  - enter business name
18:23:52.095 [main] DEBUG - Parsing relationship: /xl/_rels/workbook.xml.rels
18:23:52.102 [main] DEBUG - Parsing relationship: /xl/worksheets/_rels/sheet1.xml.rels
18:23:52.103 [main] DEBUG - Parsing relationship: /xl/worksheets/_rels/sheet2.xml.rels
18:23:52.104 [main] DEBUG - Parsing relationship: /_rels/.rels
18:23:52.262 [main] TRACE - Loading type system org.apache.poi.schemas.ooxml.system.ooxml
18:23:52.266 [main] TRACE - Loading type system org.apache.xmlbeans.metadata.system.sXMLCONFIG
18:23:52.268 [main] TRACE - Loading type system org.apache.xmlbeans.metadata.system.sXMLLANG
18:23:52.269 [main] TRACE - Loading type system org.apache.xmlbeans.metadata.system.sXMLSCHEMA
18:23:52.270 [main] TRACE - Loading type system org.apache.xmlbeans.metadata.system.sXMLTOOLS
18:23:52.272 [main] TRACE - Reading unresolved handles for type system org.apache.xmlbeans.metadata.system.sXMLTOOLS
18:23:52.292 [main] TRACE - Finished loading type system org.apache.xmlbeans.metadata.system.sXMLTOOLS
18:23:52.294 [main] TRACE - Reading unresolved handles for type system org.apache.xmlbeans.metadata.system.sXMLSCHEMA
18:23:52.306 [main] TRACE - Finished loading type system org.apache.xmlbeans.metadata.system.sXMLSCHEMA
18:23:52.307 [main] TRACE - Reading unresolved handles for type system org.apache.xmlbeans.metadata.system.sXMLLANG
18:23:52.308 [main] TRACE - Finished loading type system org.apache.xmlbeans.metadata.system.sXMLLANG
18:23:52.311 [main] TRACE - Reading unresolved handles for type system org.apache.xmlbeans.metadata.system.sXMLCONFIG
18:23:52.313 [main] TRACE - Finished loading type system org.apache.xmlbeans.metadata.system.sXMLCONFIG
18:23:52.314 [main] TRACE - Reading unresolved handles for type system org.apache.poi.schemas.ooxml.system.ooxml
18:23:52.372 [main] TRACE - Finished loading type system org.apache.poi.schemas.ooxml.system.ooxml
18:23:52.373 [main] TRACE - Resolving type for handle themefd26doctype
18:23:52.459 [main] TRACE - Resolving type for handle stylesheet5d8bdoctype
18:23:52.469 [main] TRACE - Resolving type for handle ctstylesheet4257type
18:23:52.478 [main] TRACE - Resolving type for handle ctfonts6623type
18:23:52.483 [main] TRACE - Resolving type for handle ctfont14d8type
18:23:52.491 [main] TRACE - Resolving type for handle ctfills2c6ftype
18:23:52.494 [main] TRACE - Resolving type for handle ctfill550ctype
18:23:52.500 [main] TRACE - Resolving type for handle ctborders0d66type
18:23:52.506 [main] TRACE - Resolving type for handle ctborderf935type
18:23:52.512 [main] TRACE - Resolving type for handle ctcellxfs1322type
18:23:52.517 [main] TRACE - Resolving type for handle ctxf97f7type
18:23:52.530 [main] TRACE - Resolving type for handle ctcellstylexfsa81ftype
18:23:52.535 [main] TRACE - Resolving type for handle ctdxfsb26atype
18:23:52.542 [main] TRACE - Resolving type for handle sstf81fdoctype
18:23:52.556 [main] TRACE - Resolving type for handle ctsst44f3type
18:23:52.575 [main] TRACE - Resolving type for handle ctrsta472type
18:23:52.607 [main] TRACE - Resolving type for handle ctdrawing2748type
18:23:52.621 [main] TRACE - Resolving type for handle workbookec17doctype
18:23:52.625 [main] TRACE - Resolving type for handle ctworkbook83c3type
18:23:52.629 [main] TRACE - Resolving type for handle ctsheets49fdtype
18:23:52.632 [main] TRACE - Resolving type for handle ctsheet4dbetype
18:23:52.634 [main] TRACE - Resolving type for handle strelationshipid1e94type
18:23:52.638 [main] TRACE - Resolving type for handle worksheetf539doctype
18:23:52.644 [main] TRACE - Resolving type for handle ctworksheet530dtype
18:23:52.652 [main] TRACE - Resolving type for handle ctsheetdata8408type
18:23:52.655 [main] TRACE - Resolving type for handle ctrowdd39type
18:23:52.663 [main] TRACE - Resolving type for handle ctcell842btype
18:23:52.672 [main] TRACE - Resolving type for handle stcellrefe4e0type
18:23:52.684 [main] TRACE - Resolving type for handle ctcols627ctype
18:23:52.691 [main] TRACE - Resolving type for handle ctcola95ftype
18:23:52.763 [main] TRACE - Resolving type for handle ctdefinednamesce48type
18:23:52.767 [main] TRACE - Resolving type for handle ctbookviewsb864type
18:23:52.770 [main] TRACE - Resolving type for handle ctbookviewf677type
18:23:52.778 [main] TRACE - Resolving type for handle stcelltypebf95type
18:23:52.782 [main] TRACE - Resolving type for handle stxstringf179type
18:24:18.037 [main] DEBUG - Parsing relationship: /xl/_rels/workbook.xml.rels
18:24:18.038 [main] DEBUG - Parsing relationship: /xl/worksheets/_rels/sheet1.xml.rels
18:24:18.039 [main] DEBUG - Parsing relationship: /xl/worksheets/_rels/sheet2.xml.rels
18:24:18.040 [main] DEBUG - Parsing relationship: /_rels/.rels
18:25:34.643 [main] INFO  - Goto my Merx Application-->Click on Login.
18:25:34.670 [main] INFO  - Entering email and password.. 
18:25:34.841 [main] INFO  - Entering user IDjohndoe@test.com
18:25:38.030 [main] INFO  - clicked on Sign in button...
18:25:42.636 [main] INFO  - The user has landing to the Merchandise page
18:25:52.653 [main] INFO  - Goto my Merx Application-->Click on Login.. 
18:26:12.790 [main] INFO  - element is present
18:26:13.109 [main] ERROR - SanityAutoTests27032024182612  is entered
18:26:13.110 [main] ERROR - SanityAutoTests27032024182612  is not entered
18:26:13.112 [main] INFO  - enter business name
18:26:13.244 [main] DEBUG - Parsing relationship: /xl/_rels/workbook.xml.rels
18:26:13.249 [main] DEBUG - Parsing relationship: /xl/worksheets/_rels/sheet1.xml.rels
18:26:13.252 [main] DEBUG - Parsing relationship: /xl/worksheets/_rels/sheet2.xml.rels
18:26:13.253 [main] DEBUG - Parsing relationship: /_rels/.rels
18:26:13.426 [main] TRACE - Loading type system org.apache.poi.schemas.ooxml.system.ooxml
18:26:13.432 [main] TRACE - Loading type system org.apache.xmlbeans.metadata.system.sXMLCONFIG
18:26:13.433 [main] TRACE - Loading type system org.apache.xmlbeans.metadata.system.sXMLLANG
18:26:13.433 [main] TRACE - Loading type system org.apache.xmlbeans.metadata.system.sXMLSCHEMA
18:26:13.435 [main] TRACE - Loading type system org.apache.xmlbeans.metadata.system.sXMLTOOLS
18:26:13.438 [main] TRACE - Reading unresolved handles for type system org.apache.xmlbeans.metadata.system.sXMLTOOLS
18:26:13.457 [main] TRACE - Finished loading type system org.apache.xmlbeans.metadata.system.sXMLTOOLS
18:26:13.458 [main] TRACE - Reading unresolved handles for type system org.apache.xmlbeans.metadata.system.sXMLSCHEMA
18:26:13.463 [main] TRACE - Finished loading type system org.apache.xmlbeans.metadata.system.sXMLSCHEMA
18:26:13.465 [main] TRACE - Reading unresolved handles for type system org.apache.xmlbeans.metadata.system.sXMLLANG
18:26:13.466 [main] TRACE - Finished loading type system org.apache.xmlbeans.metadata.system.sXMLLANG
18:26:13.468 [main] TRACE - Reading unresolved handles for type system org.apache.xmlbeans.metadata.system.sXMLCONFIG
18:26:13.470 [main] TRACE - Finished loading type system org.apache.xmlbeans.metadata.system.sXMLCONFIG
18:26:13.471 [main] TRACE - Reading unresolved handles for type system org.apache.poi.schemas.ooxml.system.ooxml
18:26:13.529 [main] TRACE - Finished loading type system org.apache.poi.schemas.ooxml.system.ooxml
18:26:13.530 [main] TRACE - Resolving type for handle themefd26doctype
18:26:13.585 [main] TRACE - Resolving type for handle stylesheet5d8bdoctype
18:26:13.590 [main] TRACE - Resolving type for handle ctstylesheet4257type
18:26:13.596 [main] TRACE - Resolving type for handle ctfonts6623type
18:26:13.598 [main] TRACE - Resolving type for handle ctfont14d8type
18:26:13.607 [main] TRACE - Resolving type for handle ctfills2c6ftype
18:26:13.610 [main] TRACE - Resolving type for handle ctfill550ctype
18:26:13.613 [main] TRACE - Resolving type for handle ctborders0d66type
18:26:13.616 [main] TRACE - Resolving type for handle ctborderf935type
18:26:13.618 [main] TRACE - Resolving type for handle ctcellxfs1322type
18:26:13.621 [main] TRACE - Resolving type for handle ctxf97f7type
18:26:13.624 [main] TRACE - Resolving type for handle ctcellstylexfsa81ftype
18:26:13.626 [main] TRACE - Resolving type for handle ctdxfsb26atype
18:26:13.631 [main] TRACE - Resolving type for handle sstf81fdoctype
18:26:13.641 [main] TRACE - Resolving type for handle ctsst44f3type
18:26:13.653 [main] TRACE - Resolving type for handle ctrsta472type
18:26:13.685 [main] TRACE - Resolving type for handle ctdrawing2748type
18:26:13.694 [main] TRACE - Resolving type for handle workbookec17doctype
18:26:13.698 [main] TRACE - Resolving type for handle ctworkbook83c3type
18:26:13.705 [main] TRACE - Resolving type for handle ctsheets49fdtype
18:26:13.709 [main] TRACE - Resolving type for handle ctsheet4dbetype
18:26:13.714 [main] TRACE - Resolving type for handle strelationshipid1e94type
18:26:13.716 [main] TRACE - Resolving type for handle worksheetf539doctype
18:26:13.723 [main] TRACE - Resolving type for handle ctworksheet530dtype
18:26:13.734 [main] TRACE - Resolving type for handle ctsheetdata8408type
18:26:13.737 [main] TRACE - Resolving type for handle ctrowdd39type
18:26:13.743 [main] TRACE - Resolving type for handle ctcell842btype
18:26:13.752 [main] TRACE - Resolving type for handle stcellrefe4e0type
18:26:13.771 [main] TRACE - Resolving type for handle ctcols627ctype
18:26:13.779 [main] TRACE - Resolving type for handle ctcola95ftype
18:26:13.899 [main] TRACE - Resolving type for handle ctdefinednamesce48type
18:26:13.903 [main] TRACE - Resolving type for handle ctbookviewsb864type
18:26:13.906 [main] TRACE - Resolving type for handle ctbookviewf677type
18:26:13.915 [main] TRACE - Resolving type for handle stcelltypebf95type
18:26:13.922 [main] TRACE - Resolving type for handle stxstringf179type
18:26:39.171 [main] DEBUG - Parsing relationship: /xl/_rels/workbook.xml.rels
18:26:39.174 [main] DEBUG - Parsing relationship: /xl/worksheets/_rels/sheet1.xml.rels
18:26:39.176 [main] DEBUG - Parsing relationship: /xl/worksheets/_rels/sheet2.xml.rels
18:26:39.178 [main] DEBUG - Parsing relationship: /_rels/.rels
18:27:46.674 [main] INFO  - Page has been focused on division page
18:28:07.744 [main] INFO  - Click on division Tab.
18:28:07.752 [main] DEBUG - Parsing relationship: /xl/_rels/workbook.xml.rels
18:28:07.753 [main] DEBUG - Parsing relationship: /xl/worksheets/_rels/sheet1.xml.rels
18:28:07.754 [main] DEBUG - Parsing relationship: /xl/worksheets/_rels/sheet2.xml.rels
18:28:07.754 [main] DEBUG - Parsing relationship: /_rels/.rels
18:38:02.396 [main] INFO  - Goto my Merx Application-->Click on Login.
18:38:02.414 [main] INFO  - Entering email and password.. 
18:38:02.546 [main] INFO  - Entering user IDjohndoe@test.com
18:38:05.713 [main] INFO  - clicked on Sign in button...
18:38:09.140 [main] INFO  - The user has landing to the Merchandise page
18:38:19.155 [main] INFO  - Goto my Merx Application-->Click on Login.. 
18:38:39.297 [main] INFO  - element is present
18:38:39.727 [main] ERROR - SanityAutoTests27032024183839  is entered
18:38:39.728 [main] ERROR - SanityAutoTests27032024183839  is not entered
18:38:39.730 [main] INFO  - enter business name
18:38:39.877 [main] DEBUG - Parsing relationship: /xl/_rels/workbook.xml.rels
18:38:39.881 [main] DEBUG - Parsing relationship: /xl/worksheets/_rels/sheet1.xml.rels
18:38:39.882 [main] DEBUG - Parsing relationship: /xl/worksheets/_rels/sheet2.xml.rels
18:38:39.884 [main] DEBUG - Parsing relationship: /_rels/.rels
18:38:40.137 [main] TRACE - Loading type system org.apache.poi.schemas.ooxml.system.ooxml
18:38:40.139 [main] TRACE - Loading type system org.apache.xmlbeans.metadata.system.sXMLCONFIG
18:38:40.140 [main] TRACE - Loading type system org.apache.xmlbeans.metadata.system.sXMLLANG
18:38:40.141 [main] TRACE - Loading type system org.apache.xmlbeans.metadata.system.sXMLSCHEMA
18:38:40.142 [main] TRACE - Loading type system org.apache.xmlbeans.metadata.system.sXMLTOOLS
18:38:40.144 [main] TRACE - Reading unresolved handles for type system org.apache.xmlbeans.metadata.system.sXMLTOOLS
18:38:40.158 [main] TRACE - Finished loading type system org.apache.xmlbeans.metadata.system.sXMLTOOLS
18:38:40.160 [main] TRACE - Reading unresolved handles for type system org.apache.xmlbeans.metadata.system.sXMLSCHEMA
18:38:40.164 [main] TRACE - Finished loading type system org.apache.xmlbeans.metadata.system.sXMLSCHEMA
18:38:40.168 [main] TRACE - Reading unresolved handles for type system org.apache.xmlbeans.metadata.system.sXMLLANG
18:38:40.169 [main] TRACE - Finished loading type system org.apache.xmlbeans.metadata.system.sXMLLANG
18:38:40.170 [main] TRACE - Reading unresolved handles for type system org.apache.xmlbeans.metadata.system.sXMLCONFIG
18:38:40.172 [main] TRACE - Finished loading type system org.apache.xmlbeans.metadata.system.sXMLCONFIG
18:38:40.173 [main] TRACE - Reading unresolved handles for type system org.apache.poi.schemas.ooxml.system.ooxml
18:38:40.235 [main] TRACE - Finished loading type system org.apache.poi.schemas.ooxml.system.ooxml
18:38:40.236 [main] TRACE - Resolving type for handle themefd26doctype
18:38:40.311 [main] TRACE - Resolving type for handle stylesheet5d8bdoctype
18:38:40.323 [main] TRACE - Resolving type for handle ctstylesheet4257type
18:38:40.334 [main] TRACE - Resolving type for handle ctfonts6623type
18:38:40.340 [main] TRACE - Resolving type for handle ctfont14d8type
18:38:40.349 [main] TRACE - Resolving type for handle ctfills2c6ftype
18:38:40.353 [main] TRACE - Resolving type for handle ctfill550ctype
18:38:40.356 [main] TRACE - Resolving type for handle ctborders0d66type
18:38:40.361 [main] TRACE - Resolving type for handle ctborderf935type
18:38:40.364 [main] TRACE - Resolving type for handle ctcellxfs1322type
18:38:40.370 [main] TRACE - Resolving type for handle ctxf97f7type
18:38:40.374 [main] TRACE - Resolving type for handle ctcellstylexfsa81ftype
18:38:40.378 [main] TRACE - Resolving type for handle ctdxfsb26atype
18:38:40.382 [main] TRACE - Resolving type for handle sstf81fdoctype
18:38:40.389 [main] TRACE - Resolving type for handle ctsst44f3type
18:38:40.405 [main] TRACE - Resolving type for handle ctrsta472type
18:38:40.436 [main] TRACE - Resolving type for handle ctdrawing2748type
18:38:40.446 [main] TRACE - Resolving type for handle workbookec17doctype
18:38:40.451 [main] TRACE - Resolving type for handle ctworkbook83c3type
18:38:40.459 [main] TRACE - Resolving type for handle ctsheets49fdtype
18:38:40.461 [main] TRACE - Resolving type for handle ctsheet4dbetype
18:38:40.464 [main] TRACE - Resolving type for handle strelationshipid1e94type
18:38:40.467 [main] TRACE - Resolving type for handle worksheetf539doctype
18:38:40.475 [main] TRACE - Resolving type for handle ctworksheet530dtype
18:38:40.482 [main] TRACE - Resolving type for handle ctsheetdata8408type
18:38:40.485 [main] TRACE - Resolving type for handle ctrowdd39type
18:38:40.491 [main] TRACE - Resolving type for handle ctcell842btype
18:38:40.501 [main] TRACE - Resolving type for handle stcellrefe4e0type
18:38:40.512 [main] TRACE - Resolving type for handle ctcols627ctype
18:38:40.517 [main] TRACE - Resolving type for handle ctcola95ftype
18:38:40.592 [main] TRACE - Resolving type for handle ctdefinednamesce48type
18:38:40.599 [main] TRACE - Resolving type for handle ctbookviewsb864type
18:38:40.602 [main] TRACE - Resolving type for handle ctbookviewf677type
18:38:40.610 [main] TRACE - Resolving type for handle stcelltypebf95type
18:38:40.614 [main] TRACE - Resolving type for handle stxstringf179type
18:39:05.898 [main] DEBUG - Parsing relationship: /xl/_rels/workbook.xml.rels
18:39:05.900 [main] DEBUG - Parsing relationship: /xl/worksheets/_rels/sheet1.xml.rels
18:39:05.901 [main] DEBUG - Parsing relationship: /xl/worksheets/_rels/sheet2.xml.rels
18:39:05.903 [main] DEBUG - Parsing relationship: /_rels/.rels
18:40:13.543 [main] INFO  - Page has been focused on division page
18:40:34.636 [main] INFO  - Click on division Tab.
18:40:34.643 [main] DEBUG - Parsing relationship: /xl/_rels/workbook.xml.rels
18:40:34.645 [main] DEBUG - Parsing relationship: /xl/worksheets/_rels/sheet1.xml.rels
18:40:34.646 [main] DEBUG - Parsing relationship: /xl/worksheets/_rels/sheet2.xml.rels
18:40:34.646 [main] DEBUG - Parsing relationship: /_rels/.rels
20:24:56.400 [main] INFO  - Goto my Merx Application-->Click on Login.
20:24:56.429 [main] INFO  - Entering email and password.. 
20:24:56.617 [main] INFO  - Entering user IDjohndoe@test.com
20:24:59.810 [main] INFO  - clicked on Sign in button...
20:25:02.984 [main] INFO  - The user has landing to the Merchandise page
20:25:12.999 [main] INFO  - Goto my Merx Application-->Click on Login.. 
20:25:47.176 [main] INFO  - element is present
20:25:47.540 [main] ERROR - SanityAutoTests27032024202533  is entered
20:25:47.541 [main] ERROR - SanityAutoTests27032024202533  is not entered
20:25:47.544 [main] INFO  - enter business name
20:25:47.668 [main] DEBUG - Parsing relationship: /xl/_rels/workbook.xml.rels
20:25:47.671 [main] DEBUG - Parsing relationship: /xl/worksheets/_rels/sheet1.xml.rels
20:25:47.671 [main] DEBUG - Parsing relationship: /xl/worksheets/_rels/sheet2.xml.rels
20:25:47.672 [main] DEBUG - Parsing relationship: /_rels/.rels
20:25:47.808 [main] TRACE - Loading type system org.apache.poi.schemas.ooxml.system.ooxml
20:25:47.810 [main] TRACE - Loading type system org.apache.xmlbeans.metadata.system.sXMLCONFIG
20:25:47.811 [main] TRACE - Loading type system org.apache.xmlbeans.metadata.system.sXMLLANG
20:25:47.811 [main] TRACE - Loading type system org.apache.xmlbeans.metadata.system.sXMLSCHEMA
20:25:47.811 [main] TRACE - Loading type system org.apache.xmlbeans.metadata.system.sXMLTOOLS
20:25:47.813 [main] TRACE - Reading unresolved handles for type system org.apache.xmlbeans.metadata.system.sXMLTOOLS
20:25:47.824 [main] TRACE - Finished loading type system org.apache.xmlbeans.metadata.system.sXMLTOOLS
20:25:47.825 [main] TRACE - Reading unresolved handles for type system org.apache.xmlbeans.metadata.system.sXMLSCHEMA
20:25:47.828 [main] TRACE - Finished loading type system org.apache.xmlbeans.metadata.system.sXMLSCHEMA
20:25:47.830 [main] TRACE - Reading unresolved handles for type system org.apache.xmlbeans.metadata.system.sXMLLANG
20:25:47.831 [main] TRACE - Finished loading type system org.apache.xmlbeans.metadata.system.sXMLLANG
20:25:47.832 [main] TRACE - Reading unresolved handles for type system org.apache.xmlbeans.metadata.system.sXMLCONFIG
20:25:47.833 [main] TRACE - Finished loading type system org.apache.xmlbeans.metadata.system.sXMLCONFIG
20:25:47.834 [main] TRACE - Reading unresolved handles for type system org.apache.poi.schemas.ooxml.system.ooxml
20:25:47.873 [main] TRACE - Finished loading type system org.apache.poi.schemas.ooxml.system.ooxml
20:25:47.874 [main] TRACE - Resolving type for handle themefd26doctype
20:25:47.914 [main] TRACE - Resolving type for handle stylesheet5d8bdoctype
20:25:47.918 [main] TRACE - Resolving type for handle ctstylesheet4257type
20:25:47.921 [main] TRACE - Resolving type for handle ctfonts6623type
20:25:47.922 [main] TRACE - Resolving type for handle ctfont14d8type
20:25:47.928 [main] TRACE - Resolving type for handle ctfills2c6ftype
20:25:47.932 [main] TRACE - Resolving type for handle ctfill550ctype
20:25:47.933 [main] TRACE - Resolving type for handle ctborders0d66type
20:25:47.935 [main] TRACE - Resolving type for handle ctborderf935type
20:25:47.937 [main] TRACE - Resolving type for handle ctcellxfs1322type
20:25:47.938 [main] TRACE - Resolving type for handle ctxf97f7type
20:25:47.940 [main] TRACE - Resolving type for handle ctcellstylexfsa81ftype
20:25:47.941 [main] TRACE - Resolving type for handle ctdxfsb26atype
20:25:47.944 [main] TRACE - Resolving type for handle sstf81fdoctype
20:25:47.948 [main] TRACE - Resolving type for handle ctsst44f3type
20:25:47.955 [main] TRACE - Resolving type for handle ctrsta472type
20:25:47.976 [main] TRACE - Resolving type for handle ctdrawing2748type
20:25:47.983 [main] TRACE - Resolving type for handle workbookec17doctype
20:25:47.986 [main] TRACE - Resolving type for handle ctworkbook83c3type
20:25:47.990 [main] TRACE - Resolving type for handle ctsheets49fdtype
20:25:47.992 [main] TRACE - Resolving type for handle ctsheet4dbetype
20:25:47.994 [main] TRACE - Resolving type for handle strelationshipid1e94type
20:25:47.997 [main] TRACE - Resolving type for handle worksheetf539doctype
20:25:48.002 [main] TRACE - Resolving type for handle ctworksheet530dtype
20:25:48.008 [main] TRACE - Resolving type for handle ctsheetdata8408type
20:25:48.011 [main] TRACE - Resolving type for handle ctrowdd39type
20:25:48.018 [main] TRACE - Resolving type for handle ctcell842btype
20:25:48.025 [main] TRACE - Resolving type for handle stcellrefe4e0type
20:25:48.035 [main] TRACE - Resolving type for handle ctcols627ctype
20:25:48.038 [main] TRACE - Resolving type for handle ctcola95ftype
20:25:48.089 [main] TRACE - Resolving type for handle ctdefinednamesce48type
20:25:48.092 [main] TRACE - Resolving type for handle ctbookviewsb864type
20:25:48.094 [main] TRACE - Resolving type for handle ctbookviewf677type
20:25:48.098 [main] TRACE - Resolving type for handle stcelltypebf95type
20:25:48.101 [main] TRACE - Resolving type for handle stxstringf179type
20:26:13.398 [main] DEBUG - Parsing relationship: /xl/_rels/workbook.xml.rels
20:26:13.398 [main] DEBUG - Parsing relationship: /xl/worksheets/_rels/sheet1.xml.rels
20:26:13.398 [main] DEBUG - Parsing relationship: /xl/worksheets/_rels/sheet2.xml.rels
20:26:13.398 [main] DEBUG - Parsing relationship: /_rels/.rels
20:27:20.774 [main] INFO  - Page has been focused on division page
20:27:41.892 [main] INFO  - Click on division Tab.
20:27:41.908 [main] DEBUG - Parsing relationship: /xl/_rels/workbook.xml.rels
20:27:41.909 [main] DEBUG - Parsing relationship: /xl/worksheets/_rels/sheet1.xml.rels
20:27:41.909 [main] DEBUG - Parsing relationship: /xl/worksheets/_rels/sheet2.xml.rels
20:27:41.909 [main] DEBUG - Parsing relationship: /_rels/.rels
22:06:03.017 [main] INFO  - Goto my Merx Application-->Click on Login.
22:06:03.038 [main] INFO  - Entering email and password.. 
22:06:03.211 [main] INFO  - Entering user IDjohndoe@test.com
22:06:06.365 [main] INFO  - clicked on Sign in button...
22:06:10.886 [main] INFO  - The user has landing to the Merchandise page
22:06:20.899 [main] INFO  - Goto my Merx Application-->Click on Login.. 
22:06:41.017 [main] INFO  - element is present
22:06:41.317 [main] ERROR - SanityAutoTests27032024220640  is entered
22:06:41.317 [main] ERROR - SanityAutoTests27032024220640  is not entered
22:06:41.319 [main] INFO  - enter business name
22:06:41.449 [main] DEBUG - Parsing relationship: /xl/_rels/workbook.xml.rels
22:06:41.464 [main] DEBUG - Parsing relationship: /xl/worksheets/_rels/sheet1.xml.rels
22:06:41.464 [main] DEBUG - Parsing relationship: /xl/worksheets/_rels/sheet2.xml.rels
22:06:41.471 [main] DEBUG - Parsing relationship: /_rels/.rels
22:06:41.669 [main] TRACE - Loading type system org.apache.poi.schemas.ooxml.system.ooxml
22:06:41.685 [main] TRACE - Loading type system org.apache.xmlbeans.metadata.system.sXMLCONFIG
22:06:41.685 [main] TRACE - Loading type system org.apache.xmlbeans.metadata.system.sXMLLANG
22:06:41.685 [main] TRACE - Loading type system org.apache.xmlbeans.metadata.system.sXMLSCHEMA
22:06:41.685 [main] TRACE - Loading type system org.apache.xmlbeans.metadata.system.sXMLTOOLS
22:06:41.685 [main] TRACE - Reading unresolved handles for type system org.apache.xmlbeans.metadata.system.sXMLTOOLS
22:06:41.700 [main] TRACE - Finished loading type system org.apache.xmlbeans.metadata.system.sXMLTOOLS
22:06:41.716 [main] TRACE - Reading unresolved handles for type system org.apache.xmlbeans.metadata.system.sXMLSCHEMA
22:06:41.718 [main] TRACE - Finished loading type system org.apache.xmlbeans.metadata.system.sXMLSCHEMA
22:06:41.718 [main] TRACE - Reading unresolved handles for type system org.apache.xmlbeans.metadata.system.sXMLLANG
22:06:41.718 [main] TRACE - Finished loading type system org.apache.xmlbeans.metadata.system.sXMLLANG
22:06:41.718 [main] TRACE - Reading unresolved handles for type system org.apache.xmlbeans.metadata.system.sXMLCONFIG
22:06:41.718 [main] TRACE - Finished loading type system org.apache.xmlbeans.metadata.system.sXMLCONFIG
22:06:41.718 [main] TRACE - Reading unresolved handles for type system org.apache.poi.schemas.ooxml.system.ooxml
22:06:41.795 [main] TRACE - Finished loading type system org.apache.poi.schemas.ooxml.system.ooxml
22:06:41.795 [main] TRACE - Resolving type for handle themefd26doctype
22:06:41.872 [main] TRACE - Resolving type for handle stylesheet5d8bdoctype
22:06:41.872 [main] TRACE - Resolving type for handle ctstylesheet4257type
22:06:41.887 [main] TRACE - Resolving type for handle ctfonts6623type
22:06:41.887 [main] TRACE - Resolving type for handle ctfont14d8type
22:06:41.897 [main] TRACE - Resolving type for handle ctfills2c6ftype
22:06:41.898 [main] TRACE - Resolving type for handle ctfill550ctype
22:06:41.898 [main] TRACE - Resolving type for handle ctborders0d66type
22:06:41.903 [main] TRACE - Resolving type for handle ctborderf935type
22:06:41.903 [main] TRACE - Resolving type for handle ctcellxfs1322type
22:06:41.903 [main] TRACE - Resolving type for handle ctxf97f7type
22:06:41.903 [main] TRACE - Resolving type for handle ctcellstylexfsa81ftype
22:06:41.903 [main] TRACE - Resolving type for handle ctdxfsb26atype
22:06:41.918 [main] TRACE - Resolving type for handle sstf81fdoctype
22:06:41.920 [main] TRACE - Resolving type for handle ctsst44f3type
22:06:41.920 [main] TRACE - Resolving type for handle ctrsta472type
22:06:41.966 [main] TRACE - Resolving type for handle ctdrawing2748type
22:06:41.966 [main] TRACE - Resolving type for handle workbookec17doctype
22:06:41.982 [main] TRACE - Resolving type for handle ctworkbook83c3type
22:06:41.982 [main] TRACE - Resolving type for handle ctsheets49fdtype
22:06:41.982 [main] TRACE - Resolving type for handle ctsheet4dbetype
22:06:41.999 [main] TRACE - Resolving type for handle strelationshipid1e94type
22:06:41.999 [main] TRACE - Resolving type for handle worksheetf539doctype
22:06:42.005 [main] TRACE - Resolving type for handle ctworksheet530dtype
22:06:42.019 [main] TRACE - Resolving type for handle ctsheetdata8408type
22:06:42.019 [main] TRACE - Resolving type for handle ctrowdd39type
22:06:42.019 [main] TRACE - Resolving type for handle ctcell842btype
22:06:42.030 [main] TRACE - Resolving type for handle stcellrefe4e0type
22:06:42.030 [main] TRACE - Resolving type for handle ctcols627ctype
22:06:42.045 [main] TRACE - Resolving type for handle ctcola95ftype
22:06:42.140 [main] TRACE - Resolving type for handle ctdefinednamesce48type
22:06:42.156 [main] TRACE - Resolving type for handle ctbookviewsb864type
22:06:42.156 [main] TRACE - Resolving type for handle ctbookviewf677type
22:06:42.171 [main] TRACE - Resolving type for handle stcelltypebf95type
22:06:42.171 [main] TRACE - Resolving type for handle stxstringf179type
22:07:07.462 [main] DEBUG - Parsing relationship: /xl/_rels/workbook.xml.rels
22:07:07.462 [main] DEBUG - Parsing relationship: /xl/worksheets/_rels/sheet1.xml.rels
22:07:07.462 [main] DEBUG - Parsing relationship: /xl/worksheets/_rels/sheet2.xml.rels
22:07:07.462 [main] DEBUG - Parsing relationship: /_rels/.rels
22:08:14.936 [main] INFO  - Page has been focused on division page
22:08:36.022 [main] INFO  - Click on division Tab.
22:08:36.028 [main] DEBUG - Parsing relationship: /xl/_rels/workbook.xml.rels
22:08:36.029 [main] DEBUG - Parsing relationship: /xl/worksheets/_rels/sheet1.xml.rels
22:08:36.029 [main] DEBUG - Parsing relationship: /xl/worksheets/_rels/sheet2.xml.rels
22:08:36.029 [main] DEBUG - Parsing relationship: /_rels/.rels
22:22:37.800 [main] INFO  - Goto my Merx Application-->Click on Login.
22:22:37.820 [main] INFO  - Entering email and password.. 
22:22:37.970 [main] INFO  - Entering user IDjohndoe@test.com
22:22:41.101 [main] INFO  - clicked on Sign in button...
22:22:44.345 [main] INFO  - The user has landing to the Merchandise page
22:22:54.356 [main] INFO  - Goto my Merx Application-->Click on Login.. 
22:23:14.506 [main] INFO  - element is present
22:23:14.803 [main] ERROR - SanityAutoTests27032024222314  is entered
22:23:14.803 [main] ERROR - SanityAutoTests27032024222314  is not entered
22:23:14.806 [main] INFO  - enter business name
22:23:14.951 [main] DEBUG - Parsing relationship: /xl/_rels/workbook.xml.rels
22:23:14.957 [main] DEBUG - Parsing relationship: /xl/worksheets/_rels/sheet1.xml.rels
22:23:14.957 [main] DEBUG - Parsing relationship: /xl/worksheets/_rels/sheet2.xml.rels
22:23:14.958 [main] DEBUG - Parsing relationship: /_rels/.rels
22:23:15.163 [main] TRACE - Loading type system org.apache.poi.schemas.ooxml.system.ooxml
22:23:15.171 [main] TRACE - Loading type system org.apache.xmlbeans.metadata.system.sXMLCONFIG
22:23:15.172 [main] TRACE - Loading type system org.apache.xmlbeans.metadata.system.sXMLLANG
22:23:15.173 [main] TRACE - Loading type system org.apache.xmlbeans.metadata.system.sXMLSCHEMA
22:23:15.174 [main] TRACE - Loading type system org.apache.xmlbeans.metadata.system.sXMLTOOLS
22:23:15.177 [main] TRACE - Reading unresolved handles for type system org.apache.xmlbeans.metadata.system.sXMLTOOLS
22:23:15.198 [main] TRACE - Finished loading type system org.apache.xmlbeans.metadata.system.sXMLTOOLS
22:23:15.200 [main] TRACE - Reading unresolved handles for type system org.apache.xmlbeans.metadata.system.sXMLSCHEMA
22:23:15.213 [main] TRACE - Finished loading type system org.apache.xmlbeans.metadata.system.sXMLSCHEMA
22:23:15.215 [main] TRACE - Reading unresolved handles for type system org.apache.xmlbeans.metadata.system.sXMLLANG
22:23:15.217 [main] TRACE - Finished loading type system org.apache.xmlbeans.metadata.system.sXMLLANG
22:23:15.220 [main] TRACE - Reading unresolved handles for type system org.apache.xmlbeans.metadata.system.sXMLCONFIG
22:23:15.222 [main] TRACE - Finished loading type system org.apache.xmlbeans.metadata.system.sXMLCONFIG
22:23:15.225 [main] TRACE - Reading unresolved handles for type system org.apache.poi.schemas.ooxml.system.ooxml
22:23:15.309 [main] TRACE - Finished loading type system org.apache.poi.schemas.ooxml.system.ooxml
22:23:15.310 [main] TRACE - Resolving type for handle themefd26doctype
22:23:15.362 [main] TRACE - Resolving type for handle stylesheet5d8bdoctype
22:23:15.368 [main] TRACE - Resolving type for handle ctstylesheet4257type
22:23:15.372 [main] TRACE - Resolving type for handle ctfonts6623type
22:23:15.376 [main] TRACE - Resolving type for handle ctfont14d8type
22:23:15.387 [main] TRACE - Resolving type for handle ctfills2c6ftype
22:23:15.388 [main] TRACE - Resolving type for handle ctfill550ctype
22:23:15.389 [main] TRACE - Resolving type for handle ctborders0d66type
22:23:15.391 [main] TRACE - Resolving type for handle ctborderf935type
22:23:15.394 [main] TRACE - Resolving type for handle ctcellxfs1322type
22:23:15.397 [main] TRACE - Resolving type for handle ctxf97f7type
22:23:15.399 [main] TRACE - Resolving type for handle ctcellstylexfsa81ftype
22:23:15.400 [main] TRACE - Resolving type for handle ctdxfsb26atype
22:23:15.403 [main] TRACE - Resolving type for handle sstf81fdoctype
22:23:15.407 [main] TRACE - Resolving type for handle ctsst44f3type
22:23:15.414 [main] TRACE - Resolving type for handle ctrsta472type
22:23:15.431 [main] TRACE - Resolving type for handle ctdrawing2748type
22:23:15.442 [main] TRACE - Resolving type for handle workbookec17doctype
22:23:15.447 [main] TRACE - Resolving type for handle ctworkbook83c3type
22:23:15.453 [main] TRACE - Resolving type for handle ctsheets49fdtype
22:23:15.457 [main] TRACE - Resolving type for handle ctsheet4dbetype
22:23:15.460 [main] TRACE - Resolving type for handle strelationshipid1e94type
22:23:15.463 [main] TRACE - Resolving type for handle worksheetf539doctype
22:23:15.474 [main] TRACE - Resolving type for handle ctworksheet530dtype
22:23:15.485 [main] TRACE - Resolving type for handle ctsheetdata8408type
22:23:15.488 [main] TRACE - Resolving type for handle ctrowdd39type
22:23:15.492 [main] TRACE - Resolving type for handle ctcell842btype
22:23:15.499 [main] TRACE - Resolving type for handle stcellrefe4e0type
22:23:15.508 [main] TRACE - Resolving type for handle ctcols627ctype
22:23:15.514 [main] TRACE - Resolving type for handle ctcola95ftype
22:23:15.581 [main] TRACE - Resolving type for handle ctdefinednamesce48type
22:23:15.585 [main] TRACE - Resolving type for handle ctbookviewsb864type
22:23:15.588 [main] TRACE - Resolving type for handle ctbookviewf677type
22:23:15.593 [main] TRACE - Resolving type for handle stcelltypebf95type
22:23:15.597 [main] TRACE - Resolving type for handle stxstringf179type
22:23:40.892 [main] DEBUG - Parsing relationship: /xl/_rels/workbook.xml.rels
22:23:40.895 [main] DEBUG - Parsing relationship: /xl/worksheets/_rels/sheet1.xml.rels
22:23:40.898 [main] DEBUG - Parsing relationship: /xl/worksheets/_rels/sheet2.xml.rels
22:23:40.900 [main] DEBUG - Parsing relationship: /_rels/.rels
22:24:48.375 [main] INFO  - Page has been focused on division page
22:25:09.447 [main] INFO  - Click on division Tab.
22:25:09.461 [main] DEBUG - Parsing relationship: /xl/_rels/workbook.xml.rels
22:25:09.464 [main] DEBUG - Parsing relationship: /xl/worksheets/_rels/sheet1.xml.rels
22:25:09.466 [main] DEBUG - Parsing relationship: /xl/worksheets/_rels/sheet2.xml.rels
22:25:09.467 [main] DEBUG - Parsing relationship: /_rels/.rels
22:30:54.361 [main] INFO  - Goto my Merx Application-->Click on Login.
22:30:54.384 [main] INFO  - Entering email and password.. 
22:30:54.538 [main] INFO  - Entering user IDjohndoe@test.com
22:30:57.684 [main] INFO  - clicked on Sign in button...
22:31:02.034 [main] INFO  - The user has landing to the Merchandise page
22:31:12.049 [main] INFO  - Goto my Merx Application-->Click on Login.. 
22:31:32.229 [main] INFO  - element is present
22:31:32.539 [main] ERROR - SanityAutoTests27032024223132  is entered
22:31:32.539 [main] ERROR - SanityAutoTests27032024223132  is not entered
22:31:32.542 [main] INFO  - enter business name
22:31:32.699 [main] DEBUG - Parsing relationship: /xl/_rels/workbook.xml.rels
22:31:32.716 [main] DEBUG - Parsing relationship: /xl/worksheets/_rels/sheet1.xml.rels
22:31:32.716 [main] DEBUG - Parsing relationship: /xl/worksheets/_rels/sheet2.xml.rels
22:31:32.716 [main] DEBUG - Parsing relationship: /_rels/.rels
22:31:32.956 [main] TRACE - Loading type system org.apache.poi.schemas.ooxml.system.ooxml
22:31:32.967 [main] TRACE - Loading type system org.apache.xmlbeans.metadata.system.sXMLCONFIG
22:31:32.967 [main] TRACE - Loading type system org.apache.xmlbeans.metadata.system.sXMLLANG
22:31:32.967 [main] TRACE - Loading type system org.apache.xmlbeans.metadata.system.sXMLSCHEMA
22:31:32.967 [main] TRACE - Loading type system org.apache.xmlbeans.metadata.system.sXMLTOOLS
22:31:32.967 [main] TRACE - Reading unresolved handles for type system org.apache.xmlbeans.metadata.system.sXMLTOOLS
22:31:32.985 [main] TRACE - Finished loading type system org.apache.xmlbeans.metadata.system.sXMLTOOLS
22:31:32.985 [main] TRACE - Reading unresolved handles for type system org.apache.xmlbeans.metadata.system.sXMLSCHEMA
22:31:32.998 [main] TRACE - Finished loading type system org.apache.xmlbeans.metadata.system.sXMLSCHEMA
22:31:32.998 [main] TRACE - Reading unresolved handles for type system org.apache.xmlbeans.metadata.system.sXMLLANG
22:31:32.998 [main] TRACE - Finished loading type system org.apache.xmlbeans.metadata.system.sXMLLANG
22:31:32.998 [main] TRACE - Reading unresolved handles for type system org.apache.xmlbeans.metadata.system.sXMLCONFIG
22:31:32.998 [main] TRACE - Finished loading type system org.apache.xmlbeans.metadata.system.sXMLCONFIG
22:31:32.998 [main] TRACE - Reading unresolved handles for type system org.apache.poi.schemas.ooxml.system.ooxml
22:31:33.062 [main] TRACE - Finished loading type system org.apache.poi.schemas.ooxml.system.ooxml
22:31:33.062 [main] TRACE - Resolving type for handle themefd26doctype
22:31:33.139 [main] TRACE - Resolving type for handle stylesheet5d8bdoctype
22:31:33.139 [main] TRACE - Resolving type for handle ctstylesheet4257type
22:31:33.139 [main] TRACE - Resolving type for handle ctfonts6623type
22:31:33.155 [main] TRACE - Resolving type for handle ctfont14d8type
22:31:33.155 [main] TRACE - Resolving type for handle ctfills2c6ftype
22:31:33.155 [main] TRACE - Resolving type for handle ctfill550ctype
22:31:33.155 [main] TRACE - Resolving type for handle ctborders0d66type
22:31:33.155 [main] TRACE - Resolving type for handle ctborderf935type
22:31:33.170 [main] TRACE - Resolving type for handle ctcellxfs1322type
22:31:33.170 [main] TRACE - Resolving type for handle ctxf97f7type
22:31:33.170 [main] TRACE - Resolving type for handle ctcellstylexfsa81ftype
22:31:33.170 [main] TRACE - Resolving type for handle ctdxfsb26atype
22:31:33.186 [main] TRACE - Resolving type for handle sstf81fdoctype
22:31:33.186 [main] TRACE - Resolving type for handle ctsst44f3type
22:31:33.202 [main] TRACE - Resolving type for handle ctrsta472type
22:31:33.264 [main] TRACE - Resolving type for handle ctdrawing2748type
22:31:33.264 [main] TRACE - Resolving type for handle workbookec17doctype
22:31:33.280 [main] TRACE - Resolving type for handle ctworkbook83c3type
22:31:33.296 [main] TRACE - Resolving type for handle ctsheets49fdtype
22:31:33.296 [main] TRACE - Resolving type for handle ctsheet4dbetype
22:31:33.296 [main] TRACE - Resolving type for handle strelationshipid1e94type
22:31:33.312 [main] TRACE - Resolving type for handle worksheetf539doctype
22:31:33.327 [main] TRACE - Resolving type for handle ctworksheet530dtype
22:31:33.343 [main] TRACE - Resolving type for handle ctsheetdata8408type
22:31:33.358 [main] TRACE - Resolving type for handle ctrowdd39type
22:31:33.374 [main] TRACE - Resolving type for handle ctcell842btype
22:31:33.390 [main] TRACE - Resolving type for handle stcellrefe4e0type
22:31:33.406 [main] TRACE - Resolving type for handle ctcols627ctype
22:31:33.406 [main] TRACE - Resolving type for handle ctcola95ftype
22:31:33.547 [main] TRACE - Resolving type for handle ctdefinednamesce48type
22:31:33.547 [main] TRACE - Resolving type for handle ctbookviewsb864type
22:31:33.547 [main] TRACE - Resolving type for handle ctbookviewf677type
22:31:33.563 [main] TRACE - Resolving type for handle stcelltypebf95type
22:31:33.563 [main] TRACE - Resolving type for handle stxstringf179type
22:31:58.846 [main] DEBUG - Parsing relationship: /xl/_rels/workbook.xml.rels
22:31:58.846 [main] DEBUG - Parsing relationship: /xl/worksheets/_rels/sheet1.xml.rels
22:31:58.846 [main] DEBUG - Parsing relationship: /xl/worksheets/_rels/sheet2.xml.rels
22:31:58.846 [main] DEBUG - Parsing relationship: /_rels/.rels
22:33:06.271 [main] INFO  - Page has been focused on division page
22:33:27.359 [main] INFO  - Click on division Tab.
22:33:27.359 [main] DEBUG - Parsing relationship: /xl/_rels/workbook.xml.rels
22:33:27.375 [main] DEBUG - Parsing relationship: /xl/worksheets/_rels/sheet1.xml.rels
22:33:27.375 [main] DEBUG - Parsing relationship: /xl/worksheets/_rels/sheet2.xml.rels
22:33:27.375 [main] DEBUG - Parsing relationship: /_rels/.rels
22:40:05.927 [main] INFO  - Goto my Merx Application-->Click on Login.
22:40:05.951 [main] INFO  - Entering email and password.. 
22:40:06.105 [main] INFO  - Entering user IDjohndoe@test.com
22:40:09.246 [main] INFO  - clicked on Sign in button...
22:40:12.403 [main] INFO  - The user has landing to the Merchandise page
22:40:22.407 [main] INFO  - Goto my Merx Application-->Click on Login.. 
22:40:23.583 [main] INFO  - element is present
22:40:23.911 [main] ERROR - SanityAutoTests27032024224023  is entered
22:40:23.911 [main] ERROR - SanityAutoTests27032024224023  is not entered
22:40:23.914 [main] INFO  - enter business name
22:40:24.094 [main] DEBUG - Parsing relationship: /xl/_rels/workbook.xml.rels
22:40:24.094 [main] DEBUG - Parsing relationship: /xl/worksheets/_rels/sheet1.xml.rels
22:40:24.094 [main] DEBUG - Parsing relationship: /xl/worksheets/_rels/sheet2.xml.rels
22:40:24.094 [main] DEBUG - Parsing relationship: /_rels/.rels
22:40:24.266 [main] TRACE - Loading type system org.apache.poi.schemas.ooxml.system.ooxml
22:40:24.282 [main] TRACE - Loading type system org.apache.xmlbeans.metadata.system.sXMLCONFIG
22:40:24.282 [main] TRACE - Loading type system org.apache.xmlbeans.metadata.system.sXMLLANG
22:40:24.282 [main] TRACE - Loading type system org.apache.xmlbeans.metadata.system.sXMLSCHEMA
22:40:24.282 [main] TRACE - Loading type system org.apache.xmlbeans.metadata.system.sXMLTOOLS
22:40:24.282 [main] TRACE - Reading unresolved handles for type system org.apache.xmlbeans.metadata.system.sXMLTOOLS
22:40:24.314 [main] TRACE - Finished loading type system org.apache.xmlbeans.metadata.system.sXMLTOOLS
22:40:24.314 [main] TRACE - Reading unresolved handles for type system org.apache.xmlbeans.metadata.system.sXMLSCHEMA
22:40:24.314 [main] TRACE - Finished loading type system org.apache.xmlbeans.metadata.system.sXMLSCHEMA
22:40:24.329 [main] TRACE - Reading unresolved handles for type system org.apache.xmlbeans.metadata.system.sXMLLANG
22:40:24.329 [main] TRACE - Finished loading type system org.apache.xmlbeans.metadata.system.sXMLLANG
22:40:24.329 [main] TRACE - Reading unresolved handles for type system org.apache.xmlbeans.metadata.system.sXMLCONFIG
22:40:24.329 [main] TRACE - Finished loading type system org.apache.xmlbeans.metadata.system.sXMLCONFIG
22:40:24.329 [main] TRACE - Reading unresolved handles for type system org.apache.poi.schemas.ooxml.system.ooxml
22:40:24.392 [main] TRACE - Finished loading type system org.apache.poi.schemas.ooxml.system.ooxml
22:40:24.392 [main] TRACE - Resolving type for handle themefd26doctype
22:40:24.460 [main] TRACE - Resolving type for handle stylesheet5d8bdoctype
22:40:24.466 [main] TRACE - Resolving type for handle ctstylesheet4257type
22:40:24.469 [main] TRACE - Resolving type for handle ctfonts6623type
22:40:24.484 [main] TRACE - Resolving type for handle ctfont14d8type
22:40:24.500 [main] TRACE - Resolving type for handle ctfills2c6ftype
22:40:24.500 [main] TRACE - Resolving type for handle ctfill550ctype
22:40:24.500 [main] TRACE - Resolving type for handle ctborders0d66type
22:40:24.500 [main] TRACE - Resolving type for handle ctborderf935type
22:40:24.500 [main] TRACE - Resolving type for handle ctcellxfs1322type
22:40:24.500 [main] TRACE - Resolving type for handle ctxf97f7type
22:40:24.516 [main] TRACE - Resolving type for handle ctcellstylexfsa81ftype
22:40:24.516 [main] TRACE - Resolving type for handle ctdxfsb26atype
22:40:24.516 [main] TRACE - Resolving type for handle sstf81fdoctype
22:40:24.531 [main] TRACE - Resolving type for handle ctsst44f3type
22:40:24.547 [main] TRACE - Resolving type for handle ctrsta472type
22:40:24.583 [main] TRACE - Resolving type for handle ctdrawing2748type
22:40:24.594 [main] TRACE - Resolving type for handle workbookec17doctype
22:40:24.594 [main] TRACE - Resolving type for handle ctworkbook83c3type
22:40:24.610 [main] TRACE - Resolving type for handle ctsheets49fdtype
22:40:24.626 [main] TRACE - Resolving type for handle ctsheet4dbetype
22:40:24.626 [main] TRACE - Resolving type for handle strelationshipid1e94type
22:40:24.626 [main] TRACE - Resolving type for handle worksheetf539doctype
22:40:24.641 [main] TRACE - Resolving type for handle ctworksheet530dtype
22:40:24.683 [main] TRACE - Resolving type for handle ctsheetdata8408type
22:40:24.688 [main] TRACE - Resolving type for handle ctrowdd39type
22:40:24.705 [main] TRACE - Resolving type for handle ctcell842btype
22:40:24.720 [main] TRACE - Resolving type for handle stcellrefe4e0type
22:40:24.736 [main] TRACE - Resolving type for handle ctcols627ctype
22:40:24.736 [main] TRACE - Resolving type for handle ctcola95ftype
22:40:24.877 [main] TRACE - Resolving type for handle ctdefinednamesce48type
22:40:24.883 [main] TRACE - Resolving type for handle ctbookviewsb864type
22:40:24.883 [main] TRACE - Resolving type for handle ctbookviewf677type
22:40:24.892 [main] TRACE - Resolving type for handle stcelltypebf95type
22:40:24.894 [main] TRACE - Resolving type for handle stxstringf179type
22:40:31.218 [main] DEBUG - Parsing relationship: /xl/_rels/workbook.xml.rels
22:40:31.218 [main] DEBUG - Parsing relationship: /xl/worksheets/_rels/sheet1.xml.rels
22:40:31.218 [main] DEBUG - Parsing relationship: /xl/worksheets/_rels/sheet2.xml.rels
22:40:31.218 [main] DEBUG - Parsing relationship: /_rels/.rels
22:41:00.585 [main] INFO  - Page has been focused on division page
22:41:01.785 [main] INFO  - Click on division Tab.
22:41:01.785 [main] DEBUG - Parsing relationship: /xl/_rels/workbook.xml.rels
