16:21:37.134 [main] DEBUG - Parsing relationship: /xl/_rels/workbook.xml.rels
16:21:37.145 [main] DEBUG - Parsing relationship: /xl/worksheets/_rels/sheet1.xml.rels
16:21:37.146 [main] DEBUG - Parsing relationship: /xl/worksheets/_rels/sheet2.xml.rels
16:21:37.147 [main] DEBUG - Parsing relationship: /_rels/.rels
16:21:37.200 [main] INFO  - element is present
16:21:37.526 [main] ERROR - SanityDivisionNameTests14032024162137  is entered
16:21:37.527 [main] ERROR - SanityDivisionNameTests14032024162137  is not entered
16:21:37.529 [main] INFO  - entered Diviion name
16:21:37.534 [main] DEBUG - Parsing relationship: /xl/_rels/workbook.xml.rels
16:21:37.536 [main] DEBUG - Parsing relationship: /xl/worksheets/_rels/sheet1.xml.rels
16:21:37.536 [main] DEBUG - Parsing relationship: /xl/worksheets/_rels/sheet2.xml.rels
16:21:37.537 [main] DEBUG - Parsing relationship: /_rels/.rels
16:21:40.755 [main] DEBUG - Parsing relationship: /xl/_rels/workbook.xml.rels
16:21:40.755 [main] DEBUG - Parsing relationship: /xl/worksheets/_rels/sheet1.xml.rels
16:21:40.756 [main] DEBUG - Parsing relationship: /xl/worksheets/_rels/sheet2.xml.rels
16:21:40.757 [main] DEBUG - Parsing relationship: /_rels/.rels
16:21:49.927 [main] INFO  - element is present
16:21:49.927 [main] INFO  - element exists
16:21:56.004 [main] INFO  - Click on group Tab.
16:21:56.015 [main] DEBUG - Parsing relationship: /xl/_rels/workbook.xml.rels
16:21:56.017 [main] DEBUG - Parsing relationship: /xl/worksheets/_rels/sheet1.xml.rels
16:21:56.018 [main] DEBUG - Parsing relationship: /xl/worksheets/_rels/sheet2.xml.rels
16:21:56.019 [main] DEBUG - Parsing relationship: /_rels/.rels
16:22:14.735 [main] INFO  - element is present
16:22:15.022 [main] ERROR - SanityGroupName14032024162214  is entered
16:22:15.022 [main] ERROR - SanityGroupName14032024162214  is not entered
16:22:15.024 [main] INFO  - entered Group name
16:22:15.030 [main] DEBUG - Parsing relationship: /xl/_rels/workbook.xml.rels
16:22:15.031 [main] DEBUG - Parsing relationship: /xl/worksheets/_rels/sheet1.xml.rels
16:22:15.031 [main] DEBUG - Parsing relationship: /xl/worksheets/_rels/sheet2.xml.rels
16:22:15.032 [main] DEBUG - Parsing relationship: /_rels/.rels
16:22:22.263 [main] DEBUG - Parsing relationship: /xl/_rels/workbook.xml.rels
16:22:22.264 [main] DEBUG - Parsing relationship: /xl/worksheets/_rels/sheet1.xml.rels
16:22:22.265 [main] DEBUG - Parsing relationship: /xl/worksheets/_rels/sheet2.xml.rels
16:22:22.266 [main] DEBUG - Parsing relationship: /_rels/.rels
16:22:33.451 [main] INFO  - element is present
16:22:33.451 [main] INFO  - element exists
16:22:33.455 [main] DEBUG - Parsing relationship: /xl/_rels/workbook.xml.rels
16:22:33.455 [main] DEBUG - Parsing relationship: /xl/worksheets/_rels/sheet1.xml.rels
16:22:33.456 [main] DEBUG - Parsing relationship: /xl/worksheets/_rels/sheet2.xml.rels
16:22:33.456 [main] DEBUG - Parsing relationship: /_rels/.rels
16:23:01.484 [main] INFO  - element is present
16:23:01.791 [main] ERROR - SanityDepartment14032024162301  is entered
16:23:01.791 [main] ERROR - SanityDepartment14032024162301  is not entered
16:23:01.793 [main] INFO  - entered department name
16:23:01.797 [main] DEBUG - Parsing relationship: /xl/_rels/workbook.xml.rels
16:23:01.798 [main] DEBUG - Parsing relationship: /xl/worksheets/_rels/sheet1.xml.rels
16:23:01.798 [main] DEBUG - Parsing relationship: /xl/worksheets/_rels/sheet2.xml.rels
16:23:01.798 [main] DEBUG - Parsing relationship: /_rels/.rels
16:23:15.211 [main] DEBUG - Parsing relationship: /xl/_rels/workbook.xml.rels
16:23:15.214 [main] DEBUG - Parsing relationship: /xl/worksheets/_rels/sheet1.xml.rels
16:23:15.216 [main] DEBUG - Parsing relationship: /xl/worksheets/_rels/sheet2.xml.rels
16:23:15.217 [main] DEBUG - Parsing relationship: /_rels/.rels
16:23:26.379 [main] INFO  - element is present
16:23:26.379 [main] INFO  - element exists
16:23:26.383 [main] DEBUG - Parsing relationship: /xl/_rels/workbook.xml.rels
16:23:26.383 [main] DEBUG - Parsing relationship: /xl/worksheets/_rels/sheet1.xml.rels
16:23:26.384 [main] DEBUG - Parsing relationship: /xl/worksheets/_rels/sheet2.xml.rels
16:23:26.385 [main] DEBUG - Parsing relationship: /_rels/.rels
16:23:44.704 [main] INFO  - element is present
16:23:44.990 [main] ERROR - SanityDepartment14032024162344  is entered
16:23:44.990 [main] ERROR - SanityDepartment14032024162344  is not entered
16:23:44.991 [main] INFO  - entered class name
16:23:44.996 [main] DEBUG - Parsing relationship: /xl/_rels/workbook.xml.rels
16:23:44.997 [main] DEBUG - Parsing relationship: /xl/worksheets/_rels/sheet1.xml.rels
16:23:44.997 [main] DEBUG - Parsing relationship: /xl/worksheets/_rels/sheet2.xml.rels
16:23:44.998 [main] DEBUG - Parsing relationship: /_rels/.rels
16:23:58.377 [main] DEBUG - Parsing relationship: /xl/_rels/workbook.xml.rels
16:23:58.378 [main] DEBUG - Parsing relationship: /xl/worksheets/_rels/sheet1.xml.rels
16:23:58.379 [main] DEBUG - Parsing relationship: /xl/worksheets/_rels/sheet2.xml.rels
16:23:58.379 [main] DEBUG - Parsing relationship: /_rels/.rels
16:24:09.395 [main] INFO  - element is present
16:24:09.395 [main] INFO  - element exists
16:24:09.401 [main] DEBUG - Parsing relationship: /xl/_rels/workbook.xml.rels
16:24:09.402 [main] DEBUG - Parsing relationship: /xl/worksheets/_rels/sheet1.xml.rels
16:24:09.402 [main] DEBUG - Parsing relationship: /xl/worksheets/_rels/sheet2.xml.rels
16:24:09.402 [main] DEBUG - Parsing relationship: /_rels/.rels
16:24:38.395 [main] INFO  - element is present
16:24:38.747 [main] ERROR - SanitySubClass14032024162438  is entered
16:24:38.748 [main] ERROR - SanitySubClass14032024162438  is not entered
16:24:38.749 [main] INFO  - entered sub class name
16:24:38.755 [main] DEBUG - Parsing relationship: /xl/_rels/workbook.xml.rels
16:24:38.756 [main] DEBUG - Parsing relationship: /xl/worksheets/_rels/sheet1.xml.rels
16:24:38.757 [main] DEBUG - Parsing relationship: /xl/worksheets/_rels/sheet2.xml.rels
16:24:38.757 [main] DEBUG - Parsing relationship: /_rels/.rels
16:24:52.098 [main] DEBUG - Parsing relationship: /xl/_rels/workbook.xml.rels
16:24:52.099 [main] DEBUG - Parsing relationship: /xl/worksheets/_rels/sheet1.xml.rels
16:24:52.100 [main] DEBUG - Parsing relationship: /xl/worksheets/_rels/sheet2.xml.rels
16:24:52.100 [main] DEBUG - Parsing relationship: /_rels/.rels
16:25:03.142 [main] INFO  - element is present
16:25:03.142 [main] INFO  - element exists
17:03:43.600 [main] INFO  - Goto my Merx Application-->Click on Login.
17:03:43.632 [main] INFO  - Entering email and password.. 
17:03:43.782 [main] INFO  - Entering user IDjohndoe@test.com
17:03:46.919 [main] INFO  - clicked on Sign in button...
17:03:53.181 [main] INFO  - The user has landing to the Merchandise page
17:04:03.201 [main] INFO  - Goto my Merx Application-->Click on Login.. 
17:04:05.331 [main] INFO  - element is present
17:04:05.627 [main] ERROR - SanityAutoTests14032024170405  is entered
17:04:05.627 [main] ERROR - SanityAutoTests14032024170405  is not entered
17:04:05.629 [main] INFO  - enter business name
17:04:05.786 [main] DEBUG - Parsing relationship: /xl/_rels/workbook.xml.rels
17:04:05.792 [main] DEBUG - Parsing relationship: /xl/worksheets/_rels/sheet1.xml.rels
17:04:05.794 [main] DEBUG - Parsing relationship: /xl/worksheets/_rels/sheet2.xml.rels
17:04:05.795 [main] DEBUG - Parsing relationship: /_rels/.rels
17:04:05.991 [main] TRACE - Loading type system org.apache.poi.schemas.ooxml.system.ooxml
17:04:05.994 [main] TRACE - Loading type system org.apache.xmlbeans.metadata.system.sXMLCONFIG
17:04:05.994 [main] TRACE - Loading type system org.apache.xmlbeans.metadata.system.sXMLLANG
17:04:05.995 [main] TRACE - Loading type system org.apache.xmlbeans.metadata.system.sXMLSCHEMA
17:04:05.995 [main] TRACE - Loading type system org.apache.xmlbeans.metadata.system.sXMLTOOLS
17:04:05.999 [main] TRACE - Reading unresolved handles for type system org.apache.xmlbeans.metadata.system.sXMLTOOLS
17:04:06.021 [main] TRACE - Finished loading type system org.apache.xmlbeans.metadata.system.sXMLTOOLS
17:04:06.023 [main] TRACE - Reading unresolved handles for type system org.apache.xmlbeans.metadata.system.sXMLSCHEMA
17:04:06.031 [main] TRACE - Finished loading type system org.apache.xmlbeans.metadata.system.sXMLSCHEMA
17:04:06.032 [main] TRACE - Reading unresolved handles for type system org.apache.xmlbeans.metadata.system.sXMLLANG
17:04:06.033 [main] TRACE - Finished loading type system org.apache.xmlbeans.metadata.system.sXMLLANG
17:04:06.034 [main] TRACE - Reading unresolved handles for type system org.apache.xmlbeans.metadata.system.sXMLCONFIG
17:04:06.035 [main] TRACE - Finished loading type system org.apache.xmlbeans.metadata.system.sXMLCONFIG
17:04:06.037 [main] TRACE - Reading unresolved handles for type system org.apache.poi.schemas.ooxml.system.ooxml
17:04:06.097 [main] TRACE - Finished loading type system org.apache.poi.schemas.ooxml.system.ooxml
17:04:06.098 [main] TRACE - Resolving type for handle themefd26doctype
17:04:06.177 [main] TRACE - Resolving type for handle stylesheet5d8bdoctype
17:04:06.183 [main] TRACE - Resolving type for handle ctstylesheet4257type
17:04:06.190 [main] TRACE - Resolving type for handle ctfonts6623type
17:04:06.196 [main] TRACE - Resolving type for handle ctfont14d8type
17:04:06.207 [main] TRACE - Resolving type for handle ctfills2c6ftype
17:04:06.210 [main] TRACE - Resolving type for handle ctfill550ctype
17:04:06.214 [main] TRACE - Resolving type for handle ctborders0d66type
17:04:06.219 [main] TRACE - Resolving type for handle ctborderf935type
17:04:06.226 [main] TRACE - Resolving type for handle ctcellxfs1322type
17:04:06.231 [main] TRACE - Resolving type for handle ctxf97f7type
17:04:06.235 [main] TRACE - Resolving type for handle ctcellstylexfsa81ftype
17:04:06.237 [main] TRACE - Resolving type for handle ctdxfsb26atype
17:04:06.242 [main] TRACE - Resolving type for handle sstf81fdoctype
17:04:06.252 [main] TRACE - Resolving type for handle ctsst44f3type
17:04:06.267 [main] TRACE - Resolving type for handle ctrsta472type
17:04:06.307 [main] TRACE - Resolving type for handle ctdrawing2748type
17:04:06.319 [main] TRACE - Resolving type for handle workbookec17doctype
17:04:06.326 [main] TRACE - Resolving type for handle ctworkbook83c3type
17:04:06.336 [main] TRACE - Resolving type for handle ctsheets49fdtype
17:04:06.339 [main] TRACE - Resolving type for handle ctsheet4dbetype
17:04:06.345 [main] TRACE - Resolving type for handle strelationshipid1e94type
17:04:06.349 [main] TRACE - Resolving type for handle worksheetf539doctype
17:04:06.365 [main] TRACE - Resolving type for handle ctworksheet530dtype
17:04:06.375 [main] TRACE - Resolving type for handle ctsheetdata8408type
17:04:06.381 [main] TRACE - Resolving type for handle ctrowdd39type
17:04:06.387 [main] TRACE - Resolving type for handle ctcell842btype
17:04:06.394 [main] TRACE - Resolving type for handle stcellrefe4e0type
17:04:06.403 [main] TRACE - Resolving type for handle ctcols627ctype
17:04:06.409 [main] TRACE - Resolving type for handle ctcola95ftype
17:04:06.487 [main] TRACE - Resolving type for handle ctdefinednamesce48type
17:04:06.491 [main] TRACE - Resolving type for handle ctbookviewsb864type
17:04:06.493 [main] TRACE - Resolving type for handle ctbookviewf677type
17:04:06.502 [main] TRACE - Resolving type for handle stcelltypebf95type
17:04:06.508 [main] TRACE - Resolving type for handle stxstringf179type
17:04:13.757 [main] DEBUG - Parsing relationship: /xl/_rels/workbook.xml.rels
17:04:13.759 [main] DEBUG - Parsing relationship: /xl/worksheets/_rels/sheet1.xml.rels
17:04:13.760 [main] DEBUG - Parsing relationship: /xl/worksheets/_rels/sheet2.xml.rels
17:04:13.761 [main] DEBUG - Parsing relationship: /_rels/.rels
17:04:28.267 [main] INFO  - Page has been focused on division page
17:04:33.356 [main] INFO  - Click on division Tab.
17:04:33.364 [main] DEBUG - Parsing relationship: /xl/_rels/workbook.xml.rels
17:04:33.365 [main] DEBUG - Parsing relationship: /xl/worksheets/_rels/sheet1.xml.rels
17:04:33.365 [main] DEBUG - Parsing relationship: /xl/worksheets/_rels/sheet2.xml.rels
17:04:33.366 [main] DEBUG - Parsing relationship: /_rels/.rels
17:06:08.783 [main] INFO  - Goto my Merx Application-->Click on Login.
17:06:08.817 [main] INFO  - Entering email and password.. 
17:06:08.997 [main] INFO  - Entering user IDjohndoe@test.com
17:06:12.167 [main] INFO  - clicked on Sign in button...
17:06:16.634 [main] INFO  - The user has landing to the Merchandise page
17:06:26.654 [main] INFO  - Goto my Merx Application-->Click on Login.. 
17:06:28.785 [main] INFO  - element is present
17:06:29.085 [main] ERROR - SanityAutoTests14032024170628  is entered
17:06:29.085 [main] ERROR - SanityAutoTests14032024170628  is not entered
17:06:29.088 [main] INFO  - enter business name
17:06:29.223 [main] DEBUG - Parsing relationship: /xl/_rels/workbook.xml.rels
17:06:29.226 [main] DEBUG - Parsing relationship: /xl/worksheets/_rels/sheet1.xml.rels
17:06:29.227 [main] DEBUG - Parsing relationship: /xl/worksheets/_rels/sheet2.xml.rels
17:06:29.229 [main] DEBUG - Parsing relationship: /_rels/.rels
17:06:29.398 [main] TRACE - Loading type system org.apache.poi.schemas.ooxml.system.ooxml
17:06:29.400 [main] TRACE - Loading type system org.apache.xmlbeans.metadata.system.sXMLCONFIG
17:06:29.401 [main] TRACE - Loading type system org.apache.xmlbeans.metadata.system.sXMLLANG
17:06:29.401 [main] TRACE - Loading type system org.apache.xmlbeans.metadata.system.sXMLSCHEMA
17:06:29.402 [main] TRACE - Loading type system org.apache.xmlbeans.metadata.system.sXMLTOOLS
17:06:29.403 [main] TRACE - Reading unresolved handles for type system org.apache.xmlbeans.metadata.system.sXMLTOOLS
17:06:29.414 [main] TRACE - Finished loading type system org.apache.xmlbeans.metadata.system.sXMLTOOLS
17:06:29.415 [main] TRACE - Reading unresolved handles for type system org.apache.xmlbeans.metadata.system.sXMLSCHEMA
17:06:29.419 [main] TRACE - Finished loading type system org.apache.xmlbeans.metadata.system.sXMLSCHEMA
17:06:29.420 [main] TRACE - Reading unresolved handles for type system org.apache.xmlbeans.metadata.system.sXMLLANG
17:06:29.422 [main] TRACE - Finished loading type system org.apache.xmlbeans.metadata.system.sXMLLANG
17:06:29.423 [main] TRACE - Reading unresolved handles for type system org.apache.xmlbeans.metadata.system.sXMLCONFIG
17:06:29.424 [main] TRACE - Finished loading type system org.apache.xmlbeans.metadata.system.sXMLCONFIG
17:06:29.425 [main] TRACE - Reading unresolved handles for type system org.apache.poi.schemas.ooxml.system.ooxml
17:06:29.476 [main] TRACE - Finished loading type system org.apache.poi.schemas.ooxml.system.ooxml
17:06:29.478 [main] TRACE - Resolving type for handle themefd26doctype
17:06:29.546 [main] TRACE - Resolving type for handle stylesheet5d8bdoctype
17:06:29.555 [main] TRACE - Resolving type for handle ctstylesheet4257type
17:06:29.567 [main] TRACE - Resolving type for handle ctfonts6623type
17:06:29.571 [main] TRACE - Resolving type for handle ctfont14d8type
17:06:29.578 [main] TRACE - Resolving type for handle ctfills2c6ftype
17:06:29.580 [main] TRACE - Resolving type for handle ctfill550ctype
17:06:29.582 [main] TRACE - Resolving type for handle ctborders0d66type
17:06:29.585 [main] TRACE - Resolving type for handle ctborderf935type
17:06:29.589 [main] TRACE - Resolving type for handle ctcellxfs1322type
17:06:29.590 [main] TRACE - Resolving type for handle ctxf97f7type
17:06:29.594 [main] TRACE - Resolving type for handle ctcellstylexfsa81ftype
17:06:29.599 [main] TRACE - Resolving type for handle ctdxfsb26atype
17:06:29.604 [main] TRACE - Resolving type for handle sstf81fdoctype
17:06:29.612 [main] TRACE - Resolving type for handle ctsst44f3type
17:06:29.623 [main] TRACE - Resolving type for handle ctrsta472type
17:06:29.668 [main] TRACE - Resolving type for handle ctdrawing2748type
17:06:29.684 [main] TRACE - Resolving type for handle workbookec17doctype
17:06:29.693 [main] TRACE - Resolving type for handle ctworkbook83c3type
17:06:29.702 [main] TRACE - Resolving type for handle ctsheets49fdtype
17:06:29.706 [main] TRACE - Resolving type for handle ctsheet4dbetype
17:06:29.710 [main] TRACE - Resolving type for handle strelationshipid1e94type
17:06:29.714 [main] TRACE - Resolving type for handle worksheetf539doctype
17:06:29.722 [main] TRACE - Resolving type for handle ctworksheet530dtype
17:06:29.735 [main] TRACE - Resolving type for handle ctsheetdata8408type
17:06:29.738 [main] TRACE - Resolving type for handle ctrowdd39type
17:06:29.742 [main] TRACE - Resolving type for handle ctcell842btype
17:06:29.755 [main] TRACE - Resolving type for handle stcellrefe4e0type
17:06:29.764 [main] TRACE - Resolving type for handle ctcols627ctype
17:06:29.771 [main] TRACE - Resolving type for handle ctcola95ftype
17:06:29.849 [main] TRACE - Resolving type for handle ctdefinednamesce48type
17:06:29.855 [main] TRACE - Resolving type for handle ctbookviewsb864type
17:06:29.857 [main] TRACE - Resolving type for handle ctbookviewf677type
17:06:29.864 [main] TRACE - Resolving type for handle stcelltypebf95type
17:06:29.867 [main] TRACE - Resolving type for handle stxstringf179type
17:06:37.123 [main] DEBUG - Parsing relationship: /xl/_rels/workbook.xml.rels
17:06:37.125 [main] DEBUG - Parsing relationship: /xl/worksheets/_rels/sheet1.xml.rels
17:06:37.127 [main] DEBUG - Parsing relationship: /xl/worksheets/_rels/sheet2.xml.rels
17:06:37.127 [main] DEBUG - Parsing relationship: /_rels/.rels
17:06:51.431 [main] INFO  - Page has been focused on division page
17:06:57.509 [main] INFO  - Click on division Tab.
17:06:57.517 [main] DEBUG - Parsing relationship: /xl/_rels/workbook.xml.rels
17:06:57.518 [main] DEBUG - Parsing relationship: /xl/worksheets/_rels/sheet1.xml.rels
17:06:57.518 [main] DEBUG - Parsing relationship: /xl/worksheets/_rels/sheet2.xml.rels
17:06:57.519 [main] DEBUG - Parsing relationship: /_rels/.rels
17:07:07.679 [main] DEBUG - Parsing relationship: /xl/_rels/workbook.xml.rels
17:07:07.680 [main] DEBUG - Parsing relationship: /xl/worksheets/_rels/sheet1.xml.rels
17:07:07.681 [main] DEBUG - Parsing relationship: /xl/worksheets/_rels/sheet2.xml.rels
17:07:07.682 [main] DEBUG - Parsing relationship: /_rels/.rels
17:07:07.747 [main] INFO  - element is present
17:07:08.098 [main] ERROR - SanityDivisionNameTests14032024170707  is entered
17:07:08.098 [main] ERROR - SanityDivisionNameTests14032024170707  is not entered
17:07:08.100 [main] INFO  - entered Diviion name
17:07:08.105 [main] DEBUG - Parsing relationship: /xl/_rels/workbook.xml.rels
17:07:08.106 [main] DEBUG - Parsing relationship: /xl/worksheets/_rels/sheet1.xml.rels
17:07:08.107 [main] DEBUG - Parsing relationship: /xl/worksheets/_rels/sheet2.xml.rels
17:07:08.107 [main] DEBUG - Parsing relationship: /_rels/.rels
17:07:11.303 [main] DEBUG - Parsing relationship: /xl/_rels/workbook.xml.rels
17:07:11.304 [main] DEBUG - Parsing relationship: /xl/worksheets/_rels/sheet1.xml.rels
17:07:11.304 [main] DEBUG - Parsing relationship: /xl/worksheets/_rels/sheet2.xml.rels
17:07:11.305 [main] DEBUG - Parsing relationship: /_rels/.rels
17:07:20.483 [main] INFO  - element is present
17:07:20.483 [main] INFO  - element exists
17:07:26.553 [main] INFO  - Click on group Tab.
17:07:26.558 [main] DEBUG - Parsing relationship: /xl/_rels/workbook.xml.rels
17:07:26.559 [main] DEBUG - Parsing relationship: /xl/worksheets/_rels/sheet1.xml.rels
17:07:26.560 [main] DEBUG - Parsing relationship: /xl/worksheets/_rels/sheet2.xml.rels
17:07:26.560 [main] DEBUG - Parsing relationship: /_rels/.rels
17:07:45.279 [main] INFO  - element is present
17:07:45.568 [main] ERROR - SanityGroupName14032024170745  is entered
17:07:45.568 [main] ERROR - SanityGroupName14032024170745  is not entered
17:07:45.570 [main] INFO  - entered Group name
17:07:45.574 [main] DEBUG - Parsing relationship: /xl/_rels/workbook.xml.rels
17:07:45.575 [main] DEBUG - Parsing relationship: /xl/worksheets/_rels/sheet1.xml.rels
17:07:45.575 [main] DEBUG - Parsing relationship: /xl/worksheets/_rels/sheet2.xml.rels
17:07:45.576 [main] DEBUG - Parsing relationship: /_rels/.rels
17:07:52.788 [main] DEBUG - Parsing relationship: /xl/_rels/workbook.xml.rels
17:07:52.788 [main] DEBUG - Parsing relationship: /xl/worksheets/_rels/sheet1.xml.rels
17:07:52.789 [main] DEBUG - Parsing relationship: /xl/worksheets/_rels/sheet2.xml.rels
17:07:52.789 [main] DEBUG - Parsing relationship: /_rels/.rels
17:08:06.030 [main] INFO  - element is present
17:08:06.030 [main] INFO  - element exists
17:08:06.037 [main] DEBUG - Parsing relationship: /xl/_rels/workbook.xml.rels
17:08:06.038 [main] DEBUG - Parsing relationship: /xl/worksheets/_rels/sheet1.xml.rels
17:08:06.039 [main] DEBUG - Parsing relationship: /xl/worksheets/_rels/sheet2.xml.rels
17:08:06.040 [main] DEBUG - Parsing relationship: /_rels/.rels
17:08:34.024 [main] INFO  - element is present
17:08:34.324 [main] ERROR - SanityDepartment14032024170834  is entered
17:08:34.325 [main] ERROR - SanityDepartment14032024170834  is not entered
17:08:34.326 [main] INFO  - entered department name
17:08:34.331 [main] DEBUG - Parsing relationship: /xl/_rels/workbook.xml.rels
17:08:34.332 [main] DEBUG - Parsing relationship: /xl/worksheets/_rels/sheet1.xml.rels
17:08:34.333 [main] DEBUG - Parsing relationship: /xl/worksheets/_rels/sheet2.xml.rels
17:08:34.333 [main] DEBUG - Parsing relationship: /_rels/.rels
17:08:47.724 [main] DEBUG - Parsing relationship: /xl/_rels/workbook.xml.rels
17:08:47.724 [main] DEBUG - Parsing relationship: /xl/worksheets/_rels/sheet1.xml.rels
17:08:47.725 [main] DEBUG - Parsing relationship: /xl/worksheets/_rels/sheet2.xml.rels
17:08:47.725 [main] DEBUG - Parsing relationship: /_rels/.rels
17:08:59.702 [main] INFO  - element is present
17:08:59.702 [main] INFO  - element exists
17:08:59.708 [main] DEBUG - Parsing relationship: /xl/_rels/workbook.xml.rels
17:08:59.709 [main] DEBUG - Parsing relationship: /xl/worksheets/_rels/sheet1.xml.rels
17:08:59.711 [main] DEBUG - Parsing relationship: /xl/worksheets/_rels/sheet2.xml.rels
17:08:59.711 [main] DEBUG - Parsing relationship: /_rels/.rels
17:09:18.131 [main] INFO  - element is present
17:09:18.421 [main] ERROR - SanityDepartment14032024170918  is entered
17:09:18.421 [main] ERROR - SanityDepartment14032024170918  is not entered
17:09:18.422 [main] INFO  - entered class name
17:09:18.427 [main] DEBUG - Parsing relationship: /xl/_rels/workbook.xml.rels
17:09:18.428 [main] DEBUG - Parsing relationship: /xl/worksheets/_rels/sheet1.xml.rels
17:09:18.428 [main] DEBUG - Parsing relationship: /xl/worksheets/_rels/sheet2.xml.rels
17:09:18.430 [main] DEBUG - Parsing relationship: /_rels/.rels
17:09:31.810 [main] DEBUG - Parsing relationship: /xl/_rels/workbook.xml.rels
17:09:31.811 [main] DEBUG - Parsing relationship: /xl/worksheets/_rels/sheet1.xml.rels
17:09:31.811 [main] DEBUG - Parsing relationship: /xl/worksheets/_rels/sheet2.xml.rels
17:09:31.812 [main] DEBUG - Parsing relationship: /_rels/.rels
17:09:42.845 [main] INFO  - element is present
17:09:42.845 [main] INFO  - element exists
17:09:42.848 [main] DEBUG - Parsing relationship: /xl/_rels/workbook.xml.rels
17:09:42.849 [main] DEBUG - Parsing relationship: /xl/worksheets/_rels/sheet1.xml.rels
17:09:42.849 [main] DEBUG - Parsing relationship: /xl/worksheets/_rels/sheet2.xml.rels
17:09:42.850 [main] DEBUG - Parsing relationship: /_rels/.rels
17:10:11.834 [main] INFO  - element is present
17:10:12.132 [main] ERROR - SanitySubClass14032024171011  is entered
17:10:12.132 [main] ERROR - SanitySubClass14032024171011  is not entered
17:10:12.134 [main] INFO  - entered sub class name
17:10:12.138 [main] DEBUG - Parsing relationship: /xl/_rels/workbook.xml.rels
17:10:12.139 [main] DEBUG - Parsing relationship: /xl/worksheets/_rels/sheet1.xml.rels
17:10:12.139 [main] DEBUG - Parsing relationship: /xl/worksheets/_rels/sheet2.xml.rels
17:10:12.140 [main] DEBUG - Parsing relationship: /_rels/.rels
17:10:25.494 [main] DEBUG - Parsing relationship: /xl/_rels/workbook.xml.rels
17:10:25.495 [main] DEBUG - Parsing relationship: /xl/worksheets/_rels/sheet1.xml.rels
17:10:25.495 [main] DEBUG - Parsing relationship: /xl/worksheets/_rels/sheet2.xml.rels
17:10:25.496 [main] DEBUG - Parsing relationship: /_rels/.rels
17:10:36.519 [main] INFO  - element is present
17:10:36.519 [main] INFO  - element exists
12:08:19.867 [main] INFO  - Goto my Merx Application-->Click on Login.
12:08:19.914 [main] INFO  - Entering email and password.. 
12:08:20.247 [main] INFO  - Entering user IDjohndoe@test.com
12:08:23.504 [main] INFO  - clicked on Sign in button...
12:08:28.057 [main] INFO  - The user has landing to the Merchandise page
12:08:38.069 [main] INFO  - Goto my Merx Application-->Click on Login.. 
12:08:40.285 [main] INFO  - element is present
12:08:40.867 [main] ERROR - SanityAutoTests18032024120840  is entered
12:08:40.868 [main] ERROR - SanityAutoTests18032024120840  is not entered
12:08:40.871 [main] INFO  - enter business name
12:08:41.083 [main] DEBUG - Parsing relationship: /xl/_rels/workbook.xml.rels
12:08:41.087 [main] DEBUG - Parsing relationship: /xl/worksheets/_rels/sheet1.xml.rels
12:08:41.089 [main] DEBUG - Parsing relationship: /xl/worksheets/_rels/sheet2.xml.rels
12:08:41.092 [main] DEBUG - Parsing relationship: /_rels/.rels
12:08:41.419 [main] TRACE - Loading type system org.apache.poi.schemas.ooxml.system.ooxml
12:08:41.425 [main] TRACE - Loading type system org.apache.xmlbeans.metadata.system.sXMLCONFIG
12:08:41.426 [main] TRACE - Loading type system org.apache.xmlbeans.metadata.system.sXMLLANG
12:08:41.426 [main] TRACE - Loading type system org.apache.xmlbeans.metadata.system.sXMLSCHEMA
12:08:41.427 [main] TRACE - Loading type system org.apache.xmlbeans.metadata.system.sXMLTOOLS
12:08:41.430 [main] TRACE - Reading unresolved handles for type system org.apache.xmlbeans.metadata.system.sXMLTOOLS
12:08:41.448 [main] TRACE - Finished loading type system org.apache.xmlbeans.metadata.system.sXMLTOOLS
12:08:41.451 [main] TRACE - Reading unresolved handles for type system org.apache.xmlbeans.metadata.system.sXMLSCHEMA
12:08:41.457 [main] TRACE - Finished loading type system org.apache.xmlbeans.metadata.system.sXMLSCHEMA
12:08:41.460 [main] TRACE - Reading unresolved handles for type system org.apache.xmlbeans.metadata.system.sXMLLANG
12:08:41.461 [main] TRACE - Finished loading type system org.apache.xmlbeans.metadata.system.sXMLLANG
12:08:41.464 [main] TRACE - Reading unresolved handles for type system org.apache.xmlbeans.metadata.system.sXMLCONFIG
12:08:41.467 [main] TRACE - Finished loading type system org.apache.xmlbeans.metadata.system.sXMLCONFIG
12:08:41.468 [main] TRACE - Reading unresolved handles for type system org.apache.poi.schemas.ooxml.system.ooxml
12:08:41.554 [main] TRACE - Finished loading type system org.apache.poi.schemas.ooxml.system.ooxml
12:08:41.555 [main] TRACE - Resolving type for handle themefd26doctype
12:08:41.667 [main] TRACE - Resolving type for handle stylesheet5d8bdoctype
12:08:41.679 [main] TRACE - Resolving type for handle ctstylesheet4257type
12:08:41.685 [main] TRACE - Resolving type for handle ctfonts6623type
12:08:41.691 [main] TRACE - Resolving type for handle ctfont14d8type
12:08:41.697 [main] TRACE - Resolving type for handle ctfills2c6ftype
12:08:41.701 [main] TRACE - Resolving type for handle ctfill550ctype
12:08:41.706 [main] TRACE - Resolving type for handle ctborders0d66type
12:08:41.712 [main] TRACE - Resolving type for handle ctborderf935type
12:08:41.721 [main] TRACE - Resolving type for handle ctcellxfs1322type
12:08:41.727 [main] TRACE - Resolving type for handle ctxf97f7type
12:08:41.734 [main] TRACE - Resolving type for handle ctcellstylexfsa81ftype
12:08:41.738 [main] TRACE - Resolving type for handle ctdxfsb26atype
12:08:41.744 [main] TRACE - Resolving type for handle sstf81fdoctype
12:08:41.753 [main] TRACE - Resolving type for handle ctsst44f3type
12:08:41.768 [main] TRACE - Resolving type for handle ctrsta472type
12:08:41.806 [main] TRACE - Resolving type for handle ctdrawing2748type
12:08:41.823 [main] TRACE - Resolving type for handle workbookec17doctype
12:08:41.829 [main] TRACE - Resolving type for handle ctworkbook83c3type
12:08:41.837 [main] TRACE - Resolving type for handle ctsheets49fdtype
12:08:41.841 [main] TRACE - Resolving type for handle ctsheet4dbetype
12:08:41.845 [main] TRACE - Resolving type for handle strelationshipid1e94type
12:08:41.850 [main] TRACE - Resolving type for handle worksheetf539doctype
12:08:41.859 [main] TRACE - Resolving type for handle ctworksheet530dtype
12:08:41.867 [main] TRACE - Resolving type for handle ctsheetdata8408type
12:08:41.872 [main] TRACE - Resolving type for handle ctrowdd39type
12:08:41.878 [main] TRACE - Resolving type for handle ctcell842btype
12:08:41.891 [main] TRACE - Resolving type for handle stcellrefe4e0type
12:08:41.906 [main] TRACE - Resolving type for handle ctcols627ctype
12:08:41.912 [main] TRACE - Resolving type for handle ctcola95ftype
12:08:42.008 [main] TRACE - Resolving type for handle ctdefinednamesce48type
12:08:42.018 [main] TRACE - Resolving type for handle ctbookviewsb864type
12:08:42.021 [main] TRACE - Resolving type for handle ctbookviewf677type
12:08:42.028 [main] TRACE - Resolving type for handle stcelltypebf95type
12:08:42.038 [main] TRACE - Resolving type for handle stxstringf179type
12:08:49.309 [main] DEBUG - Parsing relationship: /xl/_rels/workbook.xml.rels
12:08:49.311 [main] DEBUG - Parsing relationship: /xl/worksheets/_rels/sheet1.xml.rels
12:08:49.312 [main] DEBUG - Parsing relationship: /xl/worksheets/_rels/sheet2.xml.rels
12:08:49.312 [main] DEBUG - Parsing relationship: /_rels/.rels
12:09:04.722 [main] INFO  - Page has been focused on division page
12:09:09.892 [main] INFO  - Click on division Tab.
12:09:09.905 [main] DEBUG - Parsing relationship: /xl/_rels/workbook.xml.rels
12:09:09.907 [main] DEBUG - Parsing relationship: /xl/worksheets/_rels/sheet1.xml.rels
12:09:09.910 [main] DEBUG - Parsing relationship: /xl/worksheets/_rels/sheet2.xml.rels
12:09:09.912 [main] DEBUG - Parsing relationship: /_rels/.rels
12:12:36.120 [main] INFO  - Goto my Merx Application-->Click on Login.
12:12:36.153 [main] INFO  - Entering email and password.. 
12:12:36.388 [main] INFO  - Entering user IDjohndoe@test.com
12:12:39.612 [main] INFO  - clicked on Sign in button...
12:12:43.962 [main] INFO  - The user has landing to the Merchandise page
12:12:53.979 [main] INFO  - Goto my Merx Application-->Click on Login.. 
12:12:56.130 [main] INFO  - element is present
12:12:56.500 [main] ERROR - SanityAutoTests18032024121256  is entered
12:12:56.500 [main] ERROR - SanityAutoTests18032024121256  is not entered
12:12:56.504 [main] INFO  - enter business name
12:12:56.712 [main] DEBUG - Parsing relationship: /xl/_rels/workbook.xml.rels
12:12:56.718 [main] DEBUG - Parsing relationship: /xl/worksheets/_rels/sheet1.xml.rels
12:12:56.721 [main] DEBUG - Parsing relationship: /xl/worksheets/_rels/sheet2.xml.rels
12:12:56.724 [main] DEBUG - Parsing relationship: /_rels/.rels
12:12:57.014 [main] TRACE - Loading type system org.apache.poi.schemas.ooxml.system.ooxml
12:12:57.018 [main] TRACE - Loading type system org.apache.xmlbeans.metadata.system.sXMLCONFIG
12:12:57.019 [main] TRACE - Loading type system org.apache.xmlbeans.metadata.system.sXMLLANG
12:12:57.019 [main] TRACE - Loading type system org.apache.xmlbeans.metadata.system.sXMLSCHEMA
12:12:57.020 [main] TRACE - Loading type system org.apache.xmlbeans.metadata.system.sXMLTOOLS
12:12:57.022 [main] TRACE - Reading unresolved handles for type system org.apache.xmlbeans.metadata.system.sXMLTOOLS
12:12:57.038 [main] TRACE - Finished loading type system org.apache.xmlbeans.metadata.system.sXMLTOOLS
12:12:57.040 [main] TRACE - Reading unresolved handles for type system org.apache.xmlbeans.metadata.system.sXMLSCHEMA
12:12:57.046 [main] TRACE - Finished loading type system org.apache.xmlbeans.metadata.system.sXMLSCHEMA
12:12:57.048 [main] TRACE - Reading unresolved handles for type system org.apache.xmlbeans.metadata.system.sXMLLANG
12:12:57.049 [main] TRACE - Finished loading type system org.apache.xmlbeans.metadata.system.sXMLLANG
12:12:57.050 [main] TRACE - Reading unresolved handles for type system org.apache.xmlbeans.metadata.system.sXMLCONFIG
12:12:57.051 [main] TRACE - Finished loading type system org.apache.xmlbeans.metadata.system.sXMLCONFIG
12:12:57.052 [main] TRACE - Reading unresolved handles for type system org.apache.poi.schemas.ooxml.system.ooxml
12:12:57.133 [main] TRACE - Finished loading type system org.apache.poi.schemas.ooxml.system.ooxml
12:12:57.135 [main] TRACE - Resolving type for handle themefd26doctype
12:12:57.225 [main] TRACE - Resolving type for handle stylesheet5d8bdoctype
12:12:57.238 [main] TRACE - Resolving type for handle ctstylesheet4257type
12:12:57.246 [main] TRACE - Resolving type for handle ctfonts6623type
12:12:57.250 [main] TRACE - Resolving type for handle ctfont14d8type
12:12:57.255 [main] TRACE - Resolving type for handle ctfills2c6ftype
12:12:57.258 [main] TRACE - Resolving type for handle ctfill550ctype
12:12:57.260 [main] TRACE - Resolving type for handle ctborders0d66type
12:12:57.264 [main] TRACE - Resolving type for handle ctborderf935type
12:12:57.271 [main] TRACE - Resolving type for handle ctcellxfs1322type
12:12:57.278 [main] TRACE - Resolving type for handle ctxf97f7type
12:12:57.281 [main] TRACE - Resolving type for handle ctcellstylexfsa81ftype
12:12:57.285 [main] TRACE - Resolving type for handle ctdxfsb26atype
12:12:57.290 [main] TRACE - Resolving type for handle sstf81fdoctype
12:12:57.298 [main] TRACE - Resolving type for handle ctsst44f3type
12:12:57.314 [main] TRACE - Resolving type for handle ctrsta472type
12:12:57.351 [main] TRACE - Resolving type for handle ctdrawing2748type
12:12:57.366 [main] TRACE - Resolving type for handle workbookec17doctype
12:12:57.371 [main] TRACE - Resolving type for handle ctworkbook83c3type
12:12:57.378 [main] TRACE - Resolving type for handle ctsheets49fdtype
12:12:57.382 [main] TRACE - Resolving type for handle ctsheet4dbetype
12:12:57.387 [main] TRACE - Resolving type for handle strelationshipid1e94type
12:12:57.392 [main] TRACE - Resolving type for handle worksheetf539doctype
12:12:57.406 [main] TRACE - Resolving type for handle ctworksheet530dtype
12:12:57.415 [main] TRACE - Resolving type for handle ctsheetdata8408type
12:12:57.419 [main] TRACE - Resolving type for handle ctrowdd39type
12:12:57.429 [main] TRACE - Resolving type for handle ctcell842btype
12:12:57.438 [main] TRACE - Resolving type for handle stcellrefe4e0type
12:12:57.455 [main] TRACE - Resolving type for handle ctcols627ctype
12:12:57.465 [main] TRACE - Resolving type for handle ctcola95ftype
12:12:57.566 [main] TRACE - Resolving type for handle ctdefinednamesce48type
12:12:57.571 [main] TRACE - Resolving type for handle ctbookviewsb864type
12:12:57.574 [main] TRACE - Resolving type for handle ctbookviewf677type
12:12:57.582 [main] TRACE - Resolving type for handle stcelltypebf95type
12:12:57.589 [main] TRACE - Resolving type for handle stxstringf179type
12:13:04.815 [main] DEBUG - Parsing relationship: /xl/_rels/workbook.xml.rels
12:13:04.818 [main] DEBUG - Parsing relationship: /xl/worksheets/_rels/sheet1.xml.rels
12:13:04.820 [main] DEBUG - Parsing relationship: /xl/worksheets/_rels/sheet2.xml.rels
12:13:04.822 [main] DEBUG - Parsing relationship: /_rels/.rels
12:13:19.464 [main] INFO  - Page has been focused on division page
12:13:24.599 [main] INFO  - Click on division Tab.
12:13:24.605 [main] DEBUG - Parsing relationship: /xl/_rels/workbook.xml.rels
12:13:24.606 [main] DEBUG - Parsing relationship: /xl/worksheets/_rels/sheet1.xml.rels
12:13:24.607 [main] DEBUG - Parsing relationship: /xl/worksheets/_rels/sheet2.xml.rels
12:13:24.608 [main] DEBUG - Parsing relationship: /_rels/.rels
12:16:58.676 [main] INFO  - Goto my Merx Application-->Click on Login.
12:16:58.709 [main] INFO  - Entering email and password.. 
12:16:58.922 [main] INFO  - Entering user IDjohndoe@test.com
12:17:02.156 [main] INFO  - clicked on Sign in button...
12:17:05.592 [main] INFO  - The user has landing to the Merchandise page
12:17:15.608 [main] INFO  - Goto my Merx Application-->Click on Login.. 
12:17:17.739 [main] INFO  - element is present
12:17:18.097 [main] ERROR - SanityAutoTests18032024121717  is entered
12:17:18.097 [main] ERROR - SanityAutoTests18032024121717  is not entered
12:17:18.100 [main] INFO  - enter business name
12:17:18.293 [main] DEBUG - Parsing relationship: /xl/_rels/workbook.xml.rels
12:17:18.298 [main] DEBUG - Parsing relationship: /xl/worksheets/_rels/sheet1.xml.rels
12:17:18.301 [main] DEBUG - Parsing relationship: /xl/worksheets/_rels/sheet2.xml.rels
12:17:18.303 [main] DEBUG - Parsing relationship: /_rels/.rels
12:17:18.530 [main] TRACE - Loading type system org.apache.poi.schemas.ooxml.system.ooxml
12:17:18.535 [main] TRACE - Loading type system org.apache.xmlbeans.metadata.system.sXMLCONFIG
12:17:18.537 [main] TRACE - Loading type system org.apache.xmlbeans.metadata.system.sXMLLANG
12:17:18.538 [main] TRACE - Loading type system org.apache.xmlbeans.metadata.system.sXMLSCHEMA
12:17:18.539 [main] TRACE - Loading type system org.apache.xmlbeans.metadata.system.sXMLTOOLS
12:17:18.541 [main] TRACE - Reading unresolved handles for type system org.apache.xmlbeans.metadata.system.sXMLTOOLS
12:17:18.557 [main] TRACE - Finished loading type system org.apache.xmlbeans.metadata.system.sXMLTOOLS
12:17:18.559 [main] TRACE - Reading unresolved handles for type system org.apache.xmlbeans.metadata.system.sXMLSCHEMA
12:17:18.568 [main] TRACE - Finished loading type system org.apache.xmlbeans.metadata.system.sXMLSCHEMA
12:17:18.571 [main] TRACE - Reading unresolved handles for type system org.apache.xmlbeans.metadata.system.sXMLLANG
12:17:18.573 [main] TRACE - Finished loading type system org.apache.xmlbeans.metadata.system.sXMLLANG
12:17:18.576 [main] TRACE - Reading unresolved handles for type system org.apache.xmlbeans.metadata.system.sXMLCONFIG
12:17:18.578 [main] TRACE - Finished loading type system org.apache.xmlbeans.metadata.system.sXMLCONFIG
12:17:18.582 [main] TRACE - Reading unresolved handles for type system org.apache.poi.schemas.ooxml.system.ooxml
12:17:18.655 [main] TRACE - Finished loading type system org.apache.poi.schemas.ooxml.system.ooxml
12:17:18.658 [main] TRACE - Resolving type for handle themefd26doctype
12:17:18.737 [main] TRACE - Resolving type for handle stylesheet5d8bdoctype
12:17:18.747 [main] TRACE - Resolving type for handle ctstylesheet4257type
12:17:18.757 [main] TRACE - Resolving type for handle ctfonts6623type
12:17:18.760 [main] TRACE - Resolving type for handle ctfont14d8type
12:17:18.769 [main] TRACE - Resolving type for handle ctfills2c6ftype
12:17:18.774 [main] TRACE - Resolving type for handle ctfill550ctype
12:17:18.777 [main] TRACE - Resolving type for handle ctborders0d66type
12:17:18.782 [main] TRACE - Resolving type for handle ctborderf935type
12:17:18.789 [main] TRACE - Resolving type for handle ctcellxfs1322type
12:17:18.791 [main] TRACE - Resolving type for handle ctxf97f7type
12:17:18.797 [main] TRACE - Resolving type for handle ctcellstylexfsa81ftype
12:17:18.800 [main] TRACE - Resolving type for handle ctdxfsb26atype
12:17:18.804 [main] TRACE - Resolving type for handle sstf81fdoctype
12:17:18.811 [main] TRACE - Resolving type for handle ctsst44f3type
12:17:18.826 [main] TRACE - Resolving type for handle ctrsta472type
12:17:18.853 [main] TRACE - Resolving type for handle ctdrawing2748type
12:17:18.862 [main] TRACE - Resolving type for handle workbookec17doctype
12:17:18.869 [main] TRACE - Resolving type for handle ctworkbook83c3type
12:17:18.877 [main] TRACE - Resolving type for handle ctsheets49fdtype
12:17:18.882 [main] TRACE - Resolving type for handle ctsheet4dbetype
12:17:18.886 [main] TRACE - Resolving type for handle strelationshipid1e94type
12:17:18.889 [main] TRACE - Resolving type for handle worksheetf539doctype
12:17:18.897 [main] TRACE - Resolving type for handle ctworksheet530dtype
12:17:18.901 [main] TRACE - Resolving type for handle ctsheetdata8408type
12:17:18.905 [main] TRACE - Resolving type for handle ctrowdd39type
12:17:18.910 [main] TRACE - Resolving type for handle ctcell842btype
12:17:18.920 [main] TRACE - Resolving type for handle stcellrefe4e0type
12:17:18.932 [main] TRACE - Resolving type for handle ctcols627ctype
12:17:18.938 [main] TRACE - Resolving type for handle ctcola95ftype
12:17:19.017 [main] TRACE - Resolving type for handle ctdefinednamesce48type
12:17:19.022 [main] TRACE - Resolving type for handle ctbookviewsb864type
12:17:19.025 [main] TRACE - Resolving type for handle ctbookviewf677type
12:17:19.034 [main] TRACE - Resolving type for handle stcelltypebf95type
12:17:19.040 [main] TRACE - Resolving type for handle stxstringf179type
12:17:26.265 [main] DEBUG - Parsing relationship: /xl/_rels/workbook.xml.rels
12:17:26.267 [main] DEBUG - Parsing relationship: /xl/worksheets/_rels/sheet1.xml.rels
12:17:26.268 [main] DEBUG - Parsing relationship: /xl/worksheets/_rels/sheet2.xml.rels
12:17:26.269 [main] DEBUG - Parsing relationship: /_rels/.rels
12:17:48.869 [main] INFO  - Page has been focused on division page
12:17:53.983 [main] INFO  - Click on division Tab.
12:17:53.992 [main] DEBUG - Parsing relationship: /xl/_rels/workbook.xml.rels
12:17:53.993 [main] DEBUG - Parsing relationship: /xl/worksheets/_rels/sheet1.xml.rels
12:17:53.995 [main] DEBUG - Parsing relationship: /xl/worksheets/_rels/sheet2.xml.rels
12:17:53.996 [main] DEBUG - Parsing relationship: /_rels/.rels
12:48:39.528 [main] INFO  - Goto my Merx Application-->Click on Login.
12:48:39.560 [main] INFO  - Entering email and password.. 
12:48:39.828 [main] INFO  - Entering user IDjohndoe@test.com
12:48:43.052 [main] INFO  - clicked on Sign in button...
12:48:48.434 [main] INFO  - The user has landing to the Merchandise page
12:48:58.451 [main] INFO  - Goto my Merx Application-->Click on Login.. 
12:49:00.598 [main] INFO  - element is present
12:49:01.028 [main] ERROR - SanityAutoTests18032024124900  is entered
12:49:01.028 [main] ERROR - SanityAutoTests18032024124900  is not entered
12:49:01.031 [main] INFO  - enter business name
12:49:01.255 [main] DEBUG - Parsing relationship: /xl/_rels/workbook.xml.rels
12:49:01.258 [main] DEBUG - Parsing relationship: /xl/worksheets/_rels/sheet1.xml.rels
12:49:01.261 [main] DEBUG - Parsing relationship: /xl/worksheets/_rels/sheet2.xml.rels
12:49:01.264 [main] DEBUG - Parsing relationship: /_rels/.rels
12:49:01.570 [main] TRACE - Loading type system org.apache.poi.schemas.ooxml.system.ooxml
12:49:01.576 [main] TRACE - Loading type system org.apache.xmlbeans.metadata.system.sXMLCONFIG
12:49:01.577 [main] TRACE - Loading type system org.apache.xmlbeans.metadata.system.sXMLLANG
12:49:01.578 [main] TRACE - Loading type system org.apache.xmlbeans.metadata.system.sXMLSCHEMA
12:49:01.579 [main] TRACE - Loading type system org.apache.xmlbeans.metadata.system.sXMLTOOLS
12:49:01.581 [main] TRACE - Reading unresolved handles for type system org.apache.xmlbeans.metadata.system.sXMLTOOLS
12:49:01.606 [main] TRACE - Finished loading type system org.apache.xmlbeans.metadata.system.sXMLTOOLS
12:49:01.609 [main] TRACE - Reading unresolved handles for type system org.apache.xmlbeans.metadata.system.sXMLSCHEMA
12:49:01.621 [main] TRACE - Finished loading type system org.apache.xmlbeans.metadata.system.sXMLSCHEMA
12:49:01.624 [main] TRACE - Reading unresolved handles for type system org.apache.xmlbeans.metadata.system.sXMLLANG
12:49:01.626 [main] TRACE - Finished loading type system org.apache.xmlbeans.metadata.system.sXMLLANG
12:49:01.629 [main] TRACE - Reading unresolved handles for type system org.apache.xmlbeans.metadata.system.sXMLCONFIG
12:49:01.632 [main] TRACE - Finished loading type system org.apache.xmlbeans.metadata.system.sXMLCONFIG
12:49:01.634 [main] TRACE - Reading unresolved handles for type system org.apache.poi.schemas.ooxml.system.ooxml
12:49:01.729 [main] TRACE - Finished loading type system org.apache.poi.schemas.ooxml.system.ooxml
12:49:01.731 [main] TRACE - Resolving type for handle themefd26doctype
12:49:01.808 [main] TRACE - Resolving type for handle stylesheet5d8bdoctype
12:49:01.818 [main] TRACE - Resolving type for handle ctstylesheet4257type
12:49:01.827 [main] TRACE - Resolving type for handle ctfonts6623type
12:49:01.830 [main] TRACE - Resolving type for handle ctfont14d8type
12:49:01.839 [main] TRACE - Resolving type for handle ctfills2c6ftype
12:49:01.844 [main] TRACE - Resolving type for handle ctfill550ctype
12:49:01.847 [main] TRACE - Resolving type for handle ctborders0d66type
12:49:01.852 [main] TRACE - Resolving type for handle ctborderf935type
12:49:01.860 [main] TRACE - Resolving type for handle ctcellxfs1322type
12:49:01.865 [main] TRACE - Resolving type for handle ctxf97f7type
12:49:01.874 [main] TRACE - Resolving type for handle ctcellstylexfsa81ftype
12:49:01.876 [main] TRACE - Resolving type for handle ctdxfsb26atype
12:49:01.880 [main] TRACE - Resolving type for handle sstf81fdoctype
12:49:01.888 [main] TRACE - Resolving type for handle ctsst44f3type
12:49:01.899 [main] TRACE - Resolving type for handle ctrsta472type
12:49:01.930 [main] TRACE - Resolving type for handle ctdrawing2748type
12:49:01.941 [main] TRACE - Resolving type for handle workbookec17doctype
12:49:01.947 [main] TRACE - Resolving type for handle ctworkbook83c3type
12:49:01.954 [main] TRACE - Resolving type for handle ctsheets49fdtype
12:49:01.958 [main] TRACE - Resolving type for handle ctsheet4dbetype
12:49:01.960 [main] TRACE - Resolving type for handle strelationshipid1e94type
12:49:01.965 [main] TRACE - Resolving type for handle worksheetf539doctype
12:49:01.977 [main] TRACE - Resolving type for handle ctworksheet530dtype
12:49:01.991 [main] TRACE - Resolving type for handle ctsheetdata8408type
12:49:01.995 [main] TRACE - Resolving type for handle ctrowdd39type
12:49:02.003 [main] TRACE - Resolving type for handle ctcell842btype
12:49:02.015 [main] TRACE - Resolving type for handle stcellrefe4e0type
12:49:02.030 [main] TRACE - Resolving type for handle ctcols627ctype
12:49:02.039 [main] TRACE - Resolving type for handle ctcola95ftype
12:49:02.131 [main] TRACE - Resolving type for handle ctdefinednamesce48type
12:49:02.137 [main] TRACE - Resolving type for handle ctbookviewsb864type
12:49:02.140 [main] TRACE - Resolving type for handle ctbookviewf677type
12:49:02.152 [main] TRACE - Resolving type for handle stcelltypebf95type
12:49:02.159 [main] TRACE - Resolving type for handle stxstringf179type
12:49:09.399 [main] DEBUG - Parsing relationship: /xl/_rels/workbook.xml.rels
12:49:09.402 [main] DEBUG - Parsing relationship: /xl/worksheets/_rels/sheet1.xml.rels
12:49:09.404 [main] DEBUG - Parsing relationship: /xl/worksheets/_rels/sheet2.xml.rels
12:49:09.405 [main] DEBUG - Parsing relationship: /_rels/.rels
12:49:31.913 [main] INFO  - Page has been focused on division page
12:49:37.043 [main] INFO  - Click on division Tab.
12:49:37.048 [main] DEBUG - Parsing relationship: /xl/_rels/workbook.xml.rels
12:49:37.049 [main] DEBUG - Parsing relationship: /xl/worksheets/_rels/sheet1.xml.rels
12:49:37.050 [main] DEBUG - Parsing relationship: /xl/worksheets/_rels/sheet2.xml.rels
12:49:37.051 [main] DEBUG - Parsing relationship: /_rels/.rels
12:55:22.836 [main] INFO  - Goto my Merx Application-->Click on Login.
12:55:22.865 [main] INFO  - Entering email and password.. 
12:55:23.131 [main] INFO  - Entering user IDjohndoe@test.com
12:55:26.414 [main] INFO  - clicked on Sign in button...
12:55:31.146 [main] INFO  - The user has landing to the Merchandise page
12:55:41.171 [main] INFO  - Goto my Merx Application-->Click on Login.. 
12:56:01.349 [main] INFO  - element is present
12:56:01.791 [main] ERROR - SanityAutoTests18032024125601  is entered
12:56:01.791 [main] ERROR - SanityAutoTests18032024125601  is not entered
12:56:01.796 [main] INFO  - enter business name
12:56:01.970 [main] DEBUG - Parsing relationship: /xl/_rels/workbook.xml.rels
12:56:01.975 [main] DEBUG - Parsing relationship: /xl/worksheets/_rels/sheet1.xml.rels
12:56:01.976 [main] DEBUG - Parsing relationship: /xl/worksheets/_rels/sheet2.xml.rels
12:56:01.977 [main] DEBUG - Parsing relationship: /_rels/.rels
12:56:02.225 [main] TRACE - Loading type system org.apache.poi.schemas.ooxml.system.ooxml
12:56:02.232 [main] TRACE - Loading type system org.apache.xmlbeans.metadata.system.sXMLCONFIG
12:56:02.233 [main] TRACE - Loading type system org.apache.xmlbeans.metadata.system.sXMLLANG
12:56:02.235 [main] TRACE - Loading type system org.apache.xmlbeans.metadata.system.sXMLSCHEMA
12:56:02.236 [main] TRACE - Loading type system org.apache.xmlbeans.metadata.system.sXMLTOOLS
12:56:02.238 [main] TRACE - Reading unresolved handles for type system org.apache.xmlbeans.metadata.system.sXMLTOOLS
12:56:02.261 [main] TRACE - Finished loading type system org.apache.xmlbeans.metadata.system.sXMLTOOLS
12:56:02.263 [main] TRACE - Reading unresolved handles for type system org.apache.xmlbeans.metadata.system.sXMLSCHEMA
12:56:02.273 [main] TRACE - Finished loading type system org.apache.xmlbeans.metadata.system.sXMLSCHEMA
12:56:02.275 [main] TRACE - Reading unresolved handles for type system org.apache.xmlbeans.metadata.system.sXMLLANG
