12:26:51.012 [main] ERROR - SanityAutoTests28032024122650  is not entered
12:26:51.027 [main] INFO  - enter business name
12:26:51.218 [main] DEBUG - Parsing relationship: /xl/_rels/workbook.xml.rels
12:26:51.226 [main] DEBUG - Parsing relationship: /xl/worksheets/_rels/sheet1.xml.rels
12:26:51.230 [main] DEBUG - Parsing relationship: /xl/worksheets/_rels/sheet2.xml.rels
12:26:51.233 [main] DEBUG - Parsing relationship: /_rels/.rels
12:26:51.562 [main] TRACE - Loading type system org.apache.poi.schemas.ooxml.system.ooxml
12:26:51.568 [main] TRACE - Loading type system org.apache.xmlbeans.metadata.system.sXMLCONFIG
12:26:51.575 [main] TRACE - Loading type system org.apache.xmlbeans.metadata.system.sXMLLANG
12:26:51.575 [main] TRACE - Loading type system org.apache.xmlbeans.metadata.system.sXMLSCHEMA
12:26:51.576 [main] TRACE - Loading type system org.apache.xmlbeans.metadata.system.sXMLTOOLS
12:26:51.578 [main] TRACE - Reading unresolved handles for type system org.apache.xmlbeans.metadata.system.sXMLTOOLS
12:26:51.595 [main] TRACE - Finished loading type system org.apache.xmlbeans.metadata.system.sXMLTOOLS
12:26:51.597 [main] TRACE - Reading unresolved handles for type system org.apache.xmlbeans.metadata.system.sXMLSCHEMA
12:26:51.602 [main] TRACE - Finished loading type system org.apache.xmlbeans.metadata.system.sXMLSCHEMA
12:26:51.605 [main] TRACE - Reading unresolved handles for type system org.apache.xmlbeans.metadata.system.sXMLLANG
12:26:51.607 [main] TRACE - Finished loading type system org.apache.xmlbeans.metadata.system.sXMLLANG
12:26:51.609 [main] TRACE - Reading unresolved handles for type system org.apache.xmlbeans.metadata.system.sXMLCONFIG
12:26:51.611 [main] TRACE - Finished loading type system org.apache.xmlbeans.metadata.system.sXMLCONFIG
12:26:51.614 [main] TRACE - Reading unresolved handles for type system org.apache.poi.schemas.ooxml.system.ooxml
12:26:51.694 [main] TRACE - Finished loading type system org.apache.poi.schemas.ooxml.system.ooxml
12:26:51.695 [main] TRACE - Resolving type for handle themefd26doctype
12:26:51.770 [main] TRACE - Resolving type for handle stylesheet5d8bdoctype
12:26:51.777 [main] TRACE - Resolving type for handle ctstylesheet4257type
12:26:51.785 [main] TRACE - Resolving type for handle ctfonts6623type
12:26:51.791 [main] TRACE - Resolving type for handle ctfont14d8type
12:26:51.857 [main] TRACE - Resolving type for handle ctfills2c6ftype
12:26:51.869 [main] TRACE - Resolving type for handle ctfill550ctype
12:26:51.885 [main] TRACE - Resolving type for handle ctborders0d66type
12:26:51.889 [main] TRACE - Resolving type for handle ctborderf935type
12:26:51.896 [main] TRACE - Resolving type for handle ctcellxfs1322type
12:26:51.899 [main] TRACE - Resolving type for handle ctxf97f7type
12:26:51.913 [main] TRACE - Resolving type for handle ctcellstylexfsa81ftype
12:26:51.919 [main] TRACE - Resolving type for handle ctdxfsb26atype
12:26:51.937 [main] TRACE - Resolving type for handle sstf81fdoctype
12:26:51.944 [main] TRACE - Resolving type for handle ctsst44f3type
12:26:51.964 [main] TRACE - Resolving type for handle ctrsta472type
12:26:52.161 [main] TRACE - Resolving type for handle ctdrawing2748type
12:26:52.188 [main] TRACE - Resolving type for handle workbookec17doctype
12:26:52.210 [main] TRACE - Resolving type for handle ctworkbook83c3type
12:26:52.226 [main] TRACE - Resolving type for handle ctsheets49fdtype
12:26:52.229 [main] TRACE - Resolving type for handle ctsheet4dbetype
12:26:52.231 [main] TRACE - Resolving type for handle strelationshipid1e94type
12:26:52.233 [main] TRACE - Resolving type for handle worksheetf539doctype
12:26:52.242 [main] TRACE - Resolving type for handle ctworksheet530dtype
12:26:52.248 [main] TRACE - Resolving type for handle ctsheetdata8408type
12:26:52.251 [main] TRACE - Resolving type for handle ctrowdd39type
12:26:52.256 [main] TRACE - Resolving type for handle ctcell842btype
12:26:52.263 [main] TRACE - Resolving type for handle stcellrefe4e0type
12:26:52.271 [main] TRACE - Resolving type for handle ctcols627ctype
12:26:52.275 [main] TRACE - Resolving type for handle ctcola95ftype
12:26:52.344 [main] TRACE - Resolving type for handle ctdefinednamesce48type
12:26:52.349 [main] TRACE - Resolving type for handle ctbookviewsb864type
12:26:52.352 [main] TRACE - Resolving type for handle ctbookviewf677type
12:26:52.361 [main] TRACE - Resolving type for handle stcelltypebf95type
12:26:52.370 [main] TRACE - Resolving type for handle stxstringf179type
12:27:07.863 [main] DEBUG - Parsing relationship: /xl/_rels/workbook.xml.rels
12:27:07.867 [main] DEBUG - Parsing relationship: /xl/worksheets/_rels/sheet1.xml.rels
12:27:07.869 [main] DEBUG - Parsing relationship: /xl/worksheets/_rels/sheet2.xml.rels
12:27:07.870 [main] DEBUG - Parsing relationship: /_rels/.rels
12:27:54.792 [main] INFO  - Page has been focused on division page
12:27:55.086 [main] INFO  - Click on division Tab.
12:27:55.101 [main] DEBUG - Parsing relationship: /xl/_rels/workbook.xml.rels
12:27:55.103 [main] DEBUG - Parsing relationship: /xl/worksheets/_rels/sheet1.xml.rels
12:27:55.106 [main] DEBUG - Parsing relationship: /xl/worksheets/_rels/sheet2.xml.rels
12:27:55.108 [main] DEBUG - Parsing relationship: /_rels/.rels
12:30:58.532 [main] INFO  - Goto my Merx Application-->Click on Login.
12:30:58.555 [main] INFO  - Entering email and password.. 
12:30:58.752 [main] INFO  - Entering user IDjohndoe@test.com
12:31:01.983 [main] INFO  - clicked on Sign in button...
12:31:05.265 [main] INFO  - The user has landing to the Merchandise page
12:31:15.282 [main] INFO  - Goto my Merx Application-->Click on Login.. 
12:31:15.857 [main] INFO  - element is present
12:31:16.228 [main] ERROR - SanityAutoTests28032024123115  is entered
12:31:16.228 [main] ERROR - SanityAutoTests28032024123115  is not entered
12:31:16.232 [main] INFO  - enter business name
12:31:16.448 [main] DEBUG - Parsing relationship: /xl/_rels/workbook.xml.rels
12:31:16.456 [main] DEBUG - Parsing relationship: /xl/worksheets/_rels/sheet1.xml.rels
12:31:16.459 [main] DEBUG - Parsing relationship: /xl/worksheets/_rels/sheet2.xml.rels
12:31:16.461 [main] DEBUG - Parsing relationship: /_rels/.rels
12:31:16.691 [main] TRACE - Loading type system org.apache.poi.schemas.ooxml.system.ooxml
12:31:16.696 [main] TRACE - Loading type system org.apache.xmlbeans.metadata.system.sXMLCONFIG
12:31:16.697 [main] TRACE - Loading type system org.apache.xmlbeans.metadata.system.sXMLLANG
12:31:16.697 [main] TRACE - Loading type system org.apache.xmlbeans.metadata.system.sXMLSCHEMA
12:31:16.698 [main] TRACE - Loading type system org.apache.xmlbeans.metadata.system.sXMLTOOLS
12:31:16.702 [main] TRACE - Reading unresolved handles for type system org.apache.xmlbeans.metadata.system.sXMLTOOLS
12:31:16.725 [main] TRACE - Finished loading type system org.apache.xmlbeans.metadata.system.sXMLTOOLS
12:31:16.727 [main] TRACE - Reading unresolved handles for type system org.apache.xmlbeans.metadata.system.sXMLSCHEMA
12:31:16.732 [main] TRACE - Finished loading type system org.apache.xmlbeans.metadata.system.sXMLSCHEMA
12:31:16.733 [main] TRACE - Reading unresolved handles for type system org.apache.xmlbeans.metadata.system.sXMLLANG
12:31:16.734 [main] TRACE - Finished loading type system org.apache.xmlbeans.metadata.system.sXMLLANG
12:31:16.735 [main] TRACE - Reading unresolved handles for type system org.apache.xmlbeans.metadata.system.sXMLCONFIG
12:31:16.736 [main] TRACE - Finished loading type system org.apache.xmlbeans.metadata.system.sXMLCONFIG
12:31:16.738 [main] TRACE - Reading unresolved handles for type system org.apache.poi.schemas.ooxml.system.ooxml
12:31:16.813 [main] TRACE - Finished loading type system org.apache.poi.schemas.ooxml.system.ooxml
12:31:16.815 [main] TRACE - Resolving type for handle themefd26doctype
12:31:16.889 [main] TRACE - Resolving type for handle stylesheet5d8bdoctype
12:31:16.896 [main] TRACE - Resolving type for handle ctstylesheet4257type
12:31:16.899 [main] TRACE - Resolving type for handle ctfonts6623type
12:31:16.903 [main] TRACE - Resolving type for handle ctfont14d8type
12:31:16.910 [main] TRACE - Resolving type for handle ctfills2c6ftype
12:31:16.914 [main] TRACE - Resolving type for handle ctfill550ctype
12:31:16.917 [main] TRACE - Resolving type for handle ctborders0d66type
12:31:16.919 [main] TRACE - Resolving type for handle ctborderf935type
12:31:16.922 [main] TRACE - Resolving type for handle ctcellxfs1322type
12:31:16.924 [main] TRACE - Resolving type for handle ctxf97f7type
12:31:16.928 [main] TRACE - Resolving type for handle ctcellstylexfsa81ftype
12:31:16.931 [main] TRACE - Resolving type for handle ctdxfsb26atype
12:31:16.935 [main] TRACE - Resolving type for handle sstf81fdoctype
12:31:16.942 [main] TRACE - Resolving type for handle ctsst44f3type
12:31:16.956 [main] TRACE - Resolving type for handle ctrsta472type
12:31:16.983 [main] TRACE - Resolving type for handle ctdrawing2748type
12:31:16.993 [main] TRACE - Resolving type for handle workbookec17doctype
12:31:16.998 [main] TRACE - Resolving type for handle ctworkbook83c3type
12:31:17.004 [main] TRACE - Resolving type for handle ctsheets49fdtype
12:31:17.007 [main] TRACE - Resolving type for handle ctsheet4dbetype
12:31:17.010 [main] TRACE - Resolving type for handle strelationshipid1e94type
12:31:17.013 [main] TRACE - Resolving type for handle worksheetf539doctype
12:31:17.020 [main] TRACE - Resolving type for handle ctworksheet530dtype
12:31:17.028 [main] TRACE - Resolving type for handle ctsheetdata8408type
12:31:17.031 [main] TRACE - Resolving type for handle ctrowdd39type
12:31:17.042 [main] TRACE - Resolving type for handle ctcell842btype
12:31:17.053 [main] TRACE - Resolving type for handle stcellrefe4e0type
12:31:17.065 [main] TRACE - Resolving type for handle ctcols627ctype
12:31:17.071 [main] TRACE - Resolving type for handle ctcola95ftype
12:31:17.136 [main] TRACE - Resolving type for handle ctdefinednamesce48type
12:31:17.140 [main] TRACE - Resolving type for handle ctbookviewsb864type
12:31:17.143 [main] TRACE - Resolving type for handle ctbookviewf677type
12:31:17.152 [main] TRACE - Resolving type for handle stcelltypebf95type
12:31:17.156 [main] TRACE - Resolving type for handle stxstringf179type
12:31:22.541 [main] DEBUG - Parsing relationship: /xl/_rels/workbook.xml.rels
12:31:22.542 [main] DEBUG - Parsing relationship: /xl/worksheets/_rels/sheet1.xml.rels
12:31:22.543 [main] DEBUG - Parsing relationship: /xl/worksheets/_rels/sheet2.xml.rels
12:31:22.543 [main] DEBUG - Parsing relationship: /_rels/.rels
12:31:49.822 [main] INFO  - Page has been focused on division page
12:31:50.106 [main] INFO  - Click on division Tab.
12:31:50.117 [main] DEBUG - Parsing relationship: /xl/_rels/workbook.xml.rels
12:31:50.118 [main] DEBUG - Parsing relationship: /xl/worksheets/_rels/sheet1.xml.rels
12:31:50.119 [main] DEBUG - Parsing relationship: /xl/worksheets/_rels/sheet2.xml.rels
12:31:50.120 [main] DEBUG - Parsing relationship: /_rels/.rels
12:39:07.686 [main] INFO  - Goto my Merx Application-->Click on Login.
12:39:07.720 [main] INFO  - Entering email and password.. 
12:39:07.896 [main] INFO  - Entering user IDjohndoe@test.com
12:39:11.036 [main] INFO  - clicked on Sign in button...
12:39:15.567 [main] INFO  - The user has landing to the Merchandise page
12:39:25.589 [main] INFO  - Goto my Merx Application-->Click on Login.. 
12:39:26.213 [main] INFO  - element is present
12:39:26.542 [main] ERROR - SanityAutoTests28032024123925  is entered
12:39:26.542 [main] ERROR - SanityAutoTests28032024123925  is not entered
12:39:26.545 [main] INFO  - enter business name
12:39:26.700 [main] DEBUG - Parsing relationship: /xl/_rels/workbook.xml.rels
12:39:26.704 [main] DEBUG - Parsing relationship: /xl/worksheets/_rels/sheet1.xml.rels
12:39:26.706 [main] DEBUG - Parsing relationship: /xl/worksheets/_rels/sheet2.xml.rels
12:39:26.707 [main] DEBUG - Parsing relationship: /_rels/.rels
12:39:26.918 [main] TRACE - Loading type system org.apache.poi.schemas.ooxml.system.ooxml
12:39:26.922 [main] TRACE - Loading type system org.apache.xmlbeans.metadata.system.sXMLCONFIG
12:39:26.923 [main] TRACE - Loading type system org.apache.xmlbeans.metadata.system.sXMLLANG
12:39:26.923 [main] TRACE - Loading type system org.apache.xmlbeans.metadata.system.sXMLSCHEMA
12:39:26.923 [main] TRACE - Loading type system org.apache.xmlbeans.metadata.system.sXMLTOOLS
12:39:26.925 [main] TRACE - Reading unresolved handles for type system org.apache.xmlbeans.metadata.system.sXMLTOOLS
12:39:26.935 [main] TRACE - Finished loading type system org.apache.xmlbeans.metadata.system.sXMLTOOLS
12:39:26.936 [main] TRACE - Reading unresolved handles for type system org.apache.xmlbeans.metadata.system.sXMLSCHEMA
12:39:26.942 [main] TRACE - Finished loading type system org.apache.xmlbeans.metadata.system.sXMLSCHEMA
12:39:26.943 [main] TRACE - Reading unresolved handles for type system org.apache.xmlbeans.metadata.system.sXMLLANG
12:39:26.944 [main] TRACE - Finished loading type system org.apache.xmlbeans.metadata.system.sXMLLANG
12:39:26.945 [main] TRACE - Reading unresolved handles for type system org.apache.xmlbeans.metadata.system.sXMLCONFIG
12:39:26.946 [main] TRACE - Finished loading type system org.apache.xmlbeans.metadata.system.sXMLCONFIG
12:39:26.947 [main] TRACE - Reading unresolved handles for type system org.apache.poi.schemas.ooxml.system.ooxml
12:39:27.006 [main] TRACE - Finished loading type system org.apache.poi.schemas.ooxml.system.ooxml
12:39:27.007 [main] TRACE - Resolving type for handle themefd26doctype
12:39:27.065 [main] TRACE - Resolving type for handle stylesheet5d8bdoctype
12:39:27.070 [main] TRACE - Resolving type for handle ctstylesheet4257type
12:39:27.074 [main] TRACE - Resolving type for handle ctfonts6623type
12:39:27.076 [main] TRACE - Resolving type for handle ctfont14d8type
12:39:27.082 [main] TRACE - Resolving type for handle ctfills2c6ftype
12:39:27.085 [main] TRACE - Resolving type for handle ctfill550ctype
12:39:27.087 [main] TRACE - Resolving type for handle ctborders0d66type
12:39:27.090 [main] TRACE - Resolving type for handle ctborderf935type
12:39:27.093 [main] TRACE - Resolving type for handle ctcellxfs1322type
12:39:27.097 [main] TRACE - Resolving type for handle ctxf97f7type
12:39:27.101 [main] TRACE - Resolving type for handle ctcellstylexfsa81ftype
12:39:27.104 [main] TRACE - Resolving type for handle ctdxfsb26atype
12:39:27.109 [main] TRACE - Resolving type for handle sstf81fdoctype
12:39:27.116 [main] TRACE - Resolving type for handle ctsst44f3type
12:39:27.124 [main] TRACE - Resolving type for handle ctrsta472type
12:39:27.152 [main] TRACE - Resolving type for handle ctdrawing2748type
12:39:27.165 [main] TRACE - Resolving type for handle workbookec17doctype
12:39:27.171 [main] TRACE - Resolving type for handle ctworkbook83c3type
12:39:27.179 [main] TRACE - Resolving type for handle ctsheets49fdtype
12:39:27.181 [main] TRACE - Resolving type for handle ctsheet4dbetype
12:39:27.183 [main] TRACE - Resolving type for handle strelationshipid1e94type
12:39:27.186 [main] TRACE - Resolving type for handle worksheetf539doctype
12:39:27.203 [main] TRACE - Resolving type for handle ctworksheet530dtype
12:39:27.214 [main] TRACE - Resolving type for handle ctsheetdata8408type
12:39:27.218 [main] TRACE - Resolving type for handle ctrowdd39type
12:39:27.229 [main] TRACE - Resolving type for handle ctcell842btype
12:39:27.239 [main] TRACE - Resolving type for handle stcellrefe4e0type
12:39:27.248 [main] TRACE - Resolving type for handle ctcols627ctype
12:39:27.259 [main] TRACE - Resolving type for handle ctcola95ftype
12:39:27.343 [main] TRACE - Resolving type for handle ctdefinednamesce48type
12:39:27.348 [main] TRACE - Resolving type for handle ctbookviewsb864type
12:39:27.352 [main] TRACE - Resolving type for handle ctbookviewf677type
12:39:27.358 [main] TRACE - Resolving type for handle stcelltypebf95type
12:39:27.363 [main] TRACE - Resolving type for handle stxstringf179type
12:39:32.697 [main] DEBUG - Parsing relationship: /xl/_rels/workbook.xml.rels
12:39:32.699 [main] DEBUG - Parsing relationship: /xl/worksheets/_rels/sheet1.xml.rels
12:39:32.703 [main] DEBUG - Parsing relationship: /xl/worksheets/_rels/sheet2.xml.rels
12:39:32.705 [main] DEBUG - Parsing relationship: /_rels/.rels
12:39:59.906 [main] INFO  - Page has been focused on division page
12:40:00.193 [main] INFO  - Click on division Tab.
12:40:00.203 [main] DEBUG - Parsing relationship: /xl/_rels/workbook.xml.rels
12:40:00.207 [main] DEBUG - Parsing relationship: /xl/worksheets/_rels/sheet1.xml.rels
12:40:00.208 [main] DEBUG - Parsing relationship: /xl/worksheets/_rels/sheet2.xml.rels
12:40:00.208 [main] DEBUG - Parsing relationship: /_rels/.rels
12:40:26.552 [main] INFO  - element is present
12:40:27.033 [main] ERROR - SanityDivisionNameTests28032024124026  is entered
12:40:27.034 [main] ERROR - SanityDivisionNameTests28032024124026  is not entered
12:40:27.040 [main] INFO  - entered Diviion name
12:40:27.049 [main] DEBUG - Parsing relationship: /xl/_rels/workbook.xml.rels
12:40:27.052 [main] DEBUG - Parsing relationship: /xl/worksheets/_rels/sheet1.xml.rels
12:40:27.053 [main] DEBUG - Parsing relationship: /xl/worksheets/_rels/sheet2.xml.rels
12:40:27.054 [main] DEBUG - Parsing relationship: /_rels/.rels
12:40:28.411 [main] DEBUG - Parsing relationship: /xl/_rels/workbook.xml.rels
12:40:28.412 [main] DEBUG - Parsing relationship: /xl/worksheets/_rels/sheet1.xml.rels
12:40:28.412 [main] DEBUG - Parsing relationship: /xl/worksheets/_rels/sheet2.xml.rels
12:40:28.413 [main] DEBUG - Parsing relationship: /_rels/.rels
12:51:56.784 [main] INFO  - Goto my Merx Application-->Click on Login.
12:51:56.816 [main] INFO  - Entering email and password.. 
12:51:57.020 [main] INFO  - Entering user IDjohndoe@test.com
12:52:00.228 [main] INFO  - clicked on Sign in button...
12:52:08.478 [main] INFO  - The user has landing to the Merchandise page
12:52:18.488 [main] INFO  - Goto my Merx Application-->Click on Login.. 
12:52:18.793 [main] INFO  - Click on division Tab.
12:52:18.926 [main] DEBUG - Parsing relationship: /xl/_rels/workbook.xml.rels
12:52:18.930 [main] DEBUG - Parsing relationship: /xl/worksheets/_rels/sheet1.xml.rels
12:52:18.932 [main] DEBUG - Parsing relationship: /xl/worksheets/_rels/sheet2.xml.rels
12:52:18.934 [main] DEBUG - Parsing relationship: /_rels/.rels
12:52:19.116 [main] TRACE - Loading type system org.apache.poi.schemas.ooxml.system.ooxml
12:52:19.119 [main] TRACE - Loading type system org.apache.xmlbeans.metadata.system.sXMLCONFIG
12:52:19.120 [main] TRACE - Loading type system org.apache.xmlbeans.metadata.system.sXMLLANG
12:52:19.121 [main] TRACE - Loading type system org.apache.xmlbeans.metadata.system.sXMLSCHEMA
12:52:19.121 [main] TRACE - Loading type system org.apache.xmlbeans.metadata.system.sXMLTOOLS
12:52:19.123 [main] TRACE - Reading unresolved handles for type system org.apache.xmlbeans.metadata.system.sXMLTOOLS
12:52:19.143 [main] TRACE - Finished loading type system org.apache.xmlbeans.metadata.system.sXMLTOOLS
12:52:19.145 [main] TRACE - Reading unresolved handles for type system org.apache.xmlbeans.metadata.system.sXMLSCHEMA
12:52:19.157 [main] TRACE - Finished loading type system org.apache.xmlbeans.metadata.system.sXMLSCHEMA
12:52:19.160 [main] TRACE - Reading unresolved handles for type system org.apache.xmlbeans.metadata.system.sXMLLANG
12:52:19.161 [main] TRACE - Finished loading type system org.apache.xmlbeans.metadata.system.sXMLLANG
12:52:19.163 [main] TRACE - Reading unresolved handles for type system org.apache.xmlbeans.metadata.system.sXMLCONFIG
12:52:19.164 [main] TRACE - Finished loading type system org.apache.xmlbeans.metadata.system.sXMLCONFIG
12:52:19.165 [main] TRACE - Reading unresolved handles for type system org.apache.poi.schemas.ooxml.system.ooxml
12:52:19.240 [main] TRACE - Finished loading type system org.apache.poi.schemas.ooxml.system.ooxml
12:52:19.241 [main] TRACE - Resolving type for handle themefd26doctype
12:52:19.305 [main] TRACE - Resolving type for handle stylesheet5d8bdoctype
12:52:19.313 [main] TRACE - Resolving type for handle ctstylesheet4257type
12:52:19.321 [main] TRACE - Resolving type for handle ctfonts6623type
12:52:19.327 [main] TRACE - Resolving type for handle ctfont14d8type
12:52:19.338 [main] TRACE - Resolving type for handle ctfills2c6ftype
12:52:19.340 [main] TRACE - Resolving type for handle ctfill550ctype
12:52:19.342 [main] TRACE - Resolving type for handle ctborders0d66type
12:52:19.346 [main] TRACE - Resolving type for handle ctborderf935type
12:52:19.349 [main] TRACE - Resolving type for handle ctcellxfs1322type
12:52:19.351 [main] TRACE - Resolving type for handle ctxf97f7type
12:52:19.356 [main] TRACE - Resolving type for handle ctcellstylexfsa81ftype
12:52:19.360 [main] TRACE - Resolving type for handle ctdxfsb26atype
12:52:19.367 [main] TRACE - Resolving type for handle sstf81fdoctype
12:52:19.373 [main] TRACE - Resolving type for handle ctsst44f3type
12:52:19.385 [main] TRACE - Resolving type for handle ctrsta472type
12:52:19.408 [main] TRACE - Resolving type for handle ctdrawing2748type
12:52:19.417 [main] TRACE - Resolving type for handle workbookec17doctype
12:52:19.424 [main] TRACE - Resolving type for handle ctworkbook83c3type
12:52:19.427 [main] TRACE - Resolving type for handle ctsheets49fdtype
12:52:19.430 [main] TRACE - Resolving type for handle ctsheet4dbetype
12:52:19.433 [main] TRACE - Resolving type for handle strelationshipid1e94type
12:52:19.435 [main] TRACE - Resolving type for handle worksheetf539doctype
12:52:19.444 [main] TRACE - Resolving type for handle ctworksheet530dtype
12:52:19.451 [main] TRACE - Resolving type for handle ctsheetdata8408type
12:52:19.455 [main] TRACE - Resolving type for handle ctrowdd39type
12:52:19.460 [main] TRACE - Resolving type for handle ctcell842btype
12:52:19.467 [main] TRACE - Resolving type for handle stcellrefe4e0type
12:52:19.474 [main] TRACE - Resolving type for handle ctcols627ctype
12:52:19.480 [main] TRACE - Resolving type for handle ctcola95ftype
12:52:19.539 [main] TRACE - Resolving type for handle ctdefinednamesce48type
12:52:19.545 [main] TRACE - Resolving type for handle ctbookviewsb864type
12:52:19.548 [main] TRACE - Resolving type for handle ctbookviewf677type
12:52:19.557 [main] TRACE - Resolving type for handle stcelltypebf95type
12:52:19.564 [main] TRACE - Resolving type for handle stxstringf179type
12:52:49.189 [main] INFO  - element is present
12:52:49.642 [main] ERROR - SanityDivisionNameTests28032024125249  is entered
12:52:49.642 [main] ERROR - SanityDivisionNameTests28032024125249  is not entered
12:52:49.644 [main] INFO  - entered Diviion name
12:52:49.654 [main] DEBUG - Parsing relationship: /xl/_rels/workbook.xml.rels
12:52:49.655 [main] DEBUG - Parsing relationship: /xl/worksheets/_rels/sheet1.xml.rels
12:52:49.656 [main] DEBUG - Parsing relationship: /xl/worksheets/_rels/sheet2.xml.rels
12:52:49.657 [main] DEBUG - Parsing relationship: /_rels/.rels
12:52:51.034 [main] DEBUG - Parsing relationship: /xl/_rels/workbook.xml.rels
12:52:51.035 [main] DEBUG - Parsing relationship: /xl/worksheets/_rels/sheet1.xml.rels
12:52:51.036 [main] DEBUG - Parsing relationship: /xl/worksheets/_rels/sheet2.xml.rels
12:52:51.036 [main] DEBUG - Parsing relationship: /_rels/.rels
12:53:07.247 [main] INFO  - element is present
12:53:07.248 [main] INFO  - element exists
12:53:09.318 [main] INFO  - Click on group Tab.
12:53:09.326 [main] DEBUG - Parsing relationship: /xl/_rels/workbook.xml.rels
12:53:09.327 [main] DEBUG - Parsing relationship: /xl/worksheets/_rels/sheet1.xml.rels
12:53:09.328 [main] DEBUG - Parsing relationship: /xl/worksheets/_rels/sheet2.xml.rels
12:53:09.328 [main] DEBUG - Parsing relationship: /_rels/.rels
12:53:28.051 [main] INFO  - element is present
12:53:28.384 [main] ERROR - SanityGroupName28032024125328  is entered
12:53:28.384 [main] ERROR - SanityGroupName28032024125328  is not entered
12:53:28.386 [main] INFO  - entered Group name
12:53:28.391 [main] DEBUG - Parsing relationship: /xl/_rels/workbook.xml.rels
12:53:28.392 [main] DEBUG - Parsing relationship: /xl/worksheets/_rels/sheet1.xml.rels
12:53:28.392 [main] DEBUG - Parsing relationship: /xl/worksheets/_rels/sheet2.xml.rels
12:53:28.393 [main] DEBUG - Parsing relationship: /_rels/.rels
12:53:33.721 [main] DEBUG - Parsing relationship: /xl/_rels/workbook.xml.rels
12:53:33.722 [main] DEBUG - Parsing relationship: /xl/worksheets/_rels/sheet1.xml.rels
12:53:33.723 [main] DEBUG - Parsing relationship: /xl/worksheets/_rels/sheet2.xml.rels
12:53:33.725 [main] DEBUG - Parsing relationship: /_rels/.rels
13:01:42.141 [main] INFO  - Goto my Merx Application-->Click on Login.
13:01:42.210 [main] INFO  - Entering email and password.. 
13:01:42.499 [main] INFO  - Entering user IDjohndoe@test.com
13:01:45.777 [main] INFO  - clicked on Sign in button...
13:01:48.957 [main] INFO  - The user has landing to the Merchandise page
13:01:58.970 [main] INFO  - Goto my Merx Application-->Click on Login.. 
13:01:59.209 [main] DEBUG - Parsing relationship: /xl/_rels/workbook.xml.rels
13:01:59.214 [main] DEBUG - Parsing relationship: /xl/worksheets/_rels/sheet1.xml.rels
13:01:59.215 [main] DEBUG - Parsing relationship: /xl/worksheets/_rels/sheet2.xml.rels
13:01:59.217 [main] DEBUG - Parsing relationship: /_rels/.rels
13:01:59.461 [main] TRACE - Loading type system org.apache.poi.schemas.ooxml.system.ooxml
13:01:59.470 [main] TRACE - Loading type system org.apache.xmlbeans.metadata.system.sXMLCONFIG
13:01:59.472 [main] TRACE - Loading type system org.apache.xmlbeans.metadata.system.sXMLLANG
13:01:59.473 [main] TRACE - Loading type system org.apache.xmlbeans.metadata.system.sXMLSCHEMA
13:01:59.474 [main] TRACE - Loading type system org.apache.xmlbeans.metadata.system.sXMLTOOLS
13:01:59.479 [main] TRACE - Reading unresolved handles for type system org.apache.xmlbeans.metadata.system.sXMLTOOLS
13:01:59.508 [main] TRACE - Finished loading type system org.apache.xmlbeans.metadata.system.sXMLTOOLS
13:01:59.510 [main] TRACE - Reading unresolved handles for type system org.apache.xmlbeans.metadata.system.sXMLSCHEMA
13:01:59.517 [main] TRACE - Finished loading type system org.apache.xmlbeans.metadata.system.sXMLSCHEMA
13:01:59.520 [main] TRACE - Reading unresolved handles for type system org.apache.xmlbeans.metadata.system.sXMLLANG
13:01:59.522 [main] TRACE - Finished loading type system org.apache.xmlbeans.metadata.system.sXMLLANG
13:01:59.525 [main] TRACE - Reading unresolved handles for type system org.apache.xmlbeans.metadata.system.sXMLCONFIG
13:01:59.527 [main] TRACE - Finished loading type system org.apache.xmlbeans.metadata.system.sXMLCONFIG
13:01:59.529 [main] TRACE - Reading unresolved handles for type system org.apache.poi.schemas.ooxml.system.ooxml
13:01:59.604 [main] TRACE - Finished loading type system org.apache.poi.schemas.ooxml.system.ooxml
13:01:59.604 [main] TRACE - Resolving type for handle themefd26doctype
13:01:59.686 [main] TRACE - Resolving type for handle stylesheet5d8bdoctype
13:01:59.694 [main] TRACE - Resolving type for handle ctstylesheet4257type
13:01:59.700 [main] TRACE - Resolving type for handle ctfonts6623type
13:01:59.705 [main] TRACE - Resolving type for handle ctfont14d8type
13:01:59.712 [main] TRACE - Resolving type for handle ctfills2c6ftype
13:01:59.715 [main] TRACE - Resolving type for handle ctfill550ctype
13:01:59.717 [main] TRACE - Resolving type for handle ctborders0d66type
13:01:59.721 [main] TRACE - Resolving type for handle ctborderf935type
13:01:59.725 [main] TRACE - Resolving type for handle ctcellxfs1322type
13:01:59.728 [main] TRACE - Resolving type for handle ctxf97f7type
13:01:59.731 [main] TRACE - Resolving type for handle ctcellstylexfsa81ftype
13:01:59.735 [main] TRACE - Resolving type for handle ctdxfsb26atype
13:01:59.739 [main] TRACE - Resolving type for handle sstf81fdoctype
13:01:59.744 [main] TRACE - Resolving type for handle ctsst44f3type
13:01:59.755 [main] TRACE - Resolving type for handle ctrsta472type
13:01:59.784 [main] TRACE - Resolving type for handle ctdrawing2748type
13:01:59.794 [main] TRACE - Resolving type for handle workbookec17doctype
13:01:59.800 [main] TRACE - Resolving type for handle ctworkbook83c3type
13:01:59.806 [main] TRACE - Resolving type for handle ctsheets49fdtype
13:01:59.810 [main] TRACE - Resolving type for handle ctsheet4dbetype
13:01:59.814 [main] TRACE - Resolving type for handle strelationshipid1e94type
13:01:59.819 [main] TRACE - Resolving type for handle worksheetf539doctype
13:01:59.827 [main] TRACE - Resolving type for handle ctworksheet530dtype
13:01:59.834 [main] TRACE - Resolving type for handle ctsheetdata8408type
13:01:59.838 [main] TRACE - Resolving type for handle ctrowdd39type
13:01:59.842 [main] TRACE - Resolving type for handle ctcell842btype
13:01:59.850 [main] TRACE - Resolving type for handle stcellrefe4e0type
13:01:59.860 [main] TRACE - Resolving type for handle ctcols627ctype
13:01:59.864 [main] TRACE - Resolving type for handle ctcola95ftype
13:01:59.925 [main] TRACE - Resolving type for handle ctdefinednamesce48type
13:01:59.930 [main] TRACE - Resolving type for handle ctbookviewsb864type
13:01:59.932 [main] TRACE - Resolving type for handle ctbookviewf677type
13:01:59.939 [main] TRACE - Resolving type for handle stcelltypebf95type
13:01:59.943 [main] TRACE - Resolving type for handle stxstringf179type
13:13:08.374 [main] INFO  - Goto my Merx Application-->Click on Login.
13:13:08.406 [main] INFO  - Entering email and password.. 
13:13:08.680 [main] INFO  - Entering user IDjohndoe@test.com
13:13:11.923 [main] INFO  - clicked on Sign in button...
13:13:16.377 [main] INFO  - The user has landing to the Merchandise page
13:13:26.883 [main] DEBUG - Parsing relationship: /xl/_rels/workbook.xml.rels
13:13:26.887 [main] DEBUG - Parsing relationship: /xl/worksheets/_rels/sheet1.xml.rels
13:13:26.888 [main] DEBUG - Parsing relationship: /xl/worksheets/_rels/sheet2.xml.rels
13:13:26.889 [main] DEBUG - Parsing relationship: /_rels/.rels
13:13:27.093 [main] TRACE - Loading type system org.apache.poi.schemas.ooxml.system.ooxml
13:13:27.097 [main] TRACE - Loading type system org.apache.xmlbeans.metadata.system.sXMLCONFIG
13:13:27.098 [main] TRACE - Loading type system org.apache.xmlbeans.metadata.system.sXMLLANG
13:13:27.099 [main] TRACE - Loading type system org.apache.xmlbeans.metadata.system.sXMLSCHEMA
13:13:27.100 [main] TRACE - Loading type system org.apache.xmlbeans.metadata.system.sXMLTOOLS
13:13:27.101 [main] TRACE - Reading unresolved handles for type system org.apache.xmlbeans.metadata.system.sXMLTOOLS
13:13:27.117 [main] TRACE - Finished loading type system org.apache.xmlbeans.metadata.system.sXMLTOOLS
13:13:27.119 [main] TRACE - Reading unresolved handles for type system org.apache.xmlbeans.metadata.system.sXMLSCHEMA
13:13:27.126 [main] TRACE - Finished loading type system org.apache.xmlbeans.metadata.system.sXMLSCHEMA
13:13:27.127 [main] TRACE - Reading unresolved handles for type system org.apache.xmlbeans.metadata.system.sXMLLANG
13:13:27.128 [main] TRACE - Finished loading type system org.apache.xmlbeans.metadata.system.sXMLLANG
13:13:27.130 [main] TRACE - Reading unresolved handles for type system org.apache.xmlbeans.metadata.system.sXMLCONFIG
13:13:27.130 [main] TRACE - Finished loading type system org.apache.xmlbeans.metadata.system.sXMLCONFIG
13:13:27.131 [main] TRACE - Reading unresolved handles for type system org.apache.poi.schemas.ooxml.system.ooxml
13:13:27.206 [main] TRACE - Finished loading type system org.apache.poi.schemas.ooxml.system.ooxml
13:13:27.207 [main] TRACE - Resolving type for handle themefd26doctype
13:13:27.274 [main] TRACE - Resolving type for handle stylesheet5d8bdoctype
13:13:27.280 [main] TRACE - Resolving type for handle ctstylesheet4257type
13:13:27.284 [main] TRACE - Resolving type for handle ctfonts6623type
13:13:27.287 [main] TRACE - Resolving type for handle ctfont14d8type
13:13:27.293 [main] TRACE - Resolving type for handle ctfills2c6ftype
13:13:27.296 [main] TRACE - Resolving type for handle ctfill550ctype
13:13:27.298 [main] TRACE - Resolving type for handle ctborders0d66type
13:13:27.301 [main] TRACE - Resolving type for handle ctborderf935type
13:13:27.304 [main] TRACE - Resolving type for handle ctcellxfs1322type
13:13:27.308 [main] TRACE - Resolving type for handle ctxf97f7type
13:13:27.312 [main] TRACE - Resolving type for handle ctcellstylexfsa81ftype
13:13:27.315 [main] TRACE - Resolving type for handle ctdxfsb26atype
13:13:27.319 [main] TRACE - Resolving type for handle sstf81fdoctype
13:13:27.324 [main] TRACE - Resolving type for handle ctsst44f3type
13:13:27.338 [main] TRACE - Resolving type for handle ctrsta472type
13:13:27.362 [main] TRACE - Resolving type for handle ctdrawing2748type
13:13:27.374 [main] TRACE - Resolving type for handle workbookec17doctype
13:13:27.381 [main] TRACE - Resolving type for handle ctworkbook83c3type
13:13:27.389 [main] TRACE - Resolving type for handle ctsheets49fdtype
13:13:27.395 [main] TRACE - Resolving type for handle ctsheet4dbetype
13:13:27.397 [main] TRACE - Resolving type for handle strelationshipid1e94type
13:13:27.399 [main] TRACE - Resolving type for handle worksheetf539doctype
13:13:27.405 [main] TRACE - Resolving type for handle ctworksheet530dtype
13:13:27.411 [main] TRACE - Resolving type for handle ctsheetdata8408type
13:13:27.414 [main] TRACE - Resolving type for handle ctrowdd39type
13:13:27.418 [main] TRACE - Resolving type for handle ctcell842btype
13:13:27.425 [main] TRACE - Resolving type for handle stcellrefe4e0type
13:13:27.434 [main] TRACE - Resolving type for handle ctcols627ctype
13:13:27.443 [main] TRACE - Resolving type for handle ctcola95ftype
13:13:27.521 [main] TRACE - Resolving type for handle ctdefinednamesce48type
13:13:27.525 [main] TRACE - Resolving type for handle ctbookviewsb864type
13:13:27.529 [main] TRACE - Resolving type for handle ctbookviewf677type
13:13:27.537 [main] TRACE - Resolving type for handle stcelltypebf95type
13:13:27.541 [main] TRACE - Resolving type for handle stxstringf179type
13:18:30.676 [main] INFO  - Goto my Merx Application-->Click on Login.
13:18:30.712 [main] INFO  - Entering email and password.. 
13:18:30.933 [main] INFO  - Entering user IDjohndoe@test.com
13:18:34.137 [main] INFO  - clicked on Sign in button...
13:18:38.558 [main] INFO  - The user has landing to the Merchandise page
13:18:49.098 [main] DEBUG - Parsing relationship: /xl/_rels/workbook.xml.rels
13:18:49.103 [main] DEBUG - Parsing relationship: /xl/worksheets/_rels/sheet1.xml.rels
13:18:49.105 [main] DEBUG - Parsing relationship: /xl/worksheets/_rels/sheet2.xml.rels
13:18:49.105 [main] DEBUG - Parsing relationship: /_rels/.rels
13:18:49.332 [main] TRACE - Loading type system org.apache.poi.schemas.ooxml.system.ooxml
13:18:49.336 [main] TRACE - Loading type system org.apache.xmlbeans.metadata.system.sXMLCONFIG
13:18:49.337 [main] TRACE - Loading type system org.apache.xmlbeans.metadata.system.sXMLLANG
13:18:49.338 [main] TRACE - Loading type system org.apache.xmlbeans.metadata.system.sXMLSCHEMA
13:18:49.338 [main] TRACE - Loading type system org.apache.xmlbeans.metadata.system.sXMLTOOLS
13:18:49.340 [main] TRACE - Reading unresolved handles for type system org.apache.xmlbeans.metadata.system.sXMLTOOLS
13:18:49.355 [main] TRACE - Finished loading type system org.apache.xmlbeans.metadata.system.sXMLTOOLS
13:18:49.357 [main] TRACE - Reading unresolved handles for type system org.apache.xmlbeans.metadata.system.sXMLSCHEMA
13:18:49.362 [main] TRACE - Finished loading type system org.apache.xmlbeans.metadata.system.sXMLSCHEMA
13:18:49.364 [main] TRACE - Reading unresolved handles for type system org.apache.xmlbeans.metadata.system.sXMLLANG
13:18:49.364 [main] TRACE - Finished loading type system org.apache.xmlbeans.metadata.system.sXMLLANG
13:18:49.365 [main] TRACE - Reading unresolved handles for type system org.apache.xmlbeans.metadata.system.sXMLCONFIG
13:18:49.366 [main] TRACE - Finished loading type system org.apache.xmlbeans.metadata.system.sXMLCONFIG
13:18:49.368 [main] TRACE - Reading unresolved handles for type system org.apache.poi.schemas.ooxml.system.ooxml
13:18:49.413 [main] TRACE - Finished loading type system org.apache.poi.schemas.ooxml.system.ooxml
13:18:49.414 [main] TRACE - Resolving type for handle themefd26doctype
13:18:49.481 [main] TRACE - Resolving type for handle stylesheet5d8bdoctype
13:18:49.488 [main] TRACE - Resolving type for handle ctstylesheet4257type
13:18:49.494 [main] TRACE - Resolving type for handle ctfonts6623type
13:18:49.497 [main] TRACE - Resolving type for handle ctfont14d8type
13:18:49.506 [main] TRACE - Resolving type for handle ctfills2c6ftype
13:18:49.508 [main] TRACE - Resolving type for handle ctfill550ctype
13:18:49.511 [main] TRACE - Resolving type for handle ctborders0d66type
13:18:49.514 [main] TRACE - Resolving type for handle ctborderf935type
13:18:49.519 [main] TRACE - Resolving type for handle ctcellxfs1322type
13:18:49.523 [main] TRACE - Resolving type for handle ctxf97f7type
13:18:49.527 [main] TRACE - Resolving type for handle ctcellstylexfsa81ftype
13:18:49.534 [main] TRACE - Resolving type for handle ctdxfsb26atype
13:18:49.539 [main] TRACE - Resolving type for handle sstf81fdoctype
13:18:49.543 [main] TRACE - Resolving type for handle ctsst44f3type
13:18:49.556 [main] TRACE - Resolving type for handle ctrsta472type
13:18:49.591 [main] TRACE - Resolving type for handle ctdrawing2748type
13:18:49.604 [main] TRACE - Resolving type for handle workbookec17doctype
13:18:49.609 [main] TRACE - Resolving type for handle ctworkbook83c3type
13:18:49.621 [main] TRACE - Resolving type for handle ctsheets49fdtype
13:18:49.625 [main] TRACE - Resolving type for handle ctsheet4dbetype
13:18:49.628 [main] TRACE - Resolving type for handle strelationshipid1e94type
13:18:49.633 [main] TRACE - Resolving type for handle worksheetf539doctype
13:18:49.642 [main] TRACE - Resolving type for handle ctworksheet530dtype
13:18:49.655 [main] TRACE - Resolving type for handle ctsheetdata8408type
13:18:49.657 [main] TRACE - Resolving type for handle ctrowdd39type
13:18:49.663 [main] TRACE - Resolving type for handle ctcell842btype
13:18:49.671 [main] TRACE - Resolving type for handle stcellrefe4e0type
13:18:49.684 [main] TRACE - Resolving type for handle ctcols627ctype
13:18:49.691 [main] TRACE - Resolving type for handle ctcola95ftype
13:18:49.765 [main] TRACE - Resolving type for handle ctdefinednamesce48type
13:18:49.771 [main] TRACE - Resolving type for handle ctbookviewsb864type
13:18:49.774 [main] TRACE - Resolving type for handle ctbookviewf677type
13:18:49.783 [main] TRACE - Resolving type for handle stcelltypebf95type
13:18:49.788 [main] TRACE - Resolving type for handle stxstringf179type
13:30:43.774 [main] INFO  - Goto my Merx Application-->Click on Login.
13:30:43.801 [main] INFO  - Entering email and password.. 
13:30:43.996 [main] INFO  - Entering user IDjohndoe@test.com
13:30:47.218 [main] INFO  - clicked on Sign in button...
13:30:54.927 [main] INFO  - The user has landing to the Merchandise page
13:31:05.473 [main] DEBUG - Parsing relationship: /xl/_rels/workbook.xml.rels
13:31:05.476 [main] DEBUG - Parsing relationship: /xl/worksheets/_rels/sheet1.xml.rels
13:31:05.478 [main] DEBUG - Parsing relationship: /xl/worksheets/_rels/sheet2.xml.rels
13:31:05.480 [main] DEBUG - Parsing relationship: /_rels/.rels
13:31:05.665 [main] TRACE - Loading type system org.apache.poi.schemas.ooxml.system.ooxml
13:31:05.669 [main] TRACE - Loading type system org.apache.xmlbeans.metadata.system.sXMLCONFIG
13:31:05.670 [main] TRACE - Loading type system org.apache.xmlbeans.metadata.system.sXMLLANG
13:31:05.670 [main] TRACE - Loading type system org.apache.xmlbeans.metadata.system.sXMLSCHEMA
13:31:05.671 [main] TRACE - Loading type system org.apache.xmlbeans.metadata.system.sXMLTOOLS
13:31:05.673 [main] TRACE - Reading unresolved handles for type system org.apache.xmlbeans.metadata.system.sXMLTOOLS
13:31:05.688 [main] TRACE - Finished loading type system org.apache.xmlbeans.metadata.system.sXMLTOOLS
13:31:05.690 [main] TRACE - Reading unresolved handles for type system org.apache.xmlbeans.metadata.system.sXMLSCHEMA
13:31:05.696 [main] TRACE - Finished loading type system org.apache.xmlbeans.metadata.system.sXMLSCHEMA
13:31:05.698 [main] TRACE - Reading unresolved handles for type system org.apache.xmlbeans.metadata.system.sXMLLANG
13:31:05.699 [main] TRACE - Finished loading type system org.apache.xmlbeans.metadata.system.sXMLLANG
13:31:05.699 [main] TRACE - Reading unresolved handles for type system org.apache.xmlbeans.metadata.system.sXMLCONFIG
13:31:05.699 [main] TRACE - Finished loading type system org.apache.xmlbeans.metadata.system.sXMLCONFIG
13:31:05.700 [main] TRACE - Reading unresolved handles for type system org.apache.poi.schemas.ooxml.system.ooxml
13:31:05.760 [main] TRACE - Finished loading type system org.apache.poi.schemas.ooxml.system.ooxml
13:31:05.761 [main] TRACE - Resolving type for handle themefd26doctype
13:31:05.831 [main] TRACE - Resolving type for handle stylesheet5d8bdoctype
13:31:05.842 [main] TRACE - Resolving type for handle ctstylesheet4257type
13:31:05.850 [main] TRACE - Resolving type for handle ctfonts6623type
13:31:05.855 [main] TRACE - Resolving type for handle ctfont14d8type
13:31:05.866 [main] TRACE - Resolving type for handle ctfills2c6ftype
13:31:05.870 [main] TRACE - Resolving type for handle ctfill550ctype
13:31:05.872 [main] TRACE - Resolving type for handle ctborders0d66type
13:31:05.875 [main] TRACE - Resolving type for handle ctborderf935type
13:31:05.879 [main] TRACE - Resolving type for handle ctcellxfs1322type
13:31:05.884 [main] TRACE - Resolving type for handle ctxf97f7type
13:31:05.889 [main] TRACE - Resolving type for handle ctcellstylexfsa81ftype
13:31:05.891 [main] TRACE - Resolving type for handle ctdxfsb26atype
13:31:05.894 [main] TRACE - Resolving type for handle sstf81fdoctype
13:31:05.901 [main] TRACE - Resolving type for handle ctsst44f3type
13:31:05.912 [main] TRACE - Resolving type for handle ctrsta472type
13:31:05.944 [main] TRACE - Resolving type for handle ctdrawing2748type
13:31:05.955 [main] TRACE - Resolving type for handle workbookec17doctype
13:31:05.961 [main] TRACE - Resolving type for handle ctworkbook83c3type
13:31:05.969 [main] TRACE - Resolving type for handle ctsheets49fdtype
13:31:05.972 [main] TRACE - Resolving type for handle ctsheet4dbetype
13:31:05.973 [main] TRACE - Resolving type for handle strelationshipid1e94type
13:31:05.975 [main] TRACE - Resolving type for handle worksheetf539doctype
13:31:05.979 [main] TRACE - Resolving type for handle ctworksheet530dtype
13:31:05.990 [main] TRACE - Resolving type for handle ctsheetdata8408type
13:31:05.994 [main] TRACE - Resolving type for handle ctrowdd39type
13:31:05.998 [main] TRACE - Resolving type for handle ctcell842btype
13:31:06.004 [main] TRACE - Resolving type for handle stcellrefe4e0type
13:31:06.018 [main] TRACE - Resolving type for handle ctcols627ctype
13:31:06.023 [main] TRACE - Resolving type for handle ctcola95ftype
13:31:06.131 [main] TRACE - Resolving type for handle ctdefinednamesce48type
13:31:06.139 [main] TRACE - Resolving type for handle ctbookviewsb864type
13:31:06.142 [main] TRACE - Resolving type for handle ctbookviewf677type
13:31:06.148 [main] TRACE - Resolving type for handle stcelltypebf95type
13:31:06.152 [main] TRACE - Resolving type for handle stxstringf179type
13:31:09.718 [main] INFO  - element is present
13:41:32.536 [main] INFO  - Goto my Merx Application-->Click on Login.
13:41:32.569 [main] INFO  - Entering email and password.. 
13:41:32.826 [main] INFO  - Entering user IDjohndoe@test.com
13:41:36.042 [main] INFO  - clicked on Sign in button...
13:41:40.711 [main] INFO  - The user has landing to the Merchandise page
13:41:51.253 [main] DEBUG - Parsing relationship: /xl/_rels/workbook.xml.rels
13:41:51.258 [main] DEBUG - Parsing relationship: /xl/worksheets/_rels/sheet1.xml.rels
13:41:51.260 [main] DEBUG - Parsing relationship: /xl/worksheets/_rels/sheet2.xml.rels
13:41:51.262 [main] DEBUG - Parsing relationship: /_rels/.rels
13:41:51.487 [main] TRACE - Loading type system org.apache.poi.schemas.ooxml.system.ooxml
13:41:51.492 [main] TRACE - Loading type system org.apache.xmlbeans.metadata.system.sXMLCONFIG
13:41:51.493 [main] TRACE - Loading type system org.apache.xmlbeans.metadata.system.sXMLLANG
13:41:51.494 [main] TRACE - Loading type system org.apache.xmlbeans.metadata.system.sXMLSCHEMA
13:41:51.494 [main] TRACE - Loading type system org.apache.xmlbeans.metadata.system.sXMLTOOLS
13:41:51.496 [main] TRACE - Reading unresolved handles for type system org.apache.xmlbeans.metadata.system.sXMLTOOLS
13:41:51.528 [main] TRACE - Finished loading type system org.apache.xmlbeans.metadata.system.sXMLTOOLS
13:41:51.530 [main] TRACE - Reading unresolved handles for type system org.apache.xmlbeans.metadata.system.sXMLSCHEMA
13:41:51.535 [main] TRACE - Finished loading type system org.apache.xmlbeans.metadata.system.sXMLSCHEMA
13:41:51.537 [main] TRACE - Reading unresolved handles for type system org.apache.xmlbeans.metadata.system.sXMLLANG
13:41:51.538 [main] TRACE - Finished loading type system org.apache.xmlbeans.metadata.system.sXMLLANG
13:41:51.541 [main] TRACE - Reading unresolved handles for type system org.apache.xmlbeans.metadata.system.sXMLCONFIG
13:41:51.542 [main] TRACE - Finished loading type system org.apache.xmlbeans.metadata.system.sXMLCONFIG
13:41:51.544 [main] TRACE - Reading unresolved handles for type system org.apache.poi.schemas.ooxml.system.ooxml
13:41:51.611 [main] TRACE - Finished loading type system org.apache.poi.schemas.ooxml.system.ooxml
13:41:51.611 [main] TRACE - Resolving type for handle themefd26doctype
13:41:51.677 [main] TRACE - Resolving type for handle stylesheet5d8bdoctype
13:41:51.684 [main] TRACE - Resolving type for handle ctstylesheet4257type
13:41:51.690 [main] TRACE - Resolving type for handle ctfonts6623type
13:41:51.693 [main] TRACE - Resolving type for handle ctfont14d8type
13:41:51.700 [main] TRACE - Resolving type for handle ctfills2c6ftype
13:41:51.702 [main] TRACE - Resolving type for handle ctfill550ctype
13:41:51.706 [main] TRACE - Resolving type for handle ctborders0d66type
13:41:51.709 [main] TRACE - Resolving type for handle ctborderf935type
13:41:51.713 [main] TRACE - Resolving type for handle ctcellxfs1322type
13:41:51.718 [main] TRACE - Resolving type for handle ctxf97f7type
13:41:51.722 [main] TRACE - Resolving type for handle ctcellstylexfsa81ftype
13:41:51.724 [main] TRACE - Resolving type for handle ctdxfsb26atype
13:41:51.728 [main] TRACE - Resolving type for handle sstf81fdoctype
13:41:51.734 [main] TRACE - Resolving type for handle ctsst44f3type
13:41:51.744 [main] TRACE - Resolving type for handle ctrsta472type
13:41:51.767 [main] TRACE - Resolving type for handle ctdrawing2748type
13:41:51.775 [main] TRACE - Resolving type for handle workbookec17doctype
13:41:51.781 [main] TRACE - Resolving type for handle ctworkbook83c3type
13:41:51.787 [main] TRACE - Resolving type for handle ctsheets49fdtype
13:41:51.791 [main] TRACE - Resolving type for handle ctsheet4dbetype
13:41:51.794 [main] TRACE - Resolving type for handle strelationshipid1e94type
13:41:51.797 [main] TRACE - Resolving type for handle worksheetf539doctype
13:41:51.806 [main] TRACE - Resolving type for handle ctworksheet530dtype
13:41:51.816 [main] TRACE - Resolving type for handle ctsheetdata8408type
13:41:51.818 [main] TRACE - Resolving type for handle ctrowdd39type
13:41:51.822 [main] TRACE - Resolving type for handle ctcell842btype
13:41:51.828 [main] TRACE - Resolving type for handle stcellrefe4e0type
13:41:51.836 [main] TRACE - Resolving type for handle ctcols627ctype
13:41:51.840 [main] TRACE - Resolving type for handle ctcola95ftype
13:41:51.903 [main] TRACE - Resolving type for handle ctdefinednamesce48type
13:41:51.911 [main] TRACE - Resolving type for handle ctbookviewsb864type
13:41:51.913 [main] TRACE - Resolving type for handle ctbookviewf677type
13:41:51.920 [main] TRACE - Resolving type for handle stcelltypebf95type
13:41:51.923 [main] TRACE - Resolving type for handle stxstringf179type
13:42:28.495 [main] INFO  - element is present
13:42:28.824 [main] ERROR - SanityDepartment28032024134213  is entered
13:42:28.825 [main] ERROR - SanityDepartment28032024134213  is not entered
13:42:28.827 [main] INFO  - entered department name
13:42:28.832 [main] DEBUG - Parsing relationship: /xl/_rels/workbook.xml.rels
13:42:28.833 [main] DEBUG - Parsing relationship: /xl/worksheets/_rels/sheet1.xml.rels
13:42:28.834 [main] DEBUG - Parsing relationship: /xl/worksheets/_rels/sheet2.xml.rels
13:42:28.834 [main] DEBUG - Parsing relationship: /_rels/.rels
13:43:37.289 [main] DEBUG - Parsing relationship: /xl/_rels/workbook.xml.rels
13:43:37.290 [main] DEBUG - Parsing relationship: /xl/worksheets/_rels/sheet1.xml.rels
13:43:37.291 [main] DEBUG - Parsing relationship: /xl/worksheets/_rels/sheet2.xml.rels
13:43:37.291 [main] DEBUG - Parsing relationship: /_rels/.rels
13:44:01.750 [main] INFO  - element is present
13:44:01.750 [main] INFO  - element exists
13:44:01.756 [main] DEBUG - Parsing relationship: /xl/_rels/workbook.xml.rels
