13:12:44.963 [TestNG-PoolService-0] INFO  - Goto my Merx Application-->Click on Login.
13:12:44.974 [TestNG-PoolService-0] INFO  - Entering email and password.. 
13:12:45.086 [TestNG-PoolService-0] INFO  - Entering user IDTester
13:12:47.897 [TestNG-PoolService-0] INFO  - clicked on Sign in button...
13:16:46.278 [TestNG-PoolService-0] INFO  - Goto my Merx Application-->Click on Login.
13:16:46.291 [TestNG-PoolService-0] INFO  - Entering email and password.. 
13:16:46.402 [TestNG-PoolService-0] INFO  - Entering user IDTester
13:16:48.658 [TestNG-PoolService-0] INFO  - clicked on Sign in button...
13:22:26.596 [TestNG-PoolService-0] INFO  - Goto my Merx Application-->Click on Login.
13:22:26.605 [TestNG-PoolService-0] INFO  - Entering email and password.. 
13:22:26.726 [TestNG-PoolService-0] INFO  - Entering user IDTester
13:22:29.094 [TestNG-PoolService-0] INFO  - clicked on Sign in button...
13:55:07.411 [TestNG-PoolService-0] INFO  - Goto my Merx Application-->Click on Login.
13:55:07.420 [TestNG-PoolService-0] INFO  - Entering email and password.. 
13:55:07.533 [TestNG-PoolService-0] INFO  - Entering user IDTester
13:55:10.361 [TestNG-PoolService-0] INFO  - clicked on Sign in button...
13:57:14.584 [TestNG-PoolService-0] INFO  - Goto my Merx Application-->Click on Login.
13:57:14.595 [TestNG-PoolService-0] INFO  - Entering email and password.. 
13:57:14.744 [TestNG-PoolService-0] INFO  - Entering user IDTester
13:57:17.016 [TestNG-PoolService-0] INFO  - clicked on Sign in button...
13:58:35.052 [TestNG-PoolService-0] INFO  - Goto my Merx Application-->Click on Login.
13:58:35.077 [TestNG-PoolService-0] INFO  - Entering email and password.. 
13:58:35.177 [TestNG-PoolService-0] INFO  - Entering user IDTester
13:58:37.491 [TestNG-PoolService-0] INFO  - clicked on Sign in button...
14:02:46.596 [TestNG-PoolService-0] INFO  - Goto my Merx Application-->Click on Login.
14:02:46.609 [TestNG-PoolService-0] INFO  - Entering email and password.. 
14:02:46.731 [TestNG-PoolService-0] INFO  - Entering user IDTester
14:02:51.792 [TestNG-PoolService-0] INFO  - clicked on Sign in button...
14:11:40.308 [TestNG-PoolService-0] INFO  - Goto my Merx Application-->Click on Login.
14:11:40.324 [TestNG-PoolService-0] INFO  - Entering email and password.. 
14:11:40.449 [TestNG-PoolService-0] INFO  - Entering user IDTester
14:11:43.359 [TestNG-PoolService-0] INFO  - clicked on Sign in button...
14:12:03.426 [TestNG-PoolService-0] INFO  - The user has landing to the Order Page
14:13:40.506 [TestNG-PoolService-0] INFO  - Goto my Merx Application-->Click on Login.
14:13:40.523 [TestNG-PoolService-0] INFO  - Entering email and password.. 
14:13:40.630 [TestNG-PoolService-0] INFO  - Entering user IDTester
14:13:42.952 [TestNG-PoolService-0] INFO  - clicked on Sign in button...
14:15:03.212 [TestNG-PoolService-0] INFO  - The user has landing to the Order Page
14:20:48.347 [TestNG-PoolService-0] INFO  - Goto my Merx Application-->Click on Login.
14:20:48.362 [TestNG-PoolService-0] INFO  - Entering email and password.. 
14:20:48.504 [TestNG-PoolService-0] INFO  - Entering user IDTester
14:20:50.930 [TestNG-PoolService-0] INFO  - clicked on Sign in button...
14:30:36.466 [TestNG-PoolService-0] INFO  - Goto my Merx Application-->Click on Login.
14:30:36.477 [TestNG-PoolService-0] INFO  - Entering email and password.. 
14:30:36.652 [TestNG-PoolService-0] INFO  - Entering user IDTester
14:30:39.173 [TestNG-PoolService-0] INFO  - clicked on Sign in button...
14:33:54.130 [TestNG-PoolService-0] INFO  - Goto my Merx Application-->Click on Login.
14:33:54.161 [TestNG-PoolService-0] INFO  - Entering email and password.. 
14:33:54.315 [TestNG-PoolService-0] INFO  - Entering user IDTester
14:33:56.723 [TestNG-PoolService-0] INFO  - clicked on Sign in button...
14:42:34.060 [TestNG-PoolService-0] INFO  - Goto my Merx Application-->Click on Login.
14:42:34.076 [TestNG-PoolService-0] INFO  - Entering email and password.. 
14:42:34.224 [TestNG-PoolService-0] INFO  - Entering user IDTester
14:42:36.989 [TestNG-PoolService-0] INFO  - clicked on Sign in button...
14:53:26.530 [TestNG-PoolService-0] INFO  - Goto my Merx Application-->Click on Login.
14:53:26.546 [TestNG-PoolService-0] INFO  - Entering email and password.. 
14:53:26.709 [TestNG-PoolService-0] INFO  - Entering user IDTester
14:53:30.198 [TestNG-PoolService-0] INFO  - clicked on Sign in button...
14:55:03.161 [TestNG-PoolService-1] INFO  - Goto my Merx Application-->Click on Login.
14:55:03.173 [TestNG-PoolService-1] INFO  - Entering email and password.. 
14:55:03.314 [TestNG-PoolService-1] INFO  - Entering user IDTester
14:55:08.061 [TestNG-PoolService-1] INFO  - clicked on Sign in button...
15:15:50.441 [TestNG-PoolService-1] INFO  - Goto my Merx Application-->Click on Login.
15:15:50.455 [TestNG-PoolService-1] INFO  - Entering email and password.. 
15:15:50.626 [TestNG-PoolService-1] INFO  - Entering user IDTester
15:15:55.783 [TestNG-PoolService-1] INFO  - clicked on Sign in button...
15:28:10.124 [TestNG-PoolService-1] INFO  - Goto my Merx Application-->Click on Login.
15:28:10.139 [TestNG-PoolService-1] INFO  - Entering email and password.. 
15:28:10.310 [TestNG-PoolService-1] INFO  - Entering user IDTester
15:28:12.586 [TestNG-PoolService-1] INFO  - clicked on Sign in button...
15:33:41.369 [TestNG-PoolService-1] INFO  - Goto my Merx Application-->Click on Login.
15:33:41.376 [TestNG-PoolService-1] INFO  - Entering email and password.. 
15:33:41.495 [TestNG-PoolService-1] INFO  - Entering user IDTester
15:33:43.876 [TestNG-PoolService-1] INFO  - clicked on Sign in button...
13:54:27.374 [TestNG-PoolService-1] INFO  - Goto my Merx Application-->Click on Login.
13:54:27.388 [TestNG-PoolService-1] INFO  - Entering email and password.. 
13:54:27.551 [TestNG-PoolService-1] INFO  - Entering user IDTester
13:54:30.093 [TestNG-PoolService-1] INFO  - clicked on Sign in button...
15:20:34.612 [TestNG-PoolService-0] INFO  - Goto my Merx Application-->Click on Login.
15:20:34.622 [TestNG-PoolService-0] INFO  - Entering email and password.. 
15:21:23.980 [TestNG-PoolService-1] INFO  - Goto my Merx Application-->Click on Login.
15:21:23.994 [TestNG-PoolService-1] INFO  - Entering email and password.. 
15:21:24.143 [TestNG-PoolService-1] INFO  - Entering user IDTester
15:21:27.929 [TestNG-PoolService-1] INFO  - clicked on Sign in button...
17:30:10.398 [TestNG-PoolService-0] INFO  - Goto my Merx Application-->Click on Login.
17:30:10.412 [TestNG-PoolService-0] INFO  - Entering email and password.. 
17:30:10.553 [TestNG-PoolService-0] INFO  - Entering user IDTester
17:30:13.086 [TestNG-PoolService-0] INFO  - clicked on Sign in button...
13:39:58.079 [TestNG-PoolService-0] INFO  - Goto my Merx Application-->Click on Login.
13:39:58.094 [TestNG-PoolService-0] INFO  - Entering email and password.. 
13:39:58.237 [TestNG-PoolService-0] INFO  - Entering user IDTester
13:40:01.347 [TestNG-PoolService-0] INFO  - clicked on Sign in button...
13:45:18.526 [TestNG-PoolService-0] INFO  - Goto my Merx Application-->Click on Login.
13:45:18.535 [TestNG-PoolService-0] INFO  - Entering email and password.. 
13:45:18.697 [TestNG-PoolService-0] INFO  - Entering user IDTester
13:45:21.251 [TestNG-PoolService-0] INFO  - clicked on Sign in button...
13:47:32.986 [TestNG-PoolService-0] INFO  - Goto my Merx Application-->Click on Login.
13:47:33.003 [TestNG-PoolService-0] INFO  - Entering email and password.. 
13:47:33.131 [TestNG-PoolService-0] INFO  - Entering user IDTester
13:47:35.216 [TestNG-PoolService-0] INFO  - clicked on Sign in button...
13:48:34.579 [TestNG-PoolService-0] INFO  - Goto my Merx Application-->Click on Login.
13:48:34.588 [TestNG-PoolService-0] INFO  - Entering email and password.. 
13:48:34.727 [TestNG-PoolService-0] INFO  - Entering user IDTester
13:48:36.898 [TestNG-PoolService-0] INFO  - clicked on Sign in button...
14:09:08.963 [TestNG-PoolService-0] INFO  - Goto my Merx Application-->Click on Login.
14:09:08.982 [TestNG-PoolService-0] INFO  - Entering email and password.. 
14:09:09.170 [TestNG-PoolService-0] INFO  - Entering user IDTester
14:09:11.851 [TestNG-PoolService-0] INFO  - clicked on Sign in button...
14:11:52.054 [TestNG-PoolService-0] INFO  - Goto my Merx Application-->Click on Login.
14:11:52.068 [TestNG-PoolService-0] INFO  - Entering email and password.. 
14:11:52.248 [TestNG-PoolService-0] INFO  - Entering user IDTester
14:11:55.203 [TestNG-PoolService-0] INFO  - clicked on Sign in button...
14:14:25.245 [TestNG-PoolService-0] INFO  - Goto my Merx Application-->Click on Login.
14:14:25.259 [TestNG-PoolService-0] INFO  - Entering email and password.. 
14:14:25.442 [TestNG-PoolService-0] INFO  - Entering user IDTester
14:14:27.820 [TestNG-PoolService-0] INFO  - clicked on Sign in button...
15:10:35.396 [TestNG-PoolService-0] INFO  - Goto my Merx Application-->Click on Login.
15:10:35.413 [TestNG-PoolService-0] INFO  - Entering email and password.. 
15:10:35.581 [TestNG-PoolService-0] INFO  - Entering user IDTester
15:10:38.239 [TestNG-PoolService-0] INFO  - clicked on Sign in button...
15:36:32.203 [TestNG-PoolService-0] INFO  - Goto my Merx Application-->Click on Login.
15:36:32.213 [TestNG-PoolService-0] INFO  - Entering email and password.. 
15:36:32.311 [TestNG-PoolService-0] INFO  - Entering user IDTester
15:36:35.131 [TestNG-PoolService-0] INFO  - clicked on Sign in button...
16:01:36.922 [TestNG-PoolService-1] INFO  - Goto my Merx Application-->Click on Login.
16:01:36.936 [TestNG-PoolService-1] INFO  - Entering email and password.. 
16:01:37.120 [TestNG-PoolService-1] INFO  - Entering user IDTester
16:01:37.501 [TestNG-PoolService-0] INFO  - Goto my Merx Application-->Click on Login.
16:01:37.501 [TestNG-PoolService-0] INFO  - Entering email and password.. 
16:01:37.623 [TestNG-PoolService-0] INFO  - Entering user IDTester
16:01:39.822 [TestNG-PoolService-1] INFO  - clicked on Sign in button...
16:01:42.021 [TestNG-PoolService-0] INFO  - clicked on Sign in button...
16:25:27.629 [TestNG-PoolService-0] INFO  - Goto my Merx Application-->Click on Login.
16:25:27.652 [TestNG-PoolService-0] INFO  - Entering email and password.. 
16:25:27.767 [TestNG-PoolService-0] INFO  - Entering user IDTester
16:25:28.765 [TestNG-PoolService-1] INFO  - Goto my Merx Application-->Click on Login.
16:25:28.765 [TestNG-PoolService-1] INFO  - Entering email and password.. 
16:25:28.887 [TestNG-PoolService-1] INFO  - Entering user IDTester
16:25:30.521 [TestNG-PoolService-0] INFO  - clicked on Sign in button...
16:25:32.791 [TestNG-PoolService-0] INFO  - clicked on specific order...
16:25:42.387 [TestNG-PoolService-1] INFO  - clicked on Sign in button...
17:01:32.099 [TestNG-PoolService-1] INFO  - Goto my Merx Application-->Click on Login.
17:01:32.100 [TestNG-PoolService-1] INFO  - Entering email and password.. 
17:01:32.223 [TestNG-PoolService-1] INFO  - Entering user IDTester
17:01:34.871 [TestNG-PoolService-0] INFO  - clicked on Sign in button...
17:01:35.186 [TestNG-PoolService-1] INFO  - clicked on Sign in button...
17:01:37.302 [TestNG-PoolService-0] INFO  - clicked on specific order...
17:01:38.730 [TestNG-PoolService-0] INFO  - clicked on specific order...
17:04:23.714 [TestNG-PoolService-0] INFO  - Goto my Merx Application-->Click on Login.
17:04:23.718 [TestNG-PoolService-0] INFO  - Entering email and password.. 
17:04:23.822 [TestNG-PoolService-0] INFO  - Entering user IDTester
17:04:25.867 [TestNG-PoolService-0] INFO  - clicked on Sign in button...
17:04:28.083 [TestNG-PoolService-0] INFO  - clicked on specific order...
17:04:29.267 [TestNG-PoolService-0] INFO  - clicked on specific order...
17:04:29.281 [TestNG-PoolService-0] INFO  - clicked on specific order...
17:05:24.098 [TestNG-PoolService-1] INFO  - Goto my Merx Application-->Click on Login.
17:05:24.110 [TestNG-PoolService-1] INFO  - Entering email and password.. 
17:05:24.218 [TestNG-PoolService-0] INFO  - Goto my Merx Application-->Click on Login.
17:05:24.222 [TestNG-PoolService-0] INFO  - Entering email and password.. 
17:05:24.251 [TestNG-PoolService-1] INFO  - Entering user IDTester
17:05:24.336 [TestNG-PoolService-0] INFO  - Entering user IDTester
17:05:26.398 [TestNG-PoolService-1] INFO  - clicked on Sign in button...
17:05:26.873 [TestNG-PoolService-0] INFO  - clicked on Sign in button...
17:05:28.994 [TestNG-PoolService-0] INFO  - clicked on specific order...
17:05:29.885 [TestNG-PoolService-0] INFO  - clicked on specific order...
17:05:29.907 [TestNG-PoolService-0] INFO  - clicked on specific order...
17:06:50.449 [TestNG-PoolService-0] INFO  - Goto my Merx Application-->Click on Login.
17:06:50.466 [TestNG-PoolService-0] INFO  - Entering email and password.. 
17:06:50.598 [TestNG-PoolService-0] INFO  - Entering user IDTester
17:06:53.364 [TestNG-PoolService-1] INFO  - clicked on Sign in button...
17:06:53.449 [TestNG-PoolService-0] INFO  - clicked on Sign in button...
17:06:55.573 [TestNG-PoolService-0] INFO  - clicked on specific order...
17:06:56.318 [TestNG-PoolService-0] INFO  - clicked on specific order...
17:06:56.325 [TestNG-PoolService-0] INFO  - clicked on specific order...
17:08:41.640 [TestNG-PoolService-1] INFO  - Goto my Merx Application-->Click on Login.
17:08:41.640 [TestNG-PoolService-1] INFO  - Entering email and password.. 
17:08:41.751 [TestNG-PoolService-1] INFO  - Entering user IDTester
17:08:43.624 [TestNG-PoolService-0] INFO  - clicked on Sign in button...
17:08:45.212 [TestNG-PoolService-1] INFO  - clicked on Sign in button...
17:09:47.138 [TestNG-PoolService-0] INFO  - clicked on specific order...
17:12:02.980 [TestNG-PoolService-0] INFO  - Goto my Merx Application-->Click on Login.
17:12:02.990 [TestNG-PoolService-0] INFO  - Entering email and password.. 
17:12:03.107 [TestNG-PoolService-0] INFO  - Entering user IDTester
17:12:05.074 [TestNG-PoolService-1] INFO  - clicked on Sign in button...
17:12:05.354 [TestNG-PoolService-0] INFO  - clicked on Sign in button...
17:12:07.550 [TestNG-PoolService-0] INFO  - clicked on specific order...
17:12:08.529 [TestNG-PoolService-0] INFO  - clicked on specific order...
17:12:08.552 [TestNG-PoolService-0] INFO  - clicked on specific order...
09:52:58.518 [TestNG-PoolService-0] INFO  - Entering user IDTester
09:52:58.620 [TestNG-PoolService-1] INFO  - Goto my Merx Application-->Click on Login.
09:52:58.623 [TestNG-PoolService-1] INFO  - Entering email and password.. 
09:52:58.749 [TestNG-PoolService-1] INFO  - Entering user IDTester
09:53:03.149 [TestNG-PoolService-0] INFO  - clicked on Sign in button...
09:53:03.270 [TestNG-PoolService-1] INFO  - clicked on Sign in button...
09:54:08.968 [TestNG-PoolService-1] INFO  - Goto my Merx Application-->Click on Login.
09:54:08.968 [TestNG-PoolService-1] INFO  - Entering email and password.. 
09:54:09.075 [TestNG-PoolService-1] INFO  - Entering user IDTester
09:54:09.143 [TestNG-PoolService-0] INFO  - Goto my Merx Application-->Click on Login.
09:54:09.145 [TestNG-PoolService-0] INFO  - Entering email and password.. 
09:54:09.248 [TestNG-PoolService-0] INFO  - Entering user IDTester
09:54:11.621 [TestNG-PoolService-1] INFO  - clicked on Sign in button...
09:54:11.907 [TestNG-PoolService-0] INFO  - clicked on Sign in button...
09:54:14.022 [TestNG-PoolService-0] INFO  - clicked on specific order...
09:54:15.235 [TestNG-PoolService-0] INFO  - clicked on specific order...
09:54:15.243 [TestNG-PoolService-0] INFO  - clicked on specific order...
09:55:34.531 [TestNG-PoolService-1] INFO  - Goto my Merx Application-->Click on Login.
09:55:34.540 [TestNG-PoolService-1] INFO  - Entering email and password.. 
09:55:34.664 [TestNG-PoolService-1] INFO  - Entering user IDTester
09:55:36.965 [TestNG-PoolService-0] INFO  - clicked on Sign in button...
09:55:37.661 [TestNG-PoolService-1] INFO  - clicked on Sign in button...
09:55:39.111 [TestNG-PoolService-0] INFO  - clicked on specific order...
09:56:35.939 [TestNG-PoolService-1] INFO  - Goto my Merx Application-->Click on Login.
09:56:35.959 [TestNG-PoolService-0] INFO  - Goto my Merx Application-->Click on Login.
09:56:35.962 [TestNG-PoolService-1] INFO  - Entering email and password.. 
09:56:35.963 [TestNG-PoolService-0] INFO  - Entering email and password.. 
09:56:36.075 [TestNG-PoolService-1] INFO  - Entering user IDTester
09:56:36.077 [TestNG-PoolService-0] INFO  - Entering user IDTester
09:56:38.626 [TestNG-PoolService-1] INFO  - clicked on Sign in button...
09:56:38.789 [TestNG-PoolService-0] INFO  - clicked on Sign in button...
09:56:40.913 [TestNG-PoolService-0] INFO  - clicked on specific order...
09:56:42.285 [TestNG-PoolService-0] INFO  - clicked on specific order...
09:56:42.308 [TestNG-PoolService-0] INFO  - clicked on specific order...
